
Initial statistics: 31 variables; iteration 0; function evaluation 0; phase 1
Function value 1.2480868e+03; maximum gradient component mag -1.5559e+05
Var    Value     Gradient |Var    Value     Gradient |Var    Value     Gradient
  1 -0.02679 -1.55595e+05 |  2  0.00000 -2.91388e+03 |  3  0.00000 -3.41868e+03
  4  0.00000 -3.94924e+03 |  5  0.00000 -4.33833e+03 |  6  0.00000 -4.83311e+03
  7  0.00000 -5.23903e+03 |  8  0.00000 -5.40087e+03 |  9  0.00000 -5.33794e+03
 10  0.00000 -5.24972e+03 | 11  0.00000 -5.17092e+03 | 12  0.00000 -4.62741e+03
 13  0.00000 -4.27377e+03 | 14  0.00000 -3.96283e+03 | 15  0.00000 -3.61340e+03
 16  0.00000 -2.80053e+03 | 17  0.00000 -1.28601e+03 | 18  0.00000 -5.88150e+02
 19  0.00000 -3.40874e+02 | 20  0.00000 -1.26693e+01 | 21  0.00000  3.21569e+01
 22  0.00000  6.84976e+01 | 23  0.00000 -8.93307e+01 | 24  0.00000 -1.36250e+02
 25  0.00000 -2.58744e+02 | 26  0.00000 -1.36282e+02 | 27  0.00000 -1.15671e+02
 28  0.00000 -1.30379e+02 | 29  0.00000 -1.60792e+02 | 30  0.00000 -1.21852e+02
 31  0.00000  1.56540e+01 |

Intermediate statistics: 31 variables; iteration 20; function evaluation 32; phase 1
Function value 8.6035885e+02; maximum gradient component mag 2.2814e+03
Var    Value     Gradient |Var    Value     Gradient |Var    Value     Gradient
  1 -0.03313  2.28139e+03 |  2 -0.43215 -7.32514e+01 |  3  0.04658  3.28506e+00
  4  0.11258  5.00051e+01 |  5 -0.03610  1.91246e+01 |  6  0.08720  1.25758e+02
  7  0.13162  1.86382e+02 |  8  0.07015  2.40750e+01 |  9  0.02094 -2.97976e+01
 10  0.03880 -3.58472e+00 | 11  0.13286  3.82437e+01 | 12  0.01443  3.69049e+01
 13  0.00171  2.96698e+01 | 14 -0.02778 -1.12196e+01 | 15 -0.12438 -3.24784e+01
 16  0.01072  6.83473e+00 | 17  0.03968  1.89768e+02 | 18  0.08992  3.50447e+02
 19  0.05331  2.01514e+02 | 20 -0.11320  1.06062e+00 | 21 -0.01934  4.12055e-01
 22 -0.01540  3.17598e+01 | 23  0.02459 -1.79569e+01 | 24  0.05946  7.38080e+01
 25  0.14466  1.43295e+02 | 26  0.07669  7.04065e+01 | 27  0.05903  2.91976e+01
 28  0.06662  4.18768e+01 | 29  0.11555  7.61597e+01 | 30  0.12091  4.73001e+01
 31 -0.01603 -1.97397e+01 |
31 variables; iteration 40; function evaluation 59; phase 1
Function value 8.0313984e+02; maximum gradient component mag -1.6373e+03
Var    Value     Gradient |Var    Value     Gradient |Var    Value     Gradient
  1 -0.03045 -1.63733e+03 |  2 -0.04892 -3.44735e+01 |  3 -0.02002 -4.12775e+01
  4  0.12462 -4.77886e+01 |  5 -0.21621 -4.80627e+01 |  6  0.07715 -4.85185e+01
  7  0.08545 -5.24740e+01 |  8  0.08181 -5.06620e+01 |  9  0.02975 -5.21121e+01
 10  0.02533 -5.14985e+01 | 11  0.14501 -4.01888e+01 | 12 -0.02417 -4.80772e+01
 13 -0.02001 -4.79007e+01 | 14 -0.01138 -4.36782e+01 | 15 -0.15756 -4.70810e+01
 16  0.04399 -2.19272e+01 | 17 -0.03768 -6.46680e+00 | 18  0.02517  7.08065e-01
 19  0.00250  2.56301e+00 | 20 -0.09812  5.71362e-01 | 21 -0.02457  1.15292e+00
 22 -0.05832  6.51145e-01 | 23  0.02801 -7.55611e-02 | 24  0.01250 -4.02792e-01
 25  0.09712 -1.49572e+00 | 26  0.02685 -7.68338e-01 | 27  0.03493 -1.26822e+00
 28  0.03258 -8.45954e-01 | 29  0.06996 -1.06920e+00 | 30  0.07637 -4.15733e-01
 31  0.00314  1.08527e+00 |
31 variables; iteration 60; function evaluation 79; phase 1
Function value 8.0029579e+02; maximum gradient component mag -1.2835e+03
Var    Value     Gradient |Var    Value     Gradient |Var    Value     Gradient
  1 -0.03055 -1.28353e+03 |  2 -0.03893 -2.24655e+01 |  3  0.00238 -2.67853e+01
  4  0.10108 -4.30207e+01 |  5 -0.07859 -3.18585e+01 |  6  0.06382 -2.85604e+01
  7  0.09756 -7.96410e+00 |  8  0.08284 -1.44543e+01 |  9  0.03435 -2.94610e+01
 10  0.03188 -3.16141e+01 | 11  0.14352 -1.84849e+01 | 12 -0.01180 -3.82534e+01
 13 -0.03311 -5.17469e+01 | 14 -0.00521 -4.63963e+01 | 15 -0.20805 -5.21816e+01
 16  0.05185 -3.13405e+01 | 17 -0.07508 -2.57558e+01 | 18  0.04192  1.30226e+01
 19 -0.01398 -2.24704e+01 | 20 -0.09632 -4.40184e+00 | 21 -0.02471 -9.18028e-01
 22 -0.05763  1.80671e+00 | 23  0.02962  4.65467e+00 | 24  0.01423  1.72750e+00
 25  0.09454 -9.63163e+00 | 26  0.02818 -1.05658e+00 | 27  0.03498 -1.16292e+00
 28  0.03458  1.31100e-01 | 29  0.06811 -4.24159e+00 | 30  0.07231 -5.75154e+00
 31  0.00599  2.95458e+00 |

 - final statistics:
31 variables; iteration 72; function evaluation 92
Function value 7.9320e+02; maximum gradient component mag -8.8064e+00
Exit code = 1;  converg criter 1.0000e+01
Var    Value     Gradient |Var    Value     Gradient |Var    Value     Gradient
  1 -0.02898 -8.80638e+00 |  2 -0.03484 -1.39150e-01 |  3  0.00636 -4.26761e-02
  4  0.08521  2.63083e-03 |  5 -0.03329 -8.17025e-02 |  6  0.05696 -2.79597e-01
  7  0.08903 -1.91639e-01 |  8  0.07572 -2.64532e-01 |  9  0.03588 -7.59794e-03
 10  0.03657 -1.91102e-01 | 11  0.12707 -7.46326e-01 | 12 -0.00264 -2.47077e-01
 13 -0.01520 -2.87425e-01 | 14 -0.02724 -2.48986e-01 | 15 -0.06277 -1.66711e-02
 16  0.02278 -5.39572e-01 | 17 -0.03633 -2.95641e-01 | 18  0.01791 -4.77988e-01
 19 -0.00297  1.15032e-02 | 20 -0.10169 -4.48611e-02 | 21 -0.02830 -1.51173e-02
 22 -0.06137 -3.32503e-02 | 23  0.02522 -3.46831e-02 | 24  0.00991 -4.86842e-02
 25  0.09471 -5.97432e-02 | 26  0.02452 -5.14240e-02 | 27  0.03321 -9.48790e-03
 28  0.03038 -9.67928e-03 | 29  0.06786 -5.34734e-02 | 30  0.07443 -3.76256e-02
 31 -0.00013 -1.23711e-02 |

Initial statistics: 45 variables; iteration 0; function evaluation 0; phase 2
Function value 7.9320416e+02; maximum gradient component mag -1.6163e+02
Var    Value     Gradient |Var    Value     Gradient |Var    Value     Gradient
  1 -0.38334 -7.45804e+01 |  2 -0.04853 -4.37552e+01 |  3  0.16760 -2.50827e+01
  4 -0.41976 -9.13242e+01 |  5 -0.02898 -8.80638e+00 |  6  0.00000  9.81855e+01
  7  0.00000  3.40427e+01 |  8  0.00000  3.99896e+01 |  9  0.00000  4.37656e+01
 10  0.00000  4.31739e+01 | 11  0.00000 -1.17396e+01 | 12  0.00000 -4.28204e+01
 13  0.00000  1.41537e+01 | 14  0.00000 -1.61629e+02 | 15  0.00000 -1.06861e+01
 16 -0.03484 -1.39150e-01 | 17  0.00636 -4.26761e-02 | 18  0.08521  2.63083e-03
 19 -0.03329 -8.17025e-02 | 20  0.05696 -2.79597e-01 | 21  0.08903 -1.91639e-01
 22  0.07572 -2.64532e-01 | 23  0.03588 -7.59794e-03 | 24  0.03657 -1.91102e-01
 25  0.12707 -7.46326e-01 | 26 -0.00264 -2.47077e-01 | 27 -0.01520 -2.87425e-01
 28 -0.02724 -2.48986e-01 | 29 -0.06277 -1.66711e-02 | 30  0.02278 -5.39572e-01
 31 -0.03633 -2.95641e-01 | 32  0.01791 -4.77988e-01 | 33 -0.00297  1.15032e-02
 34 -0.10169 -4.48611e-02 | 35 -0.02830 -1.51173e-02 | 36 -0.06137 -3.32503e-02
 37  0.02522 -3.46831e-02 | 38  0.00991 -4.86842e-02 | 39  0.09471 -5.97432e-02
 40  0.02452 -5.14240e-02 | 41  0.03321 -9.48790e-03 | 42  0.03038 -9.67928e-03
 43  0.06786 -5.34734e-02 | 44  0.07443 -3.76256e-02 | 45 -0.00013 -1.23711e-02

Intermediate statistics: 45 variables; iteration 20; function evaluation 24; phase 2
Function value 7.7632617e+02; maximum gradient component mag 1.2924e+03
Var    Value     Gradient |Var    Value     Gradient |Var    Value     Gradient
  1 -0.42167 -6.57926e+02 |  2 -0.05886 -1.37246e+02 |  3  0.16605  1.58915e+02
  4 -0.41697  3.40492e+02 |  5 -0.03863  1.29240e+03 |  6 -0.08446  5.44127e+01
  7 -0.06063  1.65491e+01 |  8 -0.06741  1.61114e+01 |  9 -0.06480  1.68226e+01
 10 -0.05815  2.18921e+01 | 11  0.01648  2.45637e+01 | 12  0.03638  2.07251e+01
 13 -0.06412  9.58641e+00 | 14  0.08733 -3.34598e+00 | 15 -0.05547  6.37819e+00
 16 -0.04431  1.90536e+01 | 17 -0.00626  1.93415e+01 | 18  0.06842  2.95762e+01
 19 -0.04379  1.26409e+01 | 20  0.04719  3.12612e+01 | 21  0.08444  5.73932e+01
 22  0.06999  5.00398e+01 | 23  0.02758  3.04910e+01 | 24  0.02792  2.70413e+01
 25  0.11789  6.15117e+01 | 26 -0.01063  2.49049e+01 | 27 -0.02341  2.34030e+01
 28 -0.03435  1.93252e+01 | 29 -0.07066  1.60283e+01 | 30  0.01615  2.93293e+01
 31 -0.04322  1.50461e+01 | 32  0.01235  1.82142e+01 | 33 -0.01055  1.28273e+01
 34 -0.10684  4.53748e+00 | 35 -0.03557  4.60029e+00 | 36 -0.06677  3.08219e-01
 37  0.01864 -3.89756e+00 | 38  0.00553 -4.27409e+00 | 39  0.08962 -8.25589e+00
 40  0.02290 -3.30584e+00 | 41  0.02880 -5.05199e+00 | 42  0.03138 -7.83546e-01
 43  0.06240 -4.27496e+00 | 44  0.07467 -7.62678e+00 | 45  0.00226 -1.41784e+00
45 variables; iteration 40; function evaluation 55; phase 2
Function value 7.7090979e+02; maximum gradient component mag 2.2572e+02
Var    Value     Gradient |Var    Value     Gradient |Var    Value     Gradient
  1 -0.38867 -9.77589e+01 |  2 -0.04804  1.57114e+01 |  3  0.16559  2.59868e+01
  4 -0.41939  7.19428e+01 |  5 -0.03009  2.25722e+02 |  6 -0.11078  6.88106e+00
  7 -0.06629  1.90068e+00 |  8 -0.06364  2.74558e+00 |  9 -0.05748  2.37298e+00
 10 -0.06387  2.42365e+00 | 11  0.03401  4.51337e+00 | 12  0.05642  5.64549e+00
 13 -0.05067  4.60945e+00 | 14  0.11250  1.28276e+01 | 15 -0.03843  5.91896e+00
 16 -0.04293  3.38423e+00 | 17  0.00047  7.47807e+00 | 18  0.07917  1.11982e+01
 19 -0.03708  3.54876e+00 | 20  0.05442  5.80820e+00 | 21  0.08684  5.26864e+00
 22  0.07393  4.42766e+00 | 23  0.03374  2.59460e+00 | 24  0.03563  3.74224e+00
 25  0.12519  6.48455e+00 | 26 -0.00419  2.59505e+00 | 27 -0.01652  2.84706e+00
 28 -0.02831  2.43730e+00 | 29 -0.06560  1.05469e+00 | 30  0.02207  2.55475e+00
 31 -0.03910 -1.37646e-01 | 32  0.01680  6.85970e-01 | 33 -0.00429  1.18573e+00
 34 -0.10334 -2.03858e-01 | 35 -0.03005 -2.08159e-01 | 36 -0.06227  1.61999e-01
 37  0.02374 -7.63536e-01 | 38  0.00873 -5.15026e-01 | 39  0.09452  1.44245e+00
 40  0.02265 -1.47470e+00 | 41  0.03287  2.35366e-01 | 42  0.03070  9.77532e-01
 43  0.06845  1.61322e+00 | 44  0.07529  1.12782e+00 | 45  0.00186  4.65805e-01

 - final statistics:
45 variables; iteration 51; function evaluation 75
Function value 7.7084e+02; maximum gradient component mag 5.9708e+00
Exit code = 1;  converg criter 1.0000e+01
Var    Value     Gradient |Var    Value     Gradient |Var    Value     Gradient
  1 -0.38715 -2.54666e+00 |  2 -0.04838  1.07688e+00 |  3  0.16651  6.69338e-01
  4 -0.41951  2.12122e+00 |  5 -0.02972  5.97077e+00 |  6 -0.12038  3.00654e-01
  7 -0.06614  1.45298e-01 |  8 -0.06592  9.09821e-02 |  9 -0.05677  2.87852e-02
 10 -0.06323  1.21163e-01 | 11  0.03568  8.53723e-03 | 12  0.05813  9.98463e-02
 13 -0.05259  2.18266e-01 | 14  0.11271  2.37235e-01 | 15 -0.04126  1.46235e-01
 16 -0.04134  4.51736e-02 | 17 -0.00100  1.58743e-01 | 18  0.07921  3.53347e-01
 19 -0.03616  1.72899e-01 | 20  0.05435  1.01497e-01 | 21  0.08725  1.39260e-01
 22  0.07411  6.39828e-02 | 23  0.03439  9.15957e-02 | 24  0.03536  1.22643e-01
 25  0.12555  1.61656e-01 | 26 -0.00392  8.81323e-02 | 27 -0.01657  6.24671e-02
 28 -0.02831  1.12281e-01 | 29 -0.06435  4.28130e-02 | 30  0.02173  1.55724e-02
 31 -0.03756 -1.45338e-02 | 32  0.01700  5.39133e-02 | 33 -0.00430 -2.86148e-02
 34 -0.10267 -6.71159e-02 | 35 -0.02955 -3.61799e-02 | 36 -0.06224  1.23538e-02
 37  0.02426 -3.95225e-02 | 38  0.00923 -1.02563e-01 | 39  0.09403  1.15213e-01
 40  0.02425  1.15553e-01 | 41  0.03271 -5.18528e-03 | 42  0.03000 -9.95146e-02
 43  0.06744  1.23689e-01 | 44  0.07441 -1.99925e-03 | 45  0.00055  5.80775e-02

Initial statistics: 49 variables; iteration 0; function evaluation 0; phase 3
Function value 7.7084168e+02; maximum gradient component mag -2.1701e+01
Var    Value     Gradient |Var    Value     Gradient |Var    Value     Gradient
  1 -0.38715 -2.54666e+00 |  2 -0.04838  1.07688e+00 |  3  0.16651  6.69338e-01
  4 -0.41951  2.12122e+00 |  5 -0.02972  5.97077e+00 |  6 -0.12038  3.00654e-01
  7 -0.06614  1.45298e-01 |  8 -0.06592  9.09821e-02 |  9 -0.05677  2.87852e-02
 10 -0.06323  1.21163e-01 | 11  0.03568  8.53723e-03 | 12  0.05813  9.98463e-02
 13 -0.05259  2.18266e-01 | 14  0.11271  2.37235e-01 | 15 -0.04126  1.46235e-01
 16 -0.04134  4.51736e-02 | 17 -0.00100  1.58743e-01 | 18  0.07921  3.53347e-01
 19 -0.03616  1.72899e-01 | 20  0.05435  1.01497e-01 | 21  0.08725  1.39260e-01
 22  0.07411  6.39828e-02 | 23  0.03439  9.15957e-02 | 24  0.03536  1.22643e-01
 25  0.12555  1.61656e-01 | 26 -0.00392  8.81323e-02 | 27 -0.01657  6.24671e-02
 28 -0.02831  1.12281e-01 | 29 -0.06435  4.28130e-02 | 30  0.02173  1.55724e-02
 31 -0.03756 -1.45338e-02 | 32  0.01700  5.39133e-02 | 33 -0.00430 -2.86148e-02
 34 -0.10267 -6.71159e-02 | 35 -0.02955 -3.61799e-02 | 36 -0.06224  1.23538e-02
 37  0.02426 -3.95225e-02 | 38  0.00923 -1.02563e-01 | 39  0.09403  1.15213e-01
 40  0.02425  1.15553e-01 | 41  0.03271 -5.18528e-03 | 42  0.03000 -9.95146e-02
 43  0.06744  1.23689e-01 | 44  0.07441 -1.99925e-03 | 45  0.00055  5.80775e-02
 46  0.80442  7.21976e-01 | 47  0.46419 -2.17011e+01 | 48  0.13329  5.36365e+00
 49  0.38458 -4.14267e+00 |

Intermediate statistics: 49 variables; iteration 20; function evaluation 24; phase 3
Function value 7.7083196e+02; maximum gradient component mag -2.5164e+01
Var    Value     Gradient |Var    Value     Gradient |Var    Value     Gradient
  1 -0.38846  1.09302e+01 |  2 -0.04872  1.41501e-01 |  3  0.16488 -1.78479e+00
  4 -0.41883 -2.36308e+00 |  5 -0.03019 -2.51638e+01 |  6 -0.12180 -2.58794e-01
  7 -0.06682 -1.26467e-01 |  8 -0.06642 -1.87708e-01 |  9 -0.05706 -2.72162e-01
 10 -0.06372 -2.49213e-01 | 11  0.03575 -5.06818e-01 | 12  0.05823 -5.30415e-01
 13 -0.05304 -2.53339e-01 | 14  0.11274 -4.60037e-01 | 15 -0.04110 -1.30273e-01
 16 -0.04148 -3.04364e-01 | 17 -0.00109 -3.60911e-01 | 18  0.07948 -6.29426e-01
 19 -0.03652 -4.55147e-01 | 20  0.05433 -6.91497e-01 | 21  0.08747 -1.13265e+00
 22  0.07399 -1.30782e+00 | 23  0.03442 -7.48155e-01 | 24  0.03543 -6.92152e-01
 25  0.12542 -1.78318e+00 | 26 -0.00390 -7.29345e-01 | 27 -0.01690 -6.61328e-01
 28 -0.02825 -5.73708e-01 | 29 -0.06465 -4.91076e-01 | 30  0.02187 -8.07771e-01
 31 -0.03727 -3.07620e-01 | 32  0.01693 -4.82385e-01 | 33 -0.00437 -3.71185e-01
 34 -0.10249 -1.61067e-01 | 35 -0.02958 -2.72546e-03 | 36 -0.06199  6.33221e-02
 37  0.02412  1.35448e-01 | 38  0.00971  2.34477e-01 | 39  0.09398  7.38715e-01
 40  0.02484  4.10189e-01 | 41  0.03211  7.38322e-02 | 42  0.03097  3.53313e-01
 43  0.06734  1.53177e-01 | 44  0.07440  1.67265e-01 | 45 -0.00005  5.38572e-02
 46  0.80170  6.34997e-02 | 47  0.46434 -7.70484e+00 | 48  0.13119  1.10697e+00
 49  0.38436  1.40416e+00 |

 - final statistics:
49 variables; iteration 38; function evaluation 45
Function value 7.7083e+02; maximum gradient component mag -8.4250e-01
Exit code = 1;  converg criter 1.0000e+00
Var    Value     Gradient |Var    Value     Gradient |Var    Value     Gradient
  1 -0.38933  3.75419e-01 |  2 -0.04877 -2.70612e-02 |  3  0.16461 -1.90508e-01
  4 -0.41875 -1.36194e-01 |  5 -0.03043 -8.42498e-01 |  6 -0.12204  1.77659e-02
  7 -0.06712 -3.24524e-02 |  8 -0.06653 -2.75107e-02 |  9 -0.05710 -6.27344e-02
 10 -0.06398 -8.80502e-02 | 11  0.03567 -5.75481e-02 | 12  0.05810  2.59983e-02
 13 -0.05306  2.95528e-02 | 14  0.11249 -5.62389e-02 | 15 -0.04128  1.59067e-02
 16 -0.04155  2.25175e-03 | 17 -0.00107  5.94492e-02 | 18  0.07939 -3.63189e-02
 19 -0.03659 -1.14467e-01 | 20  0.05421 -7.79990e-02 | 21  0.08762  3.34275e-04
 22  0.07389 -9.76244e-02 | 23  0.03437  1.02171e-02 | 24  0.03539  6.23904e-02
 25  0.12534 -9.42007e-02 | 26 -0.00392  8.05741e-02 | 27 -0.01699  5.37890e-03
 28 -0.02845 -1.80312e-01 | 29 -0.06482 -1.29978e-01 | 30  0.02196 -9.27568e-02
 31 -0.03740 -7.55350e-02 | 32  0.01683 -4.64587e-03 | 33 -0.00440  6.04890e-02
 34 -0.10244  3.61313e-02 | 35 -0.02968  3.89053e-02 | 36 -0.06218 -7.72919e-02
 37  0.02404  2.24439e-02 | 38  0.00955 -1.36012e-01 | 39  0.09374  3.29820e-02
 40  0.02446 -1.45417e-01 | 41  0.03202 -4.22227e-02 | 42  0.03070 -1.28984e-01
 43  0.06742  7.59447e-02 | 44  0.07416  1.34494e-01 | 45 -0.00042 -6.90591e-02
 46  0.80207  1.60296e-02 | 47  0.46453 -1.65164e-01 | 48  0.12935 -6.20846e-03
 49  0.38369  6.58402e-02 |

Initial statistics: 53 variables; iteration 0; function evaluation 0; phase 4
Function value 7.7082846e+02; maximum gradient component mag -7.4459e+00
Var    Value     Gradient |Var    Value     Gradient |Var    Value     Gradient
  1 -0.38933  3.75419e-01 |  2 -0.04877 -2.70612e-02 |  3  0.16461 -1.90508e-01
  4 -0.41875 -1.36194e-01 |  5 -0.53834  1.61458e-01 |  6 -0.33979  1.85181e-01
  7 -0.38679 -7.44592e+00 |  8 -0.39030  7.27650e+00 |  9 -0.03043 -8.42498e-01
 10 -0.12204  1.77659e-02 | 11 -0.06712 -3.24524e-02 | 12 -0.06653 -2.75107e-02
 13 -0.05710 -6.27344e-02 | 14 -0.06398 -8.80502e-02 | 15  0.03567 -5.75481e-02
 16  0.05810  2.59983e-02 | 17 -0.05306  2.95528e-02 | 18  0.11249 -5.62389e-02
 19 -0.04128  1.59067e-02 | 20 -0.04155  2.25175e-03 | 21 -0.00107  5.94492e-02
 22  0.07939 -3.63189e-02 | 23 -0.03659 -1.14467e-01 | 24  0.05421 -7.79990e-02
 25  0.08762  3.34275e-04 | 26  0.07389 -9.76244e-02 | 27  0.03437  1.02171e-02
 28  0.03539  6.23904e-02 | 29  0.12534 -9.42007e-02 | 30 -0.00392  8.05741e-02
 31 -0.01699  5.37890e-03 | 32 -0.02845 -1.80312e-01 | 33 -0.06482 -1.29978e-01
 34  0.02196 -9.27568e-02 | 35 -0.03740 -7.55350e-02 | 36  0.01683 -4.64587e-03
 37 -0.00440  6.04890e-02 | 38 -0.10244  3.61313e-02 | 39 -0.02968  3.89053e-02
 40 -0.06218 -7.72919e-02 | 41  0.02404  2.24439e-02 | 42  0.00955 -1.36012e-01
 43  0.09374  3.29820e-02 | 44  0.02446 -1.45417e-01 | 45  0.03202 -4.22227e-02
 46  0.03070 -1.28984e-01 | 47  0.06742  7.59447e-02 | 48  0.07416  1.34494e-01
 49 -0.00042 -6.90591e-02 | 50  0.80207  1.60296e-02 | 51  0.46453 -1.65164e-01
 52  0.12935 -6.20846e-03 | 53  0.38369  6.58402e-02 |

Intermediate statistics: 53 variables; iteration 20; function evaluation 23; phase 4
Function value 7.7082752e+02; maximum gradient component mag -3.7777e+00
Var    Value     Gradient |Var    Value     Gradient |Var    Value     Gradient
  1 -0.38960 -1.03267e+00 |  2 -0.04876 -9.63531e-01 |  3  0.16462 -9.01793e-01
  4 -0.41878 -3.77767e+00 |  5 -0.53829 -9.93190e-01 |  6 -0.34008  2.00948e-01
  7 -0.38669 -2.00120e+00 |  8 -0.39043 -1.91108e+00 |  9 -0.03057  1.60586e+00
 10 -0.12217  1.04589e-01 | 11 -0.06697  6.05283e-02 | 12 -0.06645  6.71748e-02
 13 -0.05691  8.49659e-02 | 14 -0.06368  9.20152e-02 | 15  0.03572  1.88956e-01
 16  0.05815  2.59004e-01 | 17 -0.05306  1.10667e-01 | 18  0.11259  4.98327e-01
 19 -0.04121  1.54015e-01 | 20 -0.04151  1.23768e-01 | 21 -0.00113  2.00362e-01
 22  0.07952  4.90308e-01 | 23 -0.03624  1.93749e-01 | 24  0.05431  1.78056e-01
 25  0.08765  3.71168e-02 | 26  0.07418  1.47400e-01 | 27  0.03452 -1.66479e-02
 28  0.03542 -2.93604e-01 | 29  0.12551 -5.02608e-01 | 30 -0.00383 -1.32890e-01
 31 -0.01683 -6.29753e-02 | 32 -0.02810 -6.85435e-02 | 33 -0.06461 -6.62464e-02
 34  0.02213 -2.60358e-01 | 35 -0.03715 -1.30581e-01 | 36  0.01705 -1.03098e-01
 37 -0.00431 -3.30863e-02 | 38 -0.10229 -1.39063e-02 | 39 -0.02950  2.81635e-02
 40 -0.06195 -1.16905e-02 | 41  0.02416 -3.31391e-02 | 42  0.00978 -5.02935e-02
 43  0.09378 -3.56233e-02 | 44  0.02457 -5.12910e-02 | 45  0.03203 -2.49072e-03
 46  0.03089 -6.78435e-02 | 47  0.06736 -9.05728e-02 | 48  0.07416 -5.23525e-02
 49 -0.00034  4.04914e-02 | 50  0.80173  1.13873e-02 | 51  0.46454 -3.38164e-01
 52  0.12930 -3.31992e-01 | 53  0.38373  7.10687e-01 |

 - final statistics:
53 variables; iteration 29; function evaluation 33
Function value 7.7083e+02; maximum gradient component mag -8.3473e-01
Exit code = 1;  converg criter 1.0000e+00
Var    Value     Gradient |Var    Value     Gradient |Var    Value     Gradient
  1 -0.39002 -6.24358e-02 |  2 -0.04878 -2.00568e-01 |  3  0.16460 -2.15221e-01
  4 -0.41875 -8.34726e-01 |  5 -0.53767 -7.42004e-02 |  6 -0.33968  3.51105e-02
  7 -0.38667 -4.43745e-01 |  8 -0.39044 -4.20764e-01 |  9 -0.03054 -5.42717e-02
 10 -0.12210  4.27786e-02 | 11 -0.06692  2.89450e-02 | 12 -0.06648  5.79658e-03
 13 -0.05701 -8.53461e-03 | 14 -0.06373  2.23138e-03 | 15  0.03566 -1.63370e-03
 16  0.05812  2.62018e-02 | 17 -0.05306  3.63506e-02 | 18  0.11253  8.44099e-02
 19 -0.04121  4.18105e-02 | 20 -0.04153  2.18295e-02 | 21 -0.00115  3.60559e-02
 22  0.07943  8.37404e-02 | 23 -0.03620  6.85516e-02 | 24  0.05423 -1.75683e-02
 25  0.08765 -1.73577e-03 | 26  0.07412  1.45090e-02 | 27  0.03453  2.34667e-02
 28  0.03547 -3.52401e-02 | 29  0.12556 -1.18509e-01 | 30 -0.00382 -6.27565e-02
 31 -0.01684 -3.70933e-02 | 32 -0.02808  5.34550e-03 | 33 -0.06462 -1.63656e-02
 34  0.02215 -7.22030e-02 | 35 -0.03713 -2.01933e-02 | 36  0.01704 -3.11881e-02
 37 -0.00432  4.89038e-03 | 38 -0.10223  4.96493e-02 | 39 -0.02957 -3.58710e-02
 40 -0.06196 -3.68663e-03 | 41  0.02415  1.37645e-02 | 42  0.00975 -5.03676e-03
 43  0.09375 -1.95452e-02 | 44  0.02453 -4.12736e-02 | 45  0.03202  1.53138e-02
 46  0.03085 -3.16983e-02 | 47  0.06734 -1.90847e-02 | 48  0.07417  9.12096e-03
 49 -0.00039 -1.06074e-02 | 50  0.80188  1.08742e-02 | 51  0.46454  6.10846e-03
 52  0.12936 -2.81724e-02 | 53  0.38373  1.61464e-01 |

 - final statistics:
53 variables; iteration 0; function evaluation 0
Function value 7.7083e+02; maximum gradient component mag -8.3473e-01
Exit code = 0;  converg criter 1.0000e+00
Var    Value     Gradient |Var    Value     Gradient |Var    Value     Gradient
  1 -0.39002 -6.24358e-02 |  2 -0.04878 -2.00568e-01 |  3  0.16460 -2.15221e-01
  4 -0.41875 -8.34726e-01 |  5 -0.53767 -7.42004e-02 |  6 -0.33968  3.51105e-02
  7 -0.38667 -4.43745e-01 |  8 -0.39044 -4.20764e-01 |  9 -0.03054 -5.42717e-02
 10 -0.12210  4.27786e-02 | 11 -0.06692  2.89450e-02 | 12 -0.06648  5.79658e-03
 13 -0.05701 -8.53461e-03 | 14 -0.06373  2.23138e-03 | 15  0.03566 -1.63370e-03
 16  0.05812  2.62018e-02 | 17 -0.05306  3.63506e-02 | 18  0.11253  8.44099e-02
 19 -0.04121  4.18105e-02 | 20 -0.04153  2.18295e-02 | 21 -0.00115  3.60559e-02
 22  0.07943  8.37404e-02 | 23 -0.03620  6.85516e-02 | 24  0.05423 -1.75683e-02
 25  0.08765 -1.73577e-03 | 26  0.07412  1.45090e-02 | 27  0.03453  2.34667e-02
 28  0.03547 -3.52401e-02 | 29  0.12556 -1.18509e-01 | 30 -0.00382 -6.27565e-02
 31 -0.01684 -3.70933e-02 | 32 -0.02808  5.34550e-03 | 33 -0.06462 -1.63656e-02
 34  0.02215 -7.22030e-02 | 35 -0.03713 -2.01933e-02 | 36  0.01704 -3.11881e-02
 37 -0.00432  4.89038e-03 | 38 -0.10223  4.96493e-02 | 39 -0.02957 -3.58710e-02
 40 -0.06196 -3.68663e-03 | 41  0.02415  1.37645e-02 | 42  0.00975 -5.03676e-03
 43  0.09375 -1.95452e-02 | 44  0.02453 -4.12736e-02 | 45  0.03202  1.53138e-02
 46  0.03085 -3.16983e-02 | 47  0.06734 -1.90847e-02 | 48  0.07417  9.12096e-03
 49 -0.00039 -1.06074e-02 | 50  0.80188  1.08742e-02 | 51  0.46454  6.10846e-03
 52  0.12936 -2.81724e-02 | 53  0.38373  1.61464e-01 |

 - final statistics:
53 variables; iteration 0; function evaluation 0
Function value 7.7083e+02; maximum gradient component mag -8.3473e-01
Exit code = 0;  converg criter 1.0000e+00
Var    Value     Gradient |Var    Value     Gradient |Var    Value     Gradient
  1 -0.39002 -6.24358e-02 |  2 -0.04878 -2.00568e-01 |  3  0.16460 -2.15221e-01
  4 -0.41875 -8.34726e-01 |  5 -0.53767 -7.42004e-02 |  6 -0.33968  3.51105e-02
  7 -0.38667 -4.43745e-01 |  8 -0.39044 -4.20764e-01 |  9 -0.03054 -5.42717e-02
 10 -0.12210  4.27786e-02 | 11 -0.06692  2.89450e-02 | 12 -0.06648  5.79658e-03
 13 -0.05701 -8.53461e-03 | 14 -0.06373  2.23138e-03 | 15  0.03566 -1.63370e-03
 16  0.05812  2.62018e-02 | 17 -0.05306  3.63506e-02 | 18  0.11253  8.44099e-02
 19 -0.04121  4.18105e-02 | 20 -0.04153  2.18295e-02 | 21 -0.00115  3.60559e-02
 22  0.07943  8.37404e-02 | 23 -0.03620  6.85516e-02 | 24  0.05423 -1.75683e-02
 25  0.08765 -1.73577e-03 | 26  0.07412  1.45090e-02 | 27  0.03453  2.34667e-02
 28  0.03547 -3.52401e-02 | 29  0.12556 -1.18509e-01 | 30 -0.00382 -6.27565e-02
 31 -0.01684 -3.70933e-02 | 32 -0.02808  5.34550e-03 | 33 -0.06462 -1.63656e-02
 34  0.02215 -7.22030e-02 | 35 -0.03713 -2.01933e-02 | 36  0.01704 -3.11881e-02
 37 -0.00432  4.89038e-03 | 38 -0.10223  4.96493e-02 | 39 -0.02957 -3.58710e-02
 40 -0.06196 -3.68663e-03 | 41  0.02415  1.37645e-02 | 42  0.00975 -5.03676e-03
 43  0.09375 -1.95452e-02 | 44  0.02453 -4.12736e-02 | 45  0.03202  1.53138e-02
 46  0.03085 -3.16983e-02 | 47  0.06734 -1.90847e-02 | 48  0.07417  9.12096e-03
 49 -0.00039 -1.06074e-02 | 50  0.80188  1.08742e-02 | 51  0.46454  6.10846e-03
 52  0.12936 -2.81724e-02 | 53  0.38373  1.61464e-01 |

 - final statistics:
53 variables; iteration 0; function evaluation 0
Function value 7.7083e+02; maximum gradient component mag -8.3473e-01
Exit code = 0;  converg criter 1.0000e+00
Var    Value     Gradient |Var    Value     Gradient |Var    Value     Gradient
  1 -0.39002 -6.24358e-02 |  2 -0.04878 -2.00568e-01 |  3  0.16460 -2.15221e-01
  4 -0.41875 -8.34726e-01 |  5 -0.53767 -7.42004e-02 |  6 -0.33968  3.51105e-02
  7 -0.38667 -4.43745e-01 |  8 -0.39044 -4.20764e-01 |  9 -0.03054 -5.42717e-02
 10 -0.12210  4.27786e-02 | 11 -0.06692  2.89450e-02 | 12 -0.06648  5.79658e-03
 13 -0.05701 -8.53461e-03 | 14 -0.06373  2.23138e-03 | 15  0.03566 -1.63370e-03
 16  0.05812  2.62018e-02 | 17 -0.05306  3.63506e-02 | 18  0.11253  8.44099e-02
 19 -0.04121  4.18105e-02 | 20 -0.04153  2.18295e-02 | 21 -0.00115  3.60559e-02
 22  0.07943  8.37404e-02 | 23 -0.03620  6.85516e-02 | 24  0.05423 -1.75683e-02
 25  0.08765 -1.73577e-03 | 26  0.07412  1.45090e-02 | 27  0.03453  2.34667e-02
 28  0.03547 -3.52401e-02 | 29  0.12556 -1.18509e-01 | 30 -0.00382 -6.27565e-02
 31 -0.01684 -3.70933e-02 | 32 -0.02808  5.34550e-03 | 33 -0.06462 -1.63656e-02
 34  0.02215 -7.22030e-02 | 35 -0.03713 -2.01933e-02 | 36  0.01704 -3.11881e-02
 37 -0.00432  4.89038e-03 | 38 -0.10223  4.96493e-02 | 39 -0.02957 -3.58710e-02
 40 -0.06196 -3.68663e-03 | 41  0.02415  1.37645e-02 | 42  0.00975 -5.03676e-03
 43  0.09375 -1.95452e-02 | 44  0.02453 -4.12736e-02 | 45  0.03202  1.53138e-02
 46  0.03085 -3.16983e-02 | 47  0.06734 -1.90847e-02 | 48  0.07417  9.12096e-03
 49 -0.00039 -1.06074e-02 | 50  0.80188  1.08742e-02 | 51  0.46454  6.10846e-03
 52  0.12936 -2.81724e-02 | 53  0.38373  1.61464e-01 |

 - final statistics:
53 variables; iteration 0; function evaluation 0
Function value 7.7083e+02; maximum gradient component mag -8.3473e-01
Exit code = 0;  converg criter 1.0000e+00
Var    Value     Gradient |Var    Value     Gradient |Var    Value     Gradient
  1 -0.39002 -6.24358e-02 |  2 -0.04878 -2.00568e-01 |  3  0.16460 -2.15221e-01
  4 -0.41875 -8.34726e-01 |  5 -0.53767 -7.42004e-02 |  6 -0.33968  3.51105e-02
  7 -0.38667 -4.43745e-01 |  8 -0.39044 -4.20764e-01 |  9 -0.03054 -5.42717e-02
 10 -0.12210  4.27786e-02 | 11 -0.06692  2.89450e-02 | 12 -0.06648  5.79658e-03
 13 -0.05701 -8.53461e-03 | 14 -0.06373  2.23138e-03 | 15  0.03566 -1.63370e-03
 16  0.05812  2.62018e-02 | 17 -0.05306  3.63506e-02 | 18  0.11253  8.44099e-02
 19 -0.04121  4.18105e-02 | 20 -0.04153  2.18295e-02 | 21 -0.00115  3.60559e-02
 22  0.07943  8.37404e-02 | 23 -0.03620  6.85516e-02 | 24  0.05423 -1.75683e-02
 25  0.08765 -1.73577e-03 | 26  0.07412  1.45090e-02 | 27  0.03453  2.34667e-02
 28  0.03547 -3.52401e-02 | 29  0.12556 -1.18509e-01 | 30 -0.00382 -6.27565e-02
 31 -0.01684 -3.70933e-02 | 32 -0.02808  5.34550e-03 | 33 -0.06462 -1.63656e-02
 34  0.02215 -7.22030e-02 | 35 -0.03713 -2.01933e-02 | 36  0.01704 -3.11881e-02
 37 -0.00432  4.89038e-03 | 38 -0.10223  4.96493e-02 | 39 -0.02957 -3.58710e-02
 40 -0.06196 -3.68663e-03 | 41  0.02415  1.37645e-02 | 42  0.00975 -5.03676e-03
 43  0.09375 -1.95452e-02 | 44  0.02453 -4.12736e-02 | 45  0.03202  1.53138e-02
 46  0.03085 -3.16983e-02 | 47  0.06734 -1.90847e-02 | 48  0.07417  9.12096e-03
 49 -0.00039 -1.06074e-02 | 50  0.80188  1.08742e-02 | 51  0.46454  6.10846e-03
 52  0.12936 -2.81724e-02 | 53  0.38373  1.61464e-01 |

 - final statistics:
53 variables; iteration 0; function evaluation 0
Function value 7.7083e+02; maximum gradient component mag -8.3473e-01
Exit code = 0;  converg criter 1.0000e+00
Var    Value     Gradient |Var    Value     Gradient |Var    Value     Gradient
  1 -0.39002 -6.24358e-02 |  2 -0.04878 -2.00568e-01 |  3  0.16460 -2.15221e-01
  4 -0.41875 -8.34726e-01 |  5 -0.53767 -7.42004e-02 |  6 -0.33968  3.51105e-02
  7 -0.38667 -4.43745e-01 |  8 -0.39044 -4.20764e-01 |  9 -0.03054 -5.42717e-02
 10 -0.12210  4.27786e-02 | 11 -0.06692  2.89450e-02 | 12 -0.06648  5.79658e-03
 13 -0.05701 -8.53461e-03 | 14 -0.06373  2.23138e-03 | 15  0.03566 -1.63370e-03
 16  0.05812  2.62018e-02 | 17 -0.05306  3.63506e-02 | 18  0.11253  8.44099e-02
 19 -0.04121  4.18105e-02 | 20 -0.04153  2.18295e-02 | 21 -0.00115  3.60559e-02
 22  0.07943  8.37404e-02 | 23 -0.03620  6.85516e-02 | 24  0.05423 -1.75683e-02
 25  0.08765 -1.73577e-03 | 26  0.07412  1.45090e-02 | 27  0.03453  2.34667e-02
 28  0.03547 -3.52401e-02 | 29  0.12556 -1.18509e-01 | 30 -0.00382 -6.27565e-02
 31 -0.01684 -3.70933e-02 | 32 -0.02808  5.34550e-03 | 33 -0.06462 -1.63656e-02
 34  0.02215 -7.22030e-02 | 35 -0.03713 -2.01933e-02 | 36  0.01704 -3.11881e-02
 37 -0.00432  4.89038e-03 | 38 -0.10223  4.96493e-02 | 39 -0.02957 -3.58710e-02
 40 -0.06196 -3.68663e-03 | 41  0.02415  1.37645e-02 | 42  0.00975 -5.03676e-03
 43  0.09375 -1.95452e-02 | 44  0.02453 -4.12736e-02 | 45  0.03202  1.53138e-02
 46  0.03085 -3.16983e-02 | 47  0.06734 -1.90847e-02 | 48  0.07417  9.12096e-03
 49 -0.00039 -1.06074e-02 | 50  0.80188  1.08742e-02 | 51  0.46454  6.10846e-03
 52  0.12936 -2.81724e-02 | 53  0.38373  1.61464e-01 |

Initial statistics: 54 variables; iteration 0; function evaluation 0; phase 10
Function value 7.7082732e+02; maximum gradient component mag -1.6176e+01
Var    Value     Gradient |Var    Value     Gradient |Var    Value     Gradient
  1 -0.39002 -6.24358e-02 |  2 -0.04878 -2.00568e-01 |  3  0.16460 -2.15221e-01
  4 -0.41875 -8.34726e-01 |  5 -0.53767 -7.42004e-02 |  6 -0.33968  3.51105e-02
  7 -0.38667 -4.43745e-01 |  8 -0.39044 -4.20764e-01 |  9 -0.03054 -5.42717e-02
 10 -0.12210  4.27786e-02 | 11 -0.06692  2.89450e-02 | 12 -0.06648  5.79658e-03
 13 -0.05701 -8.53461e-03 | 14 -0.06373  2.23138e-03 | 15  0.03566 -1.63370e-03
 16  0.05812  2.62018e-02 | 17 -0.05306  3.63506e-02 | 18  0.11253  8.44099e-02
 19 -0.04121  4.18105e-02 | 20 -0.04153  2.18295e-02 | 21 -0.00115  3.60559e-02
 22  0.07943  8.37404e-02 | 23 -0.03620  6.85516e-02 | 24  0.05423 -1.75683e-02
 25  0.08765 -1.73577e-03 | 26  0.07412  1.45090e-02 | 27  0.03453  2.34667e-02
 28  0.03547 -3.52401e-02 | 29  0.12556 -1.18509e-01 | 30 -0.00382 -6.27565e-02
 31 -0.01684 -3.70933e-02 | 32 -0.02808  5.34550e-03 | 33 -0.06462 -1.63656e-02
 34  0.02215 -7.22030e-02 | 35 -0.03713 -2.01933e-02 | 36  0.01704 -3.11881e-02
 37 -0.00432  4.89038e-03 | 38 -0.10223  4.96493e-02 | 39 -0.02957 -3.58710e-02
 40 -0.06196 -3.68663e-03 | 41  0.02415  1.37645e-02 | 42  0.00975 -5.03676e-03
 43  0.09375 -1.95452e-02 | 44  0.02453 -4.12736e-02 | 45  0.03202  1.53138e-02
 46  0.03085 -3.16983e-02 | 47  0.06734 -1.90847e-02 | 48  0.07417  9.12096e-03
 49 -0.00039 -1.06074e-02 | 50 -0.00016 -1.61755e+01 | 51  0.80188  1.08742e-02
 52  0.46454  6.10846e-03 | 53  0.12936 -2.81724e-02 | 54  0.38373  1.61464e-01

Intermediate statistics: 54 variables; iteration 20; function evaluation 24; phase 10
Function value 7.7082725e+02; maximum gradient component mag -4.8934e-01
Var    Value     Gradient |Var    Value     Gradient |Var    Value     Gradient
  1 -0.38998  1.19112e-01 |  2 -0.04878 -1.18183e-01 |  3  0.16460 -1.44681e-01
  4 -0.41875 -4.89339e-01 |  5 -0.53772  7.14395e-02 |  6 -0.33968  3.70102e-02
  7 -0.38666 -2.67146e-01 |  8 -0.39044 -2.39679e-01 |  9 -0.03054 -7.00863e-03
 10 -0.12221 -7.28771e-03 | 11 -0.06702 -5.82482e-03 | 12 -0.06649 -6.98817e-03
 13 -0.05696 -1.03866e-02 | 14 -0.06375 -1.35884e-02 | 15  0.03567 -3.32153e-02
 16  0.05810 -3.59387e-02 | 17 -0.05310 -5.96017e-03 | 18  0.11250 -3.91216e-02
 19 -0.04124 -7.72181e-03 | 20 -0.04154 -1.07488e-02 | 21 -0.00117 -8.92657e-03
 22  0.07942 -1.71758e-03 | 23 -0.03627  1.08544e-02 | 24  0.05424 -9.15880e-03
 25  0.08763  1.45195e-02 | 26  0.07412  4.37094e-02 | 27  0.03452  5.70564e-02
 28  0.03546  3.79851e-02 | 29  0.12558  6.64465e-02 | 30 -0.00381  1.63379e-03
 31 -0.01684  8.80398e-04 | 32 -0.02811  5.35398e-03 | 33 -0.06463 -4.25740e-03
 34  0.02215 -3.60886e-02 | 35 -0.03715 -1.10303e-02 | 36  0.01704 -3.82538e-03
 37 -0.00432  1.29575e-02 | 38 -0.10229  1.35811e-02 | 39 -0.02955 -2.11265e-02
 40 -0.06197 -6.82535e-03 | 41  0.02415  1.45568e-02 | 42  0.00975 -3.07682e-03
 43  0.09375 -1.44125e-02 | 44  0.02456 -1.51807e-02 | 45  0.03201  1.22081e-02
 46  0.03088 -9.00004e-03 | 47  0.06735 -1.06155e-02 | 48  0.07416  8.54750e-03
 49 -0.00036  8.81758e-03 | 50 -0.00016  4.39094e-02 | 51  0.80176 -1.37099e-02
 52  0.46454  3.92104e-01 | 53  0.12932 -1.09390e-01 | 54  0.38371  2.54070e-01
54 variables; iteration 40; function evaluation 47; phase 10
Function value 7.7082724e+02; maximum gradient component mag 6.3711e-02
Var    Value     Gradient |Var    Value     Gradient |Var    Value     Gradient
  1 -0.38972 -2.94910e-02 |  2 -0.04878  4.71501e-03 |  3  0.16461  8.85127e-03
  4 -0.41875  2.52182e-02 |  5 -0.53805 -2.06285e-02 |  6 -0.33995 -3.77369e-03
  7 -0.38666  1.34893e-02 |  8 -0.39043  1.26252e-02 |  9 -0.03055  6.37112e-02
 10 -0.12221  2.57970e-03 | 11 -0.06702 -6.07322e-04 | 12 -0.06648  1.46464e-03
 13 -0.05695  3.14906e-03 | 14 -0.06373  7.10482e-04 | 15  0.03567 -3.20057e-03
 16  0.05811  1.97459e-03 | 17 -0.05311 -6.98200e-05 | 18  0.11251 -1.00620e-03
 19 -0.04125  2.72947e-04 | 20 -0.04153  5.33914e-03 | 21 -0.00116  5.44921e-03
 22  0.07942  3.72436e-04 | 23 -0.03629 -8.20486e-04 | 24  0.05425  3.91051e-03
 25  0.08763  1.54492e-03 | 26  0.07411 -1.23669e-03 | 27  0.03451  2.28235e-03
 28  0.03546  4.04489e-03 | 29  0.12557 -7.69597e-04 | 30 -0.00381  1.51633e-03
 31 -0.01682  8.40476e-03 | 32 -0.02811  1.24806e-03 | 33 -0.06462  8.15407e-04
 34  0.02216 -1.09670e-03 | 35 -0.03715 -9.92627e-04 | 36  0.01704  2.58762e-03
 37 -0.00432 -8.50668e-04 | 38 -0.10231 -7.13752e-04 | 39 -0.02954 -4.35102e-03
 40 -0.06198 -6.80739e-03 | 41  0.02414 -4.18203e-04 | 42  0.00975 -1.06275e-03
 43  0.09375 -2.81568e-03 | 44  0.02456  1.19913e-03 | 45  0.03200  1.88633e-03
 46  0.03089  3.95525e-04 | 47  0.06735  1.87983e-03 | 48  0.07415  9.65765e-04
 49 -0.00035  3.56397e-04 | 50 -0.00016  8.21315e-03 | 51  0.80178  8.22045e-04
 52  0.46454 -1.68679e-02 | 53  0.12932  2.70913e-03 | 54  0.38370 -3.00136e-03

 - final statistics:
54 variables; iteration 60; function evaluation 77
Function value 7.7083e+02; maximum gradient component mag 1.8031e-06
Exit code = 1;  converg criter 1.0000e-04
Var    Value     Gradient |Var    Value     Gradient |Var    Value     Gradient
  1 -0.38968 -6.48245e-07 |  2 -0.04878  5.95866e-07 |  3  0.16461  8.93673e-07
  4 -0.41875  1.80307e-06 |  5 -0.53810 -3.20278e-07 |  6 -0.33998 -2.40467e-07
  7 -0.38666  1.45815e-06 |  8 -0.39043  1.20670e-06 |  9 -0.03055  1.04343e-06
 10 -0.12222 -3.71351e-09 | 11 -0.06702 -1.71390e-07 | 12 -0.06648 -1.36980e-07
 13 -0.05695  9.47332e-08 | 14 -0.06373 -2.12100e-08 | 15  0.03568 -1.35286e-07
 16  0.05811  2.14755e-07 | 17 -0.05310  4.62936e-07 | 18  0.11251  9.07648e-08
 19 -0.04125 -9.60489e-07 | 20 -0.04154  3.33636e-07 | 21 -0.00117  6.58816e-07
 22  0.07942 -9.50731e-08 | 23 -0.03629 -6.51968e-08 | 24  0.05425  2.26758e-07
 25  0.08763  4.22921e-08 | 26  0.07412 -1.31430e-07 | 27  0.03451  7.09098e-08
 28  0.03546  2.01626e-07 | 29  0.12557 -1.90668e-07 | 30 -0.00381  2.37924e-07
 31 -0.01683  1.98023e-07 | 32 -0.02811  2.71680e-07 | 33 -0.06462 -1.57557e-07
 34  0.02217 -1.19453e-07 | 35 -0.03715  2.50248e-07 | 36  0.01704  1.74737e-08
 37 -0.00432  3.68599e-08 | 38 -0.10231 -1.49785e-07 | 39 -0.02954 -1.59876e-07
 40 -0.06197 -2.87221e-07 | 41  0.02414  6.75932e-09 | 42  0.00975 -5.86814e-08
 43  0.09376 -7.19244e-08 | 44  0.02457 -1.19417e-07 | 45  0.03201  1.95649e-07
 46  0.03089  5.43937e-09 | 47  0.06735  1.14378e-07 | 48  0.07415  1.57465e-08
 49 -0.00035 -3.57891e-07 | 50 -0.00016  1.25117e-07 | 51  0.80178  2.60430e-08
 52  0.46454 -8.52935e-07 | 53  0.12931  1.89522e-07 | 54  0.38370 -2.91256e-07

Initial statistics: 72 variables; iteration 0; function evaluation 0; phase 11
Function value 7.7082724e+02; maximum gradient component mag 2.9491e+01
Var    Value     Gradient |Var    Value     Gradient |Var    Value     Gradient
  1 -0.38968 -6.48214e-07 |  2 -0.04878  5.95870e-07 |  3  0.16461  8.93670e-07
  4 -0.41875  1.80307e-06 |  5 -0.53810 -3.20253e-07 |  6 -0.33998 -2.40466e-07
  7 -0.38666  1.45815e-06 |  8 -0.39043  1.20670e-06 |  9 -0.03055  1.04335e-06
 10 -0.12222 -3.71414e-09 | 11 -0.06702 -1.71390e-07 | 12 -0.06648 -1.36981e-07
 13 -0.05695  9.47327e-08 | 14 -0.06373 -2.12106e-08 | 15  0.03568 -1.35287e-07
 16  0.05811  2.14753e-07 | 17 -0.05310  4.62935e-07 | 18  0.11251  9.07625e-08
 19 -0.04125 -9.60490e-07 | 20 -0.04154  3.33635e-07 | 21 -0.00117  6.58815e-07
 22  0.07942 -9.50755e-08 | 23 -0.03629 -6.51980e-08 | 24  0.05425  2.26756e-07
 25  0.08763  4.22896e-08 | 26  0.07412 -1.31433e-07 | 27  0.03451  7.09079e-08
 28  0.03546  2.01624e-07 | 29  0.12557 -1.90672e-07 | 30 -0.00381  2.37923e-07
 31 -0.01683  1.98022e-07 | 32 -0.02811  2.71679e-07 | 33 -0.06462 -1.57558e-07
 34  0.02217 -1.19455e-07 | 35 -0.03715  2.50247e-07 | 36  0.01704  1.74725e-08
 37 -0.00432  3.68589e-08 | 38 -0.10231 -1.49786e-07 | 39 -0.02954 -1.59877e-07
 40 -0.06197 -2.87221e-07 | 41  0.02414  6.75926e-09 | 42  0.00975 -5.86815e-08
 43  0.09376 -7.19248e-08 | 44  0.02457 -1.19417e-07 | 45  0.03201  1.95649e-07
 46  0.03089  5.43941e-09 | 47  0.06735  1.14378e-07 | 48  0.07415  1.57467e-08
 49 -0.00035 -3.57891e-07 | 50  0.00000  2.94911e+01 | 51  0.00000  4.36825e-03
 52  0.00000  0.00000e+00 | 53  0.00000  0.00000e+00 | 54  0.00000  0.00000e+00
 55  0.00000  0.00000e+00 | 56  0.00000  0.00000e+00 | 57  0.00000  0.00000e+00
 58  0.00000  0.00000e+00 | 59  0.00000  0.00000e+00 | 60  0.00000  0.00000e+00
 61  0.00000  0.00000e+00 | 62  0.00000  0.00000e+00 | 63  0.00000  0.00000e+00
 64  0.00000  0.00000e+00 | 65  0.00000  0.00000e+00 | 66  0.00000  0.00000e+00
 67  0.00000  0.00000e+00 | 68 -0.00016  1.25105e-07 | 69  0.80178  2.60425e-08
 70  0.46454 -8.52922e-07 | 71  0.12931  1.89521e-07 | 72  0.38370 -2.91255e-07

Intermediate statistics: 72 variables; iteration 20; function evaluation 24; phase 11
Function value 7.7049870e+02; maximum gradient component mag -7.3207e+01
Var    Value     Gradient |Var    Value     Gradient |Var    Value     Gradient
  1 -0.38660  3.14256e+00 |  2 -0.04807 -2.96375e+00 |  3  0.16736 -7.56944e+00
  4 -0.41975 -2.78071e+01 |  5 -0.53610  7.64438e-01 |  6 -0.33972  2.31950e+00
  7 -0.38706 -1.46503e+01 |  8 -0.39062 -1.41746e+01 |  9 -0.02685 -8.14046e+00
 10 -0.12315  2.39287e-01 | 11 -0.06822  1.16052e-01 | 12 -0.06827  7.80031e-02
 13 -0.05933  8.31150e-02 | 14 -0.06601  2.10554e-01 | 15  0.03311  8.35568e-01
 16  0.05477  8.00084e-01 | 17 -0.05596  1.00031e-01 | 18  0.10952  1.67570e+00
 19 -0.04417  3.40141e-01 | 20 -0.04461 -2.30767e-01 | 21 -0.00472 -1.01768e+00
 22  0.07456 -2.96919e+00 | 23 -0.03979 -1.15807e+00 | 24  0.05020 -2.35385e+00
 25  0.08304 -1.99556e+00 | 26  0.07084  5.43371e-01 | 27  0.03087  5.89958e-01
 28  0.03194  8.00001e-01 | 29  0.12249  3.40777e+00 | 30 -0.00726  7.20413e-01
 31 -0.02029 -2.94129e-01 | 32 -0.03211 -5.24461e-01 | 33 -0.06799 -8.24646e-01
 34  0.01734 -2.83376e+00 | 35 -0.04148 -2.36014e+00 | 36  0.01226 -4.25692e+00
 37 -0.00868 -2.87202e+00 | 38 -0.10613 -5.33504e-01 | 39 -0.03336 -3.87097e-01
 40 -0.06584  2.10927e-01 | 41  0.02032  2.45618e-01 | 42  0.00538  5.38425e-01
 43  0.08976  8.22480e-01 | 44  0.01977  6.49835e-02 | 45  0.02766 -9.03497e-01
 46  0.02472 -1.51270e+00 | 47  0.05917 -3.40454e+00 | 48  0.06407 -5.62705e+00
 49 -0.00955 -2.52408e+00 | 50 -0.01576  2.47253e+01 | 51 -0.00003  3.49071e-04
 52  0.00000  0.00000e+00 | 53  0.00000  0.00000e+00 | 54  0.00000  0.00000e+00
 55  0.00000  0.00000e+00 | 56  0.00000  0.00000e+00 | 57  0.00000  0.00000e+00
 58  0.00000  0.00000e+00 | 59  0.00000  0.00000e+00 | 60  0.00000  0.00000e+00
 61  0.00000  0.00000e+00 | 62  0.00000  0.00000e+00 | 63  0.00000  0.00000e+00
 64  0.00000  0.00000e+00 | 65  0.00000  0.00000e+00 | 66  0.00000  0.00000e+00
 67  0.00000  0.00000e+00 | 68 -0.00019 -7.32071e+01 | 69  0.80518  2.93503e-01
 70  0.46417 -6.98289e+00 | 71  0.13273  1.97614e+00 | 72  0.38431  9.87715e-01
72 variables; iteration 40; function evaluation 51; phase 11
Function value 7.6988987e+02; maximum gradient component mag 2.4063e+01
Var    Value     Gradient |Var    Value     Gradient |Var    Value     Gradient
  1 -0.38486 -8.54282e+00 |  2 -0.04858  1.72903e+00 |  3  0.16719  2.56495e+00
  4 -0.42683  9.11583e+00 |  5 -0.53592 -7.31826e+00 |  6 -0.33858  5.42715e-01
  7 -0.37989  5.42323e+00 |  8 -0.38337  4.27731e+00 |  9 -0.02655  2.40635e+01
 10 -0.12328 -3.67102e-01 | 11 -0.06754 -1.90272e-02 | 12 -0.06769 -1.05887e-01
 13 -0.05889 -1.60224e-01 | 14 -0.06508  2.16806e-01 | 15  0.03492  1.16601e+00
 16  0.05482  3.31156e-01 | 17 -0.05322  1.47115e+00 | 18  0.11011  1.64071e+00
 19 -0.04445 -2.81685e-02 | 20 -0.04373  3.33074e-01 | 21 -0.00451 -2.97946e-01
 22  0.07595  5.90823e-01 | 23 -0.03909  3.40626e-01 | 24  0.05189  1.46550e+00
 25  0.08328 -5.70467e-02 | 26  0.07139  1.18084e+00 | 27  0.03183  1.03800e+00
 28  0.03096 -1.27484e+00 | 29  0.12314  2.06319e+00 | 30 -0.00817 -5.20192e-01
 31 -0.01799  1.86417e+00 | 32 -0.03171  5.55993e-01 | 33 -0.06702  1.48095e-01
 34  0.01797 -5.37165e-02 | 35 -0.03957  6.10927e-01 | 36  0.01304 -6.17425e-01
 37 -0.00683  7.24033e-01 | 38 -0.10595 -1.36930e-01 | 39 -0.03278 -3.97428e-02
 40 -0.06502  6.17291e-01 | 41  0.02073 -2.35477e-01 | 42  0.00499 -9.88899e-01
 43  0.09008 -1.17112e-01 | 44  0.01978 -3.90366e-01 | 45  0.02793 -5.56585e-01
 46  0.02541  1.51051e-01 | 47  0.05842 -8.88701e-01 | 48  0.06429  3.15408e-02
 49 -0.00914 -1.48501e-01 | 50 -0.06147  2.65480e+00 | 51 -0.00005 -3.06784e-03
 52  0.00000  0.00000e+00 | 53  0.00000  0.00000e+00 | 54  0.00000  0.00000e+00
 55  0.00000  0.00000e+00 | 56  0.00000  0.00000e+00 | 57  0.00000  0.00000e+00
 58  0.00000  0.00000e+00 | 59  0.00000  0.00000e+00 | 60  0.00000  0.00000e+00
 61  0.00000  0.00000e+00 | 62  0.00000  0.00000e+00 | 63  0.00000  0.00000e+00
 64  0.00000  0.00000e+00 | 65  0.00000  0.00000e+00 | 66  0.00000  0.00000e+00
 67  0.00000  0.00000e+00 | 68 -0.00016 -5.87264e-01 | 69  0.80001 -2.27624e-01
 70  0.46403 -7.48860e+00 | 71  0.13394  9.14436e-01 | 72  0.38471  1.00167e-01
72 variables; iteration 60; function evaluation 79; phase 11
Function value 7.6987227e+02; maximum gradient component mag -2.6933e+01
Var    Value     Gradient |Var    Value     Gradient |Var    Value     Gradient
  1 -0.39064  1.06650e+01 |  2 -0.04853 -1.53816e+00 |  3  0.16779 -3.21621e+00
  4 -0.42184 -9.42067e+00 |  5 -0.52921  8.69554e+00 |  6 -0.33284  2.26471e-01
  7 -0.38485 -5.03211e+00 |  8 -0.38835 -4.75548e+00 |  9 -0.02676 -2.69333e+01
 10 -0.12188 -1.90602e-01 | 11 -0.06818 -2.81622e-01 | 12 -0.06615  1.29411e-01
 13 -0.05885 -3.10907e-01 | 14 -0.06454 -8.32180e-03 | 15  0.03345 -3.28767e-01
 16  0.05557 -4.85063e-01 | 17 -0.05530 -3.11338e-01 | 18  0.10993 -8.66186e-01
 19 -0.04373 -3.53146e-01 | 20 -0.04438 -7.41839e-01 | 21 -0.00303 -8.15485e-02
 22  0.07573 -1.17336e+00 | 23 -0.03797 -2.62667e-02 | 24  0.05121 -8.40477e-01
 25  0.08415 -8.99867e-01 | 26  0.07115 -8.62021e-01 | 27  0.03148 -6.27182e-01
 28  0.03235 -6.34492e-01 | 29  0.12266 -1.36804e+00 | 30 -0.00674 -5.59797e-01
 31 -0.01927 -5.14860e-01 | 32 -0.03143 -5.22562e-01 | 33 -0.06663 -2.25250e-01
 34  0.01854 -6.69735e-01 | 35 -0.04020 -3.32080e-01 | 36  0.01386 -3.85957e-01
 37 -0.00722 -3.07839e-01 | 38 -0.10521  6.61439e-02 | 39 -0.03243 -1.40053e-01
 40 -0.06532 -1.53019e-01 | 41  0.02116 -1.20220e-02 | 42  0.00584 -1.07272e-01
 43  0.09047  4.25030e-02 | 44  0.02027 -1.77194e-01 | 45  0.02884  1.28271e-01
 46  0.02564  2.34404e-01 | 47  0.05908 -3.68883e-01 | 48  0.06391 -1.54682e-02
 49 -0.00880  1.97544e-01 | 50 -0.06756 -4.72324e-03 | 51  0.00013  2.45346e-02
 52  0.00000  0.00000e+00 | 53  0.00000  0.00000e+00 | 54  0.00000  0.00000e+00
 55  0.00000  0.00000e+00 | 56  0.00000  0.00000e+00 | 57  0.00000  0.00000e+00
 58  0.00000  0.00000e+00 | 59  0.00000  0.00000e+00 | 60  0.00000  0.00000e+00
 61  0.00000  0.00000e+00 | 62  0.00000  0.00000e+00 | 63  0.00000  0.00000e+00
 64  0.00000  0.00000e+00 | 65  0.00000  0.00000e+00 | 66  0.00000  0.00000e+00
 67  0.00000  0.00000e+00 | 68 -0.00016 -3.29535e+00 | 69  0.80430 -2.42859e-01
 70  0.46418  5.94945e+00 | 71  0.13307 -4.44265e-01 | 72  0.38442  4.39156e-01

 - final statistics:
72 variables; iteration 76; function evaluation 95
Function value 7.6987e+02; maximum gradient component mag 1.6664e-05
Exit code = 1;  converg criter 1.0000e-04
Var    Value     Gradient |Var    Value     Gradient |Var    Value     Gradient
  1 -0.38334 -6.42762e-06 |  2 -0.04853  2.40614e-06 |  3  0.16761  3.43607e-06
  4 -0.41976  1.03717e-05 |  5 -0.53834 -4.91896e-06 |  6 -0.33979 -3.26934e-07
  7 -0.38679  5.66988e-06 |  8 -0.39030  5.02091e-06 |  9 -0.02680  1.66638e-05
 10 -0.12185  6.58551e-08 | 11 -0.06737 -4.10499e-08 | 12 -0.06720  1.59303e-07
 13 -0.05810 -2.76183e-08 | 14 -0.06511  1.33924e-07 | 15  0.03346  2.51091e-07
 16  0.05555  2.88418e-07 | 17 -0.05516  8.34941e-08 | 18  0.10989  5.88667e-07
 19 -0.04372  1.24803e-07 | 20 -0.04382  2.77684e-08 | 21 -0.00365  5.68033e-07
 22  0.07610  5.34726e-07 | 23 -0.03871  4.16810e-07 | 24  0.05138  4.63046e-07
 25  0.08410  6.06934e-07 | 26  0.07121  4.24199e-07 | 27  0.03147  3.44395e-07
 28  0.03237  3.93261e-07 | 29  0.12266  6.96335e-07 | 30 -0.00668  2.32643e-07
 31 -0.01931  2.62992e-07 | 32 -0.03133  2.62525e-07 | 33 -0.06688  1.99281e-07
 34  0.01862  3.29509e-07 | 35 -0.04020  1.95737e-07 | 36  0.01389  2.15384e-07
 37 -0.00718  1.15562e-07 | 38 -0.10536  1.11697e-07 | 39 -0.03240  9.13501e-08
 40 -0.06518  7.73657e-11 | 41  0.02111  1.35544e-07 | 42  0.00597  3.42257e-08
 43  0.09041  1.48194e-07 | 44  0.02051 -5.55430e-08 | 45  0.02873  1.10852e-07
 46  0.02535  1.53311e-07 | 47  0.05951 -5.58797e-08 | 48  0.06395  5.41810e-08
 49 -0.00911  9.55241e-08 | 50 -0.06754 -2.87945e-08 | 51 -0.00003  1.45860e-09
 52  0.00000  0.00000e+00 | 53  0.00000  0.00000e+00 | 54  0.00000  0.00000e+00
 55  0.00000  0.00000e+00 | 56  0.00000  0.00000e+00 | 57  0.00000  0.00000e+00
 58  0.00000  0.00000e+00 | 59  0.00000  0.00000e+00 | 60  0.00000  0.00000e+00
 61  0.00000  0.00000e+00 | 62  0.00000  0.00000e+00 | 63  0.00000  0.00000e+00
 64  0.00000  0.00000e+00 | 65  0.00000  0.00000e+00 | 66  0.00000  0.00000e+00
 67  0.00000  0.00000e+00 | 68 -0.00016  2.76107e-06 | 69  0.80443  1.09773e-07
 70  0.46419 -3.70092e-06 | 71  0.13329  1.37730e-07 | 72  0.38458 -4.67500e-07
Estimating row 1 out of 72 for hessian
Estimating row 2 out of 72 for hessian
Estimating row 3 out of 72 for hessian
Estimating row 4 out of 72 for hessian
Estimating row 5 out of 72 for hessian
Estimating row 6 out of 72 for hessian
Estimating row 7 out of 72 for hessian
Estimating row 8 out of 72 for hessian
Estimating row 9 out of 72 for hessian
Estimating row 10 out of 72 for hessian
Estimating row 11 out of 72 for hessian
Estimating row 12 out of 72 for hessian
Estimating row 13 out of 72 for hessian
Estimating row 14 out of 72 for hessian
Estimating row 15 out of 72 for hessian
Estimating row 16 out of 72 for hessian
Estimating row 17 out of 72 for hessian
Estimating row 18 out of 72 for hessian
Estimating row 19 out of 72 for hessian
Estimating row 20 out of 72 for hessian
Estimating row 21 out of 72 for hessian
Estimating row 22 out of 72 for hessian
Estimating row 23 out of 72 for hessian
Estimating row 24 out of 72 for hessian
Estimating row 25 out of 72 for hessian
Estimating row 26 out of 72 for hessian
Estimating row 27 out of 72 for hessian
Estimating row 28 out of 72 for hessian
Estimating row 29 out of 72 for hessian
Estimating row 30 out of 72 for hessian
Estimating row 31 out of 72 for hessian
Estimating row 32 out of 72 for hessian
Estimating row 33 out of 72 for hessian
Estimating row 34 out of 72 for hessian
Estimating row 35 out of 72 for hessian
Estimating row 36 out of 72 for hessian
Estimating row 37 out of 72 for hessian
Estimating row 38 out of 72 for hessian
Estimating row 39 out of 72 for hessian
Estimating row 40 out of 72 for hessian
Estimating row 41 out of 72 for hessian
Estimating row 42 out of 72 for hessian
Estimating row 43 out of 72 for hessian
Estimating row 44 out of 72 for hessian
Estimating row 45 out of 72 for hessian
Estimating row 46 out of 72 for hessian
Estimating row 47 out of 72 for hessian
Estimating row 48 out of 72 for hessian
Estimating row 49 out of 72 for hessian
Estimating row 50 out of 72 for hessian
Estimating row 51 out of 72 for hessian
Estimating row 52 out of 72 for hessian
Estimating row 53 out of 72 for hessian
Estimating row 54 out of 72 for hessian
Estimating row 55 out of 72 for hessian
Estimating row 56 out of 72 for hessian
Estimating row 57 out of 72 for hessian
Estimating row 58 out of 72 for hessian
Estimating row 59 out of 72 for hessian
Estimating row 60 out of 72 for hessian
Estimating row 61 out of 72 for hessian
Estimating row 62 out of 72 for hessian
Estimating row 63 out of 72 for hessian
Estimating row 64 out of 72 for hessian
Estimating row 65 out of 72 for hessian
Estimating row 66 out of 72 for hessian
Estimating row 67 out of 72 for hessian
Estimating row 68 out of 72 for hessian
Estimating row 69 out of 72 for hessian
Estimating row 70 out of 72 for hessian
Estimating row 71 out of 72 for hessian
Estimating row 72 out of 72 for hessian
size of file gradfil1.tmp = 0
size of file gradfil2.tmp = 0
size of file varssave.tmp = 0
size of file cmpdiff.tmp = 0
