
Initial statistics: 31 variables; iteration 0; function evaluation 0; phase 1
Function value 1.6791767e+03; maximum gradient component mag -4.3499e+04
Var    Value     Gradient |Var    Value     Gradient |Var    Value     Gradient
  1 -0.02650 -4.34992e+04 |  2  0.00000 -1.26801e+03 |  3  0.00000 -1.48257e+03
  4  0.00000 -1.68841e+03 |  5  0.00000 -1.70498e+03 |  6  0.00000 -1.74233e+03
  7  0.00000 -1.63315e+03 |  8  0.00000 -1.23809e+03 |  9  0.00000 -8.29872e+02
 10  0.00000 -9.42087e+02 | 11  0.00000 -9.43932e+02 | 12  0.00000 -3.07262e+02
 13  0.00000 -3.30449e+02 | 14  0.00000 -5.92496e+02 | 15  0.00000 -6.01873e+02
 16  0.00000 -6.23904e+02 | 17  0.00000 -5.68977e+02 | 18  0.00000 -4.75293e+02
 19  0.00000 -2.50008e+02 | 20  0.00000  6.99713e+01 | 21  0.00000  1.28114e+02
 22  0.00000  1.86910e+02 | 23  0.00000  6.13431e+01 | 24  0.00000  4.03204e+01
 25  0.00000 -6.10812e+01 | 26  0.00000  6.31889e+01 | 27  0.00000  7.67075e+01
 28  0.00000  5.62108e+01 | 29  0.00000  3.99069e+00 | 30  0.00000 -4.37927e+01
 31  0.00000  1.02782e+01 |

Intermediate statistics: 31 variables; iteration 20; function evaluation 30; phase 1
Function value 9.9488272e+02; maximum gradient component mag 5.9529e+03
Var    Value     Gradient |Var    Value     Gradient |Var    Value     Gradient
  1 -0.01695  5.95293e+03 |  2 -0.07036 -1.95258e+01 |  3 -0.00052  1.88877e+01
  4  0.12838  1.12609e+02 |  5 -0.17084 -3.43430e+01 |  6  0.03211 -4.70974e+00
  7  0.13843  3.03898e+01 |  8 -0.23525 -8.46699e+01 |  9  0.03648 -1.67399e+01
 10  0.10187  3.74456e+02 | 11  0.17150  6.33668e+02 | 12  0.11749  5.76716e+02
 13  0.04080  3.02109e+02 | 14  0.03356  2.92094e+02 | 15  0.02566  2.82127e+02
 16  0.04287  2.55354e+02 | 17  0.02835  2.41663e+02 | 18  0.03229  1.94353e+02
 19  0.01068  1.35097e+02 | 20 -0.18931 -2.21986e+01 | 21 -0.01665 -1.33299e+01
 22 -0.50152 -7.17599e+01 | 23 -0.00415 -1.22492e+01 | 24 -0.05977 -1.46632e+01
 25  0.01432 -1.04547e+01 | 26 -0.08160 -3.27799e+01 | 27 -0.06911 -2.99352e+01
 28 -0.08603 -4.15695e+01 | 29 -0.03559 -2.41739e+01 | 30  0.03681  2.64365e+01
 31 -0.04904  3.91902e-01 |
31 variables; iteration 40; function evaluation 57; phase 1
Function value 8.2139015e+02; maximum gradient component mag 3.1285e+02
Var    Value     Gradient |Var    Value     Gradient |Var    Value     Gradient
  1 -0.01945  3.12852e+02 |  2 -0.03967 -2.00208e+01 |  3 -0.03471 -2.58198e+01
  4  0.14212  7.35601e+01 |  5 -0.19329 -3.90864e+01 |  6  0.05389 -2.48272e+00
  7  0.13528  1.49485e+01 |  8 -0.12915 -9.04986e+01 |  9  0.07867  1.75795e+01
 10 -0.01314 -2.67570e+01 | 11  0.13712  9.40469e+01 | 12  0.00310  4.47684e+01
 13 -0.00452  4.85886e+01 | 14 -0.02797  3.33421e+01 | 15 -0.05020  3.21756e+01
 16  0.01227  2.56575e+01 | 17 -0.03588  1.83688e+01 | 18  0.01027  1.60570e+01
 19 -0.02333  5.78553e+00 | 20 -0.10544  2.01141e+01 | 21 -0.04577  3.43081e+01
 22 -0.08977  1.35518e+01 | 23 -0.01837  7.40094e+00 | 24 -0.05236 -2.15843e+01
 25  0.00956 -2.84085e+01 | 26 -0.04476  1.36653e+01 | 27 -0.04517  1.45248e+01
 28 -0.03445  6.87437e+00 | 29 -0.05513 -2.95578e+01 | 30  0.03393  6.64708e+00
 31 -0.10753 -2.67713e+01 |
31 variables; iteration 60; function evaluation 78; phase 1
Function value 7.9485959e+02; maximum gradient component mag -3.9379e+01
Var    Value     Gradient |Var    Value     Gradient |Var    Value     Gradient
  1 -0.01762 -3.93793e+01 |  2 -0.02633 -7.69041e-01 |  3  0.01097 -1.89113e+00
  4  0.08345 -9.10218e+00 |  5 -0.02781  2.99767e-01 |  6  0.05438  1.70997e+00
  7  0.08292  1.65110e-02 |  8  0.06748  2.00839e+00 |  9  0.02515  2.37537e+00
 10  0.02547  8.37060e-01 | 11  0.12355  1.24823e+01 | 12 -0.01066 -2.18906e+00
 13 -0.01883  2.47635e+00 | 14 -0.03297  5.49996e-01 | 15 -0.07080  1.32135e-01
 16  0.01542  4.42295e+00 | 17 -0.04561  4.76814e-01 | 18  0.00783  2.39185e+00
 19 -0.02204 -9.28593e-01 | 20 -0.12401 -3.20796e+00 | 21 -0.06254 -5.69626e+00
 22 -0.09806 -3.97104e+00 | 23 -0.02748 -6.54994e+00 | 24 -0.04591  1.61818e-02
 25  0.01659  2.99139e+00 | 26 -0.05981 -1.77630e+00 | 27 -0.05467 -1.03079e+00
 28 -0.04962 -1.64405e+00 | 29 -0.01322  8.39529e-01 | 30  0.02100  1.12877e+00
 31 -0.04688 -2.36041e+00 |

 - final statistics:
31 variables; iteration 65; function evaluation 83
Function value 7.9478e+02; maximum gradient component mag -1.2431e+00
Exit code = 1;  converg criter 1.0000e+01
Var    Value     Gradient |Var    Value     Gradient |Var    Value     Gradient
  1 -0.01739 -1.24311e+00 |  2 -0.02779 -3.68531e-02 |  3  0.00901 -1.04383e-01
  4  0.08647 -5.23065e-01 |  5 -0.03174 -8.09632e-02 |  6  0.05308 -2.34744e-01
  7  0.08317 -6.84632e-02 |  8  0.06660 -5.38562e-02 |  9  0.02390 -8.44753e-02
 10  0.02670  2.16673e-01 | 11  0.12029 -1.80077e-02 | 12 -0.00652  3.10974e-02
 13 -0.02139 -9.91568e-03 | 14 -0.03267  9.68851e-02 | 15 -0.06916  1.74442e-01
 16  0.01301  2.06671e-01 | 17 -0.04426  1.52858e-01 | 18  0.00614 -5.21847e-02
 19 -0.02209 -9.98994e-03 | 20 -0.12197  3.97730e-02 | 21 -0.06086  1.23325e-01
 22 -0.09703  5.19810e-02 | 23 -0.02571 -6.54309e-02 | 24 -0.04657 -8.29552e-02
 25  0.01513  3.96693e-03 | 26 -0.05851  1.22165e-02 | 27 -0.05480  3.43888e-02
 28 -0.04834 -2.54763e-02 | 29 -0.01444 -1.31586e-01 | 30  0.01995  5.37306e-02
 31 -0.04264  5.62941e-02 |

Initial statistics: 45 variables; iteration 0; function evaluation 0; phase 2
Function value 7.9477905e+02; maximum gradient component mag -1.6944e+02
Var    Value     Gradient |Var    Value     Gradient |Var    Value     Gradient
  1 -0.45075 -2.16080e+01 |  2 -0.04859 -3.94953e+01 |  3  0.17415 -3.18051e+01
  4 -0.42527 -9.04335e+01 |  5 -0.01739 -1.24311e+00 |  6  0.00000  6.49314e+01
  7  0.00000  2.40915e+01 |  8  0.00000  2.85118e+01 |  9  0.00000  3.09514e+01
 10  0.00000  2.93840e+01 | 11  0.00000 -2.50069e+01 | 12  0.00000 -5.54986e+01
 13  0.00000  4.71177e+00 | 14  0.00000 -1.69443e+02 | 15  0.00000 -1.89000e+01
 16 -0.02779 -3.68531e-02 | 17  0.00901 -1.04383e-01 | 18  0.08647 -5.23065e-01
 19 -0.03174 -8.09632e-02 | 20  0.05308 -2.34744e-01 | 21  0.08317 -6.84632e-02
 22  0.06660 -5.38562e-02 | 23  0.02390 -8.44753e-02 | 24  0.02670  2.16673e-01
 25  0.12029 -1.80077e-02 | 26 -0.00652  3.10974e-02 | 27 -0.02139 -9.91568e-03
 28 -0.03267  9.68851e-02 | 29 -0.06916  1.74442e-01 | 30  0.01301  2.06671e-01
 31 -0.04426  1.52858e-01 | 32  0.00614 -5.21847e-02 | 33 -0.02209 -9.98994e-03
 34 -0.12197  3.97730e-02 | 35 -0.06086  1.23325e-01 | 36 -0.09703  5.19810e-02
 37 -0.02571 -6.54309e-02 | 38 -0.04657 -8.29552e-02 | 39  0.01513  3.96693e-03
 40 -0.05851  1.22165e-02 | 41 -0.05480  3.43888e-02 | 42 -0.04834 -2.54763e-02
 43 -0.01444 -1.31586e-01 | 44  0.01995  5.37306e-02 | 45 -0.04264  5.62941e-02

Intermediate statistics: 45 variables; iteration 20; function evaluation 25; phase 2
Function value 7.7874674e+02; maximum gradient component mag 1.9679e+03
Var    Value     Gradient |Var    Value     Gradient |Var    Value     Gradient
  1 -0.48316 -7.74453e+02 |  2 -0.05316  4.07742e+01 |  3  0.15847  2.33445e+02
  4 -0.41923  6.49044e+02 |  5 -0.03934  1.96786e+03 |  6 -0.03702  4.76816e+01
  7 -0.02261  1.72691e+01 |  8 -0.02719  1.77920e+01 |  9 -0.02358  1.89751e+01
 10 -0.01988  2.31605e+01 | 11  0.05274  2.41487e+01 | 12  0.07715  2.18402e+01
 13 -0.05919 -5.64705e+00 | 14  0.12474 -6.58944e+00 | 15 -0.06863 -1.62456e+01
 16 -0.01729  1.51723e+01 | 17  0.02141  3.12284e+01 | 18  0.11311  8.92971e+01
 19 -0.00979  3.66076e+01 | 20  0.07742  6.16851e+01 | 21  0.10786  7.20569e+01
 22  0.09098  6.19170e+01 | 23  0.04897  4.46964e+01 | 24  0.05094  4.09514e+01
 25  0.13855  6.21584e+01 | 26  0.01488  3.25718e+01 | 27  0.00140  3.65079e+01
 28 -0.00917  3.53142e+01 | 29 -0.04684  2.73159e+01 | 30  0.03564  4.48288e+01
 31 -0.02209  2.82949e+01 | 32  0.03095  4.07093e+01 | 33  0.00177  3.21097e+01
 34 -0.09873  1.45820e+01 | 35 -0.03537  2.40353e+01 | 36 -0.07218  1.54381e+01
 37  0.00080  2.42226e+01 | 38 -0.02109  1.48849e+01 | 39  0.04268  2.08576e+01
 40 -0.03260  6.58518e+00 | 41 -0.03105  4.07672e+00 | 42 -0.02283  5.60981e+00
 43  0.00721  4.81923e+00 | 44  0.04341 -2.01041e+00 | 45 -0.02675 -4.70750e+00
45 variables; iteration 40; function evaluation 50; phase 2
Function value 7.7366456e+02; maximum gradient component mag 6.0340e+02
Var    Value     Gradient |Var    Value     Gradient |Var    Value     Gradient
  1 -0.46014 -2.34052e+02 |  2 -0.04917  2.10484e+01 |  3  0.17284  7.32266e+01
  4 -0.42475  2.02068e+02 |  5 -0.03106  6.03399e+02 |  6 -0.06879  1.37993e+01
  7 -0.05084  2.51137e+00 |  8 -0.03099  7.94413e+00 |  9 -0.01788  9.47230e+00
 10 -0.05128  2.51493e+00 | 11  0.06013  7.92261e+00 | 12  0.08117  8.99383e+00
 13 -0.03737  1.80134e+00 | 14  0.13396  9.00196e+00 | 15 -0.02484  2.45066e+00
 16 -0.02238  4.87228e+00 | 17  0.01872  1.02935e+01 | 18  0.10381  2.68654e+01
 19 -0.01389  1.23791e+01 | 20  0.07231  1.82275e+01 | 21  0.10386  2.04060e+01
 22  0.08604  1.61952e+01 | 23  0.04563  1.41981e+01 | 24  0.04691  1.16821e+01
 25  0.13991  1.89797e+01 | 26  0.01514  1.23545e+01 | 27 -0.00153  1.00271e+01
 28 -0.01403  7.39350e+00 | 29 -0.05006  7.49215e+00 | 30  0.03478  1.34312e+01
 31 -0.02632  6.28491e+00 | 32  0.02710  8.94175e+00 | 33 -0.00195  6.78442e+00
 34 -0.10385  2.21626e+00 | 35 -0.04116  4.44848e+00 | 36 -0.07576  6.40320e+00
 37 -0.00317  1.03326e+01 | 38 -0.02841  3.89291e-02 | 39  0.03473  3.35603e-01
 40 -0.03711  2.18754e+00 | 41 -0.04078 -3.46446e+00 | 42 -0.02586  4.11917e+00
 43  0.00296  2.91297e+00 | 44  0.04046  3.58359e+00 | 45 -0.03618 -4.17524e+00

 - final statistics:
45 variables; iteration 53; function evaluation 71
Function value 7.7318e+02; maximum gradient component mag 1.7470e+00
Exit code = 1;  converg criter 1.0000e+01
Var    Value     Gradient |Var    Value     Gradient |Var    Value     Gradient
  1 -0.45523 -7.60454e-01 |  2 -0.04853  1.31001e-02 |  3  0.17280  5.84846e-02
  4 -0.42494  1.18281e-01 |  5 -0.02961  1.74702e+00 |  6 -0.09146  2.22426e-01
  7 -0.04752  2.58016e-02 |  8 -0.04508  7.01337e-02 |  9 -0.03265  8.28419e-02
 10 -0.04165  5.71352e-02 | 11  0.06302  8.56056e-02 | 12  0.08443  9.99774e-02
 13 -0.03258  7.19182e-02 | 14  0.13702  1.49859e-01 | 15 -0.02073  8.35925e-02
 16 -0.02064  7.63572e-02 | 17  0.01889  1.16689e-01 | 18  0.10193  1.29805e-01
 19 -0.01743  5.32541e-02 | 20  0.07196  6.72232e-03 | 21  0.10297 -1.84380e-02
 22  0.08659 -2.11481e-02 | 23  0.04380 -2.69914e-02 | 24  0.04640 -2.91865e-02
 25  0.14160 -4.97981e-02 | 26  0.01284 -3.03766e-02 | 27 -0.00140 -2.94318e-02
 28 -0.01228 -3.74836e-03 | 29 -0.05092  8.70267e-03 | 30  0.03423 -5.50137e-02
 31 -0.02549 -1.14018e-02 | 32  0.02683 -4.38195e-02 | 33 -0.00205 -2.22273e-02
 34 -0.10351  2.62145e-03 | 35 -0.04117 -2.82468e-02 | 36 -0.07814 -9.87636e-03
 37 -0.00591 -5.84983e-02 | 38 -0.02724 -8.89643e-04 | 39  0.03508  8.43146e-04
 40 -0.03960 -1.10960e-02 | 41 -0.03628  1.96430e-02 | 42 -0.03031 -2.06875e-02
 43  0.00226 -5.47091e-03 | 44  0.03615 -5.29860e-03 | 45 -0.03019  8.49047e-03

Initial statistics: 49 variables; iteration 0; function evaluation 0; phase 3
Function value 7.7318441e+02; maximum gradient component mag -2.0606e+01
Var    Value     Gradient |Var    Value     Gradient |Var    Value     Gradient
  1 -0.45523 -7.60454e-01 |  2 -0.04853  1.31001e-02 |  3  0.17280  5.84846e-02
  4 -0.42494  1.18281e-01 |  5 -0.02961  1.74702e+00 |  6 -0.09146  2.22426e-01
  7 -0.04752  2.58016e-02 |  8 -0.04508  7.01337e-02 |  9 -0.03265  8.28419e-02
 10 -0.04165  5.71352e-02 | 11  0.06302  8.56056e-02 | 12  0.08443  9.99774e-02
 13 -0.03258  7.19182e-02 | 14  0.13702  1.49859e-01 | 15 -0.02073  8.35925e-02
 16 -0.02064  7.63572e-02 | 17  0.01889  1.16689e-01 | 18  0.10193  1.29805e-01
 19 -0.01743  5.32541e-02 | 20  0.07196  6.72232e-03 | 21  0.10297 -1.84380e-02
 22  0.08659 -2.11481e-02 | 23  0.04380 -2.69914e-02 | 24  0.04640 -2.91865e-02
 25  0.14160 -4.97981e-02 | 26  0.01284 -3.03766e-02 | 27 -0.00140 -2.94318e-02
 28 -0.01228 -3.74836e-03 | 29 -0.05092  8.70267e-03 | 30  0.03423 -5.50137e-02
 31 -0.02549 -1.14018e-02 | 32  0.02683 -4.38195e-02 | 33 -0.00205 -2.22273e-02
 34 -0.10351  2.62145e-03 | 35 -0.04117 -2.82468e-02 | 36 -0.07814 -9.87636e-03
 37 -0.00591 -5.84983e-02 | 38 -0.02724 -8.89643e-04 | 39  0.03508  8.43146e-04
 40 -0.03960 -1.10960e-02 | 41 -0.03628  1.96430e-02 | 42 -0.03031 -2.06875e-02
 43  0.00226 -5.47091e-03 | 44  0.03615 -5.29860e-03 | 45 -0.03019  8.49047e-03
 46  0.81131  7.27531e-01 | 47  0.50571 -2.06060e+01 | 48  0.13593  5.07949e+00
 49  0.38939 -2.49744e+00 |

Intermediate statistics: 49 variables; iteration 20; function evaluation 24; phase 3
Function value 7.7317400e+02; maximum gradient component mag -9.8972e+00
Var    Value     Gradient |Var    Value     Gradient |Var    Value     Gradient
  1 -0.45634  5.78630e+00 |  2 -0.04874  1.86956e+00 |  3  0.17119 -8.84234e-01
  4 -0.42430  7.68068e-01 |  5 -0.02994 -9.89717e+00 |  6 -0.09265 -2.52647e-01
  7 -0.04782 -1.49824e-01 |  8 -0.04549 -1.73016e-01 |  9 -0.03304 -2.25339e-01
 10 -0.04189 -2.54011e-01 | 11  0.06288 -5.80035e-01 | 12  0.08444 -6.68748e-01
 13 -0.03290 -3.09017e-01 | 14  0.13705 -4.74757e-01 | 15 -0.02056 -1.66830e-01
 16 -0.02085 -2.84767e-01 | 17  0.01879 -3.24573e-01 | 18  0.10212 -7.69289e-01
 19 -0.01780 -5.12933e-01 | 20  0.07183 -6.95941e-01 | 21  0.10326 -6.47653e-01
 22  0.08631 -8.45963e-01 | 23  0.04395 -5.75474e-02 | 24  0.04652  2.39103e-01
 25  0.14169  4.75082e-01 | 26  0.01284 -9.54496e-02 | 27 -0.00171 -1.38354e-01
 28 -0.01221 -4.09890e-02 | 29 -0.05129 -1.34134e-01 | 30  0.03440 -6.13764e-02
 31 -0.02529  4.38743e-02 | 32  0.02665 -3.19687e-01 | 33 -0.00217 -2.87848e-01
 34 -0.10349 -9.10532e-02 | 35 -0.04127 -1.88888e-02 | 36 -0.07810  2.21914e-02
 37 -0.00603  2.48605e-01 | 38 -0.02702  3.22744e-01 | 39  0.03504  6.54402e-01
 40 -0.03937  2.14266e-01 | 41 -0.03671  1.18552e-01 | 42 -0.02966  4.94957e-01
 43  0.00234  2.72676e-01 | 44  0.03573 -9.20845e-02 | 45 -0.03049  9.57377e-03
 46  0.80747 -1.87118e-01 | 47  0.50591 -2.89165e-01 | 48  0.13377  1.87735e+00
 49  0.38897  9.22769e-01 |

 - final statistics:
49 variables; iteration 39; function evaluation 49
Function value 7.7317e+02; maximum gradient component mag -5.6271e-01
Exit code = 1;  converg criter 1.0000e+00
Var    Value     Gradient |Var    Value     Gradient |Var    Value     Gradient
  1 -0.45765  2.59740e-01 |  2 -0.04885  4.30306e-02 |  3  0.17104 -3.29876e-02
  4 -0.42423 -7.78662e-02 |  5 -0.03037 -5.62710e-01 |  6 -0.09297 -2.30214e-02
  7 -0.04783 -7.52402e-05 |  8 -0.04555 -1.07010e-02 |  9 -0.03317 -4.21261e-02
 10 -0.04200 -5.99959e-02 | 11  0.06286 -7.87167e-02 | 12  0.08445 -1.34874e-02
 13 -0.03287 -1.03343e-02 | 14  0.13688 -1.10454e-02 | 15 -0.02061 -3.39165e-03
 16 -0.02087 -4.72072e-03 | 17  0.01879 -1.78604e-03 | 18  0.10221 -4.47076e-02
 19 -0.01763 -1.15707e-02 | 20  0.07189 -2.15064e-02 | 21  0.10348 -2.57530e-02
 22  0.08644 -5.89896e-02 | 23  0.04393  1.26554e-02 | 24  0.04650 -2.51286e-03
 25  0.14153 -1.97072e-02 | 26  0.01288  1.32123e-02 | 27 -0.00173  4.11266e-02
 28 -0.01223 -2.68784e-02 | 29 -0.05129 -8.02712e-03 | 30  0.03458 -1.85126e-02
 31 -0.02532 -3.72377e-02 | 32  0.02670 -2.14061e-02 | 33 -0.00210  1.22886e-02
 34 -0.10342 -2.37423e-02 | 35 -0.04131 -2.11377e-02 | 36 -0.07809 -8.69517e-03
 37 -0.00611  4.99909e-03 | 38 -0.02698  1.72120e-02 | 39  0.03486  1.39709e-02
 40 -0.03934  1.63577e-02 | 41 -0.03681 -1.76838e-02 | 42 -0.02967  2.04274e-02
 43  0.00235  5.44646e-03 | 44  0.03564 -4.25339e-04 | 45 -0.03071 -2.06916e-02
 46  0.80833 -3.54151e-03 | 47  0.50606  4.20110e-02 | 48  0.13127  3.45064e-02
 49  0.38813  5.81477e-02 |

Initial statistics: 57 variables; iteration 0; function evaluation 0; phase 4
Function value 7.7316914e+02; maximum gradient component mag -7.1861e+00
Var    Value     Gradient |Var    Value     Gradient |Var    Value     Gradient
  1 -0.45765  2.59740e-01 |  2 -0.04885  4.30306e-02 |  3  0.17104 -3.29876e-02
  4 -0.42423 -7.78662e-02 |  5 -0.41752 -7.18614e+00 |  6 -0.42119  2.79938e+00
  7 -0.43326  4.21273e+00 |  8 -0.03037 -5.62710e-01 |  9 -0.09297 -2.30214e-02
 10 -0.04783 -7.52402e-05 | 11 -0.04555 -1.07010e-02 | 12 -0.03317 -4.21261e-02
 13 -0.04200 -5.99959e-02 | 14  0.06286 -7.87167e-02 | 15  0.08445 -1.34874e-02
 16 -0.03287 -1.03343e-02 | 17  0.13688 -1.10454e-02 | 18 -0.02061 -3.39165e-03
 19 -0.02087 -4.72072e-03 | 20  0.01879 -1.78604e-03 | 21  0.10221 -4.47076e-02
 22 -0.01763 -1.15707e-02 | 23  0.07189 -2.15064e-02 | 24  0.10348 -2.57530e-02
 25  0.08644 -5.89896e-02 | 26  0.04393  1.26554e-02 | 27  0.04650 -2.51286e-03
 28  0.14153 -1.97072e-02 | 29  0.01288  1.32123e-02 | 30 -0.00173  4.11266e-02
 31 -0.01223 -2.68784e-02 | 32 -0.05129 -8.02712e-03 | 33  0.03458 -1.85126e-02
 34 -0.02532 -3.72377e-02 | 35  0.02670 -2.14061e-02 | 36 -0.00210  1.22886e-02
 37 -0.10342 -2.37423e-02 | 38 -0.04131 -2.11377e-02 | 39 -0.07809 -8.69517e-03
 40 -0.00611  4.99909e-03 | 41 -0.02698  1.72120e-02 | 42  0.03486  1.39709e-02
 43 -0.03934  1.63577e-02 | 44 -0.03681 -1.76838e-02 | 45 -0.02967  2.04274e-02
 46  0.00235  5.44646e-03 | 47  0.03564 -4.25339e-04 | 48 -0.03071 -2.06916e-02
 49  0.80833 -3.54151e-03 | 50  0.50606  4.20110e-02 | 51  0.13127  3.45064e-02
 52  0.38813  5.81477e-02 | 53  0.43069 -3.38994e+00 | 54  0.41454 -3.81198e+00
 55  0.40873  1.26645e-02 | 56  0.43315  7.15711e-01 | 57  0.44804  5.93681e+00

Intermediate statistics: 57 variables; iteration 20; function evaluation 23; phase 4
Function value 7.7316419e+02; maximum gradient component mag 6.0699e+00
Var    Value     Gradient |Var    Value     Gradient |Var    Value     Gradient
  1 -0.45793  1.52701e+00 |  2 -0.04883  2.93910e+00 |  3  0.17068  1.55226e+00
  4 -0.42423  6.06986e+00 |  5 -0.41724  4.29530e+00 |  6 -0.42111 -8.83511e-01
  7 -0.43357  2.66022e+00 |  8 -0.03042 -2.64727e+00 |  9 -0.09334 -4.13071e-02
 10 -0.04809 -2.72842e-02 | 11 -0.04575 -1.44004e-02 | 12 -0.03317  1.91735e-02
 13 -0.04184  4.57291e-02 | 14  0.06272  5.60863e-03 | 15  0.08416 -1.14904e-01
 16 -0.03299  2.29397e-02 | 17  0.13668  2.17046e-01 | 18 -0.02069  5.25536e-02
 19 -0.02109  4.71968e-02 | 20  0.01855  1.46018e-01 | 21  0.10211  3.19204e-01
 22 -0.01759  1.11049e-01 | 23  0.07178  3.45667e-01 | 24  0.10349  4.72811e-01
 25  0.08649 -1.69021e-02 | 26  0.04387 -2.50901e-01 | 27  0.04643 -3.18530e-01
 28  0.14143 -1.01179e+00 | 29  0.01287 -3.94371e-01 | 30 -0.00174 -2.12661e-01
 31 -0.01218 -2.49616e-01 | 32 -0.05138 -2.75683e-01 | 33  0.03447 -6.61044e-01
 34 -0.02536 -2.79990e-01 | 35  0.02665 -2.88327e-01 | 36 -0.00225 -2.94425e-01
 37 -0.10348 -1.05522e-01 | 38 -0.04133 -1.66632e-03 | 39 -0.07820 -1.20606e-01
 40 -0.00626 -2.13350e-01 | 41 -0.02710 -1.54684e-01 | 42  0.03476 -4.73987e-02
 43 -0.03952 -4.95518e-02 | 44 -0.03667  2.16250e-01 | 45 -0.02931  3.86430e-01
 46  0.00330  6.97651e-01 | 47  0.03660  7.11070e-01 | 48 -0.03085 -1.16369e-01
 49  0.80790 -1.18416e-01 | 50  0.50328  3.25087e+00 | 51  0.13130 -1.10546e-01
 52  0.38821  6.89307e-02 | 53  0.43324 -4.48901e+00 | 54  0.41718  3.44492e+00
 55  0.41121  5.40025e-01 | 56  0.43567  1.07819e+00 | 57  0.44985  2.95642e+00

 - final statistics:
57 variables; iteration 38; function evaluation 42
Function value 7.7316e+02; maximum gradient component mag 6.4418e-01
Exit code = 1;  converg criter 1.0000e+00
Var    Value     Gradient |Var    Value     Gradient |Var    Value     Gradient
  1 -0.45800 -2.19204e-01 |  2 -0.04888  2.11035e-01 |  3  0.17056  1.68084e-01
  4 -0.42433  6.44180e-01 |  5 -0.41713  4.24357e-01 |  6 -0.42100  7.06940e-02
  7 -0.43368  1.52404e-01 |  8 -0.03047  5.55250e-01 |  9 -0.09348 -9.14717e-02
 10 -0.04770  5.18994e-02 | 11 -0.04552  2.65382e-02 | 12 -0.03322 -2.34552e-02
 13 -0.04217 -6.17159e-02 | 14  0.06293  4.89312e-02 | 15  0.08432  2.42662e-03
 16 -0.03277  1.07533e-01 | 17  0.13676  3.93192e-02 | 18 -0.02077 -6.73233e-02
 19 -0.02096  3.91730e-02 | 20  0.01858  2.19898e-02 | 21  0.10222  1.38822e-01
 22 -0.01763 -5.89868e-02 | 23  0.07174 -1.59106e-01 | 24  0.10344  1.22371e-01
 25  0.08656  1.52880e-01 | 26  0.04388 -8.64744e-02 | 27  0.04633 -2.40841e-01
 28  0.14161  7.56846e-02 | 29  0.01291 -2.64832e-02 | 30 -0.00167  5.66324e-02
 31 -0.01229 -1.08487e-01 | 32 -0.05110  9.89503e-02 | 33  0.03458 -1.23395e-02
 34 -0.02527  1.76540e-02 | 35  0.02671  7.96931e-03 | 36 -0.00219 -1.60422e-02
 37 -0.10333  6.32791e-02 | 38 -0.04137  1.35670e-02 | 39 -0.07805  7.65707e-02
 40 -0.00617  3.28399e-02 | 41 -0.02705 -6.07636e-02 | 42  0.03481  2.37289e-02
 43 -0.03939  6.49876e-02 | 44 -0.03675 -3.28996e-02 | 45 -0.02931  7.40868e-02
 46  0.00318  8.37437e-02 | 47  0.03637  1.24939e-03 | 48 -0.03048  1.36490e-01
 49  0.80782 -2.42437e-02 | 50  0.50239 -2.11807e-01 | 51  0.13134  2.67052e-03
 52  0.38821  5.64259e-03 | 53  0.43411 -5.00137e-01 | 54  0.41790  6.03022e-02
 55  0.41195  6.79934e-03 | 56  0.43635  4.86447e-02 | 57  0.45015  1.58445e-01

 - final statistics:
57 variables; iteration 0; function evaluation 0
Function value 7.7316e+02; maximum gradient component mag 6.4418e-01
Exit code = 0;  converg criter 1.0000e+00
Var    Value     Gradient |Var    Value     Gradient |Var    Value     Gradient
  1 -0.45800 -2.19204e-01 |  2 -0.04888  2.11035e-01 |  3  0.17056  1.68084e-01
  4 -0.42433  6.44180e-01 |  5 -0.41713  4.24357e-01 |  6 -0.42100  7.06940e-02
  7 -0.43368  1.52404e-01 |  8 -0.03047  5.55250e-01 |  9 -0.09348 -9.14717e-02
 10 -0.04770  5.18994e-02 | 11 -0.04552  2.65382e-02 | 12 -0.03322 -2.34552e-02
 13 -0.04217 -6.17159e-02 | 14  0.06293  4.89312e-02 | 15  0.08432  2.42662e-03
 16 -0.03277  1.07533e-01 | 17  0.13676  3.93192e-02 | 18 -0.02077 -6.73233e-02
 19 -0.02096  3.91730e-02 | 20  0.01858  2.19898e-02 | 21  0.10222  1.38822e-01
 22 -0.01763 -5.89868e-02 | 23  0.07174 -1.59106e-01 | 24  0.10344  1.22371e-01
 25  0.08656  1.52880e-01 | 26  0.04388 -8.64744e-02 | 27  0.04633 -2.40841e-01
 28  0.14161  7.56846e-02 | 29  0.01291 -2.64832e-02 | 30 -0.00167  5.66324e-02
 31 -0.01229 -1.08487e-01 | 32 -0.05110  9.89503e-02 | 33  0.03458 -1.23395e-02
 34 -0.02527  1.76540e-02 | 35  0.02671  7.96931e-03 | 36 -0.00219 -1.60422e-02
 37 -0.10333  6.32791e-02 | 38 -0.04137  1.35670e-02 | 39 -0.07805  7.65707e-02
 40 -0.00617  3.28399e-02 | 41 -0.02705 -6.07636e-02 | 42  0.03481  2.37289e-02
 43 -0.03939  6.49876e-02 | 44 -0.03675 -3.28996e-02 | 45 -0.02931  7.40868e-02
 46  0.00318  8.37437e-02 | 47  0.03637  1.24939e-03 | 48 -0.03048  1.36490e-01
 49  0.80782 -2.42437e-02 | 50  0.50239 -2.11807e-01 | 51  0.13134  2.67052e-03
 52  0.38821  5.64259e-03 | 53  0.43411 -5.00137e-01 | 54  0.41790  6.03022e-02
 55  0.41195  6.79934e-03 | 56  0.43635  4.86447e-02 | 57  0.45015  1.58445e-01

 - final statistics:
57 variables; iteration 0; function evaluation 0
Function value 7.7316e+02; maximum gradient component mag 6.4418e-01
Exit code = 0;  converg criter 1.0000e+00
Var    Value     Gradient |Var    Value     Gradient |Var    Value     Gradient
  1 -0.45800 -2.19204e-01 |  2 -0.04888  2.11035e-01 |  3  0.17056  1.68084e-01
  4 -0.42433  6.44180e-01 |  5 -0.41713  4.24357e-01 |  6 -0.42100  7.06940e-02
  7 -0.43368  1.52404e-01 |  8 -0.03047  5.55250e-01 |  9 -0.09348 -9.14717e-02
 10 -0.04770  5.18994e-02 | 11 -0.04552  2.65382e-02 | 12 -0.03322 -2.34552e-02
 13 -0.04217 -6.17159e-02 | 14  0.06293  4.89312e-02 | 15  0.08432  2.42662e-03
 16 -0.03277  1.07533e-01 | 17  0.13676  3.93192e-02 | 18 -0.02077 -6.73233e-02
 19 -0.02096  3.91730e-02 | 20  0.01858  2.19898e-02 | 21  0.10222  1.38822e-01
 22 -0.01763 -5.89868e-02 | 23  0.07174 -1.59106e-01 | 24  0.10344  1.22371e-01
 25  0.08656  1.52880e-01 | 26  0.04388 -8.64744e-02 | 27  0.04633 -2.40841e-01
 28  0.14161  7.56846e-02 | 29  0.01291 -2.64832e-02 | 30 -0.00167  5.66324e-02
 31 -0.01229 -1.08487e-01 | 32 -0.05110  9.89503e-02 | 33  0.03458 -1.23395e-02
 34 -0.02527  1.76540e-02 | 35  0.02671  7.96931e-03 | 36 -0.00219 -1.60422e-02
 37 -0.10333  6.32791e-02 | 38 -0.04137  1.35670e-02 | 39 -0.07805  7.65707e-02
 40 -0.00617  3.28399e-02 | 41 -0.02705 -6.07636e-02 | 42  0.03481  2.37289e-02
 43 -0.03939  6.49876e-02 | 44 -0.03675 -3.28996e-02 | 45 -0.02931  7.40868e-02
 46  0.00318  8.37437e-02 | 47  0.03637  1.24939e-03 | 48 -0.03048  1.36490e-01
 49  0.80782 -2.42437e-02 | 50  0.50239 -2.11807e-01 | 51  0.13134  2.67052e-03
 52  0.38821  5.64259e-03 | 53  0.43411 -5.00137e-01 | 54  0.41790  6.03022e-02
 55  0.41195  6.79934e-03 | 56  0.43635  4.86447e-02 | 57  0.45015  1.58445e-01

 - final statistics:
57 variables; iteration 0; function evaluation 0
Function value 7.7316e+02; maximum gradient component mag 6.4418e-01
Exit code = 0;  converg criter 1.0000e+00
Var    Value     Gradient |Var    Value     Gradient |Var    Value     Gradient
  1 -0.45800 -2.19204e-01 |  2 -0.04888  2.11035e-01 |  3  0.17056  1.68084e-01
  4 -0.42433  6.44180e-01 |  5 -0.41713  4.24357e-01 |  6 -0.42100  7.06940e-02
  7 -0.43368  1.52404e-01 |  8 -0.03047  5.55250e-01 |  9 -0.09348 -9.14717e-02
 10 -0.04770  5.18994e-02 | 11 -0.04552  2.65382e-02 | 12 -0.03322 -2.34552e-02
 13 -0.04217 -6.17159e-02 | 14  0.06293  4.89312e-02 | 15  0.08432  2.42662e-03
 16 -0.03277  1.07533e-01 | 17  0.13676  3.93192e-02 | 18 -0.02077 -6.73233e-02
 19 -0.02096  3.91730e-02 | 20  0.01858  2.19898e-02 | 21  0.10222  1.38822e-01
 22 -0.01763 -5.89868e-02 | 23  0.07174 -1.59106e-01 | 24  0.10344  1.22371e-01
 25  0.08656  1.52880e-01 | 26  0.04388 -8.64744e-02 | 27  0.04633 -2.40841e-01
 28  0.14161  7.56846e-02 | 29  0.01291 -2.64832e-02 | 30 -0.00167  5.66324e-02
 31 -0.01229 -1.08487e-01 | 32 -0.05110  9.89503e-02 | 33  0.03458 -1.23395e-02
 34 -0.02527  1.76540e-02 | 35  0.02671  7.96931e-03 | 36 -0.00219 -1.60422e-02
 37 -0.10333  6.32791e-02 | 38 -0.04137  1.35670e-02 | 39 -0.07805  7.65707e-02
 40 -0.00617  3.28399e-02 | 41 -0.02705 -6.07636e-02 | 42  0.03481  2.37289e-02
 43 -0.03939  6.49876e-02 | 44 -0.03675 -3.28996e-02 | 45 -0.02931  7.40868e-02
 46  0.00318  8.37437e-02 | 47  0.03637  1.24939e-03 | 48 -0.03048  1.36490e-01
 49  0.80782 -2.42437e-02 | 50  0.50239 -2.11807e-01 | 51  0.13134  2.67052e-03
 52  0.38821  5.64259e-03 | 53  0.43411 -5.00137e-01 | 54  0.41790  6.03022e-02
 55  0.41195  6.79934e-03 | 56  0.43635  4.86447e-02 | 57  0.45015  1.58445e-01

 - final statistics:
57 variables; iteration 0; function evaluation 0
Function value 7.7316e+02; maximum gradient component mag 6.4418e-01
Exit code = 0;  converg criter 1.0000e+00
Var    Value     Gradient |Var    Value     Gradient |Var    Value     Gradient
  1 -0.45800 -2.19204e-01 |  2 -0.04888  2.11035e-01 |  3  0.17056  1.68084e-01
  4 -0.42433  6.44180e-01 |  5 -0.41713  4.24357e-01 |  6 -0.42100  7.06940e-02
  7 -0.43368  1.52404e-01 |  8 -0.03047  5.55250e-01 |  9 -0.09348 -9.14717e-02
 10 -0.04770  5.18994e-02 | 11 -0.04552  2.65382e-02 | 12 -0.03322 -2.34552e-02
 13 -0.04217 -6.17159e-02 | 14  0.06293  4.89312e-02 | 15  0.08432  2.42662e-03
 16 -0.03277  1.07533e-01 | 17  0.13676  3.93192e-02 | 18 -0.02077 -6.73233e-02
 19 -0.02096  3.91730e-02 | 20  0.01858  2.19898e-02 | 21  0.10222  1.38822e-01
 22 -0.01763 -5.89868e-02 | 23  0.07174 -1.59106e-01 | 24  0.10344  1.22371e-01
 25  0.08656  1.52880e-01 | 26  0.04388 -8.64744e-02 | 27  0.04633 -2.40841e-01
 28  0.14161  7.56846e-02 | 29  0.01291 -2.64832e-02 | 30 -0.00167  5.66324e-02
 31 -0.01229 -1.08487e-01 | 32 -0.05110  9.89503e-02 | 33  0.03458 -1.23395e-02
 34 -0.02527  1.76540e-02 | 35  0.02671  7.96931e-03 | 36 -0.00219 -1.60422e-02
 37 -0.10333  6.32791e-02 | 38 -0.04137  1.35670e-02 | 39 -0.07805  7.65707e-02
 40 -0.00617  3.28399e-02 | 41 -0.02705 -6.07636e-02 | 42  0.03481  2.37289e-02
 43 -0.03939  6.49876e-02 | 44 -0.03675 -3.28996e-02 | 45 -0.02931  7.40868e-02
 46  0.00318  8.37437e-02 | 47  0.03637  1.24939e-03 | 48 -0.03048  1.36490e-01
 49  0.80782 -2.42437e-02 | 50  0.50239 -2.11807e-01 | 51  0.13134  2.67052e-03
 52  0.38821  5.64259e-03 | 53  0.43411 -5.00137e-01 | 54  0.41790  6.03022e-02
 55  0.41195  6.79934e-03 | 56  0.43635  4.86447e-02 | 57  0.45015  1.58445e-01

 - final statistics:
57 variables; iteration 0; function evaluation 0
Function value 7.7316e+02; maximum gradient component mag 6.4418e-01
Exit code = 0;  converg criter 1.0000e+00
Var    Value     Gradient |Var    Value     Gradient |Var    Value     Gradient
  1 -0.45800 -2.19204e-01 |  2 -0.04888  2.11035e-01 |  3  0.17056  1.68084e-01
  4 -0.42433  6.44180e-01 |  5 -0.41713  4.24357e-01 |  6 -0.42100  7.06940e-02
  7 -0.43368  1.52404e-01 |  8 -0.03047  5.55250e-01 |  9 -0.09348 -9.14717e-02
 10 -0.04770  5.18994e-02 | 11 -0.04552  2.65382e-02 | 12 -0.03322 -2.34552e-02
 13 -0.04217 -6.17159e-02 | 14  0.06293  4.89312e-02 | 15  0.08432  2.42662e-03
 16 -0.03277  1.07533e-01 | 17  0.13676  3.93192e-02 | 18 -0.02077 -6.73233e-02
 19 -0.02096  3.91730e-02 | 20  0.01858  2.19898e-02 | 21  0.10222  1.38822e-01
 22 -0.01763 -5.89868e-02 | 23  0.07174 -1.59106e-01 | 24  0.10344  1.22371e-01
 25  0.08656  1.52880e-01 | 26  0.04388 -8.64744e-02 | 27  0.04633 -2.40841e-01
 28  0.14161  7.56846e-02 | 29  0.01291 -2.64832e-02 | 30 -0.00167  5.66324e-02
 31 -0.01229 -1.08487e-01 | 32 -0.05110  9.89503e-02 | 33  0.03458 -1.23395e-02
 34 -0.02527  1.76540e-02 | 35  0.02671  7.96931e-03 | 36 -0.00219 -1.60422e-02
 37 -0.10333  6.32791e-02 | 38 -0.04137  1.35670e-02 | 39 -0.07805  7.65707e-02
 40 -0.00617  3.28399e-02 | 41 -0.02705 -6.07636e-02 | 42  0.03481  2.37289e-02
 43 -0.03939  6.49876e-02 | 44 -0.03675 -3.28996e-02 | 45 -0.02931  7.40868e-02
 46  0.00318  8.37437e-02 | 47  0.03637  1.24939e-03 | 48 -0.03048  1.36490e-01
 49  0.80782 -2.42437e-02 | 50  0.50239 -2.11807e-01 | 51  0.13134  2.67052e-03
 52  0.38821  5.64259e-03 | 53  0.43411 -5.00137e-01 | 54  0.41790  6.03022e-02
 55  0.41195  6.79934e-03 | 56  0.43635  4.86447e-02 | 57  0.45015  1.58445e-01

Initial statistics: 58 variables; iteration 0; function evaluation 0; phase 10
Function value 7.7316229e+02; maximum gradient component mag -1.6453e+01
Var    Value     Gradient |Var    Value     Gradient |Var    Value     Gradient
  1 -0.45800 -2.19204e-01 |  2 -0.04888  2.11035e-01 |  3  0.17056  1.68084e-01
  4 -0.42433  6.44180e-01 |  5 -0.41713  4.24357e-01 |  6 -0.42100  7.06940e-02
  7 -0.43368  1.52404e-01 |  8 -0.03047  5.55250e-01 |  9 -0.09348 -9.14717e-02
 10 -0.04770  5.18994e-02 | 11 -0.04552  2.65382e-02 | 12 -0.03322 -2.34552e-02
 13 -0.04217 -6.17159e-02 | 14  0.06293  4.89312e-02 | 15  0.08432  2.42662e-03
 16 -0.03277  1.07533e-01 | 17  0.13676  3.93192e-02 | 18 -0.02077 -6.73233e-02
 19 -0.02096  3.91730e-02 | 20  0.01858  2.19898e-02 | 21  0.10222  1.38822e-01
 22 -0.01763 -5.89868e-02 | 23  0.07174 -1.59106e-01 | 24  0.10344  1.22371e-01
 25  0.08656  1.52880e-01 | 26  0.04388 -8.64744e-02 | 27  0.04633 -2.40841e-01
 28  0.14161  7.56846e-02 | 29  0.01291 -2.64832e-02 | 30 -0.00167  5.66324e-02
 31 -0.01229 -1.08487e-01 | 32 -0.05110  9.89503e-02 | 33  0.03458 -1.23395e-02
 34 -0.02527  1.76540e-02 | 35  0.02671  7.96931e-03 | 36 -0.00219 -1.60422e-02
 37 -0.10333  6.32791e-02 | 38 -0.04137  1.35670e-02 | 39 -0.07805  7.65707e-02
 40 -0.00617  3.28399e-02 | 41 -0.02705 -6.07636e-02 | 42  0.03481  2.37289e-02
 43 -0.03939  6.49876e-02 | 44 -0.03675 -3.28996e-02 | 45 -0.02931  7.40868e-02
 46  0.00318  8.37437e-02 | 47  0.03637  1.24939e-03 | 48 -0.03048  1.36490e-01
 49 -0.00016 -1.64533e+01 | 50  0.80782 -2.42437e-02 | 51  0.50239 -2.11807e-01
 52  0.13134  2.67052e-03 | 53  0.38821  5.64259e-03 | 54  0.43411 -5.00137e-01
 55  0.41790  6.03022e-02 | 56  0.41195  6.79934e-03 | 57  0.43635  4.86447e-02
 58  0.45015  1.58445e-01 |

Intermediate statistics: 58 variables; iteration 20; function evaluation 24; phase 10
Function value 7.7316213e+02; maximum gradient component mag -4.9964e-01
Var    Value     Gradient |Var    Value     Gradient |Var    Value     Gradient
  1 -0.45797  1.19551e-01 |  2 -0.04888  1.67225e-01 |  3  0.17058  6.07915e-03
  4 -0.42433  3.18408e-01 |  5 -0.41714 -2.83071e-01 |  6 -0.42101  1.37044e-01
  7 -0.43367  4.58123e-01 |  8 -0.03045 -3.23100e-01 |  9 -0.09324 -2.46745e-02
 10 -0.04794 -1.49398e-05 | 11 -0.04566 -5.22497e-03 | 12 -0.03321 -1.43018e-02
 13 -0.04198 -1.71308e-02 | 14  0.06278 -1.21700e-02 | 15  0.08433 -2.28499e-02
 16 -0.03291  2.38813e-02 | 17  0.13672 -7.75238e-02 | 18 -0.02071 -4.90762e-02
 19 -0.02101 -1.10665e-02 | 20  0.01858 -3.25578e-02 | 21  0.10214 -3.24293e-02
 22 -0.01759 -5.26734e-02 | 23  0.07176 -1.17996e-01 | 24  0.10340  6.24670e-02
 25  0.08652  8.05757e-02 | 26  0.04387 -6.94613e-02 | 27  0.04638 -1.42345e-01
 28  0.14156 -3.34081e-02 | 29  0.01292 -2.19250e-02 | 30 -0.00175 -7.76323e-03
 31 -0.01222 -5.60318e-02 | 32 -0.05125  2.23584e-02 | 33  0.03458  2.26698e-03
 34 -0.02531  2.61401e-02 | 35  0.02669  4.43676e-02 | 36 -0.00220  5.60953e-04
 37 -0.10340  3.16075e-02 | 38 -0.04138  9.54755e-03 | 39 -0.07811  4.25721e-02
 40 -0.00620  1.96914e-02 | 41 -0.02706 -6.86244e-03 | 42  0.03479  4.23144e-02
 43 -0.03945  5.18102e-02 | 44 -0.03673  6.90665e-03 | 45 -0.02937  7.07490e-02
 46  0.00312  9.42553e-02 | 47  0.03636  4.14428e-02 | 48 -0.03069  1.37902e-02
 49 -0.00016  2.36863e-02 | 50  0.80806 -2.04711e-02 | 51  0.50242  2.31130e-01
 52  0.13136  1.95467e-01 | 53  0.38819 -4.30415e-01 | 54  0.43408 -4.99639e-01
 55  0.41788  2.43414e-01 | 56  0.41194  1.02500e-01 | 57  0.43635  2.15547e-01
 58  0.45014  2.03382e-01 |
58 variables; iteration 40; function evaluation 44; phase 10
Function value 7.7316208e+02; maximum gradient component mag -8.9037e-02
Var    Value     Gradient |Var    Value     Gradient |Var    Value     Gradient
  1 -0.45798 -3.17785e-03 |  2 -0.04889  2.99909e-02 |  3  0.17058 -2.84619e-03
  4 -0.42419  6.76399e-02 |  5 -0.41728 -3.79455e-02 |  6 -0.42115  2.86004e-02
  7 -0.43384  7.41113e-02 |  8 -0.03044 -2.31573e-02 |  9 -0.09320 -2.56172e-03
 10 -0.04794  6.73795e-03 | 11 -0.04570 -6.85483e-03 | 12 -0.03322 -8.27650e-03
 13 -0.04199 -1.25308e-02 | 14  0.06275 -2.30951e-03 | 15  0.08433 -1.10422e-03
 16 -0.03298  1.01393e-05 | 17  0.13671 -2.86713e-02 | 18 -0.02069 -1.78114e-02
 19 -0.02104 -9.42472e-03 | 20  0.01858 -1.24145e-02 | 21  0.10211  3.85871e-03
 22 -0.01757 -6.06402e-03 | 23  0.07178 -2.90593e-02 | 24  0.10336 -5.56104e-03
 25  0.08648  2.48016e-02 | 26  0.04389  2.37980e-02 | 27  0.04641 -2.86794e-02
 28  0.14152 -3.30139e-02 | 29  0.01293  3.80174e-03 | 30 -0.00177  1.74556e-02
 31 -0.01218  4.43893e-03 | 32 -0.05133  7.75212e-03 | 33  0.03458  6.34321e-03
 34 -0.02533  7.84053e-03 | 35  0.02665 -1.95963e-02 | 36 -0.00222 -1.96587e-02
 37 -0.10344  6.40166e-03 | 38 -0.04139  1.42487e-02 | 39 -0.07814  1.02068e-02
 40 -0.00623 -2.25330e-02 | 41 -0.02707 -1.87161e-02 | 42  0.03478  5.78529e-02
 43 -0.03947  3.02167e-02 | 44 -0.03673  1.04484e-03 | 45 -0.02943 -1.24971e-02
 46  0.00305 -1.86698e-02 | 47  0.03634 -6.72082e-03 | 48 -0.03078  2.27479e-04
 49 -0.00016  7.87882e-03 | 50  0.80811 -6.25037e-03 | 51  0.50259  3.16382e-02
 52  0.13135  3.58830e-02 | 53  0.38821 -6.85971e-02 | 54  0.43394 -8.90374e-02
 55  0.41773  3.40386e-02 | 56  0.41178  9.46226e-03 | 57  0.43616  2.65033e-02
 58  0.44995  4.12638e-02 |
58 variables; iteration 60; function evaluation 76; phase 10
Function value 7.7316208e+02; maximum gradient component mag -2.2070e-03
Var    Value     Gradient |Var    Value     Gradient |Var    Value     Gradient
  1 -0.45797 -5.26197e-05 |  2 -0.04889  3.41612e-04 |  3  0.17060  4.99098e-07
  4 -0.42429  8.72727e-04 |  5 -0.41718 -6.82387e-04 |  6 -0.42106  3.79063e-04
  7 -0.43376  1.07405e-03 |  8 -0.03044  3.71808e-04 |  9 -0.09318 -3.46864e-04
 10 -0.04797 -4.19562e-04 | 11 -0.04567  1.53945e-04 | 12 -0.03320  2.81217e-05
 13 -0.04195 -3.81757e-04 | 14  0.06276 -5.74420e-05 | 15  0.08434  5.05253e-04
 16 -0.03297 -1.10765e-05 | 17  0.13673 -3.44619e-04 | 18 -0.02066 -2.25279e-04
 19 -0.02103 -4.58050e-04 | 20  0.01860  6.53643e-04 | 21  0.10212 -1.62958e-04
 22 -0.01755  5.48478e-04 | 23  0.07180 -1.07832e-03 | 24  0.10337  5.10418e-04
 25  0.08648 -1.42069e-04 | 26  0.04389  1.07478e-03 | 27  0.04643 -5.34602e-04
 28  0.14154 -6.87484e-04 | 29  0.01294  6.36075e-04 | 30 -0.00177  8.16152e-04
 31 -0.01217 -1.16807e-03 | 32 -0.05133  7.39646e-04 | 33  0.03459  5.84572e-04
 34 -0.02533 -4.08870e-04 | 35  0.02667 -3.98633e-04 | 36 -0.00220 -2.42669e-04
 37 -0.10344  6.80703e-05 | 38 -0.04138 -1.57826e-05 | 39 -0.07814 -3.13918e-04
 40 -0.00621 -4.57328e-04 | 41 -0.02705 -2.94517e-04 | 42  0.03477  1.31927e-03
 43 -0.03948  2.19082e-04 | 44 -0.03672  4.95146e-04 | 45 -0.02941 -6.44603e-04
 46  0.00308 -3.57774e-05 | 47  0.03636  4.84193e-04 | 48 -0.03078 -3.42713e-04
 49 -0.00016 -2.81067e-05 | 50  0.80816 -5.72042e-05 | 51  0.50248 -9.31242e-04
 52  0.13135  4.09670e-04 | 53  0.38821 -1.29246e-03 | 54  0.43404 -2.20696e-03
 55  0.41783  7.24351e-05 | 56  0.41188  8.92587e-05 | 57  0.43626  2.77426e-04
 58  0.45004  6.03672e-04 |

 - final statistics:
58 variables; iteration 63; function evaluation 81
Function value 7.7316e+02; maximum gradient component mag 6.9913e-06
Exit code = 1;  converg criter 1.0000e-04
Var    Value     Gradient |Var    Value     Gradient |Var    Value     Gradient
  1 -0.45797 -2.47325e-06 |  2 -0.04889  7.32297e-07 |  3  0.17060  1.15409e-06
  4 -0.42430  3.49538e-06 |  5 -0.41718  1.77816e-06 |  6 -0.42105  1.55905e-06
  7 -0.43375  1.79190e-07 |  8 -0.03044  6.99130e-06 |  9 -0.09318  2.02686e-08
 10 -0.04796  1.25511e-08 | 11 -0.04567  1.57538e-08 | 12 -0.03320  3.06172e-08
 13 -0.04195  3.22135e-08 | 14  0.06276  8.24418e-08 | 15  0.08434  1.06082e-07
 16 -0.03297  5.68489e-08 | 17  0.13673  2.06243e-07 | 18 -0.02066  6.29836e-08
 19 -0.02103  8.85205e-08 | 20  0.01860  1.36019e-07 | 21  0.10212  2.40146e-07
 22 -0.01755  1.03579e-07 | 23  0.07180  2.03614e-07 | 24  0.10337  2.36191e-07
 25  0.08648  1.90439e-07 | 26  0.04389  1.43083e-07 | 27  0.04643  1.56575e-07
 28  0.14154  3.37048e-07 | 29  0.01294  1.12824e-07 | 30 -0.00178  1.28392e-07
 31 -0.01217  1.46327e-07 | 32 -0.05133  1.11024e-07 | 33  0.03459  1.67298e-07
 34 -0.02533  9.56034e-08 | 35  0.02668  1.18172e-07 | 36 -0.00220  7.77102e-08
 37 -0.10344  2.22046e-08 | 38 -0.04138  4.73753e-08 | 39 -0.07814  2.48307e-08
 40 -0.00621  4.42016e-08 | 41 -0.02705  3.06374e-08 | 42  0.03477  2.96980e-08
 43 -0.03948  1.26948e-08 | 44 -0.03672  4.83701e-09 | 45 -0.02941  1.01517e-08
 46  0.00308  1.25112e-08 | 47  0.03636 -5.01607e-09 | 48 -0.03078 -2.30355e-08
 49 -0.00016  9.76164e-07 | 50  0.80816  5.99933e-08 | 51  0.50248 -1.58280e-06
 52  0.13135  6.47805e-08 | 53  0.38821 -1.50200e-07 | 54  0.43404 -7.80889e-07
 55  0.41783 -7.52725e-07 | 56  0.41188 -9.93040e-08 | 57  0.43627 -8.27107e-08
 58  0.45005 -5.42797e-08 |

Initial statistics: 76 variables; iteration 0; function evaluation 0; phase 11
Function value 7.7316208e+02; maximum gradient component mag 3.1082e+01
Var    Value     Gradient |Var    Value     Gradient |Var    Value     Gradient
  1 -0.45797 -2.47329e-06 |  2 -0.04889  7.32306e-07 |  3  0.17060  1.15411e-06
  4 -0.42430  3.49543e-06 |  5 -0.41718  1.77819e-06 |  6 -0.42105  1.55908e-06
  7 -0.43375  1.79191e-07 |  8 -0.03044  6.99139e-06 |  9 -0.09318  2.02690e-08
 10 -0.04796  1.25513e-08 | 11 -0.04567  1.57541e-08 | 12 -0.03320  3.06175e-08
 13 -0.04195  3.22139e-08 | 14  0.06276  8.24431e-08 | 15  0.08434  1.06084e-07
 16 -0.03297  5.68497e-08 | 17  0.13673  2.06246e-07 | 18 -0.02066  6.29847e-08
 19 -0.02103  8.85218e-08 | 20  0.01860  1.36021e-07 | 21  0.10212  2.40150e-07
 22 -0.01755  1.03580e-07 | 23  0.07180  2.03616e-07 | 24  0.10337  2.36194e-07
 25  0.08648  1.90441e-07 | 26  0.04389  1.43084e-07 | 27  0.04643  1.56577e-07
 28  0.14154  3.37052e-07 | 29  0.01294  1.12826e-07 | 30 -0.00178  1.28394e-07
 31 -0.01217  1.46328e-07 | 32 -0.05133  1.11025e-07 | 33  0.03459  1.67300e-07
 34 -0.02533  9.56043e-08 | 35  0.02668  1.18172e-07 | 36 -0.00220  7.77104e-08
 37 -0.10344  2.22047e-08 | 38 -0.04138  4.73755e-08 | 39 -0.07814  2.48308e-08
 40 -0.00621  4.42018e-08 | 41 -0.02705  3.06377e-08 | 42  0.03477  2.96979e-08
 43 -0.03948  1.26947e-08 | 44 -0.03672  4.83686e-09 | 45 -0.02941  1.01519e-08
 46  0.00308  1.25115e-08 | 47  0.03636 -5.01590e-09 | 48 -0.03078 -2.30356e-08
 49  0.00000  3.10821e+01 | 50  0.00000  5.68725e-02 | 51  0.00000  0.00000e+00
 52  0.00000  0.00000e+00 | 53  0.00000  0.00000e+00 | 54  0.00000  0.00000e+00
 55  0.00000  0.00000e+00 | 56  0.00000  0.00000e+00 | 57  0.00000  0.00000e+00
 58  0.00000  0.00000e+00 | 59  0.00000  0.00000e+00 | 60  0.00000  0.00000e+00
 61  0.00000  0.00000e+00 | 62  0.00000  0.00000e+00 | 63  0.00000  0.00000e+00
 64  0.00000  0.00000e+00 | 65  0.00000  0.00000e+00 | 66  0.00000  0.00000e+00
 67 -0.00016  9.76168e-07 | 68  0.80816  5.99948e-08 | 69  0.50248 -1.58284e-06
 70  0.13135  6.47836e-08 | 71  0.38821 -1.50206e-07 | 72  0.43404 -7.80917e-07
 73  0.41783 -7.52746e-07 | 74  0.41188 -9.93048e-08 | 75  0.43627 -8.27114e-08
 76  0.45005 -5.42799e-08 |

Intermediate statistics: 76 variables; iteration 20; function evaluation 27; phase 11
Function value 7.7281346e+02; maximum gradient component mag 5.8393e+01
Var    Value     Gradient |Var    Value     Gradient |Var    Value     Gradient
  1 -0.45082  2.06630e+01 |  2 -0.04869 -3.60442e+00 |  3  0.17276 -9.10805e+00
  4 -0.42454 -2.78023e+01 |  5 -0.41790 -1.80134e+01 |  6 -0.42155 -6.81840e+00
  7 -0.43302 -3.11091e+00 |  8 -0.02595 -3.27422e+01 |  9 -0.09376 -3.88766e-01
 10 -0.04874 -1.97714e-01 | 11 -0.04725 -3.54381e-01 | 12 -0.03583 -6.02382e-01
 13 -0.04476 -7.24304e-01 | 14  0.05884 -1.28569e+00 | 15  0.08163 -4.97740e-01
 16 -0.03640 -7.10974e-01 | 17  0.13370 -5.59821e-01 | 18 -0.02430 -6.54944e-01
 19 -0.02426 -7.06241e-01 | 20  0.01521 -8.15887e-01 | 21  0.09822 -1.04308e+00
 22 -0.02116 -9.48265e-01 | 23  0.06779 -1.90813e+00 | 24  0.09876 -8.92783e-01
 25  0.08280  8.99578e-01 | 26  0.04012  1.07461e+00 | 27  0.04241  4.55206e-01
 28  0.13771  5.86589e-01 | 29  0.00916  5.38177e-02 | 30 -0.00534 -2.20582e-01
 31 -0.01638 -1.38339e-01 | 32 -0.05469 -2.32216e-01 | 33  0.03016  5.73429e-02
 34 -0.02919  3.79680e-03 | 35  0.02257 -4.86389e-01 | 36 -0.00625 -1.08754e+00
 37 -0.10768 -8.05868e-01 | 38 -0.04539 -1.23687e+00 | 39 -0.08218 -6.95732e-01
 40 -0.01047 -1.68096e+00 | 41 -0.03189 -1.48415e+00 | 42  0.02951 -3.34748e+00
 43 -0.04452 -1.11110e+00 | 44 -0.04246 -1.97905e+00 | 45 -0.03733 -2.69730e+00
 46 -0.00749 -5.11717e+00 | 47  0.02269 -8.43300e+00 | 48 -0.03965 -1.74664e+00
 49 -0.01778  2.65660e+01 | 50 -0.00042  3.69970e-03 | 51  0.00000  0.00000e+00
 52  0.00000  0.00000e+00 | 53  0.00000  0.00000e+00 | 54  0.00000  0.00000e+00
 55  0.00000  0.00000e+00 | 56  0.00000  0.00000e+00 | 57  0.00000  0.00000e+00
 58  0.00000  0.00000e+00 | 59  0.00000  0.00000e+00 | 60  0.00000  0.00000e+00
 61  0.00000  0.00000e+00 | 62  0.00000  0.00000e+00 | 63  0.00000  0.00000e+00
 64  0.00000  0.00000e+00 | 65  0.00000  0.00000e+00 | 66  0.00000  0.00000e+00
 67 -0.00018 -2.24455e+01 | 68  0.81138 -1.64367e+00 | 69  0.50391  5.83934e+01
 70  0.13629  2.61295e+00 | 71  0.38949  3.73440e+00 | 72  0.43292  3.85816e+01
 73  0.41659  1.92543e+01 | 74  0.41036  9.04725e-01 | 75  0.43513  3.93423e+00
 76  0.44964  2.15497e+00 |
76 variables; iteration 40; function evaluation 49; phase 11
Function value 7.7225973e+02; maximum gradient component mag -2.5666e+01
Var    Value     Gradient |Var    Value     Gradient |Var    Value     Gradient
  1 -0.44891  1.52526e+01 |  2 -0.04844 -1.81290e+00 |  3  0.17571 -4.08724e+00
  4 -0.42524 -1.38953e+01 |  5 -0.41812 -7.73149e+00 |  6 -0.42173 -4.76240e+00
  7 -0.43357 -1.48229e+00 |  8 -0.02557 -2.56660e+01 |  9 -0.09275 -2.72571e-02
 10 -0.05160 -7.19670e-01 | 11 -0.04588  2.21341e-01 | 12 -0.03025  1.18985e+00
 13 -0.04242  1.60650e-01 | 14  0.05672 -1.49522e+00 | 15  0.08369  1.25587e+00
 16 -0.03935 -2.07213e+00 | 17  0.13431  1.99605e+00 | 18 -0.02105  1.81593e+00
 19 -0.02154  1.34501e+00 | 20  0.01268 -3.20470e+00 | 21  0.09799 -3.06333e+00
 22 -0.02070 -7.87469e-01 | 23  0.06805 -6.95896e-02 | 24  0.10079  1.79684e+00
 25  0.08081 -4.60635e+00 | 26  0.03899 -3.21774e+00 | 27  0.04430  1.59243e+00
 28  0.13673 -2.82009e+00 | 29  0.01267  2.88945e+00 | 30 -0.00743 -1.94707e+00
 31 -0.01450  1.25661e+00 | 32 -0.05457  2.16008e-01 | 33  0.03098  1.89432e+00
 34 -0.02799  1.47406e+00 | 35  0.02356 -6.49015e-01 | 36 -0.00942 -6.32328e+00
 37 -0.10128  3.23138e+00 | 38 -0.04753 -3.17975e+00 | 39 -0.08051  7.83769e-01
 40 -0.01063 -2.65092e+00 | 41 -0.03362 -3.28871e+00 | 42  0.03202  2.29573e+00
 43 -0.04831 -4.70514e+00 | 44 -0.04315 -2.15762e+00 | 45 -0.03376  2.71832e+00
 46 -0.00577  2.84615e-01 | 47  0.02331 -2.56093e+00 | 48 -0.03831  4.95812e-01
 49 -0.05634  6.57756e+00 | 50  0.00053  1.49288e-01 | 51  0.00000  0.00000e+00
 52  0.00000  0.00000e+00 | 53  0.00000  0.00000e+00 | 54  0.00000  0.00000e+00
 55  0.00000  0.00000e+00 | 56  0.00000  0.00000e+00 | 57  0.00000  0.00000e+00
 58  0.00000  0.00000e+00 | 59  0.00000  0.00000e+00 | 60  0.00000  0.00000e+00
 61  0.00000  0.00000e+00 | 62  0.00000  0.00000e+00 | 63  0.00000  0.00000e+00
 64  0.00000  0.00000e+00 | 65  0.00000  0.00000e+00 | 66  0.00000  0.00000e+00
 67 -0.00017 -4.90294e+00 | 68  0.80114 -1.77851e+00 | 69  0.50326  1.96947e+01
 70  0.13435 -8.46064e-01 | 71  0.38844  6.44570e-01 | 72  0.43275  1.20338e+01
 73  0.41641  7.64972e+00 | 74  0.41054  8.25420e-01 | 75  0.43491  6.71917e-01
 76  0.44958  8.69832e-01 |
76 variables; iteration 60; function evaluation 74; phase 11
Function value 7.7211469e+02; maximum gradient component mag 1.1101e+01
Var    Value     Gradient |Var    Value     Gradient |Var    Value     Gradient
  1 -0.45087  3.27010e+00 |  2 -0.04869  1.13667e+00 |  3  0.17369 -1.15217e-01
  4 -0.43306  1.03431e+00 |  5 -0.40966  1.44435e-01 |  6 -0.41331  9.63318e-01
  7 -0.42522  9.89731e-02 |  8 -0.02650 -5.40898e+00 |  9 -0.09231  2.48066e-01
 10 -0.05005 -3.31768e-01 | 11 -0.04436  5.06499e-01 | 12 -0.03354  2.84883e-01
 13 -0.04380 -8.44805e-02 | 14  0.06019 -1.59099e-01 | 15  0.08169 -1.80457e-01
 16 -0.03632 -7.52716e-01 | 17  0.13395 -9.53913e-02 | 18 -0.02253  3.07598e-01
 19 -0.02330 -9.13489e-03 | 20  0.01590 -3.66157e-01 | 21  0.09835 -6.95573e-01
 22 -0.01910  3.32512e-01 | 23  0.06855 -1.49836e-01 | 24  0.09979 -8.14078e-02
 25  0.08334 -2.82495e-01 | 26  0.04049 -2.69840e-01 | 27  0.04343  3.49294e-01
 28  0.13829 -4.04030e-01 | 29  0.01019 -1.88312e-02 | 30 -0.00525 -6.71877e-01
 31 -0.01442  1.07826e+00 | 32 -0.05408 -3.31332e-03 | 33  0.03088  7.21823e-02
 34 -0.02782  4.37363e-01 | 35  0.02332 -2.54737e-01 | 36 -0.00527 -4.66135e-01
 37 -0.10631 -5.88185e-02 | 38 -0.04460 -4.66615e-01 | 39 -0.08085  4.60103e-01
 40 -0.00958 -4.21813e-01 | 41 -0.03105 -2.98571e-01 | 42  0.03121  3.71927e-01
 43 -0.04438 -7.45819e-01 | 44 -0.04157 -4.80259e-01 | 45 -0.03591  2.66470e-01
 46 -0.00568  4.43817e-01 | 47  0.02435 -7.94073e-01 | 48 -0.04075 -4.39213e-01
 49 -0.06873  9.47299e-01 | 50 -0.00008  8.16494e-02 | 51  0.00000  0.00000e+00
 52  0.00000  0.00000e+00 | 53  0.00000  0.00000e+00 | 54  0.00000  0.00000e+00
 55  0.00000  0.00000e+00 | 56  0.00000  0.00000e+00 | 57  0.00000  0.00000e+00
 58  0.00000  0.00000e+00 | 59  0.00000  0.00000e+00 | 60  0.00000  0.00000e+00
 61  0.00000  0.00000e+00 | 62  0.00000  0.00000e+00 | 63  0.00000  0.00000e+00
 64  0.00000  0.00000e+00 | 65  0.00000  0.00000e+00 | 66  0.00000  0.00000e+00
 67 -0.00016  1.32937e+00 | 68  0.80886 -5.48303e-01 | 69  0.51070  1.11012e+01
 70  0.13478 -6.79970e-01 | 71  0.38902 -3.42126e-01 | 72  0.42631  6.06150e+00
 73  0.41023  4.28036e+00 | 74  0.40442  6.01992e-01 | 75  0.42873  5.78747e-01
 76  0.44352  5.52260e-01 |
  ic > imax  in fminim is answer attained ?
Var    Value     Gradient |Var    Value     Gradient |Var    Value     Gradient
  1 -0.45075  5.17589e-05 |  2 -0.04859 -2.10316e-05 |  3  0.17415 -2.95469e-05
  4 -0.42527 -9.15810e-05 |  5 -0.41752 -4.55631e-05 |  6 -0.42119 -4.05444e-05
  7 -0.43326 -6.45475e-06 |  8 -0.02650 -1.43302e-04 |  9 -0.09301 -4.69792e-07
 10 -0.04830 -1.59517e-06 | 11 -0.04638 -4.42834e-07 | 12 -0.03437 -5.26024e-07
 13 -0.04330 -1.17929e-06 | 14  0.06041 -1.54757e-06 | 15  0.08168 -1.79095e-06
 16 -0.03504 -8.58716e-07 | 17  0.13399 -3.79875e-06 | 18 -0.02318 -8.44438e-07
 19 -0.02329 -2.52214e-06 | 20  0.01609 -2.51773e-06 | 21  0.09868 -5.57874e-06
 22 -0.01996 -1.29144e-07 | 23  0.06880 -4.02965e-06 | 24  0.09968 -5.22984e-06
 25  0.08347 -4.04723e-06 | 26  0.04068 -2.53915e-06 | 27  0.04322 -2.89950e-06
 28  0.13848 -7.47423e-06 | 29  0.00995 -2.75337e-06 | 30 -0.00431 -3.10515e-06
 31 -0.01546 -3.26368e-07 | 32 -0.05360 -1.76738e-06 | 33  0.03095 -3.18934e-06
 34 -0.02831 -1.03855e-06 | 35  0.02360 -3.66363e-06 | 36 -0.00507 -1.97057e-06
 37 -0.10642 -2.10192e-06 | 38 -0.04417 -1.54879e-06 | 39 -0.08127  2.29388e-07
 40 -0.00927 -2.12394e-06 | 41 -0.03083 -9.80147e-07 | 42  0.03113  1.07991e-07
 43 -0.04379 -6.55955e-07 | 44 -0.04105 -1.37071e-06 | 45 -0.03614 -7.29763e-07
 46 -0.00605  1.84669e-07 | 47  0.02515 -1.07367e-06 | 48 -0.03999 -1.24942e-06
 49 -0.07082  1.81536e-06 | 50 -0.00049  5.99602e-07 | 51  0.00000  0.00000e+00
 52  0.00000  0.00000e+00 | 53  0.00000  0.00000e+00 | 54  0.00000  0.00000e+00
 55  0.00000  0.00000e+00 | 56  0.00000  0.00000e+00 | 57  0.00000  0.00000e+00
 58  0.00000  0.00000e+00 | 59  0.00000  0.00000e+00 | 60  0.00000  0.00000e+00
 61  0.00000  0.00000e+00 | 62  0.00000  0.00000e+00 | 63  0.00000  0.00000e+00
 64  0.00000  0.00000e+00 | 65  0.00000  0.00000e+00 | 66  0.00000  0.00000e+00
 67 -0.00016 -2.28585e-05 | 68  0.81131 -1.40547e-06 | 69  0.50571  3.14868e-05
 70  0.13593 -1.95361e-06 | 71  0.38939  4.74433e-06 | 72  0.43069  1.48564e-05
 73  0.41454  1.60600e-05 | 74  0.40873  2.24599e-06 | 75  0.43315  1.92777e-06
 76  0.44804  1.88720e-06 |
Function minimizer not making progress ... is minimum attained?
Minimprove criterion = 0.0000e+00

 - final statistics:
76 variables; iteration 78; function evaluation 123
Function value 7.7211e+02; maximum gradient component mag -1.4330e-04
Exit code = 1;  converg criter 1.0000e-04
Var    Value     Gradient |Var    Value     Gradient |Var    Value     Gradient
  1 -0.45075  5.17589e-05 |  2 -0.04859 -2.10316e-05 |  3  0.17415 -2.95469e-05
  4 -0.42527 -9.15810e-05 |  5 -0.41752 -4.55631e-05 |  6 -0.42119 -4.05444e-05
  7 -0.43326 -6.45475e-06 |  8 -0.02650 -1.43302e-04 |  9 -0.09301 -4.69792e-07
 10 -0.04830 -1.59517e-06 | 11 -0.04638 -4.42834e-07 | 12 -0.03437 -5.26024e-07
 13 -0.04330 -1.17929e-06 | 14  0.06041 -1.54757e-06 | 15  0.08168 -1.79095e-06
 16 -0.03504 -8.58716e-07 | 17  0.13399 -3.79875e-06 | 18 -0.02318 -8.44438e-07
 19 -0.02329 -2.52214e-06 | 20  0.01609 -2.51773e-06 | 21  0.09868 -5.57874e-06
 22 -0.01996 -1.29144e-07 | 23  0.06880 -4.02965e-06 | 24  0.09968 -5.22984e-06
 25  0.08347 -4.04723e-06 | 26  0.04068 -2.53915e-06 | 27  0.04322 -2.89950e-06
 28  0.13848 -7.47423e-06 | 29  0.00995 -2.75337e-06 | 30 -0.00431 -3.10515e-06
 31 -0.01546 -3.26368e-07 | 32 -0.05360 -1.76738e-06 | 33  0.03095 -3.18934e-06
 34 -0.02831 -1.03855e-06 | 35  0.02360 -3.66363e-06 | 36 -0.00507 -1.97057e-06
 37 -0.10642 -2.10192e-06 | 38 -0.04417 -1.54879e-06 | 39 -0.08127  2.29388e-07
 40 -0.00927 -2.12394e-06 | 41 -0.03083 -9.80147e-07 | 42  0.03113  1.07991e-07
 43 -0.04379 -6.55955e-07 | 44 -0.04105 -1.37071e-06 | 45 -0.03614 -7.29763e-07
 46 -0.00605  1.84669e-07 | 47  0.02515 -1.07367e-06 | 48 -0.03999 -1.24942e-06
 49 -0.07082  1.81536e-06 | 50 -0.00049  5.99602e-07 | 51  0.00000  0.00000e+00
 52  0.00000  0.00000e+00 | 53  0.00000  0.00000e+00 | 54  0.00000  0.00000e+00
 55  0.00000  0.00000e+00 | 56  0.00000  0.00000e+00 | 57  0.00000  0.00000e+00
 58  0.00000  0.00000e+00 | 59  0.00000  0.00000e+00 | 60  0.00000  0.00000e+00
 61  0.00000  0.00000e+00 | 62  0.00000  0.00000e+00 | 63  0.00000  0.00000e+00
 64  0.00000  0.00000e+00 | 65  0.00000  0.00000e+00 | 66  0.00000  0.00000e+00
 67 -0.00016 -2.28585e-05 | 68  0.81131 -1.40547e-06 | 69  0.50571  3.14868e-05
 70  0.13593 -1.95361e-06 | 71  0.38939  4.74433e-06 | 72  0.43069  1.48564e-05
 73  0.41454  1.60600e-05 | 74  0.40873  2.24599e-06 | 75  0.43315  1.92777e-06
 76  0.44804  1.88720e-06 |
Estimating row 1 out of 76 for hessian
Estimating row 2 out of 76 for hessian
Estimating row 3 out of 76 for hessian
Estimating row 4 out of 76 for hessian
Estimating row 5 out of 76 for hessian
Estimating row 6 out of 76 for hessian
Estimating row 7 out of 76 for hessian
Estimating row 8 out of 76 for hessian
Estimating row 9 out of 76 for hessian
Estimating row 10 out of 76 for hessian
Estimating row 11 out of 76 for hessian
Estimating row 12 out of 76 for hessian
Estimating row 13 out of 76 for hessian
Estimating row 14 out of 76 for hessian
Estimating row 15 out of 76 for hessian
Estimating row 16 out of 76 for hessian
Estimating row 17 out of 76 for hessian
Estimating row 18 out of 76 for hessian
Estimating row 19 out of 76 for hessian
Estimating row 20 out of 76 for hessian
Estimating row 21 out of 76 for hessian
Estimating row 22 out of 76 for hessian
Estimating row 23 out of 76 for hessian
Estimating row 24 out of 76 for hessian
Estimating row 25 out of 76 for hessian
Estimating row 26 out of 76 for hessian
Estimating row 27 out of 76 for hessian
Estimating row 28 out of 76 for hessian
Estimating row 29 out of 76 for hessian
Estimating row 30 out of 76 for hessian
Estimating row 31 out of 76 for hessian
Estimating row 32 out of 76 for hessian
Estimating row 33 out of 76 for hessian
Estimating row 34 out of 76 for hessian
Estimating row 35 out of 76 for hessian
Estimating row 36 out of 76 for hessian
Estimating row 37 out of 76 for hessian
Estimating row 38 out of 76 for hessian
Estimating row 39 out of 76 for hessian
Estimating row 40 out of 76 for hessian
Estimating row 41 out of 76 for hessian
Estimating row 42 out of 76 for hessian
Estimating row 43 out of 76 for hessian
Estimating row 44 out of 76 for hessian
Estimating row 45 out of 76 for hessian
Estimating row 46 out of 76 for hessian
Estimating row 47 out of 76 for hessian
Estimating row 48 out of 76 for hessian
Estimating row 49 out of 76 for hessian
Estimating row 50 out of 76 for hessian
Estimating row 51 out of 76 for hessian
Estimating row 52 out of 76 for hessian
Estimating row 53 out of 76 for hessian
Estimating row 54 out of 76 for hessian
Estimating row 55 out of 76 for hessian
Estimating row 56 out of 76 for hessian
Estimating row 57 out of 76 for hessian
Estimating row 58 out of 76 for hessian
Estimating row 59 out of 76 for hessian
Estimating row 60 out of 76 for hessian
Estimating row 61 out of 76 for hessian
Estimating row 62 out of 76 for hessian
Estimating row 63 out of 76 for hessian
Estimating row 64 out of 76 for hessian
Estimating row 65 out of 76 for hessian
Estimating row 66 out of 76 for hessian
Estimating row 67 out of 76 for hessian
Estimating row 68 out of 76 for hessian
Estimating row 69 out of 76 for hessian
Estimating row 70 out of 76 for hessian
Estimating row 71 out of 76 for hessian
Estimating row 72 out of 76 for hessian
Estimating row 73 out of 76 for hessian
Estimating row 74 out of 76 for hessian
Estimating row 75 out of 76 for hessian
Estimating row 76 out of 76 for hessian
size of file gradfil1.tmp = 0
size of file gradfil2.tmp = 0
size of file varssave.tmp = 0
size of file cmpdiff.tmp = 0
