
Initial statistics: 31 variables; iteration 0; function evaluation 0; phase 1
Function value 1.7929866e+03; maximum gradient component mag -4.0147e+04
Var    Value     Gradient |Var    Value     Gradient |Var    Value     Gradient
  1 -0.02880 -4.01474e+04 |  2  0.00000 -1.07228e+03 |  3  0.00000 -1.26189e+03
  4  0.00000 -1.44689e+03 |  5  0.00000 -1.44875e+03 |  6  0.00000 -1.48310e+03
  7  0.00000 -1.38766e+03 |  8  0.00000 -1.03450e+03 |  9  0.00000 -6.44979e+02
 10  0.00000 -7.08329e+02 | 11  0.00000 -8.76994e+02 | 12  0.00000 -3.91927e+02
 13  0.00000 -3.92758e+02 | 14  0.00000 -7.06201e+02 | 15  0.00000 -7.65376e+02
 16  0.00000 -7.96329e+02 | 17  0.00000 -7.71140e+02 | 18  0.00000 -6.82600e+02
 19  0.00000 -4.15520e+02 | 20  0.00000 -2.94308e+01 | 21  0.00000  9.40773e+01
 22  0.00000  1.86902e+02 | 23  0.00000  7.73354e+01 | 24  0.00000  5.63323e+01
 25  0.00000 -4.93960e+01 | 26  0.00000  7.03569e+01 | 27  0.00000  7.85580e+01
 28  0.00000  4.98708e+01 | 29  0.00000 -6.08618e+00 | 30  0.00000 -5.05310e+01
 31  0.00000  1.03024e+01 |

Intermediate statistics: 31 variables; iteration 20; function evaluation 30; phase 1
Function value 1.0527714e+03; maximum gradient component mag 4.8451e+03
Var    Value     Gradient |Var    Value     Gradient |Var    Value     Gradient
  1 -0.01447  4.84508e+03 |  2 -0.00457  1.02128e+02 |  3 -0.09154  4.02904e-01
  4  0.12901  3.43421e+02 |  5 -0.06544  4.94212e+01 |  6  0.00733  8.00977e+01
  7  0.18575  4.24970e+02 |  8 -0.29320 -9.64230e+01 |  9 -0.31922 -1.34105e+02
 10  0.08877  1.21424e+02 | 11  0.09414  6.01190e+01 | 12 -0.14175 -4.56562e+01
 13  0.04996  2.88694e+02 | 14 -0.03895  1.45468e+02 | 15  0.04303  3.56393e+02
 16 -0.00227  1.50200e+02 | 17 -0.01667  1.06819e+02 | 18 -0.03270  1.69325e+01
 19 -0.00496 -1.11922e+01 | 20 -0.35294 -1.02795e+02 | 21 -0.38461 -1.41203e+02
 22 -1.92566  2.11478e+00 | 23  0.02834  2.52541e+02 | 24 -0.23649 -8.75405e+01
 25  0.03799  3.81316e+01 | 26 -0.25961 -1.04543e+02 | 27 -0.17546 -1.16795e+02
 28 -0.09864 -3.69635e+01 | 29  0.09991  2.05160e+02 | 30  0.02546  6.62632e+00
 31 -0.11453 -3.74824e+01 |
31 variables; iteration 40; function evaluation 61; phase 1
Function value 8.3054328e+02; maximum gradient component mag 8.9128e+02
Var    Value     Gradient |Var    Value     Gradient |Var    Value     Gradient
  1 -0.02113  8.91278e+02 |  2 -0.03295 -2.54430e+00 |  3 -0.05271 -2.21942e+01
  4  0.14817  1.00381e+02 |  5 -0.31591 -5.17197e+01 |  6 -0.00655 -1.02689e+02
  7  0.13125  1.29870e+02 |  8  0.07173  6.13872e+01 |  9  0.03880  2.58065e+01
 10  0.02728  6.48623e+00 | 11  0.13453  9.45055e+00 | 12 -0.11279 -6.55036e+01
 13 -0.00017  1.42163e+01 | 14 -0.03943  2.66327e+01 | 15 -0.01001  8.40100e+01
 16  0.01830  5.73151e+01 | 17 -0.04026  2.92982e+01 | 18  0.02149  4.76981e+01
 19 -0.03817 -1.32505e+01 | 20 -0.12451  5.48223e+00 | 21 -0.02791  6.96142e+01
 22 -1.86849  2.48851e+01 | 23 -0.03096 -3.10557e+00 | 24 -0.03111  2.85386e+01
 25 -0.00407 -3.64703e+01 | 26 -0.05599  3.89482e+00 | 27 -0.02748  3.91791e+01
 28 -0.05201  3.01514e+00 | 29  0.01116  1.05899e+01 | 30 -0.00522 -3.68092e+01
 31 -0.02012  7.53550e+00 |
31 variables; iteration 60; function evaluation 81; phase 1
Function value 8.0213515e+02; maximum gradient component mag -1.3257e+03
Var    Value     Gradient |Var    Value     Gradient |Var    Value     Gradient
  1 -0.02225 -1.32572e+03 |  2 -0.01385 -8.01599e+00 |  3  0.01899 -2.30509e+01
  4  0.07156 -6.87215e+01 |  5 -0.01732 -2.07007e+01 |  6  0.05313 -3.32561e+01
  7  0.09135 -3.36212e+01 |  8  0.07916 -3.52040e+01 |  9  0.02435 -3.19949e+01
 10  0.05569 -2.50634e-02 | 11  0.11857 -6.33488e+01 | 12  0.01446 -5.45358e+00
 13 -0.00797 -1.11544e+01 | 14 -0.03589 -3.58706e+01 | 15 -0.08735 -3.31583e+01
 16  0.02008 -4.85314e+01 | 17 -0.04846 -2.47761e+01 | 18  0.01450 -1.77139e+01
 19 -0.01890 -1.80734e+01 | 20 -0.12285 -1.16371e+01 | 21 -0.06258 -1.33529e+01
 22 -1.90559  3.97735e+00 | 23 -0.03116 -1.59078e+01 | 24 -0.05192 -1.46559e+01
 25  0.01501 -1.46345e+00 | 26 -0.05386  2.88745e+00 | 27 -0.06209 -8.70678e+00
 28 -0.03530  3.86737e+00 | 29 -0.00046  8.98328e-01 | 30  0.03307  1.71875e+00
 31 -0.03725  7.35654e-01 |

 - final statistics:
31 variables; iteration 69; function evaluation 90
Function value 8.0030e+02; maximum gradient component mag -9.7348e+00
Exit code = 1;  converg criter 1.0000e+01
Var    Value     Gradient |Var    Value     Gradient |Var    Value     Gradient
  1 -0.02106 -9.73480e+00 |  2 -0.02745 -1.56638e-01 |  3  0.00662 -1.82697e+00
  4  0.08924  1.74879e+00 |  5 -0.03355 -9.58621e-01 |  6  0.05478 -8.38620e-01
  7  0.08840 -2.48958e-01 |  8  0.07611  4.32760e-01 |  9  0.03399  1.96969e-01
 10  0.03504 -8.29397e-01 | 11  0.12579  3.26810e+00 | 12  0.00055  4.85925e+00
 13 -0.01695  2.91394e+00 | 14 -0.03147 -2.11389e+00 | 15 -0.06654 -1.24488e+00
 16  0.01816 -3.56893e+00 | 17 -0.04523 -4.70262e+00 | 18  0.00805 -3.53750e+00
 19 -0.01961 -1.11070e+00 | 20 -0.12049 -8.67117e-01 | 21 -0.06098 -5.01005e-01
 22 -1.89936  3.45076e+00 | 23 -0.02831  2.42033e+00 | 24 -0.04865  2.89855e-01
 25  0.01284  1.51236e+00 | 26 -0.05883  6.15607e-01 | 27 -0.05472  1.89786e-01
 28 -0.04328 -2.54557e-01 | 29 -0.00265  2.68035e-01 | 30  0.02955 -2.80591e-01
 31 -0.03939 -9.31422e-03 |

Initial statistics: 45 variables; iteration 0; function evaluation 0; phase 2
Function value 8.0030088e+02; maximum gradient component mag -1.6835e+02
Var    Value     Gradient |Var    Value     Gradient |Var    Value     Gradient
  1 -0.45815 -2.90846e+01 |  2 -0.04884 -4.19326e+01 |  3  0.16678 -3.28732e+01
  4 -0.42396 -9.62142e+01 |  5 -0.02106 -9.73480e+00 |  6  0.00000  7.06607e+01
  7  0.00000  2.59325e+01 |  8  0.00000  3.06043e+01 |  9  0.00000  3.32934e+01
 10  0.00000  3.17500e+01 | 11  0.00000 -2.28908e+01 | 12  0.00000 -5.37448e+01
 13  0.00000  5.95354e+00 | 14  0.00000 -1.68348e+02 | 15  0.00000 -1.87017e+01
 16 -0.02745 -1.56638e-01 | 17  0.00662 -1.82697e+00 | 18  0.08924  1.74879e+00
 19 -0.03355 -9.58621e-01 | 20  0.05478 -8.38620e-01 | 21  0.08840 -2.48958e-01
 22  0.07611  4.32760e-01 | 23  0.03399  1.96969e-01 | 24  0.03504 -8.29397e-01
 25  0.12579  3.26810e+00 | 26  0.00055  4.85925e+00 | 27 -0.01695  2.91394e+00
 28 -0.03147 -2.11389e+00 | 29 -0.06654 -1.24488e+00 | 30  0.01816 -3.56893e+00
 31 -0.04523 -4.70262e+00 | 32  0.00805 -3.53750e+00 | 33 -0.01961 -1.11070e+00
 34 -0.12049 -8.67117e-01 | 35 -0.06098 -5.01005e-01 | 36 -0.10064 -3.45076e+00
 37 -0.02831  2.42033e+00 | 38 -0.04865  2.89855e-01 | 39  0.01284  1.51236e+00
 40 -0.05883  6.15607e-01 | 41 -0.05472  1.89786e-01 | 42 -0.04328 -2.54557e-01
 43 -0.00265  2.68035e-01 | 44  0.02955 -2.80591e-01 | 45 -0.03939 -9.31422e-03

Intermediate statistics: 45 variables; iteration 20; function evaluation 25; phase 2
Function value 7.8410983e+02; maximum gradient component mag 1.7219e+03
Var    Value     Gradient |Var    Value     Gradient |Var    Value     Gradient
  1 -0.48315 -6.54398e+02 |  2 -0.05505  1.36031e+01 |  3  0.15144  1.95454e+02
  4 -0.41720  5.55683e+02 |  5 -0.03939  1.72190e+03 |  6 -0.04048  3.63534e+01
  7 -0.02807  1.20684e+01 |  8 -0.02834  1.32399e+01 |  9 -0.02394  1.37733e+01
 10 -0.02144  1.59229e+01 | 11  0.04535  6.33593e+00 | 12  0.07316 -2.98868e-02
 13 -0.05897 -1.23772e+01 | 14  0.11314 -5.60342e+01 | 15 -0.06535 -2.34956e+01
 16 -0.00926  1.15165e+01 | 17  0.02015  1.54055e+01 | 18  0.10791  4.79228e+01
 19 -0.01315  2.20636e+01 | 20  0.07581  4.50403e+01 | 21  0.11043  6.01793e+01
 22  0.09507  5.01068e+01 | 23  0.05435  4.09746e+01 | 24  0.05532  4.70834e+01
 25  0.14742  1.08600e+02 | 26  0.02055  5.01948e+01 | 27  0.00315  4.72803e+01
 28 -0.00865  4.31241e+01 | 29 -0.04529  3.48459e+01 | 30  0.04182  6.66958e+01
 31 -0.02184  3.75431e+01 | 32  0.03168  5.23296e+01 | 33  0.00183  3.79251e+01
 34 -0.09928  1.49785e+01 | 35 -0.04073  1.90809e+01 | 36 -0.07762  1.02938e+01
 37 -0.00762  1.71647e+01 | 38 -0.02617  1.20146e+01 | 39  0.03595  1.62583e+01
 40 -0.03569  5.92816e+00 | 41 -0.03409  2.45990e+00 | 42 -0.02053  4.31535e+00
 43  0.01735  6.13646e+00 | 44  0.05550  5.62673e+00 | 45 -0.02011 -6.58863e-01
45 variables; iteration 40; function evaluation 56; phase 2
Function value 7.7881756e+02; maximum gradient component mag 2.2311e+02
Var    Value     Gradient |Var    Value     Gradient |Var    Value     Gradient
  1 -0.46055 -8.19065e+01 |  2 -0.04878  8.08731e+00 |  3  0.16883  2.78470e+01
  4 -0.42459  6.78990e+01 |  5 -0.03095  2.23108e+02 |  6 -0.08156  7.55636e+00
  7 -0.04711  2.46635e+00 |  8 -0.04236  3.71496e+00 |  9 -0.02815  5.17239e+00
 10 -0.04267  3.48093e+00 | 11  0.05798  4.29435e+00 | 12  0.07775  2.99795e+00
 13 -0.03188  4.16820e+00 | 14  0.13109  3.40549e+00 | 15 -0.02202  2.73737e+00
 16 -0.02179  3.77003e+00 | 17  0.01659  4.64178e+00 | 18  0.10009  9.80687e+00
 19 -0.01816  4.32848e+00 | 20  0.07077  6.78407e+00 | 21  0.10571  7.63750e+00
 22  0.09239  5.47120e+00 | 23  0.05150  5.26889e+00 | 24  0.05216  3.64168e+00
 25  0.14332  9.18458e+00 | 26  0.01723  7.65646e+00 | 27 -0.00107  4.67015e+00
 28 -0.01390  6.41012e-01 | 29 -0.05200  4.63686e-01 | 30  0.03592  2.67641e+00
 31 -0.02462  2.54954e+00 | 32  0.02475  6.78851e-01 | 33 -0.00234  1.63501e+00
 34 -0.10373  6.35768e-01 | 35 -0.04535 -5.26955e-01 | 36 -0.08193 -1.56368e-01
 37 -0.01236  1.54184e+00 | 38 -0.03219 -4.19760e-01 | 39  0.02834 -1.97088e+00
 40 -0.04202  1.36932e+00 | 41 -0.03970 -1.78947e-01 | 42 -0.02816 -5.47528e-01
 43  0.01028 -3.84180e-01 | 44  0.04473  1.30525e+00 | 45 -0.03444 -2.44703e+00

 - final statistics:
45 variables; iteration 51; function evaluation 75
Function value 7.7869e+02; maximum gradient component mag 2.4111e+00
Exit code = 1;  converg criter 1.0000e+01
Var    Value     Gradient |Var    Value     Gradient |Var    Value     Gradient
  1 -0.46212 -1.23631e+00 |  2 -0.04876  1.70384e-01 |  3  0.16575  2.47679e-01
  4 -0.42372  4.87048e-01 |  5 -0.03152  2.41109e+00 |  6 -0.09551  2.82833e-01
  7 -0.05040  5.14130e-02 |  8 -0.04827  6.17459e-02 |  9 -0.03648  6.93547e-02
 10 -0.04451  1.29637e-01 | 11  0.05926  1.75342e-01 | 12  0.08135  2.36911e-01
 13 -0.03497  1.93194e-01 | 14  0.13346  3.31316e-01 | 15 -0.02263  1.59478e-01
 16 -0.02263  2.32805e-01 | 17  0.01651  2.53585e-01 | 18  0.09986  3.69380e-01
 19 -0.01938  1.33295e-02 | 20  0.07076  6.71634e-02 | 21  0.10534 -3.99675e-02
 22  0.09310  4.61042e-04 | 23  0.05065 -1.35079e-01 | 24  0.05263 -1.32274e-01
 25  0.14362 -3.78176e-01 | 26  0.01416 -3.29630e-01 | 27 -0.00172 -7.12767e-02
 28 -0.01216 -9.11052e-02 | 29 -0.05057 -1.23127e-01 | 30  0.03641 -1.39438e-01
 31 -0.02584  2.32305e-02 | 32  0.02580 -1.19266e-01 | 33 -0.00258 -6.72781e-02
 34 -0.10390 -8.27008e-03 | 35 -0.04476 -3.61227e-03 | 36 -0.08149  1.19329e-02
 37 -0.01282 -7.77923e-02 | 38 -0.03170  5.32447e-02 | 39  0.02940  1.21315e-02
 40 -0.04283  5.10270e-02 | 41 -0.03899  6.40174e-03 | 42 -0.02737  1.37983e-02
 43  0.01135  1.22906e-02 | 44  0.04387  2.84753e-02 | 45 -0.02877  5.95060e-03

Initial statistics: 49 variables; iteration 0; function evaluation 0; phase 3
Function value 7.7868802e+02; maximum gradient component mag -2.0917e+01
Var    Value     Gradient |Var    Value     Gradient |Var    Value     Gradient
  1 -0.46212 -1.23631e+00 |  2 -0.04876  1.70384e-01 |  3  0.16575  2.47679e-01
  4 -0.42372  4.87048e-01 |  5 -0.03152  2.41109e+00 |  6 -0.09551  2.82833e-01
  7 -0.05040  5.14130e-02 |  8 -0.04827  6.17459e-02 |  9 -0.03648  6.93547e-02
 10 -0.04451  1.29637e-01 | 11  0.05926  1.75342e-01 | 12  0.08135  2.36911e-01
 13 -0.03497  1.93194e-01 | 14  0.13346  3.31316e-01 | 15 -0.02263  1.59478e-01
 16 -0.02263  2.32805e-01 | 17  0.01651  2.53585e-01 | 18  0.09986  3.69380e-01
 19 -0.01938  1.33295e-02 | 20  0.07076  6.71634e-02 | 21  0.10534 -3.99675e-02
 22  0.09310  4.61042e-04 | 23  0.05065 -1.35079e-01 | 24  0.05263 -1.32274e-01
 25  0.14362 -3.78176e-01 | 26  0.01416 -3.29630e-01 | 27 -0.00172 -7.12767e-02
 28 -0.01216 -9.11052e-02 | 29 -0.05057 -1.23127e-01 | 30  0.03641 -1.39438e-01
 31 -0.02584  2.32305e-02 | 32  0.02580 -1.19266e-01 | 33 -0.00258 -6.72781e-02
 34 -0.10390 -8.27008e-03 | 35 -0.04476 -3.61227e-03 | 36 -0.08149  1.19329e-02
 37 -0.01282 -7.77923e-02 | 38 -0.03170  5.32447e-02 | 39  0.02940  1.21315e-02
 40 -0.04283  5.10270e-02 | 41 -0.03899  6.40174e-03 | 42 -0.02737  1.37983e-02
 43  0.01135  1.22906e-02 | 44  0.04387  2.84753e-02 | 45 -0.02877  5.95060e-03
 46  0.80756  6.79862e-01 | 47  0.46440 -2.09175e+01 | 48  0.13496  4.19534e+00
 49  0.39096 -1.31353e+00 |

Intermediate statistics: 49 variables; iteration 20; function evaluation 24; phase 3
Function value 7.7868035e+02; maximum gradient component mag -1.4628e+01
Var    Value     Gradient |Var    Value     Gradient |Var    Value     Gradient
  1 -0.46298  6.51176e+00 |  2 -0.04886  2.21282e+00 |  3  0.16450 -1.20321e+00
  4 -0.42324 -7.45415e-01 |  5 -0.03178 -1.46284e+01 |  6 -0.09647 -4.91099e-02
  7 -0.05063 -5.51477e-02 |  8 -0.04849 -6.74240e-02 |  9 -0.03662 -8.68873e-02
 10 -0.04481 -8.61917e-02 | 11  0.05921 -1.83336e-01 | 12  0.08141 -1.40407e-01
 13 -0.03528 -6.06662e-02 | 14  0.13360  4.43931e-01 | 15 -0.02243  1.42446e-01
 16 -0.02280  8.25818e-02 | 17  0.01651  1.82568e-01 | 18  0.10008  1.73526e-01
 19 -0.01955 -2.43521e-01 | 20  0.07062 -4.33694e-01 | 21  0.10565 -4.54951e-01
 22  0.09288 -7.66263e-01 | 23  0.05074 -4.95540e-01 | 24  0.05270 -4.47241e-01
 25  0.14355 -1.56759e+00 | 26  0.01412 -9.67943e-01 | 27 -0.00205 -7.45245e-01
 28 -0.01215 -6.03331e-01 | 29 -0.05081 -5.48104e-01 | 30  0.03654 -7.34748e-01
 31 -0.02570 -2.89944e-01 | 32  0.02560 -8.75313e-01 | 33 -0.00270 -6.81125e-01
 34 -0.10388 -2.04256e-01 | 35 -0.04484 -1.74547e-01 | 36 -0.08146 -6.42598e-02
 37 -0.01294 -6.77339e-02 | 38 -0.03150  2.94676e-01 | 39  0.02938  4.77879e-01
 40 -0.04259  3.08378e-01 | 41 -0.03925  1.92391e-01 | 42 -0.02676  5.71152e-01
 43  0.01144  3.34665e-01 | 44  0.04348 -5.93507e-02 | 45 -0.02894 -2.56917e-02
 46  0.80429 -1.63318e-01 | 47  0.46455 -1.29237e+00 | 48  0.13316  2.00296e+00
 49  0.39053  4.29693e-01 |

 - final statistics:
49 variables; iteration 38; function evaluation 46
Function value 7.7868e+02; maximum gradient component mag -6.3805e-01
Exit code = 1;  converg criter 1.0000e+00
Var    Value     Gradient |Var    Value     Gradient |Var    Value     Gradient
  1 -0.46408  2.50848e-01 |  2 -0.04905  2.96976e-02 |  3  0.16426 -8.48174e-02
  4 -0.42311 -1.15052e-01 |  5 -0.03215 -6.38054e-01 |  6 -0.09697 -4.56305e-02
  7 -0.05062  7.39956e-03 |  8 -0.04835  2.54402e-02 |  9 -0.03678 -6.15173e-02
 10 -0.04505 -9.44459e-02 | 11  0.05919 -9.08690e-02 | 12  0.08143  1.31828e-02
 13 -0.03531 -3.59516e-03 | 14  0.13338 -2.30889e-02 | 15 -0.02248  4.00150e-02
 16 -0.02277  1.25666e-01 | 17  0.01655  9.63745e-02 | 18  0.09999 -1.05871e-01
 19 -0.01932  1.95033e-02 | 20  0.07078  1.05546e-01 | 21  0.10571 -1.62910e-01
 22  0.09302  6.37022e-02 | 23  0.05075 -5.40481e-02 | 24  0.05270 -2.38083e-02
 25  0.14361 -4.24593e-02 | 26  0.01427 -1.23629e-01 | 27 -0.00204 -1.21061e-02
 28 -0.01211  2.19264e-03 | 29 -0.05059  8.17702e-02 | 30  0.03670 -3.68318e-02
 31 -0.02577 -5.47531e-02 | 32  0.02575 -3.88177e-02 | 33 -0.00263 -6.29962e-02
 34 -0.10372  6.18522e-02 | 35 -0.04473  9.59180e-02 | 36 -0.08161 -2.12243e-01
 37 -0.01285  5.56778e-02 | 38 -0.03153 -1.94049e-02 | 39  0.02929 -1.13416e-03
 40 -0.04267 -4.66508e-02 | 41 -0.03939 -2.46784e-02 | 42 -0.02675  1.08827e-01
 43  0.01137  9.39659e-03 | 44  0.04336  1.15372e-02 | 45 -0.02909 -1.47729e-02
 46  0.80525 -4.97736e-03 | 47  0.46470  3.25284e-02 | 48  0.13074  1.52505e-02
 49  0.38970  3.59496e-02 |

Initial statistics: 52 variables; iteration 0; function evaluation 0; phase 4
Function value 7.7867605e+02; maximum gradient component mag -6.9750e+00
Var    Value     Gradient |Var    Value     Gradient |Var    Value     Gradient
  1 -0.46408  2.50848e-01 |  2 -0.04905  2.96976e-02 |  3  0.16426 -8.48174e-02
  4 -0.42311 -1.15052e-01 |  5 -0.38188 -6.97502e+00 |  6 -0.38388  2.74854e+00
  7 -0.39999  4.01851e+00 |  8 -0.03215 -6.38054e-01 |  9 -0.09697 -4.56305e-02
 10 -0.05062  7.39956e-03 | 11 -0.04835  2.54402e-02 | 12 -0.03678 -6.15173e-02
 13 -0.04505 -9.44459e-02 | 14  0.05919 -9.08690e-02 | 15  0.08143  1.31828e-02
 16 -0.03531 -3.59516e-03 | 17  0.13338 -2.30889e-02 | 18 -0.02248  4.00150e-02
 19 -0.02277  1.25666e-01 | 20  0.01655  9.63745e-02 | 21  0.09999 -1.05871e-01
 22 -0.01932  1.95033e-02 | 23  0.07078  1.05546e-01 | 24  0.10571 -1.62910e-01
 25  0.09302  6.37022e-02 | 26  0.05075 -5.40481e-02 | 27  0.05270 -2.38083e-02
 28  0.14361 -4.24593e-02 | 29  0.01427 -1.23629e-01 | 30 -0.00204 -1.21061e-02
 31 -0.01211  2.19264e-03 | 32 -0.05059  8.17702e-02 | 33  0.03670 -3.68318e-02
 34 -0.02577 -5.47531e-02 | 35  0.02575 -3.88177e-02 | 36 -0.00263 -6.29962e-02
 37 -0.10372  6.18522e-02 | 38 -0.04473  9.59180e-02 | 39 -0.08161 -2.12243e-01
 40 -0.01285  5.56778e-02 | 41 -0.03153 -1.94049e-02 | 42  0.02929 -1.13416e-03
 43 -0.04267 -4.66508e-02 | 44 -0.03939 -2.46784e-02 | 45 -0.02675  1.08827e-01
 46  0.01137  9.39659e-03 | 47  0.04336  1.15372e-02 | 48 -0.02909 -1.47729e-02
 49  0.80525 -4.97736e-03 | 50  0.46470  3.25284e-02 | 51  0.13074  1.52505e-02
 52  0.38970  3.59496e-02 |

Intermediate statistics: 52 variables; iteration 20; function evaluation 24; phase 4
Function value 7.7867511e+02; maximum gradient component mag -1.6454e+01
Var    Value     Gradient |Var    Value     Gradient |Var    Value     Gradient
  1 -0.46426  5.13763e+00 |  2 -0.04906 -5.21900e-01 |  3  0.16406 -1.40507e+00
  4 -0.42315 -3.69214e+00 |  5 -0.38168  3.32273e-01 |  6 -0.38387 -5.33771e+00
  7 -0.40017  1.12238e+00 |  8 -0.03222 -1.64537e+01 |  9 -0.09700  8.91815e-03
 10 -0.05078 -3.87910e-03 | 11 -0.04870 -1.63853e-02 | 12 -0.03665  1.87553e-02
 13 -0.04483  2.00900e-02 | 14  0.05913  1.87119e-02 | 15  0.08135  4.57069e-02
 16 -0.03538  1.80653e-02 | 17  0.13334  1.64983e-01 | 18 -0.02252  4.40443e-02
 19 -0.02295  6.34124e-02 | 20  0.01637  8.60650e-02 | 21  0.10002  7.19278e-02
 22 -0.01930  7.76630e-03 | 23  0.07067 -3.45425e-02 | 24  0.10574 -3.64449e-01
 25  0.09299 -5.16410e-01 | 26  0.05079 -5.45466e-01 | 27  0.05265 -6.27119e-01
 28  0.14361 -1.34561e+00 | 29  0.01440 -5.71862e-01 | 30 -0.00205 -5.53292e-01
 31 -0.01204 -5.68718e-01 | 32 -0.05072 -4.06146e-01 | 33  0.03674 -8.74081e-01
 34 -0.02571 -5.25860e-01 | 35  0.02577 -7.37515e-01 | 36 -0.00259 -4.64247e-01
 37 -0.10372 -1.49831e-01 | 38 -0.04473 -1.82348e-01 | 39 -0.08139 -1.66757e-01
 40 -0.01282 -2.07680e-01 | 41 -0.03140 -1.37298e-01 | 42  0.02940 -1.37719e-01
 43 -0.04255 -1.82081e-02 | 44 -0.03916  2.35475e-02 | 45 -0.02668  2.31622e-03
 46  0.01162 -4.13759e-03 | 47  0.04356 -1.10447e-02 | 48 -0.02926 -2.22310e-02
 49  0.80491  3.82646e-02 | 50  0.46465 -3.56002e+00 | 51  0.13078 -1.11871e-01
 52  0.38975  3.32032e-01 |

 - final statistics:
52 variables; iteration 29; function evaluation 34
Function value 7.7867e+02; maximum gradient component mag -8.3695e-01
Exit code = 1;  converg criter 1.0000e+00
Var    Value     Gradient |Var    Value     Gradient |Var    Value     Gradient
  1 -0.46420  4.00836e-01 |  2 -0.04908 -3.38921e-02 |  3  0.16403 -1.06815e-01
  4 -0.42337 -1.82827e-01 |  5 -0.38145  3.96511e-02 |  6 -0.38362 -2.74342e-01
  7 -0.40008  4.64134e-02 |  8 -0.03217 -8.36948e-01 |  9 -0.09710 -3.81607e-02
 10 -0.05085 -2.89626e-02 | 11 -0.04862 -8.96080e-03 | 12 -0.03669  2.01993e-03
 13 -0.04476  1.91914e-02 | 14  0.05904 -7.56807e-02 | 15  0.08127 -7.58189e-02
 16 -0.03545 -1.75096e-02 | 17  0.13336  2.30069e-01 | 18 -0.02258  2.59031e-02
 19 -0.02302  1.50252e-02 | 20  0.01627 -1.02834e-02 | 21  0.09996 -2.42222e-02
 22 -0.01937 -1.92806e-02 | 23  0.07060  3.92057e-02 | 24  0.10572  2.04846e-02
 25  0.09292 -7.76929e-02 | 26  0.05076 -6.04487e-02 | 27  0.05270  9.69593e-02
 28  0.14361 -2.18150e-02 | 29  0.01438 -9.59343e-02 | 30 -0.00215 -1.83449e-01
 31 -0.01208 -1.31339e-01 | 32 -0.05078 -8.41220e-02 | 33  0.03674 -1.03427e-01
 34 -0.02573 -3.36917e-02 | 35  0.02580  2.70094e-02 | 36 -0.00261 -1.93573e-02
 37 -0.10373  1.28588e-02 | 38 -0.04474  3.01828e-02 | 39 -0.08134  1.25968e-02
 40 -0.01287 -1.95562e-01 | 41 -0.03144 -9.49969e-02 | 42  0.02948  1.68514e-01
 43 -0.04251  8.52425e-02 | 44 -0.03913  4.14469e-03 | 45 -0.02668 -3.27577e-03
 46  0.01167  2.69372e-02 | 47  0.04360  1.46807e-02 | 48 -0.02926  2.49593e-02
 49  0.80547  3.47003e-02 | 50  0.46472 -2.36405e-01 | 51  0.13077 -5.92639e-03
 52  0.38973 -1.62392e-02 |

 - final statistics:
52 variables; iteration 0; function evaluation 0
Function value 7.7867e+02; maximum gradient component mag -8.3695e-01
Exit code = 0;  converg criter 1.0000e+00
Var    Value     Gradient |Var    Value     Gradient |Var    Value     Gradient
  1 -0.46420  4.00836e-01 |  2 -0.04908 -3.38921e-02 |  3  0.16403 -1.06815e-01
  4 -0.42337 -1.82827e-01 |  5 -0.38145  3.96511e-02 |  6 -0.38362 -2.74342e-01
  7 -0.40008  4.64134e-02 |  8 -0.03217 -8.36948e-01 |  9 -0.09710 -3.81607e-02
 10 -0.05085 -2.89626e-02 | 11 -0.04862 -8.96080e-03 | 12 -0.03669  2.01993e-03
 13 -0.04476  1.91914e-02 | 14  0.05904 -7.56807e-02 | 15  0.08127 -7.58189e-02
 16 -0.03545 -1.75096e-02 | 17  0.13336  2.30069e-01 | 18 -0.02258  2.59031e-02
 19 -0.02302  1.50252e-02 | 20  0.01627 -1.02834e-02 | 21  0.09996 -2.42222e-02
 22 -0.01937 -1.92806e-02 | 23  0.07060  3.92057e-02 | 24  0.10572  2.04846e-02
 25  0.09292 -7.76929e-02 | 26  0.05076 -6.04487e-02 | 27  0.05270  9.69593e-02
 28  0.14361 -2.18150e-02 | 29  0.01438 -9.59343e-02 | 30 -0.00215 -1.83449e-01
 31 -0.01208 -1.31339e-01 | 32 -0.05078 -8.41220e-02 | 33  0.03674 -1.03427e-01
 34 -0.02573 -3.36917e-02 | 35  0.02580  2.70094e-02 | 36 -0.00261 -1.93573e-02
 37 -0.10373  1.28588e-02 | 38 -0.04474  3.01828e-02 | 39 -0.08134  1.25968e-02
 40 -0.01287 -1.95562e-01 | 41 -0.03144 -9.49969e-02 | 42  0.02948  1.68514e-01
 43 -0.04251  8.52425e-02 | 44 -0.03913  4.14469e-03 | 45 -0.02668 -3.27577e-03
 46  0.01167  2.69372e-02 | 47  0.04360  1.46807e-02 | 48 -0.02926  2.49593e-02
 49  0.80547  3.47003e-02 | 50  0.46472 -2.36405e-01 | 51  0.13077 -5.92639e-03
 52  0.38973 -1.62392e-02 |

 - final statistics:
52 variables; iteration 0; function evaluation 0
Function value 7.7867e+02; maximum gradient component mag -8.3695e-01
Exit code = 0;  converg criter 1.0000e+00
Var    Value     Gradient |Var    Value     Gradient |Var    Value     Gradient
  1 -0.46420  4.00836e-01 |  2 -0.04908 -3.38921e-02 |  3  0.16403 -1.06815e-01
  4 -0.42337 -1.82827e-01 |  5 -0.38145  3.96511e-02 |  6 -0.38362 -2.74342e-01
  7 -0.40008  4.64134e-02 |  8 -0.03217 -8.36948e-01 |  9 -0.09710 -3.81607e-02
 10 -0.05085 -2.89626e-02 | 11 -0.04862 -8.96080e-03 | 12 -0.03669  2.01993e-03
 13 -0.04476  1.91914e-02 | 14  0.05904 -7.56807e-02 | 15  0.08127 -7.58189e-02
 16 -0.03545 -1.75096e-02 | 17  0.13336  2.30069e-01 | 18 -0.02258  2.59031e-02
 19 -0.02302  1.50252e-02 | 20  0.01627 -1.02834e-02 | 21  0.09996 -2.42222e-02
 22 -0.01937 -1.92806e-02 | 23  0.07060  3.92057e-02 | 24  0.10572  2.04846e-02
 25  0.09292 -7.76929e-02 | 26  0.05076 -6.04487e-02 | 27  0.05270  9.69593e-02
 28  0.14361 -2.18150e-02 | 29  0.01438 -9.59343e-02 | 30 -0.00215 -1.83449e-01
 31 -0.01208 -1.31339e-01 | 32 -0.05078 -8.41220e-02 | 33  0.03674 -1.03427e-01
 34 -0.02573 -3.36917e-02 | 35  0.02580  2.70094e-02 | 36 -0.00261 -1.93573e-02
 37 -0.10373  1.28588e-02 | 38 -0.04474  3.01828e-02 | 39 -0.08134  1.25968e-02
 40 -0.01287 -1.95562e-01 | 41 -0.03144 -9.49969e-02 | 42  0.02948  1.68514e-01
 43 -0.04251  8.52425e-02 | 44 -0.03913  4.14469e-03 | 45 -0.02668 -3.27577e-03
 46  0.01167  2.69372e-02 | 47  0.04360  1.46807e-02 | 48 -0.02926  2.49593e-02
 49  0.80547  3.47003e-02 | 50  0.46472 -2.36405e-01 | 51  0.13077 -5.92639e-03
 52  0.38973 -1.62392e-02 |

 - final statistics:
52 variables; iteration 0; function evaluation 0
Function value 7.7867e+02; maximum gradient component mag -8.3695e-01
Exit code = 0;  converg criter 1.0000e+00
Var    Value     Gradient |Var    Value     Gradient |Var    Value     Gradient
  1 -0.46420  4.00836e-01 |  2 -0.04908 -3.38921e-02 |  3  0.16403 -1.06815e-01
  4 -0.42337 -1.82827e-01 |  5 -0.38145  3.96511e-02 |  6 -0.38362 -2.74342e-01
  7 -0.40008  4.64134e-02 |  8 -0.03217 -8.36948e-01 |  9 -0.09710 -3.81607e-02
 10 -0.05085 -2.89626e-02 | 11 -0.04862 -8.96080e-03 | 12 -0.03669  2.01993e-03
 13 -0.04476  1.91914e-02 | 14  0.05904 -7.56807e-02 | 15  0.08127 -7.58189e-02
 16 -0.03545 -1.75096e-02 | 17  0.13336  2.30069e-01 | 18 -0.02258  2.59031e-02
 19 -0.02302  1.50252e-02 | 20  0.01627 -1.02834e-02 | 21  0.09996 -2.42222e-02
 22 -0.01937 -1.92806e-02 | 23  0.07060  3.92057e-02 | 24  0.10572  2.04846e-02
 25  0.09292 -7.76929e-02 | 26  0.05076 -6.04487e-02 | 27  0.05270  9.69593e-02
 28  0.14361 -2.18150e-02 | 29  0.01438 -9.59343e-02 | 30 -0.00215 -1.83449e-01
 31 -0.01208 -1.31339e-01 | 32 -0.05078 -8.41220e-02 | 33  0.03674 -1.03427e-01
 34 -0.02573 -3.36917e-02 | 35  0.02580  2.70094e-02 | 36 -0.00261 -1.93573e-02
 37 -0.10373  1.28588e-02 | 38 -0.04474  3.01828e-02 | 39 -0.08134  1.25968e-02
 40 -0.01287 -1.95562e-01 | 41 -0.03144 -9.49969e-02 | 42  0.02948  1.68514e-01
 43 -0.04251  8.52425e-02 | 44 -0.03913  4.14469e-03 | 45 -0.02668 -3.27577e-03
 46  0.01167  2.69372e-02 | 47  0.04360  1.46807e-02 | 48 -0.02926  2.49593e-02
 49  0.80547  3.47003e-02 | 50  0.46472 -2.36405e-01 | 51  0.13077 -5.92639e-03
 52  0.38973 -1.62392e-02 |

 - final statistics:
52 variables; iteration 0; function evaluation 0
Function value 7.7867e+02; maximum gradient component mag -8.3695e-01
Exit code = 0;  converg criter 1.0000e+00
Var    Value     Gradient |Var    Value     Gradient |Var    Value     Gradient
  1 -0.46420  4.00836e-01 |  2 -0.04908 -3.38921e-02 |  3  0.16403 -1.06815e-01
  4 -0.42337 -1.82827e-01 |  5 -0.38145  3.96511e-02 |  6 -0.38362 -2.74342e-01
  7 -0.40008  4.64134e-02 |  8 -0.03217 -8.36948e-01 |  9 -0.09710 -3.81607e-02
 10 -0.05085 -2.89626e-02 | 11 -0.04862 -8.96080e-03 | 12 -0.03669  2.01993e-03
 13 -0.04476  1.91914e-02 | 14  0.05904 -7.56807e-02 | 15  0.08127 -7.58189e-02
 16 -0.03545 -1.75096e-02 | 17  0.13336  2.30069e-01 | 18 -0.02258  2.59031e-02
 19 -0.02302  1.50252e-02 | 20  0.01627 -1.02834e-02 | 21  0.09996 -2.42222e-02
 22 -0.01937 -1.92806e-02 | 23  0.07060  3.92057e-02 | 24  0.10572  2.04846e-02
 25  0.09292 -7.76929e-02 | 26  0.05076 -6.04487e-02 | 27  0.05270  9.69593e-02
 28  0.14361 -2.18150e-02 | 29  0.01438 -9.59343e-02 | 30 -0.00215 -1.83449e-01
 31 -0.01208 -1.31339e-01 | 32 -0.05078 -8.41220e-02 | 33  0.03674 -1.03427e-01
 34 -0.02573 -3.36917e-02 | 35  0.02580  2.70094e-02 | 36 -0.00261 -1.93573e-02
 37 -0.10373  1.28588e-02 | 38 -0.04474  3.01828e-02 | 39 -0.08134  1.25968e-02
 40 -0.01287 -1.95562e-01 | 41 -0.03144 -9.49969e-02 | 42  0.02948  1.68514e-01
 43 -0.04251  8.52425e-02 | 44 -0.03913  4.14469e-03 | 45 -0.02668 -3.27577e-03
 46  0.01167  2.69372e-02 | 47  0.04360  1.46807e-02 | 48 -0.02926  2.49593e-02
 49  0.80547  3.47003e-02 | 50  0.46472 -2.36405e-01 | 51  0.13077 -5.92639e-03
 52  0.38973 -1.62392e-02 |

 - final statistics:
52 variables; iteration 0; function evaluation 0
Function value 7.7867e+02; maximum gradient component mag -8.3695e-01
Exit code = 0;  converg criter 1.0000e+00
Var    Value     Gradient |Var    Value     Gradient |Var    Value     Gradient
  1 -0.46420  4.00836e-01 |  2 -0.04908 -3.38921e-02 |  3  0.16403 -1.06815e-01
  4 -0.42337 -1.82827e-01 |  5 -0.38145  3.96511e-02 |  6 -0.38362 -2.74342e-01
  7 -0.40008  4.64134e-02 |  8 -0.03217 -8.36948e-01 |  9 -0.09710 -3.81607e-02
 10 -0.05085 -2.89626e-02 | 11 -0.04862 -8.96080e-03 | 12 -0.03669  2.01993e-03
 13 -0.04476  1.91914e-02 | 14  0.05904 -7.56807e-02 | 15  0.08127 -7.58189e-02
 16 -0.03545 -1.75096e-02 | 17  0.13336  2.30069e-01 | 18 -0.02258  2.59031e-02
 19 -0.02302  1.50252e-02 | 20  0.01627 -1.02834e-02 | 21  0.09996 -2.42222e-02
 22 -0.01937 -1.92806e-02 | 23  0.07060  3.92057e-02 | 24  0.10572  2.04846e-02
 25  0.09292 -7.76929e-02 | 26  0.05076 -6.04487e-02 | 27  0.05270  9.69593e-02
 28  0.14361 -2.18150e-02 | 29  0.01438 -9.59343e-02 | 30 -0.00215 -1.83449e-01
 31 -0.01208 -1.31339e-01 | 32 -0.05078 -8.41220e-02 | 33  0.03674 -1.03427e-01
 34 -0.02573 -3.36917e-02 | 35  0.02580  2.70094e-02 | 36 -0.00261 -1.93573e-02
 37 -0.10373  1.28588e-02 | 38 -0.04474  3.01828e-02 | 39 -0.08134  1.25968e-02
 40 -0.01287 -1.95562e-01 | 41 -0.03144 -9.49969e-02 | 42  0.02948  1.68514e-01
 43 -0.04251  8.52425e-02 | 44 -0.03913  4.14469e-03 | 45 -0.02668 -3.27577e-03
 46  0.01167  2.69372e-02 | 47  0.04360  1.46807e-02 | 48 -0.02926  2.49593e-02
 49  0.80547  3.47003e-02 | 50  0.46472 -2.36405e-01 | 51  0.13077 -5.92639e-03
 52  0.38973 -1.62392e-02 |

Initial statistics: 53 variables; iteration 0; function evaluation 0; phase 10
Function value 7.7867469e+02; maximum gradient component mag -1.3038e+01
Var    Value     Gradient |Var    Value     Gradient |Var    Value     Gradient
  1 -0.46420  4.00836e-01 |  2 -0.04908 -3.38921e-02 |  3  0.16403 -1.06815e-01
  4 -0.42337 -1.82827e-01 |  5 -0.38145  3.96511e-02 |  6 -0.38362 -2.74342e-01
  7 -0.40008  4.64134e-02 |  8 -0.03217 -8.36948e-01 |  9 -0.09710 -3.81607e-02
 10 -0.05085 -2.89626e-02 | 11 -0.04862 -8.96080e-03 | 12 -0.03669  2.01993e-03
 13 -0.04476  1.91914e-02 | 14  0.05904 -7.56807e-02 | 15  0.08127 -7.58189e-02
 16 -0.03545 -1.75096e-02 | 17  0.13336  2.30069e-01 | 18 -0.02258  2.59031e-02
 19 -0.02302  1.50252e-02 | 20  0.01627 -1.02834e-02 | 21  0.09996 -2.42222e-02
 22 -0.01937 -1.92806e-02 | 23  0.07060  3.92057e-02 | 24  0.10572  2.04846e-02
 25  0.09292 -7.76929e-02 | 26  0.05076 -6.04487e-02 | 27  0.05270  9.69593e-02
 28  0.14361 -2.18150e-02 | 29  0.01438 -9.59343e-02 | 30 -0.00215 -1.83449e-01
 31 -0.01208 -1.31339e-01 | 32 -0.05078 -8.41220e-02 | 33  0.03674 -1.03427e-01
 34 -0.02573 -3.36917e-02 | 35  0.02580  2.70094e-02 | 36 -0.00261 -1.93573e-02
 37 -0.10373  1.28588e-02 | 38 -0.04474  3.01828e-02 | 39 -0.08134  1.25968e-02
 40 -0.01287 -1.95562e-01 | 41 -0.03144 -9.49969e-02 | 42  0.02948  1.68514e-01
 43 -0.04251  8.52425e-02 | 44 -0.03913  4.14469e-03 | 45 -0.02668 -3.27577e-03
 46  0.01167  2.69372e-02 | 47  0.04360  1.46807e-02 | 48 -0.02926  2.49593e-02
 49 -0.00014 -1.30375e+01 | 50  0.80547  3.47003e-02 | 51  0.46472 -2.36405e-01
 52  0.13077 -5.92639e-03 | 53  0.38973 -1.62392e-02 |

Intermediate statistics: 53 variables; iteration 20; function evaluation 27; phase 10
Function value 7.7867459e+02; maximum gradient component mag -5.5253e-01
Var    Value     Gradient |Var    Value     Gradient |Var    Value     Gradient
  1 -0.46427  1.01781e-01 |  2 -0.04908 -4.50191e-03 |  3  0.16403 -5.64027e-02
  4 -0.42335 -1.07320e-01 |  5 -0.38147  2.61279e-01 |  6 -0.38365 -5.33766e-01
  7 -0.40009  1.61321e-01 |  8 -0.03220 -2.66156e-01 |  9 -0.09706 -1.42845e-03
 10 -0.05078 -1.59438e-03 | 11 -0.04861  4.08572e-03 | 12 -0.03669  1.14758e-02
 13 -0.04485  1.35813e-02 | 14  0.05911  1.93994e-03 | 15  0.08130  1.21273e-02
 16 -0.03541  4.22588e-03 | 17  0.13328  5.20297e-02 | 18 -0.02256  9.22424e-03
 19 -0.02302  1.30009e-02 | 20  0.01629  1.32425e-02 | 21  0.09998  2.12176e-02
 22 -0.01933 -1.60537e-04 | 23  0.07059  1.22872e-02 | 24  0.10573  8.86480e-03
 25  0.09295 -3.51138e-02 | 26  0.05080 -3.66463e-02 | 27  0.05267  3.76968e-03
 28  0.14362 -6.42991e-02 | 29  0.01440 -4.72781e-02 | 30 -0.00206 -5.48117e-02
 31 -0.01203 -4.57211e-02 | 32 -0.05075 -2.96444e-02 | 33  0.03676 -5.00022e-02
 34 -0.02571 -2.82439e-02 | 35  0.02579 -2.29133e-02 | 36 -0.00258 -4.56992e-03
 37 -0.10373 -3.54054e-03 | 38 -0.04474 -7.71282e-03 | 39 -0.08133  6.79505e-03
 40 -0.01280 -2.32041e-02 | 41 -0.03139 -2.60329e-02 | 42  0.02945  4.81830e-02
 43 -0.04252  3.43952e-02 | 44 -0.03913  1.75530e-02 | 45 -0.02666  1.03418e-02
 46  0.01166  1.93963e-02 | 47  0.04361  1.69891e-02 | 48 -0.02930  4.34782e-03
 49 -0.00013  4.97374e-02 | 50  0.80516  1.50072e-02 | 51  0.46471 -5.52530e-01
 52  0.13077 -2.17487e-02 | 53  0.38974  2.97275e-02 |
53 variables; iteration 40; function evaluation 49; phase 10
Function value 7.7867459e+02; maximum gradient component mag -1.4036e-01
Var    Value     Gradient |Var    Value     Gradient |Var    Value     Gradient
  1 -0.46430  4.20317e-03 |  2 -0.04908  4.37544e-03 |  3  0.16403 -3.99640e-03
  4 -0.42303 -1.58352e-03 |  5 -0.38177  7.26589e-02 |  6 -0.38395 -1.16882e-01
  7 -0.40041  3.94913e-02 |  8 -0.03221 -2.10080e-02 |  9 -0.09705 -1.09365e-03
 10 -0.05078 -3.04970e-03 | 11 -0.04863 -2.07735e-03 | 12 -0.03672  4.18844e-04
 13 -0.04486  7.21173e-03 | 14  0.05913  5.35314e-03 | 15  0.08130  2.30292e-04
 16 -0.03540 -5.80120e-04 | 17  0.13328  1.57366e-02 | 18 -0.02255  2.58348e-03
 19 -0.02302  5.27340e-03 | 20  0.01630  6.80450e-03 | 21  0.09999  8.98031e-03
 22 -0.01931  1.19992e-03 | 23  0.07060  3.68962e-03 | 24  0.10574  1.02964e-02
 25  0.09296 -1.00292e-02 | 26  0.05081 -8.90224e-03 | 27  0.05266  6.60207e-03
 28  0.14362 -1.32096e-02 | 29  0.01442 -1.22804e-02 | 30 -0.00204 -7.74916e-03
 31 -0.01203 -1.00721e-02 | 32 -0.05074 -9.77142e-04 | 33  0.03678 -4.88157e-03
 34 -0.02571 -1.63469e-02 | 35  0.02581  1.54389e-03 | 36 -0.00258 -8.03501e-04
 37 -0.10372 -1.69741e-03 | 38 -0.04473  1.48263e-03 | 39 -0.08133 -1.11643e-03
 40 -0.01279 -7.19350e-03 | 41 -0.03136  3.89898e-04 | 42  0.02944  7.42108e-03
 43 -0.04250  2.03444e-02 | 44 -0.03912  1.00651e-02 | 45 -0.02665 -6.76716e-05
 46  0.01166 -5.64269e-05 | 47  0.04361  1.50433e-03 | 48 -0.02931  3.02524e-03
 49 -0.00013  1.81447e-02 | 50  0.80514  4.77926e-03 | 51  0.46472 -1.40355e-01
 52  0.13076 -9.64731e-03 | 53  0.38974  4.42338e-03 |

 - final statistics:
53 variables; iteration 58; function evaluation 78
Function value 7.7867e+02; maximum gradient component mag -1.0308e-05
Exit code = 1;  converg criter 1.0000e-04
Var    Value     Gradient |Var    Value     Gradient |Var    Value     Gradient
  1 -0.46430  2.94014e-06 |  2 -0.04908 -9.62160e-07 |  3  0.16403 -3.13731e-06
  4 -0.42316 -4.78299e-06 |  5 -0.38164  1.08945e-06 |  6 -0.38382 -7.89831e-06
  7 -0.40028  1.65908e-06 |  8 -0.03221 -1.03078e-05 |  9 -0.09705  1.15731e-06
 10 -0.05077 -2.72951e-07 | 11 -0.04862  1.46610e-07 | 12 -0.03672  1.13747e-06
 13 -0.04489  1.21724e-06 | 14  0.05913  1.31924e-06 | 15  0.08130 -2.39874e-06
 16 -0.03540  1.79300e-06 | 17  0.13328  2.00762e-07 | 18 -0.02255 -3.53423e-07
 19 -0.02303  1.65955e-06 | 20  0.01629 -1.40178e-06 | 21  0.09998  9.17123e-07
 22 -0.01931 -2.06316e-06 | 23  0.07059  4.55344e-07 | 24  0.10573 -1.61864e-07
 25  0.09296 -4.90490e-07 | 26  0.05081 -9.04408e-07 | 27  0.05265  6.72559e-08
 28  0.14362 -1.17341e-06 | 29  0.01442 -8.23476e-07 | 30 -0.00205 -1.21698e-06
 31 -0.01203 -6.25140e-07 | 32 -0.05074  5.74191e-07 | 33  0.03677 -9.88800e-07
 34 -0.02570 -4.39163e-07 | 35  0.02579 -4.79642e-07 | 36 -0.00258  2.70964e-07
 37 -0.10373 -1.93993e-06 | 38 -0.04474  4.04469e-07 | 39 -0.08134 -3.75433e-07
 40 -0.01279 -5.45013e-07 | 41 -0.03137  1.18234e-08 | 42  0.02944  7.34848e-08
 43 -0.04252  1.68216e-06 | 44 -0.03913 -1.33575e-06 | 45 -0.02665  2.38965e-06
 46  0.01166 -1.66898e-06 | 47  0.04361  9.96234e-07 | 48 -0.02932 -4.71700e-07
 49 -0.00013 -3.86762e-07 | 50  0.80513  1.88482e-07 | 51  0.46472 -4.65575e-06
 52  0.13077 -3.63813e-07 | 53  0.38975  7.35224e-07 |

Initial statistics: 71 variables; iteration 0; function evaluation 0; phase 11
Function value 7.7867459e+02; maximum gradient component mag 2.7809e+01
Var    Value     Gradient |Var    Value     Gradient |Var    Value     Gradient
  1 -0.46430  2.94012e-06 |  2 -0.04908 -9.62147e-07 |  3  0.16403 -3.13729e-06
  4 -0.42316 -4.78294e-06 |  5 -0.38164  1.08948e-06 |  6 -0.38382 -7.89829e-06
  7 -0.40028  1.65908e-06 |  8 -0.03221 -1.03078e-05 |  9 -0.09705  1.15731e-06
 10 -0.05077 -2.72951e-07 | 11 -0.04862  1.46610e-07 | 12 -0.03672  1.13747e-06
 13 -0.04489  1.21724e-06 | 14  0.05913  1.31924e-06 | 15  0.08130 -2.39874e-06
 16 -0.03540  1.79300e-06 | 17  0.13328  2.00763e-07 | 18 -0.02255 -3.53423e-07
 19 -0.02303  1.65956e-06 | 20  0.01629 -1.40178e-06 | 21  0.09998  9.17124e-07
 22 -0.01931 -2.06316e-06 | 23  0.07059  4.55345e-07 | 24  0.10573 -1.61862e-07
 25  0.09296 -4.90489e-07 | 26  0.05081 -9.04406e-07 | 27  0.05265  6.72575e-08
 28  0.14362 -1.17341e-06 | 29  0.01442 -8.23475e-07 | 30 -0.00205 -1.21698e-06
 31 -0.01203 -6.25139e-07 | 32 -0.05074  5.74192e-07 | 33  0.03677 -9.88798e-07
 34 -0.02570 -4.39162e-07 | 35  0.02579 -4.79641e-07 | 36 -0.00258  2.70965e-07
 37 -0.10373 -1.93993e-06 | 38 -0.04474  4.04469e-07 | 39 -0.08134 -3.75432e-07
 40 -0.01279 -5.45013e-07 | 41 -0.03137  1.18237e-08 | 42  0.02944  7.34849e-08
 43 -0.04252  1.68216e-06 | 44 -0.03913 -1.33575e-06 | 45 -0.02665  2.38965e-06
 46  0.01166 -1.66898e-06 | 47  0.04361  9.96234e-07 | 48 -0.02932 -4.71700e-07
 49  0.00000  2.78092e+01 | 50  0.00000  3.28647e-03 | 51  0.00000  0.00000e+00
 52  0.00000  0.00000e+00 | 53  0.00000  0.00000e+00 | 54  0.00000  0.00000e+00
 55  0.00000  0.00000e+00 | 56  0.00000  0.00000e+00 | 57  0.00000  0.00000e+00
 58  0.00000  0.00000e+00 | 59  0.00000  0.00000e+00 | 60  0.00000  0.00000e+00
 61  0.00000  0.00000e+00 | 62  0.00000  0.00000e+00 | 63  0.00000  0.00000e+00
 64  0.00000  0.00000e+00 | 65  0.00000  0.00000e+00 | 66  0.00000  0.00000e+00
 67 -0.00013 -3.86758e-07 | 68  0.80513  1.88483e-07 | 69  0.46472 -4.65576e-06
 70  0.13077 -3.63812e-07 | 71  0.38975  7.35220e-07 |

Intermediate statistics: 71 variables; iteration 20; function evaluation 24; phase 11
Function value 7.7837680e+02; maximum gradient component mag 2.2918e+01
Var    Value     Gradient |Var    Value     Gradient |Var    Value     Gradient
  1 -0.46081  1.03144e+01 |  2 -0.04874  6.04316e+00 |  3  0.16626  2.04259e+00
  4 -0.42349  5.83476e+00 |  5 -0.38226 -1.21533e+01 |  6 -0.38379  1.46882e+01
  7 -0.39988  3.48949e+00 |  8 -0.02933 -1.99853e+01 |  9 -0.09867 -3.50793e-01
 10 -0.05219 -1.97871e-01 | 11 -0.05072 -3.29115e-01 | 12 -0.03959 -4.92720e-01
 13 -0.04754 -4.67183e-01 | 14  0.05588 -9.21294e-01 | 15  0.07761 -1.32146e+00
 16 -0.03846 -5.57753e-01 | 17  0.13025  3.99189e-01 | 18 -0.02544 -1.57068e-01
 19 -0.02577 -2.18283e-01 | 20  0.01334 -1.63512e-01 | 21  0.09669 -8.46668e-02
 22 -0.02227 -2.88685e-01 | 23  0.06713 -1.48764e+00 | 24  0.10118 -4.36466e+00
 25  0.08947 -2.45651e+00 | 26  0.04711 -8.85046e-01 | 27  0.04900 -6.46071e-01
 28  0.14030  1.55539e+00 | 29  0.01105  1.32633e-01 | 30 -0.00546  1.56356e-01
 31 -0.01563  2.50586e-02 | 32 -0.05380 -4.84892e-02 | 33  0.03309 -2.92420e-01
 34 -0.02934 -1.01647e+00 | 35  0.02172 -2.36267e+00 | 36 -0.00638 -1.66229e+00
 37 -0.10716 -6.85314e-01 | 38 -0.04853 -8.03820e-01 | 39 -0.08518 -7.56295e-01
 40 -0.01640  1.88125e-01 | 41 -0.03575 -1.42319e+00 | 42  0.02512 -1.28318e+00
 43 -0.04692 -1.08128e+00 | 44 -0.04315 -4.90107e-02 | 45 -0.03187 -1.16256e+00
 46  0.00570 -1.81466e+00 | 47  0.03720 -1.56922e+00 | 48 -0.03572 -8.08610e-01
 49 -0.01428  2.29184e+01 | 50 -0.00002  3.46495e-04 | 51  0.00000  0.00000e+00
 52  0.00000  0.00000e+00 | 53  0.00000  0.00000e+00 | 54  0.00000  0.00000e+00
 55  0.00000  0.00000e+00 | 56  0.00000  0.00000e+00 | 57  0.00000  0.00000e+00
 58  0.00000  0.00000e+00 | 59  0.00000  0.00000e+00 | 60  0.00000  0.00000e+00
 61  0.00000  0.00000e+00 | 62  0.00000  0.00000e+00 | 63  0.00000  0.00000e+00
 64  0.00000  0.00000e+00 | 65  0.00000  0.00000e+00 | 66  0.00000  0.00000e+00
 67 -0.00014 -1.19194e+01 | 68  0.80841  3.44984e-01 | 69  0.46449 -7.35631e+00
 70  0.13244 -6.71370e+00 | 71  0.39088  1.69322e+01 |
71 variables; iteration 40; function evaluation 47; phase 11
Function value 7.7785068e+02; maximum gradient component mag 1.4604e+01
Var    Value     Gradient |Var    Value     Gradient |Var    Value     Gradient
  1 -0.45787 -4.62847e+00 |  2 -0.04880  1.01344e+00 |  3  0.16689  1.82856e+00
  4 -0.42416  5.86821e+00 |  5 -0.38177  3.32431e+00 |  6 -0.38365  3.21018e+00
  7 -0.40004 -3.69362e-01 |  8 -0.02854  1.46035e+01 |  9 -0.09967 -6.46135e-01
 10 -0.04899  5.21675e-01 | 11 -0.04902  1.51682e-01 | 12 -0.03808  5.76173e-02
 13 -0.04602  1.75013e-01 | 14  0.05715  4.69380e-01 | 15  0.07865  5.03842e-01
 16 -0.03645  7.15255e-01 | 17  0.13018 -7.30719e-02 | 18 -0.02418  5.79745e-01
 19 -0.02647 -4.30779e-01 | 20  0.01495  1.42543e+00 | 21  0.09678  9.40360e-01
 22 -0.02211 -5.53643e-01 | 23  0.06615 -1.94900e+00 | 24  0.10384  2.53870e+00
 25  0.08866 -9.41580e-01 | 26  0.04870  8.85637e-01 | 27  0.04896 -2.59838e-01
 28  0.14110  1.30108e+00 | 29  0.01046 -1.27602e+00 | 30 -0.00540 -8.18994e-01
 31 -0.01334  1.70630e+00 | 32 -0.05532 -9.76645e-01 | 33  0.03347  1.81341e-01
 34 -0.02858 -1.36682e-01 | 35  0.02167 -1.37027e+00 | 36 -0.00449  2.28323e+00
 37 -0.10534  1.51748e+00 | 38 -0.04853 -1.54155e+00 | 39 -0.08628 -1.89407e+00
 40 -0.01395  3.06401e+00 | 41 -0.03861 -5.31647e+00 | 42  0.02643  9.84723e-01
 43 -0.04529  2.36105e+00 | 44 -0.04367  1.06418e-01 | 45 -0.03139  1.63142e+00
 46  0.00490  1.28284e+00 | 47  0.03288 -1.71394e+00 | 48 -0.03728 -3.22958e-01
 49 -0.06135  1.41547e+00 | 50 -0.00003 -1.46361e-03 | 51  0.00000  0.00000e+00
 52  0.00000  0.00000e+00 | 53  0.00000  0.00000e+00 | 54  0.00000  0.00000e+00
 55  0.00000  0.00000e+00 | 56  0.00000  0.00000e+00 | 57  0.00000  0.00000e+00
 58  0.00000  0.00000e+00 | 59  0.00000  0.00000e+00 | 60  0.00000  0.00000e+00
 61  0.00000  0.00000e+00 | 62  0.00000  0.00000e+00 | 63  0.00000  0.00000e+00
 64  0.00000  0.00000e+00 | 65  0.00000  0.00000e+00 | 66  0.00000  0.00000e+00
 67 -0.00014  1.27005e+00 | 68  0.80143 -4.17521e-01 | 69  0.46416 -7.51588e+00
 70  0.13532  1.12864e+00 | 71  0.39097  4.30010e-01 |
71 variables; iteration 60; function evaluation 77; phase 11
Function value 7.7781091e+02; maximum gradient component mag -5.2611e-01
Var    Value     Gradient |Var    Value     Gradient |Var    Value     Gradient
  1 -0.45815  1.93551e-01 |  2 -0.04884 -4.20298e-02 |  3  0.16678 -8.09565e-02
  4 -0.42383 -2.34846e-01 |  5 -0.38201 -1.29452e-01 |  6 -0.38400 -1.05672e-01
  7 -0.40012 -1.34158e-02 |  8 -0.02880 -5.26105e-01 |  9 -0.09697 -1.58480e-03
 10 -0.05113 -2.39434e-03 | 11 -0.04929  1.47516e-03 | 12 -0.03780 -2.59922e-03
 13 -0.04614 -5.59235e-03 | 14  0.05702 -6.85940e-03 | 15  0.07893 -1.02394e-02
 16 -0.03726 -7.72286e-03 | 17  0.13082 -1.62866e-02 | 18 -0.02479 -4.67554e-03
 19 -0.02507 -6.20205e-03 | 20  0.01403 -9.19505e-03 | 21  0.09695 -1.89025e-02
 22 -0.02141 -1.17916e-02 | 23  0.06794 -1.12560e-02 | 24  0.10251 -1.89064e-02
 25  0.09037 -1.17315e-02 | 26  0.04802 -1.18165e-02 | 27  0.04989 -9.90960e-03
 28  0.14094 -2.43498e-02 | 29  0.01185 -4.91477e-03 | 30 -0.00434 -1.41801e-02
 31 -0.01491 -5.40690e-03 | 32 -0.05279 -6.45075e-03 | 33  0.03356 -1.28361e-02
 34 -0.02840 -7.20004e-03 | 35  0.02300 -8.71453e-03 | 36 -0.00524 -6.01036e-03
 37 -0.10644 -9.06633e-03 | 38 -0.04740 -2.94004e-03 | 39 -0.08423  2.79108e-03
 40 -0.01573 -5.61743e-03 | 41 -0.03485  1.57846e-03 | 42  0.02601 -3.11950e-03
 43 -0.04645  8.16515e-04 | 44 -0.04301 -4.87182e-04 | 45 -0.03240 -5.57566e-04
 46  0.00398 -9.41430e-04 | 47  0.03409  4.99347e-03 | 48 -0.03720 -2.22495e-03
 49 -0.06457 -3.17803e-03 | 50 -0.00003 -9.41585e-04 | 51  0.00000  0.00000e+00
 52  0.00000  0.00000e+00 | 53  0.00000  0.00000e+00 | 54  0.00000  0.00000e+00
 55  0.00000  0.00000e+00 | 56  0.00000  0.00000e+00 | 57  0.00000  0.00000e+00
 58  0.00000  0.00000e+00 | 59  0.00000  0.00000e+00 | 60  0.00000  0.00000e+00
 61  0.00000  0.00000e+00 | 62  0.00000  0.00000e+00 | 63  0.00000  0.00000e+00
 64  0.00000  0.00000e+00 | 65  0.00000  0.00000e+00 | 66  0.00000  0.00000e+00
 67 -0.00014 -6.87329e-02 | 68  0.80750 -1.24101e-02 | 69  0.46440  1.84168e-01
 70  0.13497 -1.47580e-03 | 71  0.39096  1.43337e-02 |

 - final statistics:
71 variables; iteration 65; function evaluation 82
Function value 7.7781e+02; maximum gradient component mag 1.5307e-05
Exit code = 1;  converg criter 1.0000e-04
Var    Value     Gradient |Var    Value     Gradient |Var    Value     Gradient
  1 -0.45815 -6.98799e-06 |  2 -0.04884 -2.90329e-06 |  3  0.16678 -4.60815e-07
  4 -0.42396 -5.08542e-06 |  5 -0.38188  1.04209e-06 |  6 -0.38388 -3.84604e-06
  7 -0.39999 -2.02811e-06 |  8 -0.02880  1.53075e-05 |  9 -0.09698  7.45132e-07
 10 -0.05112  1.24404e-07 | 11 -0.04930  6.37385e-07 | 12 -0.03780 -6.39494e-08
 13 -0.04613 -2.78990e-07 | 14  0.05702  9.73964e-07 | 15  0.07893  1.26998e-06
 16 -0.03726  3.58162e-07 | 17  0.13082  1.58271e-06 | 18 -0.02479  6.04925e-07
 19 -0.02507  6.71081e-07 | 20  0.01403  3.52510e-07 | 21  0.09695  1.02745e-06
 22 -0.02140 -7.80635e-07 | 23  0.06793  1.02571e-06 | 24  0.10251 -3.41401e-07
 25  0.09037  7.04864e-07 | 26  0.04802 -1.35978e-07 | 27  0.04989  3.90912e-07
 28  0.14094  4.77588e-08 | 29  0.01185  1.06320e-06 | 30 -0.00434 -8.43030e-07
 31 -0.01492  7.04755e-07 | 32 -0.05279 -1.06393e-07 | 33  0.03356 -5.31127e-07
 34 -0.02840  7.70087e-07 | 35  0.02300 -5.26763e-07 | 36 -0.00524  4.74737e-07
 37 -0.10643 -1.88216e-06 | 38 -0.04740  2.98818e-07 | 39 -0.08423  4.85685e-07
 40 -0.01573 -4.39896e-07 | 41 -0.03485  3.10685e-07 | 42  0.02601 -2.89340e-07
 43 -0.04645  2.91947e-07 | 44 -0.04301 -4.78370e-07 | 45 -0.03240 -3.15675e-08
 46  0.00398 -1.07465e-06 | 47  0.03409  3.14294e-07 | 48 -0.03719 -6.36787e-07
 49 -0.06456  1.47828e-06 | 50 -0.00002 -9.34131e-07 | 51  0.00000  0.00000e+00
 52  0.00000  0.00000e+00 | 53  0.00000  0.00000e+00 | 54  0.00000  0.00000e+00
 55  0.00000  0.00000e+00 | 56  0.00000  0.00000e+00 | 57  0.00000  0.00000e+00
 58  0.00000  0.00000e+00 | 59  0.00000  0.00000e+00 | 60  0.00000  0.00000e+00
 61  0.00000  0.00000e+00 | 62  0.00000  0.00000e+00 | 63  0.00000  0.00000e+00
 64  0.00000  0.00000e+00 | 65  0.00000  0.00000e+00 | 66  0.00000  0.00000e+00
 67 -0.00014  4.06163e-07 | 68  0.80756  1.95140e-06 | 69  0.46440 -1.33820e-05
 70  0.13496  1.82585e-06 | 71  0.39096  1.48105e-06 |
Estimating row 1 out of 71 for hessian
Estimating row 2 out of 71 for hessian
Estimating row 3 out of 71 for hessian
Estimating row 4 out of 71 for hessian
Estimating row 5 out of 71 for hessian
Estimating row 6 out of 71 for hessian
Estimating row 7 out of 71 for hessian
Estimating row 8 out of 71 for hessian
Estimating row 9 out of 71 for hessian
Estimating row 10 out of 71 for hessian
Estimating row 11 out of 71 for hessian
Estimating row 12 out of 71 for hessian
Estimating row 13 out of 71 for hessian
Estimating row 14 out of 71 for hessian
Estimating row 15 out of 71 for hessian
Estimating row 16 out of 71 for hessian
Estimating row 17 out of 71 for hessian
Estimating row 18 out of 71 for hessian
Estimating row 19 out of 71 for hessian
Estimating row 20 out of 71 for hessian
Estimating row 21 out of 71 for hessian
Estimating row 22 out of 71 for hessian
Estimating row 23 out of 71 for hessian
Estimating row 24 out of 71 for hessian
Estimating row 25 out of 71 for hessian
Estimating row 26 out of 71 for hessian
Estimating row 27 out of 71 for hessian
Estimating row 28 out of 71 for hessian
Estimating row 29 out of 71 for hessian
Estimating row 30 out of 71 for hessian
Estimating row 31 out of 71 for hessian
Estimating row 32 out of 71 for hessian
Estimating row 33 out of 71 for hessian
Estimating row 34 out of 71 for hessian
Estimating row 35 out of 71 for hessian
Estimating row 36 out of 71 for hessian
Estimating row 37 out of 71 for hessian
Estimating row 38 out of 71 for hessian
Estimating row 39 out of 71 for hessian
Estimating row 40 out of 71 for hessian
Estimating row 41 out of 71 for hessian
Estimating row 42 out of 71 for hessian
Estimating row 43 out of 71 for hessian
Estimating row 44 out of 71 for hessian
Estimating row 45 out of 71 for hessian
Estimating row 46 out of 71 for hessian
Estimating row 47 out of 71 for hessian
Estimating row 48 out of 71 for hessian
Estimating row 49 out of 71 for hessian
Estimating row 50 out of 71 for hessian
Estimating row 51 out of 71 for hessian
Estimating row 52 out of 71 for hessian
Estimating row 53 out of 71 for hessian
Estimating row 54 out of 71 for hessian
Estimating row 55 out of 71 for hessian
Estimating row 56 out of 71 for hessian
Estimating row 57 out of 71 for hessian
Estimating row 58 out of 71 for hessian
Estimating row 59 out of 71 for hessian
Estimating row 60 out of 71 for hessian
Estimating row 61 out of 71 for hessian
Estimating row 62 out of 71 for hessian
Estimating row 63 out of 71 for hessian
Estimating row 64 out of 71 for hessian
Estimating row 65 out of 71 for hessian
Estimating row 66 out of 71 for hessian
Estimating row 67 out of 71 for hessian
Estimating row 68 out of 71 for hessian
Estimating row 69 out of 71 for hessian
Estimating row 70 out of 71 for hessian
Estimating row 71 out of 71 for hessian
size of file gradfil1.tmp = 0
size of file gradfil2.tmp = 0
size of file varssave.tmp = 0
size of file cmpdiff.tmp = 0
