
Initial statistics: 31 variables; iteration 0; function evaluation 0; phase 1
Function value 1.2481281e+03; maximum gradient component mag -1.5549e+05
Var    Value     Gradient |Var    Value     Gradient |Var    Value     Gradient
  1 -0.02679 -1.55487e+05 |  2  0.00000 -2.91203e+03 |  3  0.00000 -3.41656e+03
  4  0.00000 -3.94683e+03 |  5  0.00000 -4.33562e+03 |  6  0.00000 -4.83013e+03
  7  0.00000 -5.23582e+03 |  8  0.00000 -5.39747e+03 |  9  0.00000 -5.33439e+03
 10  0.00000 -5.24608e+03 | 11  0.00000 -5.16725e+03 | 12  0.00000 -4.62369e+03
 13  0.00000 -4.26999e+03 | 14  0.00000 -3.95908e+03 | 15  0.00000 -3.60975e+03
 16  0.00000 -2.79777e+03 | 17  0.00000 -1.28509e+03 | 18  0.00000 -5.88102e+02
 19  0.00000 -3.40886e+02 | 20  0.00000 -1.26751e+01 | 21  0.00000  3.21536e+01
 22  0.00000  6.84956e+01 | 23  0.00000 -8.93324e+01 | 24  0.00000 -1.36252e+02
 25  0.00000 -2.58746e+02 | 26  0.00000 -1.36283e+02 | 27  0.00000 -1.15672e+02
 28  0.00000 -1.30380e+02 | 29  0.00000 -1.60793e+02 | 30  0.00000 -1.21852e+02
 31  0.00000  1.56541e+01 |

Intermediate statistics: 31 variables; iteration 20; function evaluation 32; phase 1
Function value 8.6050734e+02; maximum gradient component mag 2.2886e+03
Var    Value     Gradient |Var    Value     Gradient |Var    Value     Gradient
  1 -0.03313  2.28859e+03 |  2 -0.43266 -7.31870e+01 |  3  0.04693  4.09519e+00
  4  0.11257  5.08254e+01 |  5 -0.03570  1.94248e+01 |  6  0.08683  1.24753e+02
  7  0.13162  1.86223e+02 |  8  0.07031  2.44127e+01 |  9  0.02088 -2.98037e+01
 10  0.03877 -3.70072e+00 | 11  0.13285  3.81432e+01 | 12  0.01446  3.69492e+01
 13  0.00179  2.97371e+01 | 14 -0.02791 -1.13449e+01 | 15 -0.12425 -3.24814e+01
 16  0.01066  6.75303e+00 | 17  0.03977  1.90000e+02 | 18  0.08999  3.50847e+02
 19  0.05346  2.01895e+02 | 20 -0.11361  7.67048e-01 | 21 -0.01931  3.22970e-01
 22 -0.01531  3.18383e+01 | 23  0.02461 -1.79749e+01 | 24  0.05950  7.38386e+01
 25  0.14480  1.43648e+02 | 26  0.07672  7.04303e+01 | 27  0.05912  2.92569e+01
 28  0.06677  4.20050e+01 | 29  0.11567  7.62918e+01 | 30  0.12117  4.76392e+01
 31 -0.01563 -1.95948e+01 |
31 variables; iteration 40; function evaluation 60; phase 1
Function value 8.0329489e+02; maximum gradient component mag -2.0538e+03
Var    Value     Gradient |Var    Value     Gradient |Var    Value     Gradient
  1 -0.03004 -2.05377e+03 |  2 -0.05654 -4.31060e+01 |  3 -0.01959 -5.04650e+01
  4  0.12110 -8.12471e+01 |  5 -0.21684 -5.06351e+01 |  6  0.07452 -6.67970e+01
  7  0.08617 -6.53081e+01 |  8  0.07946 -6.20656e+01 |  9  0.03248 -5.50253e+01
 10  0.02638 -5.62887e+01 | 11  0.14268 -6.62539e+01 | 12 -0.02374 -5.43741e+01
 13 -0.01866 -5.47315e+01 | 14 -0.01542 -5.58351e+01 | 15 -0.15623 -5.11627e+01
 16  0.03932 -4.10234e+01 | 17 -0.03424 -1.01597e+01 | 18  0.02326 -6.78353e+00
 19  0.00008 -4.72022e+00 | 20 -0.09710  8.09429e-01 | 21 -0.02457  2.62668e+00
 22 -0.05813  2.09780e+00 | 23  0.02729  2.43034e-01 | 24  0.01219  4.16469e-02
 25  0.09636 -1.90892e+00 | 26  0.02642 -2.31108e-01 | 27  0.03609  1.77920e+00
 28  0.03539  3.12528e+00 | 29  0.06764 -1.84476e+00 | 30  0.07218 -4.83158e+00
 31  0.00196  5.42693e-01 |
31 variables; iteration 60; function evaluation 80; phase 1
Function value 8.0099253e+02; maximum gradient component mag -1.4112e+03
Var    Value     Gradient |Var    Value     Gradient |Var    Value     Gradient
  1 -0.03038 -1.41120e+03 |  2 -0.03301 -1.51295e+01 |  3  0.00238 -2.06028e+01
  4  0.10392 -3.15442e+01 |  5 -0.08769 -3.25502e+01 |  6  0.06556 -3.55364e+01
  7  0.09121 -3.27726e+01 |  8  0.08196 -3.04670e+01 |  9  0.03523 -3.39415e+01
 10  0.03380 -3.56190e+01 | 11  0.14179 -4.62133e+01 | 12 -0.01949 -4.88710e+01
 13 -0.02280 -5.24846e+01 | 14 -0.00687 -5.61056e+01 | 15 -0.22593 -5.57237e+01
 16  0.04968 -4.98506e+01 | 17 -0.07477 -3.00165e+01 | 18  0.03988  9.21183e+00
 19 -0.00787 -1.22947e+01 | 20 -0.09528 -1.29139e+00 | 21 -0.02536 -1.46544e+00
 22 -0.05949 -7.48256e-01 | 23  0.02876  1.87649e+00 | 24  0.01249 -5.83441e-01
 25  0.09518 -6.85162e+00 | 26  0.02790  9.03499e-02 | 27  0.03570  2.84177e-01
 28  0.03356  5.23348e-01 | 29  0.06958 -1.58792e+00 | 30  0.07331 -4.04271e+00
 31  0.00253  7.34484e-01 |

 - final statistics:
31 variables; iteration 74; function evaluation 94
Function value 7.9323e+02; maximum gradient component mag -2.7039e+00
Exit code = 1;  converg criter 1.0000e+01
Var    Value     Gradient |Var    Value     Gradient |Var    Value     Gradient
  1 -0.02898 -2.70394e+00 |  2 -0.03473 -4.12206e-02 |  3  0.00636 -4.72371e-02
  4  0.08514 -1.05800e-01 |  5 -0.03330 -6.23195e-02 |  6  0.05705 -3.79615e-02
  7  0.08897 -4.88967e-02 |  8  0.07581 -3.14369e-03 |  9  0.03578 -1.07624e-02
 10  0.03656 -5.53121e-02 | 11  0.12714 -1.00017e-01 | 12 -0.00265 -3.22467e-02
 13 -0.01513 -2.70710e-02 | 14 -0.02716 -6.01251e-02 | 15 -0.06309 -7.56984e-02
 16  0.02291 -1.66207e-01 | 17 -0.03634 -7.57344e-02 | 18  0.01803 -1.53471e-01
 19 -0.00310 -1.25670e-01 | 20 -0.10164 -3.75098e-02 | 21 -0.02832 -2.72499e-02
 22 -0.06135 -8.54198e-03 | 23  0.02523  3.81403e-03 | 24  0.00994  1.30245e-02
 25  0.09473  2.56927e-02 | 26  0.02454 -2.58255e-02 | 27  0.03320 -9.98607e-03
 28  0.03038 -1.08307e-02 | 29  0.06787 -3.32947e-02 | 30  0.07446 -6.56348e-04
 31 -0.00009  4.56530e-03 |

Initial statistics: 45 variables; iteration 0; function evaluation 0; phase 2
Function value 7.9323275e+02; maximum gradient component mag -1.6161e+02
Var    Value     Gradient |Var    Value     Gradient |Var    Value     Gradient
  1 -0.38334 -7.68419e+01 |  2 -0.04853 -4.33937e+01 |  3  0.16760 -2.44524e+01
  4 -0.41976 -8.94490e+01 |  5 -0.02898 -2.70394e+00 |  6  0.00000  9.81968e+01
  7  0.00000  3.40469e+01 |  8  0.00000  3.99949e+01 |  9  0.00000  4.37721e+01
 10  0.00000  4.31816e+01 | 11  0.00000 -1.17303e+01 | 12  0.00000 -4.28090e+01
 13  0.00000  1.41677e+01 | 14  0.00000 -1.61611e+02 | 15  0.00000 -1.06541e+01
 16 -0.03473 -4.12206e-02 | 17  0.00636 -4.72371e-02 | 18  0.08514 -1.05800e-01
 19 -0.03330 -6.23195e-02 | 20  0.05705 -3.79615e-02 | 21  0.08897 -4.88967e-02
 22  0.07581 -3.14369e-03 | 23  0.03578 -1.07624e-02 | 24  0.03656 -5.53121e-02
 25  0.12714 -1.00017e-01 | 26 -0.00265 -3.22467e-02 | 27 -0.01513 -2.70710e-02
 28 -0.02716 -6.01251e-02 | 29 -0.06309 -7.56984e-02 | 30  0.02291 -1.66207e-01
 31 -0.03634 -7.57344e-02 | 32  0.01803 -1.53471e-01 | 33 -0.00310 -1.25670e-01
 34 -0.10164 -3.75098e-02 | 35 -0.02832 -2.72499e-02 | 36 -0.06135 -8.54198e-03
 37  0.02523  3.81403e-03 | 38  0.00994  1.30245e-02 | 39  0.09473  2.56927e-02
 40  0.02454 -2.58255e-02 | 41  0.03320 -9.98607e-03 | 42  0.03038 -1.08307e-02
 43  0.06787 -3.32947e-02 | 44  0.07446 -6.56348e-04 | 45 -0.00009  4.56530e-03

Intermediate statistics: 45 variables; iteration 20; function evaluation 28; phase 2
Function value 7.7621537e+02; maximum gradient component mag 1.1345e+03
Var    Value     Gradient |Var    Value     Gradient |Var    Value     Gradient
  1 -0.41857 -5.79032e+02 |  2 -0.05540  4.91406e+00 |  3  0.17143  2.39689e+02
  4 -0.41633  6.50422e+02 |  5 -0.03920  1.13453e+03 |  6 -0.08247  4.85760e+01
  7 -0.05591  1.55541e+01 |  8 -0.06220  1.52724e+01 |  9 -0.06025  1.54837e+01
 10 -0.05483  1.95128e+01 | 11  0.01653  1.79134e+01 | 12  0.03917  1.26621e+01
 13 -0.06525  3.84780e+00 | 14  0.08726 -2.22975e+01 | 15 -0.06614 -7.46220e+00
 16 -0.04619  9.16437e+00 | 17 -0.00779  1.13397e+01 | 18  0.07202  2.39417e+01
 19 -0.04183  1.11354e+01 | 20  0.05122  3.91786e+01 | 21  0.08737  6.34205e+01
 22  0.07031  4.29754e+01 | 23  0.02822  2.55521e+01 | 24  0.02958  2.87325e+01
 25  0.12055  6.16590e+01 | 26 -0.00906  2.12799e+01 | 27 -0.02157  2.02524e+01
 28 -0.03295  1.68945e+01 | 29 -0.06966  1.27554e+01 | 30  0.01694  2.44324e+01
 31 -0.04206  1.38099e+01 | 32  0.01416  1.85431e+01 | 33 -0.00836  1.11119e+01
 34 -0.10626  3.79270e+00 | 35 -0.03261  7.84078e+00 | 36 -0.06558  2.19419e+00
 37  0.02206  4.90056e+00 | 38  0.00813  1.83620e+00 | 39  0.09394  3.09702e+00
 40  0.02371 -3.78956e+00 | 41  0.02959 -5.33569e+00 | 42  0.03114 -8.36116e-01
 43  0.06625  5.03610e-01 | 44  0.07317 -7.76799e+00 | 45  0.00045 -4.70038e+00
45 variables; iteration 40; function evaluation 57; phase 2
Function value 7.7106206e+02; maximum gradient component mag 2.1045e+02
Var    Value     Gradient |Var    Value     Gradient |Var    Value     Gradient
  1 -0.38850 -9.25183e+01 |  2 -0.04803  7.76859e+00 |  3  0.16768  2.43260e+01
  4 -0.41995  5.75352e+01 |  5 -0.02986  2.10447e+02 |  6 -0.11182  6.91620e+00
  7 -0.06527  2.38519e+00 |  8 -0.06070  3.90163e+00 |  9 -0.05517  3.51161e+00
 10 -0.06287  2.72737e+00 | 11  0.02952  2.69361e+00 | 12  0.05859  7.93857e+00
 13 -0.04932  5.95668e+00 | 14  0.11142  1.01753e+01 | 15 -0.04065  4.14777e+00
 16 -0.04156  3.55867e+00 | 17 -0.00460  2.33496e+00 | 18  0.07956  1.06595e+01
 19 -0.03545  4.64036e+00 | 20  0.05333  5.13147e+00 | 21  0.08711  5.02638e+00
 22  0.07228  2.50245e+00 | 23  0.03508  4.41135e+00 | 24  0.03464  2.32385e+00
 25  0.12397  4.10282e+00 | 26 -0.00058  7.28794e+00 | 27 -0.01612  3.28848e+00
 28 -0.03236 -3.35886e+00 | 29 -0.06772 -2.00107e+00 | 30  0.02090  1.86392e+00
 31 -0.03422  4.02300e+00 | 32  0.01422 -1.51006e+00 | 33 -0.00401  1.42432e+00
 34 -0.10271  1.03864e+00 | 35 -0.02915  1.32088e+00 | 36 -0.06437 -2.06851e+00
 37  0.02386  1.44705e-01 | 38  0.01155  3.06127e+00 | 39  0.09132 -3.24885e+00
 40  0.03161  9.55711e+00 | 41  0.03498  3.16289e+00 | 42  0.02568 -5.09843e+00
 43  0.06307 -5.45765e+00 | 44  0.07423 -1.91528e-01 | 45  0.00355  2.47686e+00

 - final statistics:
45 variables; iteration 53; function evaluation 78
Function value 7.7087e+02; maximum gradient component mag 5.4580e+00
Exit code = 1;  converg criter 1.0000e+01
Var    Value     Gradient |Var    Value     Gradient |Var    Value     Gradient
  1 -0.38713 -2.35536e+00 |  2 -0.04842  2.99359e-01 |  3  0.16659  5.44656e-01
  4 -0.41953  1.26541e+00 |  5 -0.02972  5.45804e+00 |  6 -0.12055  2.23300e-01
  7 -0.06649  4.87939e-02 |  8 -0.06597  6.39120e-02 |  9 -0.05657  6.25099e-02
 10 -0.06339  8.59469e-02 | 11  0.03585  9.09118e-02 | 12  0.05814  1.17464e-01
 13 -0.05272  1.33407e-01 | 14  0.11277  3.23545e-01 | 15 -0.04130  1.42375e-01
 16 -0.04125  1.09142e-01 | 17 -0.00099  1.62101e-01 | 18  0.07924  3.33232e-01
 19 -0.03626  1.04027e-01 | 20  0.05439  9.65774e-02 | 21  0.08723  1.18308e-01
 22  0.07415  1.03910e-01 | 23  0.03436  3.78709e-02 | 24  0.03537  8.39045e-02
 25  0.12556  1.28203e-01 | 26 -0.00395  5.59702e-02 | 27 -0.01651  8.34670e-02
 28 -0.02834  4.78698e-02 | 29 -0.06436  2.28941e-02 | 30  0.02175  5.76121e-02
 31 -0.03751  2.21135e-02 | 32  0.01698  1.18592e-02 | 33 -0.00428  1.66672e-02
 34 -0.10259  1.08896e-02 | 35 -0.02954 -2.80898e-02 | 36 -0.06227 -3.09025e-02
 37  0.02429  5.20333e-03 | 38  0.00927 -4.31752e-02 | 39  0.09402  2.42752e-02
 40  0.02419  2.35254e-02 | 41  0.03275  2.19751e-02 | 42  0.03009 -4.18043e-02
 43  0.06731  1.01509e-02 | 44  0.07448  3.21871e-02 | 45  0.00044  1.68483e-02

Initial statistics: 49 variables; iteration 0; function evaluation 0; phase 3
Function value 7.7087024e+02; maximum gradient component mag -2.1525e+01
Var    Value     Gradient |Var    Value     Gradient |Var    Value     Gradient
  1 -0.38713 -2.35536e+00 |  2 -0.04842  2.99359e-01 |  3  0.16659  5.44656e-01
  4 -0.41953  1.26541e+00 |  5 -0.02972  5.45804e+00 |  6 -0.12055  2.23300e-01
  7 -0.06649  4.87939e-02 |  8 -0.06597  6.39120e-02 |  9 -0.05657  6.25099e-02
 10 -0.06339  8.59469e-02 | 11  0.03585  9.09118e-02 | 12  0.05814  1.17464e-01
 13 -0.05272  1.33407e-01 | 14  0.11277  3.23545e-01 | 15 -0.04130  1.42375e-01
 16 -0.04125  1.09142e-01 | 17 -0.00099  1.62101e-01 | 18  0.07924  3.33232e-01
 19 -0.03626  1.04027e-01 | 20  0.05439  9.65774e-02 | 21  0.08723  1.18308e-01
 22  0.07415  1.03910e-01 | 23  0.03436  3.78709e-02 | 24  0.03537  8.39045e-02
 25  0.12556  1.28203e-01 | 26 -0.00395  5.59702e-02 | 27 -0.01651  8.34670e-02
 28 -0.02834  4.78698e-02 | 29 -0.06436  2.28941e-02 | 30  0.02175  5.76121e-02
 31 -0.03751  2.21135e-02 | 32  0.01698  1.18592e-02 | 33 -0.00428  1.66672e-02
 34 -0.10259  1.08896e-02 | 35 -0.02954 -2.80898e-02 | 36 -0.06227 -3.09025e-02
 37  0.02429  5.20333e-03 | 38  0.00927 -4.31752e-02 | 39  0.09402  2.42752e-02
 40  0.02419  2.35254e-02 | 41  0.03275  2.19751e-02 | 42  0.03009 -4.18043e-02
 43  0.06731  1.01509e-02 | 44  0.07448  3.21871e-02 | 45  0.00044  1.68483e-02
 46  0.80442  7.17178e-01 | 47  0.46419 -2.15245e+01 | 48  0.13329  5.36101e+00
 49  0.38458 -4.07675e+00 |

Intermediate statistics: 49 variables; iteration 20; function evaluation 25; phase 3
Function value 7.7086093e+02; maximum gradient component mag -2.5407e+01
Var    Value     Gradient |Var    Value     Gradient |Var    Value     Gradient
  1 -0.38828  1.14606e+01 |  2 -0.04868  8.88088e-01 |  3  0.16502 -1.54372e+00
  4 -0.41887 -1.40253e+00 |  5 -0.03013 -2.54070e+01 |  6 -0.12173 -2.99775e-01
  7 -0.06689 -1.73847e-01 |  8 -0.06639 -2.12562e-01 |  9 -0.05695 -2.81901e-01
 10 -0.06375 -2.93739e-01 | 11  0.03574 -6.01968e-01 | 12  0.05821 -6.62319e-01
 13 -0.05308 -3.22188e-01 | 14  0.11270 -6.93774e-01 | 15 -0.04117 -2.14699e-01
 16 -0.04144 -2.96167e-01 | 17 -0.00103 -2.84088e-01 | 18  0.07951 -4.66914e-01
 19 -0.03649 -3.86175e-01 | 20  0.05433 -5.90227e-01 | 21  0.08749 -1.00852e+00
 22  0.07392 -1.36342e+00 | 23  0.03443 -7.39394e-01 | 24  0.03539 -6.55545e-01
 25  0.12548 -1.49018e+00 | 26 -0.00394 -6.89999e-01 | 27 -0.01684 -5.99326e-01
 28 -0.02830 -5.81202e-01 | 29 -0.06465 -4.98454e-01 | 30  0.02185 -8.12327e-01
 31 -0.03729 -3.47489e-01 | 32  0.01688 -6.09628e-01 | 33 -0.00438 -4.39155e-01
 34 -0.10247 -1.34589e-01 | 35 -0.02958 -1.33785e-03 | 36 -0.06206  4.06890e-02
 37  0.02421  3.47033e-01 | 38  0.00964  2.38998e-01 | 39  0.09399  7.20357e-01
 40  0.02466  2.47690e-01 | 41  0.03216  1.05054e-01 | 42  0.03094  3.74269e-01
 43  0.06730  1.12668e-01 | 44  0.07419 -3.59190e-02 | 45 -0.00005  5.50050e-02
 46  0.80130 -1.21313e-03 | 47  0.46432 -7.21287e+00 | 48  0.13119  9.60887e-01
 49  0.38432  1.75939e+00 |
49 variables; iteration 40; function evaluation 49; phase 3
Function value 7.7085735e+02; maximum gradient component mag -3.3379e+00
Var    Value     Gradient |Var    Value     Gradient |Var    Value     Gradient
  1 -0.38923  1.50057e+00 |  2 -0.04876  8.05829e-02 |  3  0.16472 -2.69593e-01
  4 -0.41878 -2.84993e-01 |  5 -0.03034 -3.33787e+00 |  6 -0.12201 -5.51071e-03
  7 -0.06727 -8.46532e-02 |  8 -0.06684 -1.25346e-01 |  9 -0.05732 -1.51879e-01
 10 -0.06418 -1.63844e-01 | 11  0.03561 -1.18557e-01 | 12  0.05796 -9.24284e-02
 13 -0.05321 -4.27369e-02 | 14  0.11240 -1.05683e-01 | 15 -0.04133  1.17829e-03
 16 -0.04171 -1.01220e-01 | 17 -0.00128 -7.41306e-02 | 18  0.07933 -6.16315e-02
 19 -0.03682 -1.93019e-01 | 20  0.05417 -6.15273e-02 | 21  0.08745 -1.60551e-01
 22  0.07377 -2.57276e-01 | 23  0.03428 -5.76485e-02 | 24  0.03523 -8.83142e-02
 25  0.12523 -2.73843e-01 | 26 -0.00411 -8.28223e-02 | 27 -0.01709 -4.35151e-02
 28 -0.02844 -6.80246e-02 | 29 -0.06494 -1.27061e-01 | 30  0.02186 -8.17149e-02
 31 -0.03752 -1.13514e-01 | 32  0.01669 -1.44788e-01 | 33 -0.00455 -8.83896e-02
 34 -0.10256 -2.77676e-02 | 35 -0.02984 -8.02726e-02 | 36 -0.06225 -4.60634e-02
 37  0.02395  8.25556e-02 | 38  0.00947 -7.09285e-02 | 39  0.09362  5.88216e-02
 40  0.02443 -2.20403e-02 | 41  0.03196  3.78936e-03 | 42  0.03054 -1.48767e-01
 43  0.06731  4.54528e-02 | 44  0.07398  1.50381e-02 | 45 -0.00045 -5.98657e-02
 46  0.80214  2.83915e-02 | 47  0.46451 -8.43106e-01 | 48  0.12951  7.60197e-02
 49  0.38373  2.54263e-01 |

 - final statistics:
49 variables; iteration 50; function evaluation 65
Function value 7.7086e+02; maximum gradient component mag -8.4641e-01
Exit code = 1;  converg criter 1.0000e+00
Var    Value     Gradient |Var    Value     Gradient |Var    Value     Gradient
  1 -0.38933  3.73698e-01 |  2 -0.04876  2.40242e-02 |  3  0.16475 -4.95533e-02
  4 -0.41879 -7.56897e-02 |  5 -0.03045 -8.46412e-01 |  6 -0.12203  7.41108e-03
  7 -0.06716 -5.00084e-02 |  8 -0.06653 -3.22923e-02 |  9 -0.05701 -4.03076e-02
 10 -0.06377 -3.16691e-02 | 11  0.03571 -5.28860e-02 | 12  0.05810 -3.25991e-02
 13 -0.05307 -6.93678e-03 | 14  0.11255 -4.06922e-02 | 15 -0.04129 -8.22388e-03
 16 -0.04144  3.88177e-02 | 17 -0.00107  2.44652e-02 | 18  0.07942 -3.87109e-02
 19 -0.03648 -5.82483e-02 | 20  0.05428 -1.71378e-02 | 21  0.08763 -3.53319e-02
 22  0.07396 -7.63473e-02 | 23  0.03441 -4.73045e-03 | 24  0.03538 -3.02270e-02
 25  0.12541 -6.77279e-02 | 26 -0.00397 -3.31392e-02 | 27 -0.01698 -1.88660e-02
 28 -0.02829 -5.13593e-03 | 29 -0.06472 -3.51902e-02 | 30  0.02199 -3.13460e-02
 31 -0.03728  1.53371e-03 | 32  0.01685 -4.79450e-02 | 33 -0.00437 -1.30986e-02
 34 -0.10243 -2.58681e-02 | 35 -0.02968 -3.94798e-02 | 36 -0.06202  4.00100e-02
 37  0.02405 -7.15652e-04 | 38  0.00970 -4.81325e-04 | 39  0.09374 -1.69712e-03
 40  0.02465  1.63071e-02 | 41  0.03200 -5.96116e-02 | 42  0.03082 -5.72248e-02
 43  0.06746  7.77461e-02 | 44  0.07409 -6.25927e-04 | 45 -0.00030 -2.52564e-02
 46  0.80197  8.07458e-03 | 47  0.46452 -2.15801e-01 | 48  0.12938  2.92092e-02
 49  0.38370  7.25707e-02 |

Initial statistics: 53 variables; iteration 0; function evaluation 0; phase 4
Function value 7.7085707e+02; maximum gradient component mag -7.4157e+00
Var    Value     Gradient |Var    Value     Gradient |Var    Value     Gradient
  1 -0.38933  3.73698e-01 |  2 -0.04876  2.40242e-02 |  3  0.16475 -4.95533e-02
  4 -0.41879 -7.56897e-02 |  5 -0.53834  2.04581e-01 |  6 -0.33979  1.27395e-01
  7 -0.38679 -7.41572e+00 |  8 -0.39030  7.30894e+00 |  9 -0.03045 -8.46412e-01
 10 -0.12203  7.41108e-03 | 11 -0.06716 -5.00084e-02 | 12 -0.06653 -3.22923e-02
 13 -0.05701 -4.03076e-02 | 14 -0.06377 -3.16691e-02 | 15  0.03571 -5.28860e-02
 16  0.05810 -3.25991e-02 | 17 -0.05307 -6.93678e-03 | 18  0.11255 -4.06922e-02
 19 -0.04129 -8.22388e-03 | 20 -0.04144  3.88177e-02 | 21 -0.00107  2.44652e-02
 22  0.07942 -3.87109e-02 | 23 -0.03648 -5.82483e-02 | 24  0.05428 -1.71378e-02
 25  0.08763 -3.53319e-02 | 26  0.07396 -7.63473e-02 | 27  0.03441 -4.73045e-03
 28  0.03538 -3.02270e-02 | 29  0.12541 -6.77279e-02 | 30 -0.00397 -3.31392e-02
 31 -0.01698 -1.88660e-02 | 32 -0.02829 -5.13593e-03 | 33 -0.06472 -3.51902e-02
 34  0.02199 -3.13460e-02 | 35 -0.03728  1.53371e-03 | 36  0.01685 -4.79450e-02
 37 -0.00437 -1.30986e-02 | 38 -0.10243 -2.58681e-02 | 39 -0.02968 -3.94798e-02
 40 -0.06202  4.00100e-02 | 41  0.02405 -7.15652e-04 | 42  0.00970 -4.81325e-04
 43  0.09374 -1.69712e-03 | 44  0.02465  1.63071e-02 | 45  0.03200 -5.96116e-02
 46  0.03082 -5.72248e-02 | 47  0.06746  7.77461e-02 | 48  0.07409 -6.25927e-04
 49 -0.00030 -2.52564e-02 | 50  0.80197  8.07458e-03 | 51  0.46452 -2.15801e-01
 52  0.12938  2.92092e-02 | 53  0.38370  7.25707e-02 |

Intermediate statistics: 53 variables; iteration 20; function evaluation 22; phase 4
Function value 7.7085621e+02; maximum gradient component mag -3.5887e+00
Var    Value     Gradient |Var    Value     Gradient |Var    Value     Gradient
  1 -0.38963 -1.12933e+00 |  2 -0.04876 -8.91744e-01 |  3  0.16460 -8.55845e-01
  4 -0.41879 -3.58874e+00 |  5 -0.53830 -1.18735e+00 |  6 -0.34008  3.51175e-01
  7 -0.38668 -1.94549e+00 |  8 -0.39042 -1.77121e+00 |  9 -0.03059  1.40311e+00
 10 -0.12217  1.11274e-01 | 11 -0.06696  6.55110e-02 | 12 -0.06645  6.90142e-02
 13 -0.05692  8.39996e-02 | 14 -0.06371  8.56189e-02 | 15  0.03571  1.87297e-01
 16  0.05817  2.71495e-01 | 17 -0.05310  9.00645e-02 | 18  0.11259  4.73886e-01
 19 -0.04120  1.50429e-01 | 20 -0.04151  1.16217e-01 | 21 -0.00113  1.69791e-01
 22  0.07949  3.76384e-01 | 23 -0.03623  1.53604e-01 | 24  0.05428  6.47026e-02
 25  0.08764 -5.43948e-02 | 26  0.07416  9.35086e-02 | 27  0.03453  8.68956e-03
 28  0.03543 -2.01570e-01 | 29  0.12554 -2.45382e-01 | 30 -0.00379 -1.16973e-02
 31 -0.01680  2.94878e-02 | 32 -0.02810 -9.13512e-03 | 33 -0.06460 -1.62357e-02
 34  0.02215 -1.43004e-01 | 35 -0.03714 -9.72477e-02 | 36  0.01703 -1.47935e-01
 37 -0.00433 -8.30684e-02 | 38 -0.10229 -1.89412e-02 | 39 -0.02949  2.51129e-02
 40 -0.06195 -2.00340e-02 | 41  0.02417 -4.57927e-02 | 42  0.00977 -1.00104e-01
 43  0.09378 -1.29681e-01 | 44  0.02456 -1.10672e-01 | 45  0.03202 -5.58288e-02
 46  0.03090 -9.62898e-02 | 47  0.06734 -1.38049e-01 | 48  0.07416 -6.84242e-02
 49 -0.00033  3.66745e-02 | 50  0.80167  2.69525e-03 | 51  0.46454 -1.13399e-01
 52  0.12929 -1.82469e-01 | 53  0.38372  4.07121e-01 |

 - final statistics:
53 variables; iteration 28; function evaluation 30
Function value 7.7086e+02; maximum gradient component mag -8.9173e-01
Exit code = 1;  converg criter 1.0000e+00
Var    Value     Gradient |Var    Value     Gradient |Var    Value     Gradient
  1 -0.39000 -7.65018e-02 |  2 -0.04878 -2.10180e-01 |  3  0.16460 -2.34215e-01
  4 -0.41870 -8.91731e-01 |  5 -0.53765 -1.35400e-01 |  6 -0.33967  9.98182e-02
  7 -0.38671 -4.85130e-01 |  8 -0.39048 -4.38945e-01 |  9 -0.03052 -4.06843e-02
 10 -0.12209  6.61663e-02 | 11 -0.06687  5.27673e-02 | 12 -0.06644  3.22419e-02
 13 -0.05693  3.05877e-02 | 14 -0.06374  1.57631e-02 | 15  0.03563  1.65916e-02
 16  0.05813  6.24409e-02 | 17 -0.05315 -4.12241e-03 | 18  0.11252  1.02083e-01
 19 -0.04125  1.73976e-02 | 20 -0.04162 -4.40381e-02 | 21 -0.00120 -2.64764e-03
 22  0.07942  8.99076e-02 | 23 -0.03624  5.73507e-02 | 24  0.05422 -2.97802e-02
 25  0.08760 -5.66230e-02 | 26  0.07412  3.50456e-02 | 27  0.03451  3.53055e-02
 28  0.03543 -5.53933e-02 | 29  0.12555 -6.70813e-02 | 30 -0.00378  1.20192e-02
 31 -0.01690 -8.19246e-02 | 32 -0.02816 -7.68722e-02 | 33 -0.06464 -3.20627e-02
 34  0.02214 -2.30430e-02 | 35 -0.03711  2.23161e-02 | 36  0.01699 -6.79440e-02
 37 -0.00434 -1.20223e-02 | 38 -0.10228  4.42225e-02 | 39 -0.02954  3.28825e-02
 40 -0.06200 -2.23787e-02 | 41  0.02412 -7.58796e-03 | 42  0.00975  2.81811e-02
 43  0.09372 -1.91964e-02 | 44  0.02452 -3.69269e-02 | 45  0.03192 -6.71386e-02
 46  0.03085 -2.87059e-02 | 47  0.06731 -4.91663e-02 | 48  0.07405 -1.16053e-01
 49 -0.00036  1.57171e-02 | 50  0.80169 -9.41947e-03 | 51  0.46453  4.44145e-02
 52  0.12938  2.71936e-02 | 53  0.38373  1.26184e-01 |

 - final statistics:
53 variables; iteration 0; function evaluation 0
Function value 7.7086e+02; maximum gradient component mag -8.9173e-01
Exit code = 0;  converg criter 1.0000e+00
Var    Value     Gradient |Var    Value     Gradient |Var    Value     Gradient
  1 -0.39000 -7.65018e-02 |  2 -0.04878 -2.10180e-01 |  3  0.16460 -2.34215e-01
  4 -0.41870 -8.91731e-01 |  5 -0.53765 -1.35400e-01 |  6 -0.33967  9.98182e-02
  7 -0.38671 -4.85130e-01 |  8 -0.39048 -4.38945e-01 |  9 -0.03052 -4.06843e-02
 10 -0.12209  6.61663e-02 | 11 -0.06687  5.27673e-02 | 12 -0.06644  3.22419e-02
 13 -0.05693  3.05877e-02 | 14 -0.06374  1.57631e-02 | 15  0.03563  1.65916e-02
 16  0.05813  6.24409e-02 | 17 -0.05315 -4.12241e-03 | 18  0.11252  1.02083e-01
 19 -0.04125  1.73976e-02 | 20 -0.04162 -4.40381e-02 | 21 -0.00120 -2.64764e-03
 22  0.07942  8.99076e-02 | 23 -0.03624  5.73507e-02 | 24  0.05422 -2.97802e-02
 25  0.08760 -5.66230e-02 | 26  0.07412  3.50456e-02 | 27  0.03451  3.53055e-02
 28  0.03543 -5.53933e-02 | 29  0.12555 -6.70813e-02 | 30 -0.00378  1.20192e-02
 31 -0.01690 -8.19246e-02 | 32 -0.02816 -7.68722e-02 | 33 -0.06464 -3.20627e-02
 34  0.02214 -2.30430e-02 | 35 -0.03711  2.23161e-02 | 36  0.01699 -6.79440e-02
 37 -0.00434 -1.20223e-02 | 38 -0.10228  4.42225e-02 | 39 -0.02954  3.28825e-02
 40 -0.06200 -2.23787e-02 | 41  0.02412 -7.58796e-03 | 42  0.00975  2.81811e-02
 43  0.09372 -1.91964e-02 | 44  0.02452 -3.69269e-02 | 45  0.03192 -6.71386e-02
 46  0.03085 -2.87059e-02 | 47  0.06731 -4.91663e-02 | 48  0.07405 -1.16053e-01
 49 -0.00036  1.57171e-02 | 50  0.80169 -9.41947e-03 | 51  0.46453  4.44145e-02
 52  0.12938  2.71936e-02 | 53  0.38373  1.26184e-01 |

 - final statistics:
53 variables; iteration 0; function evaluation 0
Function value 7.7086e+02; maximum gradient component mag -8.9173e-01
Exit code = 0;  converg criter 1.0000e+00
Var    Value     Gradient |Var    Value     Gradient |Var    Value     Gradient
  1 -0.39000 -7.65018e-02 |  2 -0.04878 -2.10180e-01 |  3  0.16460 -2.34215e-01
  4 -0.41870 -8.91731e-01 |  5 -0.53765 -1.35400e-01 |  6 -0.33967  9.98182e-02
  7 -0.38671 -4.85130e-01 |  8 -0.39048 -4.38945e-01 |  9 -0.03052 -4.06843e-02
 10 -0.12209  6.61663e-02 | 11 -0.06687  5.27673e-02 | 12 -0.06644  3.22419e-02
 13 -0.05693  3.05877e-02 | 14 -0.06374  1.57631e-02 | 15  0.03563  1.65916e-02
 16  0.05813  6.24409e-02 | 17 -0.05315 -4.12241e-03 | 18  0.11252  1.02083e-01
 19 -0.04125  1.73976e-02 | 20 -0.04162 -4.40381e-02 | 21 -0.00120 -2.64764e-03
 22  0.07942  8.99076e-02 | 23 -0.03624  5.73507e-02 | 24  0.05422 -2.97802e-02
 25  0.08760 -5.66230e-02 | 26  0.07412  3.50456e-02 | 27  0.03451  3.53055e-02
 28  0.03543 -5.53933e-02 | 29  0.12555 -6.70813e-02 | 30 -0.00378  1.20192e-02
 31 -0.01690 -8.19246e-02 | 32 -0.02816 -7.68722e-02 | 33 -0.06464 -3.20627e-02
 34  0.02214 -2.30430e-02 | 35 -0.03711  2.23161e-02 | 36  0.01699 -6.79440e-02
 37 -0.00434 -1.20223e-02 | 38 -0.10228  4.42225e-02 | 39 -0.02954  3.28825e-02
 40 -0.06200 -2.23787e-02 | 41  0.02412 -7.58796e-03 | 42  0.00975  2.81811e-02
 43  0.09372 -1.91964e-02 | 44  0.02452 -3.69269e-02 | 45  0.03192 -6.71386e-02
 46  0.03085 -2.87059e-02 | 47  0.06731 -4.91663e-02 | 48  0.07405 -1.16053e-01
 49 -0.00036  1.57171e-02 | 50  0.80169 -9.41947e-03 | 51  0.46453  4.44145e-02
 52  0.12938  2.71936e-02 | 53  0.38373  1.26184e-01 |

 - final statistics:
53 variables; iteration 0; function evaluation 0
Function value 7.7086e+02; maximum gradient component mag -8.9173e-01
Exit code = 0;  converg criter 1.0000e+00
Var    Value     Gradient |Var    Value     Gradient |Var    Value     Gradient
  1 -0.39000 -7.65018e-02 |  2 -0.04878 -2.10180e-01 |  3  0.16460 -2.34215e-01
  4 -0.41870 -8.91731e-01 |  5 -0.53765 -1.35400e-01 |  6 -0.33967  9.98182e-02
  7 -0.38671 -4.85130e-01 |  8 -0.39048 -4.38945e-01 |  9 -0.03052 -4.06843e-02
 10 -0.12209  6.61663e-02 | 11 -0.06687  5.27673e-02 | 12 -0.06644  3.22419e-02
 13 -0.05693  3.05877e-02 | 14 -0.06374  1.57631e-02 | 15  0.03563  1.65916e-02
 16  0.05813  6.24409e-02 | 17 -0.05315 -4.12241e-03 | 18  0.11252  1.02083e-01
 19 -0.04125  1.73976e-02 | 20 -0.04162 -4.40381e-02 | 21 -0.00120 -2.64764e-03
 22  0.07942  8.99076e-02 | 23 -0.03624  5.73507e-02 | 24  0.05422 -2.97802e-02
 25  0.08760 -5.66230e-02 | 26  0.07412  3.50456e-02 | 27  0.03451  3.53055e-02
 28  0.03543 -5.53933e-02 | 29  0.12555 -6.70813e-02 | 30 -0.00378  1.20192e-02
 31 -0.01690 -8.19246e-02 | 32 -0.02816 -7.68722e-02 | 33 -0.06464 -3.20627e-02
 34  0.02214 -2.30430e-02 | 35 -0.03711  2.23161e-02 | 36  0.01699 -6.79440e-02
 37 -0.00434 -1.20223e-02 | 38 -0.10228  4.42225e-02 | 39 -0.02954  3.28825e-02
 40 -0.06200 -2.23787e-02 | 41  0.02412 -7.58796e-03 | 42  0.00975  2.81811e-02
 43  0.09372 -1.91964e-02 | 44  0.02452 -3.69269e-02 | 45  0.03192 -6.71386e-02
 46  0.03085 -2.87059e-02 | 47  0.06731 -4.91663e-02 | 48  0.07405 -1.16053e-01
 49 -0.00036  1.57171e-02 | 50  0.80169 -9.41947e-03 | 51  0.46453  4.44145e-02
 52  0.12938  2.71936e-02 | 53  0.38373  1.26184e-01 |

 - final statistics:
53 variables; iteration 0; function evaluation 0
Function value 7.7086e+02; maximum gradient component mag -8.9173e-01
Exit code = 0;  converg criter 1.0000e+00
Var    Value     Gradient |Var    Value     Gradient |Var    Value     Gradient
  1 -0.39000 -7.65018e-02 |  2 -0.04878 -2.10180e-01 |  3  0.16460 -2.34215e-01
  4 -0.41870 -8.91731e-01 |  5 -0.53765 -1.35400e-01 |  6 -0.33967  9.98182e-02
  7 -0.38671 -4.85130e-01 |  8 -0.39048 -4.38945e-01 |  9 -0.03052 -4.06843e-02
 10 -0.12209  6.61663e-02 | 11 -0.06687  5.27673e-02 | 12 -0.06644  3.22419e-02
 13 -0.05693  3.05877e-02 | 14 -0.06374  1.57631e-02 | 15  0.03563  1.65916e-02
 16  0.05813  6.24409e-02 | 17 -0.05315 -4.12241e-03 | 18  0.11252  1.02083e-01
 19 -0.04125  1.73976e-02 | 20 -0.04162 -4.40381e-02 | 21 -0.00120 -2.64764e-03
 22  0.07942  8.99076e-02 | 23 -0.03624  5.73507e-02 | 24  0.05422 -2.97802e-02
 25  0.08760 -5.66230e-02 | 26  0.07412  3.50456e-02 | 27  0.03451  3.53055e-02
 28  0.03543 -5.53933e-02 | 29  0.12555 -6.70813e-02 | 30 -0.00378  1.20192e-02
 31 -0.01690 -8.19246e-02 | 32 -0.02816 -7.68722e-02 | 33 -0.06464 -3.20627e-02
 34  0.02214 -2.30430e-02 | 35 -0.03711  2.23161e-02 | 36  0.01699 -6.79440e-02
 37 -0.00434 -1.20223e-02 | 38 -0.10228  4.42225e-02 | 39 -0.02954  3.28825e-02
 40 -0.06200 -2.23787e-02 | 41  0.02412 -7.58796e-03 | 42  0.00975  2.81811e-02
 43  0.09372 -1.91964e-02 | 44  0.02452 -3.69269e-02 | 45  0.03192 -6.71386e-02
 46  0.03085 -2.87059e-02 | 47  0.06731 -4.91663e-02 | 48  0.07405 -1.16053e-01
 49 -0.00036  1.57171e-02 | 50  0.80169 -9.41947e-03 | 51  0.46453  4.44145e-02
 52  0.12938  2.71936e-02 | 53  0.38373  1.26184e-01 |

 - final statistics:
53 variables; iteration 0; function evaluation 0
Function value 7.7086e+02; maximum gradient component mag -8.9173e-01
Exit code = 0;  converg criter 1.0000e+00
Var    Value     Gradient |Var    Value     Gradient |Var    Value     Gradient
  1 -0.39000 -7.65018e-02 |  2 -0.04878 -2.10180e-01 |  3  0.16460 -2.34215e-01
  4 -0.41870 -8.91731e-01 |  5 -0.53765 -1.35400e-01 |  6 -0.33967  9.98182e-02
  7 -0.38671 -4.85130e-01 |  8 -0.39048 -4.38945e-01 |  9 -0.03052 -4.06843e-02
 10 -0.12209  6.61663e-02 | 11 -0.06687  5.27673e-02 | 12 -0.06644  3.22419e-02
 13 -0.05693  3.05877e-02 | 14 -0.06374  1.57631e-02 | 15  0.03563  1.65916e-02
 16  0.05813  6.24409e-02 | 17 -0.05315 -4.12241e-03 | 18  0.11252  1.02083e-01
 19 -0.04125  1.73976e-02 | 20 -0.04162 -4.40381e-02 | 21 -0.00120 -2.64764e-03
 22  0.07942  8.99076e-02 | 23 -0.03624  5.73507e-02 | 24  0.05422 -2.97802e-02
 25  0.08760 -5.66230e-02 | 26  0.07412  3.50456e-02 | 27  0.03451  3.53055e-02
 28  0.03543 -5.53933e-02 | 29  0.12555 -6.70813e-02 | 30 -0.00378  1.20192e-02
 31 -0.01690 -8.19246e-02 | 32 -0.02816 -7.68722e-02 | 33 -0.06464 -3.20627e-02
 34  0.02214 -2.30430e-02 | 35 -0.03711  2.23161e-02 | 36  0.01699 -6.79440e-02
 37 -0.00434 -1.20223e-02 | 38 -0.10228  4.42225e-02 | 39 -0.02954  3.28825e-02
 40 -0.06200 -2.23787e-02 | 41  0.02412 -7.58796e-03 | 42  0.00975  2.81811e-02
 43  0.09372 -1.91964e-02 | 44  0.02452 -3.69269e-02 | 45  0.03192 -6.71386e-02
 46  0.03085 -2.87059e-02 | 47  0.06731 -4.91663e-02 | 48  0.07405 -1.16053e-01
 49 -0.00036  1.57171e-02 | 50  0.80169 -9.41947e-03 | 51  0.46453  4.44145e-02
 52  0.12938  2.71936e-02 | 53  0.38373  1.26184e-01 |

Initial statistics: 54 variables; iteration 0; function evaluation 0; phase 10
Function value 7.7085605e+02; maximum gradient component mag -1.5881e+01
Var    Value     Gradient |Var    Value     Gradient |Var    Value     Gradient
  1 -0.39000 -7.65018e-02 |  2 -0.04878 -2.10180e-01 |  3  0.16460 -2.34215e-01
  4 -0.41870 -8.91731e-01 |  5 -0.53765 -1.35400e-01 |  6 -0.33967  9.98182e-02
  7 -0.38671 -4.85130e-01 |  8 -0.39048 -4.38945e-01 |  9 -0.03052 -4.06843e-02
 10 -0.12209  6.61663e-02 | 11 -0.06687  5.27673e-02 | 12 -0.06644  3.22419e-02
 13 -0.05693  3.05877e-02 | 14 -0.06374  1.57631e-02 | 15  0.03563  1.65916e-02
 16  0.05813  6.24409e-02 | 17 -0.05315 -4.12241e-03 | 18  0.11252  1.02083e-01
 19 -0.04125  1.73976e-02 | 20 -0.04162 -4.40381e-02 | 21 -0.00120 -2.64764e-03
 22  0.07942  8.99076e-02 | 23 -0.03624  5.73507e-02 | 24  0.05422 -2.97802e-02
 25  0.08760 -5.66230e-02 | 26  0.07412  3.50456e-02 | 27  0.03451  3.53055e-02
 28  0.03543 -5.53933e-02 | 29  0.12555 -6.70813e-02 | 30 -0.00378  1.20192e-02
 31 -0.01690 -8.19246e-02 | 32 -0.02816 -7.68722e-02 | 33 -0.06464 -3.20627e-02
 34  0.02214 -2.30430e-02 | 35 -0.03711  2.23161e-02 | 36  0.01699 -6.79440e-02
 37 -0.00434 -1.20223e-02 | 38 -0.10228  4.42225e-02 | 39 -0.02954  3.28825e-02
 40 -0.06200 -2.23787e-02 | 41  0.02412 -7.58796e-03 | 42  0.00975  2.81811e-02
 43  0.09372 -1.91964e-02 | 44  0.02452 -3.69269e-02 | 45  0.03192 -6.71386e-02
 46  0.03085 -2.87059e-02 | 47  0.06731 -4.91663e-02 | 48  0.07405 -1.16053e-01
 49 -0.00036  1.57171e-02 | 50 -0.00016 -1.58809e+01 | 51  0.80169 -9.41947e-03
 52  0.46453  4.44145e-02 | 53  0.12938  2.71936e-02 | 54  0.38373  1.26184e-01

Intermediate statistics: 54 variables; iteration 20; function evaluation 26; phase 10
Function value 7.7085597e+02; maximum gradient component mag -5.4791e-01
Var    Value     Gradient |Var    Value     Gradient |Var    Value     Gradient
  1 -0.38998  1.05080e-01 |  2 -0.04878 -1.21273e-01 |  3  0.16460 -1.53416e-01
  4 -0.41870 -5.47913e-01 |  5 -0.53771  7.00850e-02 |  6 -0.33967  2.41537e-02
  7 -0.38670 -3.19652e-01 |  8 -0.39048 -2.48415e-01 |  9 -0.03054 -7.54347e-02
 10 -0.12218  1.78457e-02 | 11 -0.06700  8.63299e-03 | 12 -0.06647  9.88355e-03
 13 -0.05694  1.08527e-02 | 14 -0.06373  6.73936e-03 | 15  0.03567  1.14093e-02
 16  0.05813  2.92806e-02 | 17 -0.05311  1.55733e-03 | 18  0.11252  4.47703e-02
 19 -0.04125  2.98410e-03 | 20 -0.04157 -2.16779e-02 | 21 -0.00118 -8.72781e-03
 22  0.07943  3.51641e-02 | 23 -0.03627  1.66265e-02 | 24  0.05424 -2.92340e-02
 25  0.08762 -5.23009e-02 | 26  0.07412  3.08415e-03 | 27  0.03452  1.68916e-02
 28  0.03545 -3.99079e-02 | 29  0.12556 -7.78292e-02 | 30 -0.00379 -1.20911e-02
 31 -0.01685 -4.07846e-02 | 32 -0.02813 -4.74489e-02 | 33 -0.06463 -1.86323e-02
 34  0.02217 -2.93702e-03 | 35 -0.03713  1.51599e-02 | 36  0.01703 -2.62754e-03
 37 -0.00432  2.26048e-02 | 38 -0.10229  2.48550e-02 | 39 -0.02952  3.33997e-02
 40 -0.06198 -6.10164e-03 | 41  0.02415  2.07150e-02 | 42  0.00977  2.04408e-02
 43  0.09376  2.00070e-02 | 44  0.02457 -5.88467e-03 | 45  0.03199 -8.17725e-03
 46  0.03090  5.31379e-04 | 47  0.06735 -1.43179e-02 | 48  0.07411 -4.98226e-02
 49 -0.00035  1.66266e-02 | 50 -0.00016  5.62363e-02 | 51  0.80179 -1.10119e-02
 52  0.46454  3.85130e-01 | 53  0.12934 -9.18591e-02 | 54  0.38372  2.68052e-01
54 variables; iteration 40; function evaluation 47; phase 10
Function value 7.7085596e+02; maximum gradient component mag -1.8225e-01
Var    Value     Gradient |Var    Value     Gradient |Var    Value     Gradient
  1 -0.38952  9.11723e-02 |  2 -0.04878 -3.33623e-02 |  3  0.16460 -5.65626e-02
  4 -0.41878 -1.59457e-01 |  5 -0.53829  6.73775e-02 |  6 -0.34013  6.25094e-03
  7 -0.38662 -9.07576e-02 |  8 -0.39040 -7.39575e-02 |  9 -0.03055 -1.82249e-01
 10 -0.12219  6.85869e-03 | 11 -0.06702 -3.24536e-04 | 12 -0.06646  5.83514e-03
 13 -0.05694  2.86764e-03 | 14 -0.06374 -5.32854e-04 | 15  0.03569 -1.01782e-03
 16  0.05811 -7.17777e-03 | 17 -0.05309  7.46672e-03 | 18  0.11252  1.93681e-02
 19 -0.04125 -2.44011e-03 | 20 -0.04154 -2.48504e-03 | 21 -0.00117 -4.91659e-03
 22  0.07943 -7.74410e-04 | 23 -0.03628 -2.34295e-04 | 24  0.05426 -3.87546e-03
 25  0.08763 -1.99978e-02 | 26  0.07413  4.41404e-03 | 27  0.03451 -7.91985e-03
 28  0.03546 -7.26165e-03 | 29  0.12557 -2.00427e-02 | 30 -0.00380 -7.99785e-03
 31 -0.01683 -1.29332e-02 | 32 -0.02811 -1.46409e-02 | 33 -0.06461 -4.57002e-03
 34  0.02217 -4.73634e-03 | 35 -0.03715 -2.86463e-03 | 36  0.01704  5.74715e-03
 37 -0.00432 -7.13308e-04 | 38 -0.10230  8.57495e-03 | 39 -0.02953  5.09563e-03
 40 -0.06197 -6.09729e-03 | 41  0.02414 -6.75998e-03 | 42  0.00976  8.66044e-03
 43  0.09376  2.45711e-03 | 44  0.02458  9.64890e-03 | 45  0.03201  3.43433e-03
 46  0.03089 -3.45096e-03 | 47  0.06735 -9.38637e-03 | 48  0.07414 -1.53473e-02
 49 -0.00035  4.53546e-03 | 50 -0.00016 -1.13425e-02 | 51  0.80175 -7.09568e-03
 52  0.46454  1.09701e-01 | 53  0.12932 -2.25885e-02 | 54  0.38370  5.39802e-02

 - final statistics:
54 variables; iteration 60; function evaluation 76
Function value 7.7086e+02; maximum gradient component mag 7.0386e-05
Exit code = 1;  converg criter 1.0000e-04
Var    Value     Gradient |Var    Value     Gradient |Var    Value     Gradient
  1 -0.38968 -2.74590e-05 |  2 -0.04878  7.99159e-06 |  3  0.16461  1.23255e-05
  4 -0.41875  3.71922e-05 |  5 -0.53810 -2.14948e-05 |  6 -0.33998 -1.02158e-06
  7 -0.38666  2.04639e-05 |  8 -0.39043  1.81699e-05 |  9 -0.03055  7.03858e-05
 10 -0.12222  3.27543e-07 | 11 -0.06702  2.43151e-07 | 12 -0.06648  2.25911e-07
 13 -0.05695  3.59484e-07 | 14 -0.06373  3.09465e-07 | 15  0.03568  9.39894e-07
 16  0.05811  1.21610e-06 | 17 -0.05310  5.29952e-07 | 18  0.11251  2.28316e-06
 19 -0.04125  7.68174e-07 | 20 -0.04154  8.49521e-07 | 21 -0.00117  1.41692e-06
 22  0.07942  2.55919e-06 | 23 -0.03629  9.67129e-07 | 24  0.05425  2.06831e-06
 25  0.08763  2.54837e-06 | 26  0.07412  2.03751e-06 | 27  0.03451  1.49944e-06
 28  0.03546  1.75207e-06 | 29  0.12557  3.24330e-06 | 30 -0.00381  1.23850e-06
 31 -0.01683  1.20457e-06 | 32 -0.02811  1.18852e-06 | 33 -0.06462  8.31444e-07
 34  0.02217  1.53668e-06 | 35 -0.03715  7.84458e-07 | 36  0.01704  9.75000e-07
 37 -0.00432  5.93391e-07 | 38 -0.10231  1.62752e-07 | 39 -0.02954  3.27909e-07
 40 -0.06197  2.38409e-07 | 41  0.02414  3.81360e-07 | 42  0.00975  2.11773e-07
 43  0.09376  3.20241e-07 | 44  0.02457  2.50950e-08 | 45  0.03201  1.10741e-07
 46  0.03089  1.47999e-07 | 47  0.06735  2.17620e-07 | 48  0.07415  1.89183e-07
 49 -0.00035 -8.00444e-08 | 50 -0.00016  9.62223e-06 | 51  0.80178  6.74538e-07
 52  0.46454 -1.63293e-05 | 53  0.12931  8.51216e-07 | 54  0.38370 -1.76372e-06

Initial statistics: 72 variables; iteration 0; function evaluation 0; phase 11
Function value 7.7085596e+02; maximum gradient component mag 2.9491e+01
Var    Value     Gradient |Var    Value     Gradient |Var    Value     Gradient
  1 -0.38968 -2.74590e-05 |  2 -0.04878  7.99159e-06 |  3  0.16461  1.23255e-05
  4 -0.41875  3.71923e-05 |  5 -0.53810 -2.14948e-05 |  6 -0.33998 -1.02158e-06
  7 -0.38666  2.04639e-05 |  8 -0.39043  1.81699e-05 |  9 -0.03055  7.03858e-05
 10 -0.12222  3.27542e-07 | 11 -0.06702  2.43151e-07 | 12 -0.06648  2.25911e-07
 13 -0.05695  3.59483e-07 | 14 -0.06373  3.09465e-07 | 15  0.03568  9.39893e-07
 16  0.05811  1.21610e-06 | 17 -0.05310  5.29952e-07 | 18  0.11251  2.28316e-06
 19 -0.04125  7.68173e-07 | 20 -0.04154  8.49520e-07 | 21 -0.00117  1.41692e-06
 22  0.07942  2.55919e-06 | 23 -0.03629  9.67129e-07 | 24  0.05425  2.06831e-06
 25  0.08763  2.54837e-06 | 26  0.07412  2.03751e-06 | 27  0.03451  1.49944e-06
 28  0.03546  1.75207e-06 | 29  0.12557  3.24330e-06 | 30 -0.00381  1.23850e-06
 31 -0.01683  1.20457e-06 | 32 -0.02811  1.18852e-06 | 33 -0.06462  8.31444e-07
 34  0.02217  1.53668e-06 | 35 -0.03715  7.84458e-07 | 36  0.01704  9.75000e-07
 37 -0.00432  5.93391e-07 | 38 -0.10231  1.62752e-07 | 39 -0.02954  3.27909e-07
 40 -0.06197  2.38409e-07 | 41  0.02414  3.81361e-07 | 42  0.00975  2.11773e-07
 43  0.09376  3.20241e-07 | 44  0.02457  2.50951e-08 | 45  0.03201  1.10741e-07
 46  0.03089  1.48000e-07 | 47  0.06735  2.17621e-07 | 48  0.07415  1.89183e-07
 49 -0.00035 -8.00445e-08 | 50  0.00000  2.94911e+01 | 51  0.00000  4.36825e-03
 52  0.00000  0.00000e+00 | 53  0.00000  0.00000e+00 | 54  0.00000  0.00000e+00
 55  0.00000  0.00000e+00 | 56  0.00000  0.00000e+00 | 57  0.00000  0.00000e+00
 58  0.00000  0.00000e+00 | 59  0.00000  0.00000e+00 | 60  0.00000  0.00000e+00
 61  0.00000  0.00000e+00 | 62  0.00000  0.00000e+00 | 63  0.00000  0.00000e+00
 64  0.00000  0.00000e+00 | 65  0.00000  0.00000e+00 | 66  0.00000  0.00000e+00
 67  0.00000  0.00000e+00 | 68 -0.00016  9.62223e-06 | 69  0.80178  6.74538e-07
 70  0.46454 -1.63293e-05 | 71  0.12931  8.51216e-07 | 72  0.38370 -1.76372e-06

Intermediate statistics: 72 variables; iteration 20; function evaluation 24; phase 11
Function value 7.7052753e+02; maximum gradient component mag -7.3822e+01
Var    Value     Gradient |Var    Value     Gradient |Var    Value     Gradient
  1 -0.38661  3.44713e+00 |  2 -0.04807 -2.97108e+00 |  3  0.16736 -7.62957e+00
  4 -0.41975 -2.79529e+01 |  5 -0.53610  1.04085e+00 |  6 -0.33972  2.28144e+00
  7 -0.38706 -1.47264e+01 |  8 -0.39062 -1.42496e+01 |  9 -0.02685 -8.93775e+00
 10 -0.12315  2.35793e-01 | 11 -0.06822  1.14028e-01 | 12 -0.06827  7.55232e-02
 13 -0.05933  7.98391e-02 | 14 -0.06601  2.06884e-01 | 15  0.03311  8.26409e-01
 16  0.05477  7.87536e-01 | 17 -0.05597  9.39477e-02 | 18  0.10952  1.65061e+00
 19 -0.04417  3.31168e-01 | 20 -0.04461 -2.40346e-01 | 21 -0.00472 -1.03232e+00
 22  0.07456 -3.00023e+00 | 23 -0.03979 -1.17203e+00 | 24  0.05020 -2.38098e+00
 25  0.08304 -2.03055e+00 | 26  0.07084  5.10530e-01 | 27  0.03087  5.65514e-01
 28  0.03194  7.75258e-01 | 29  0.12249  3.35274e+00 | 30 -0.00726  6.98012e-01
 31 -0.02029 -3.16141e-01 | 32 -0.03211 -5.44872e-01 | 33 -0.06799 -8.39740e-01
 34  0.01734 -2.85951e+00 | 35 -0.04148 -2.37295e+00 | 36  0.01226 -4.27174e+00
 37 -0.00868 -2.88232e+00 | 38 -0.10613 -5.36053e-01 | 39 -0.03336 -3.88404e-01
 40 -0.06584  2.12359e-01 | 41  0.02032  2.50044e-01 | 42  0.00538  5.44044e-01
 43  0.08976  8.35135e-01 | 44  0.01977  7.28884e-02 | 45  0.02766 -8.94929e-01
 46  0.02472 -1.50284e+00 | 47  0.05918 -3.38846e+00 | 48  0.06408 -5.61250e+00
 49 -0.00955 -2.52540e+00 | 50 -0.01575  2.47253e+01 | 51 -0.00003  3.49371e-04
 52  0.00000  0.00000e+00 | 53  0.00000  0.00000e+00 | 54  0.00000  0.00000e+00
 55  0.00000  0.00000e+00 | 56  0.00000  0.00000e+00 | 57  0.00000  0.00000e+00
 58  0.00000  0.00000e+00 | 59  0.00000  0.00000e+00 | 60  0.00000  0.00000e+00
 61  0.00000  0.00000e+00 | 62  0.00000  0.00000e+00 | 63  0.00000  0.00000e+00
 64  0.00000  0.00000e+00 | 65  0.00000  0.00000e+00 | 66  0.00000  0.00000e+00
 67  0.00000  0.00000e+00 | 68 -0.00019 -7.38223e+01 | 69  0.80518  2.87140e-01
 70  0.46417 -6.79841e+00 | 71  0.13273  1.98303e+00 | 72  0.38430  9.60603e-01
72 variables; iteration 40; function evaluation 51; phase 11
Function value 7.6991915e+02; maximum gradient component mag 2.1729e+01
Var    Value     Gradient |Var    Value     Gradient |Var    Value     Gradient
  1 -0.38523 -7.57191e+00 |  2 -0.04859  1.45209e+00 |  3  0.16717  2.14781e+00
  4 -0.42659  7.90843e+00 |  5 -0.53544 -6.57035e+00 |  6 -0.33829  5.86791e-01
  7 -0.38010  4.76537e+00 |  8 -0.38360  3.65527e+00 |  9 -0.02655  2.17293e+01
 10 -0.12332 -4.05931e-01 | 11 -0.06778 -9.12020e-02 | 12 -0.06766 -1.11776e-01
 13 -0.05867 -1.20564e-01 | 14 -0.06513  1.87136e-01 | 15  0.03490  1.09819e+00
 16  0.05485  2.85699e-01 | 17 -0.05320  1.46323e+00 | 18  0.11013  1.60324e+00
 19 -0.04438 -3.54147e-02 | 20 -0.04388  1.81280e-01 | 21 -0.00453 -3.64088e-01
 22  0.07603  6.17530e-01 | 23 -0.03905  2.92132e-01 | 24  0.05173  1.08752e+00
 25  0.08335 -6.67828e-02 | 26  0.07143  1.23474e+00 | 27  0.03182  8.88870e-01
 28  0.03081 -1.67226e+00 | 29  0.12308  1.84668e+00 | 30 -0.00779  9.77867e-03
 31 -0.01782  2.25537e+00 | 32 -0.03160  7.23474e-01 | 33 -0.06713  6.67368e-02
 34  0.01791 -3.49965e-01 | 35 -0.03965  4.16749e-01 | 36  0.01301 -6.99439e-01
 37 -0.00671  9.17566e-01 | 38 -0.10597 -1.63679e-01 | 39 -0.03289 -2.31374e-01
 40 -0.06490  7.21722e-01 | 41  0.02068 -2.76306e-01 | 42  0.00500 -9.69293e-01
 43  0.09004 -1.46443e-01 | 44  0.01978 -3.71559e-01 | 45  0.02788 -5.80825e-01
 46  0.02534  8.96634e-02 | 47  0.05842 -8.88987e-01 | 48  0.06427  3.10047e-02
 49 -0.00923 -1.96322e-01 | 50 -0.06139  2.69284e+00 | 51 -0.00005 -3.30839e-03
 52  0.00000  0.00000e+00 | 53  0.00000  0.00000e+00 | 54  0.00000  0.00000e+00
 55  0.00000  0.00000e+00 | 56  0.00000  0.00000e+00 | 57  0.00000  0.00000e+00
 58  0.00000  0.00000e+00 | 59  0.00000  0.00000e+00 | 60  0.00000  0.00000e+00
 61  0.00000  0.00000e+00 | 62  0.00000  0.00000e+00 | 63  0.00000  0.00000e+00
 64  0.00000  0.00000e+00 | 65  0.00000  0.00000e+00 | 66  0.00000  0.00000e+00
 67  0.00000  0.00000e+00 | 68 -0.00016 -1.04366e+00 | 69  0.79989 -2.62752e-01
 70  0.46403 -6.94232e+00 | 71  0.13385  7.88506e-01 | 72  0.38467  8.93137e-02
72 variables; iteration 60; function evaluation 80; phase 11
Function value 7.6990144e+02; maximum gradient component mag -9.5575e+00
Var    Value     Gradient |Var    Value     Gradient |Var    Value     Gradient
  1 -0.38391  4.00989e+00 |  2 -0.04854 -1.13097e+00 |  3  0.16762 -1.72454e+00
  4 -0.41450 -5.26441e+00 |  5 -0.53757  2.86038e+00 |  6 -0.33898  4.94378e-01
  7 -0.39190 -2.66691e+00 |  8 -0.39543 -2.79293e+00 |  9 -0.02674 -9.55754e+00
 10 -0.12208 -1.01554e-01 | 11 -0.06672  1.50635e-01 | 12 -0.06572  3.11436e-01
 13 -0.05989 -5.28508e-01 | 14 -0.06561 -2.35617e-01 | 15  0.03369  1.44322e-02
 16  0.05542 -8.30420e-02 | 17 -0.05488  1.52412e-01 | 18  0.10991 -1.33086e-01
 19 -0.04407 -2.95611e-01 | 20 -0.04411 -3.42368e-01 | 21 -0.00372 -2.56240e-01
 22  0.07597 -3.88767e-01 | 23 -0.03864 -3.46026e-02 | 24  0.05136 -1.88274e-01
 25  0.08392 -4.96928e-01 | 26  0.07119 -1.62219e-01 | 27  0.03148 -1.19929e-01
 28  0.03205 -6.18805e-01 | 29  0.12265 -3.35554e-01 | 30 -0.00685 -8.59784e-02
 31 -0.01895  2.96721e-01 | 32 -0.03170 -3.99430e-01 | 33 -0.06699 -1.91778e-01
 34  0.01863 -1.94305e-01 | 35 -0.04051 -3.42983e-01 | 36  0.01383 -2.37631e-01
 37 -0.00721 -3.34230e-03 | 38 -0.10523  1.06309e-01 | 39 -0.03258 -1.99692e-01
 40 -0.06503  1.69365e-01 | 41  0.02109 -9.54943e-02 | 42  0.00586 -2.32654e-01
 43  0.09042 -1.09166e-01 | 44  0.02069  1.22796e-01 | 45  0.02854 -2.68236e-01
 46  0.02548 -1.82435e-02 | 47  0.05950 -1.48472e-01 | 48  0.06401 -9.97379e-02
 49 -0.00920 -8.99036e-02 | 50 -0.06611  6.27224e-01 | 51  0.00059  9.40273e-02
 52  0.00000  0.00000e+00 | 53  0.00000  0.00000e+00 | 54  0.00000  0.00000e+00
 55  0.00000  0.00000e+00 | 56  0.00000  0.00000e+00 | 57  0.00000  0.00000e+00
 58  0.00000  0.00000e+00 | 59  0.00000  0.00000e+00 | 60  0.00000  0.00000e+00
 61  0.00000  0.00000e+00 | 62  0.00000  0.00000e+00 | 63  0.00000  0.00000e+00
 64  0.00000  0.00000e+00 | 65  0.00000  0.00000e+00 | 66  0.00000  0.00000e+00
 67  0.00000  0.00000e+00 | 68 -0.00016 -1.93865e+00 | 69  0.80314 -2.14672e-01
 70  0.46415  2.03461e+00 | 71  0.13329 -1.26238e-01 | 72  0.38455  3.30023e-01

 - final statistics:
72 variables; iteration 75; function evaluation 95
Function value 7.6990e+02; maximum gradient component mag -9.2263e-06
Exit code = 1;  converg criter 1.0000e-04
Var    Value     Gradient |Var    Value     Gradient |Var    Value     Gradient
  1 -0.38334  3.44526e-06 |  2 -0.04853 -2.37443e-06 |  3  0.16761 -2.79025e-06
  4 -0.41976 -9.22634e-06 |  5 -0.53834  2.55009e-06 |  6 -0.33979  2.97512e-07
  7 -0.38679 -4.88223e-06 |  8 -0.39030 -4.64611e-06 |  9 -0.02680 -8.93379e-06
 10 -0.12185 -1.32485e-07 | 11 -0.06737 -2.01777e-08 | 12 -0.06720  8.62179e-08
 13 -0.05810 -7.56509e-08 | 14 -0.06511 -1.29008e-07 | 15  0.03346  1.38828e-08
 16  0.05555 -3.42071e-08 | 17 -0.05516 -6.50379e-08 | 18  0.10989 -2.22850e-07
 19 -0.04372 -1.86993e-07 | 20 -0.04382 -1.86301e-07 | 21 -0.00365 -2.05995e-07
 22  0.07610 -2.94924e-07 | 23 -0.03871 -8.29119e-08 | 24  0.05138 -2.67991e-07
 25  0.08410 -4.05661e-07 | 26  0.07121 -1.74633e-07 | 27  0.03147 -1.88969e-07
 28  0.03237 -3.18110e-07 | 29  0.12266 -3.60590e-07 | 30 -0.00668 -1.00096e-07
 31 -0.01931 -6.04094e-09 | 32 -0.03133 -1.99653e-07 | 33 -0.06688  4.98826e-08
 34  0.01862 -2.42311e-07 | 35 -0.04020 -9.08081e-08 | 36  0.01389 -1.62096e-07
 37 -0.00718 -2.53230e-08 | 38 -0.10536  5.37404e-09 | 39 -0.03240 -1.03867e-07
 40 -0.06518  2.62680e-09 | 41  0.02111 -1.06038e-07 | 42  0.00597 -9.76009e-08
 43  0.09041 -1.07392e-07 | 44  0.02051 -1.15029e-08 | 45  0.02873 -6.94265e-08
 46  0.02535 -9.93036e-08 | 47  0.05951 -6.79870e-08 | 48  0.06395 -1.16822e-07
 49 -0.00911 -1.89837e-08 | 50 -0.06754  1.30287e-07 | 51 -0.00003  5.46008e-08
 52  0.00000  0.00000e+00 | 53  0.00000  0.00000e+00 | 54  0.00000  0.00000e+00
 55  0.00000  0.00000e+00 | 56  0.00000  0.00000e+00 | 57  0.00000  0.00000e+00
 58  0.00000  0.00000e+00 | 59  0.00000  0.00000e+00 | 60  0.00000  0.00000e+00
 61  0.00000  0.00000e+00 | 62  0.00000  0.00000e+00 | 63  0.00000  0.00000e+00
 64  0.00000  0.00000e+00 | 65  0.00000  0.00000e+00 | 66  0.00000  0.00000e+00
 67  0.00000  0.00000e+00 | 68 -0.00016 -1.49754e-06 | 69  0.80443 -1.38725e-07
 70  0.46419  2.59644e-06 | 71  0.13329 -2.48906e-07 | 72  0.38458  4.05955e-07
Estimating row 1 out of 72 for hessian
Estimating row 2 out of 72 for hessian
Estimating row 3 out of 72 for hessian
Estimating row 4 out of 72 for hessian
Estimating row 5 out of 72 for hessian
Estimating row 6 out of 72 for hessian
Estimating row 7 out of 72 for hessian
Estimating row 8 out of 72 for hessian
Estimating row 9 out of 72 for hessian
Estimating row 10 out of 72 for hessian
Estimating row 11 out of 72 for hessian
Estimating row 12 out of 72 for hessian
Estimating row 13 out of 72 for hessian
Estimating row 14 out of 72 for hessian
Estimating row 15 out of 72 for hessian
Estimating row 16 out of 72 for hessian
Estimating row 17 out of 72 for hessian
Estimating row 18 out of 72 for hessian
Estimating row 19 out of 72 for hessian
Estimating row 20 out of 72 for hessian
Estimating row 21 out of 72 for hessian
Estimating row 22 out of 72 for hessian
Estimating row 23 out of 72 for hessian
Estimating row 24 out of 72 for hessian
Estimating row 25 out of 72 for hessian
Estimating row 26 out of 72 for hessian
Estimating row 27 out of 72 for hessian
Estimating row 28 out of 72 for hessian
Estimating row 29 out of 72 for hessian
Estimating row 30 out of 72 for hessian
Estimating row 31 out of 72 for hessian
Estimating row 32 out of 72 for hessian
Estimating row 33 out of 72 for hessian
Estimating row 34 out of 72 for hessian
Estimating row 35 out of 72 for hessian
Estimating row 36 out of 72 for hessian
Estimating row 37 out of 72 for hessian
Estimating row 38 out of 72 for hessian
Estimating row 39 out of 72 for hessian
Estimating row 40 out of 72 for hessian
Estimating row 41 out of 72 for hessian
Estimating row 42 out of 72 for hessian
Estimating row 43 out of 72 for hessian
Estimating row 44 out of 72 for hessian
Estimating row 45 out of 72 for hessian
Estimating row 46 out of 72 for hessian
Estimating row 47 out of 72 for hessian
Estimating row 48 out of 72 for hessian
Estimating row 49 out of 72 for hessian
Estimating row 50 out of 72 for hessian
Estimating row 51 out of 72 for hessian
Estimating row 52 out of 72 for hessian
Estimating row 53 out of 72 for hessian
Estimating row 54 out of 72 for hessian
Estimating row 55 out of 72 for hessian
Estimating row 56 out of 72 for hessian
Estimating row 57 out of 72 for hessian
Estimating row 58 out of 72 for hessian
Estimating row 59 out of 72 for hessian
Estimating row 60 out of 72 for hessian
Estimating row 61 out of 72 for hessian
Estimating row 62 out of 72 for hessian
Estimating row 63 out of 72 for hessian
Estimating row 64 out of 72 for hessian
Estimating row 65 out of 72 for hessian
Estimating row 66 out of 72 for hessian
Estimating row 67 out of 72 for hessian
Estimating row 68 out of 72 for hessian
Estimating row 69 out of 72 for hessian
Estimating row 70 out of 72 for hessian
Estimating row 71 out of 72 for hessian
Estimating row 72 out of 72 for hessian
size of file gradfil1.tmp = 0
size of file gradfil2.tmp = 0
size of file varssave.tmp = 0
size of file cmpdiff.tmp = 0
