
Initial statistics: 32 variables; iteration 0; function evaluation 0; phase 1
Function value 1.7941883e+03; maximum gradient component mag -1.9015e+05
Var    Value     Gradient |Var    Value     Gradient |Var    Value     Gradient
  1 -0.01340 -1.90152e+05 |  2  0.00000 -4.17524e+03 |  3  0.00000 -4.74774e+03
  4  0.00000 -5.35994e+03 |  5  0.00000 -5.72813e+03 |  6  0.00000 -6.05101e+03
  7  0.00000 -6.35775e+03 |  8  0.00000 -6.29920e+03 |  9  0.00000 -5.79477e+03
 10  0.00000 -5.21486e+03 | 11  0.00000 -4.50371e+03 | 12  0.00000 -3.30912e+03
 13  0.00000 -2.25331e+03 | 14  0.00000 -1.56618e+03 | 15  0.00000 -9.29393e+02
 16  0.00000 -6.20515e+02 | 17  0.00000 -1.17142e+03 | 18  0.00000 -2.50993e+03
 19  0.00000 -2.63161e+03 | 20  0.00000 -1.96129e+03 | 21  0.00000 -1.42122e+03
 22  0.00000 -1.14036e+03 | 23  0.00000 -1.05601e+03 | 24  0.00000 -9.42028e+02
 25  0.00000 -8.85186e+02 | 26  0.00000 -6.39438e+02 | 27  0.00000 -4.83058e+02
 28  0.00000 -4.74198e+02 | 29  0.00000 -4.83490e+02 | 30  0.00000 -3.74530e+02
 31  0.00000 -8.52478e+01 | 32 -0.29660  2.00580e+02 |

Intermediate statistics: 32 variables; iteration 20; function evaluation 33; phase 1
Function value 8.1888136e+02; maximum gradient component mag 6.4222e+03
Var    Value     Gradient |Var    Value     Gradient |Var    Value     Gradient
  1 -0.00578  6.42221e+03 |  2  0.00618  1.19264e+02 |  3  0.03988  1.39682e+02
  4  0.07279  1.63688e+02 |  5  0.03732  1.86125e+02 |  6  0.05756  1.61655e+02
  7  0.09078  1.92209e+02 |  8  0.08051  1.90325e+02 |  9  0.05242  1.78300e+02
 10  0.05052  1.70217e+02 | 11  0.10037  1.51408e+02 | 12  0.00322  1.14731e+02
 13 -0.03887  7.84031e+01 | 14 -0.05824  6.54925e+01 | 15 -0.07468  6.62328e+01
 16 -0.03395  5.84282e+01 | 17 -0.07830  5.49543e+01 | 18 -0.03699  8.53901e+01
 19 -0.05297  9.92492e+01 | 20 -0.12594  8.80597e+01 | 21 -0.10734  6.06861e+01
 22 -0.13460  4.99386e+01 | 23 -0.07782  4.79561e+01 | 24 -0.09637  3.64213e+01
 25 -0.04226  2.66231e+01 | 26 -0.10283  2.28211e+01 | 27 -0.09605  1.78748e+01
 28 -0.07871  3.07197e+01 | 29 -0.07946  6.84248e+00 | 30 -0.05037  7.99883e+00
 31 -0.06785  1.57072e+01 | 32 -0.07781 -7.68480e+00 |
32 variables; iteration 40; function evaluation 68; phase 1
Function value 8.0571145e+02; maximum gradient component mag 3.3531e+02
Var    Value     Gradient |Var    Value     Gradient |Var    Value     Gradient
  1 -0.00997  3.35306e+02 |  2 -0.02182 -7.43446e-01 |  3  0.02946  3.26046e+00
  4  0.09999  7.03667e+00 |  5 -0.02190  4.61661e+00 |  6  0.05981  3.59649e+00
  7  0.08747  5.47611e+00 |  8  0.07805  4.47216e+00 |  9  0.03868  3.85933e+00
 10  0.03472  6.78717e+00 | 11  0.12651  1.49283e+01 | 12 -0.00428  7.93309e+00
 13 -0.02830  2.46520e+00 | 14 -0.04060  5.27981e+00 | 15 -0.07053  5.89626e+00
 16  0.00033  8.15984e+00 | 17 -0.05896  8.74790e+00 | 18 -0.01793  6.81111e+00
 19 -0.04041  7.04400e+00 | 20 -0.14543  3.89521e+00 | 21 -0.09044  5.33660e+00
 22 -0.12918  3.38553e+00 | 23 -0.05995  5.39871e+00 | 24 -0.08089  5.91911e+00
 25 -0.01770  6.04137e+00 | 26 -0.08534  5.06268e+00 | 27 -0.07286  4.66560e+00
 28 -0.06471  3.79508e+00 | 29 -0.03013  3.65318e+00 | 30 -0.00673  3.54027e-01
 31 -0.04946 -6.14527e-01 | 32 -0.02622 -5.21988e-01 |

 - final statistics:
32 variables; iteration 44; function evaluation 72
Function value 8.0566e+02; maximum gradient component mag -3.1880e+00
Exit code = 1;  converg criter 1.0000e+01
Var    Value     Gradient |Var    Value     Gradient |Var    Value     Gradient
  1 -0.01005 -3.18799e+00 |  2 -0.01736 -2.43113e-01 |  3  0.02954 -9.38167e-03
  4  0.10083 -1.59440e-01 |  5 -0.02483  7.33056e-02 |  6  0.06140 -8.83018e-02
  7  0.08781 -2.19338e-02 |  8  0.07917 -1.84213e-01 |  9  0.03981  3.96614e-02
 10  0.03461  1.54049e-01 | 11  0.12661 -1.72065e-01 | 12 -0.00659 -8.36456e-03
 13 -0.02566 -5.90201e-02 | 14 -0.04074  5.16723e-02 | 15 -0.07319 -1.40289e-01
 16  0.00193 -1.24274e-01 | 17 -0.06250 -4.54954e-02 | 18 -0.01631 -6.86678e-02
 19 -0.04065 -5.26587e-02 | 20 -0.14604  5.18760e-02 | 21 -0.09083 -7.29584e-02
 22 -0.12937 -5.42097e-02 | 23 -0.05997 -2.75353e-02 | 24 -0.08209 -6.29057e-02
 25 -0.01766 -2.69762e-02 | 26 -0.08694 -7.92248e-02 | 27 -0.07426 -3.36800e-02
 28 -0.06569 -5.52776e-02 | 29 -0.03106  1.43775e-02 | 30 -0.00614 -5.48093e-03
 31 -0.04907  1.87963e-03 | 32  0.00597  1.63232e-02 |

Initial statistics: 46 variables; iteration 0; function evaluation 0; phase 2
Function value 8.0565891e+02; maximum gradient component mag 2.0721e+02
Var    Value     Gradient |Var    Value     Gradient |Var    Value     Gradient
  1 -0.43272  2.07209e+02 |  2 -0.06960 -1.28452e+02 |  3  0.09640 -1.46943e+02
  4 -0.38854 -9.60420e+01 |  5 -0.01005 -3.18799e+00 |  6  0.00000  5.55979e+01
  7  0.00000  2.10517e+01 |  8  0.00000  2.49404e+01 |  9  0.00000  2.72741e+01
 10  0.00000  2.37376e+01 | 11  0.00000 -2.94284e+01 | 12  0.00000 -6.01474e+01
 13  0.00000  2.11864e+00 | 14  0.00000 -1.79882e+02 | 15  0.00000 -2.92171e+01
 16 -0.01736 -2.43113e-01 | 17  0.02954 -9.38167e-03 | 18  0.10083 -1.59440e-01
 19 -0.02483  7.33056e-02 | 20  0.06140 -8.83018e-02 | 21  0.08781 -2.19338e-02
 22  0.07917 -1.84213e-01 | 23  0.03981  3.96614e-02 | 24  0.03461  1.54049e-01
 25  0.12661 -1.72065e-01 | 26 -0.00659 -8.36456e-03 | 27 -0.02566 -5.90201e-02
 28 -0.04074  5.16723e-02 | 29 -0.07319 -1.40289e-01 | 30  0.00193 -1.24274e-01
 31 -0.06250 -4.54954e-02 | 32 -0.01631 -6.86678e-02 | 33 -0.04065 -5.26587e-02
 34 -0.14604  5.18760e-02 | 35 -0.09083 -7.29584e-02 | 36 -0.12937 -5.42097e-02
 37 -0.05997 -2.75353e-02 | 38 -0.08209 -6.29057e-02 | 39 -0.01766 -2.69762e-02
 40 -0.08694 -7.92248e-02 | 41 -0.07426 -3.36800e-02 | 42 -0.06569 -5.52776e-02
 43 -0.03106  1.43775e-02 | 44 -0.00614 -5.48093e-03 | 45 -0.04907  1.87963e-03
 46  0.00597  1.63232e-02 |

Intermediate statistics: 46 variables; iteration 20; function evaluation 26; phase 2
Function value 7.8240897e+02; maximum gradient component mag 4.3426e+03
Var    Value     Gradient |Var    Value     Gradient |Var    Value     Gradient
  1 -0.47483 -1.29204e+03 |  2 -0.06660  1.86526e+02 |  3  0.11019  4.61141e+02
  4 -0.39179  1.42046e+03 |  5 -0.03443  4.34258e+03 |  6 -0.05618  5.67998e+01
  7 -0.03366  2.09913e+01 |  8 -0.03755  2.30228e+01 |  9 -0.03001  2.78374e+01
 10 -0.02394  3.24412e+01 | 11  0.03116  2.78749e+01 | 12  0.05915  2.82313e+01
 13 -0.03715  1.85806e+01 | 14  0.09332 -4.02196e+01 | 15 -0.04173  3.66298e-01
 16 -0.00073  5.30255e+01 | 17  0.05354  1.00727e+02 | 18  0.12646  1.84330e+02
 19 -0.00782  6.41458e+01 | 20  0.08393  1.18581e+02 | 21  0.10841  1.23978e+02
 22  0.09031  8.94485e+01 | 23  0.05322  7.24029e+01 | 24  0.05620  9.63875e+01
 25  0.14602  1.93821e+02 | 26  0.01145  7.22618e+01 | 27 -0.00823  6.57465e+01
 28 -0.01947  6.65821e+01 | 29 -0.05729  5.00090e+01 | 30  0.01979  9.27118e+01
 31 -0.04090  6.22237e+01 | 32  0.00456  8.36985e+01 | 33 -0.01869  6.88230e+01
 34 -0.11975  3.36757e+01 | 35 -0.06532  4.71436e+01 | 36 -0.09979  3.48483e+01
 37 -0.03201  4.67519e+01 | 38 -0.04811  4.03616e+01 | 39  0.01715  5.38123e+01
 40 -0.04371  3.42690e+01 | 41 -0.03006  3.03029e+01 | 42 -0.01590  2.95968e+01
 43  0.02725  3.59742e+01 | 44  0.05956  3.25895e+01 | 45  0.01271  7.70953e+00
 46 -0.15948 -4.62001e+00 |
46 variables; iteration 40; function evaluation 53; phase 2
Function value 7.7299558e+02; maximum gradient component mag 3.0886e+03
Var    Value     Gradient |Var    Value     Gradient |Var    Value     Gradient
  1 -0.48579 -9.65905e+02 |  2 -0.05263  1.14869e+02 |  3  0.16124  2.76128e+02
  4 -0.41592  7.66306e+02 |  5 -0.03701  3.08862e+03 |  6 -0.12759  1.65485e+01
  7 -0.05954  1.06371e+01 |  8 -0.06094  1.22422e+01 |  9 -0.03090  2.33594e+01
 10 -0.04588  2.11237e+01 | 11  0.05517  4.37449e+01 | 12  0.07012  4.34606e+01
 13 -0.03143  2.36963e+01 | 14  0.13548  6.43374e+01 | 15 -0.02331  2.01994e+01
 16 -0.01550  2.81592e+01 | 17  0.03873  5.34952e+01 | 18  0.11077  8.94613e+01
 19 -0.01196  3.68899e+01 | 20  0.07623  6.24745e+01 | 21  0.10672  7.56470e+01
 22  0.09364  7.32564e+01 | 23  0.05227  4.96588e+01 | 24  0.04922  4.59512e+01
 25  0.14410  1.32013e+02 | 26  0.01099  5.35599e+01 | 27 -0.01037  4.43864e+01
 28 -0.01748  4.68545e+01 | 29 -0.06670  2.83078e+01 | 30  0.02440  6.94216e+01
 31 -0.03464  5.13729e+01 | 32  0.00976  6.65961e+01 | 33 -0.01875  4.82455e+01
 34 -0.11991  2.15246e+01 | 35 -0.06333  3.20430e+01 | 36 -0.09548  2.81510e+01
 37 -0.02628  3.87832e+01 | 38 -0.04413  3.03220e+01 | 39  0.02083  3.67179e+01
 40 -0.04910  1.58677e+01 | 41 -0.02873  2.33002e+01 | 42 -0.01426  2.25115e+01
 43  0.02252  1.81025e+01 | 44  0.04979  6.18330e+00 | 45 -0.00506 -2.46712e+00
 46 -0.12822 -1.16393e+00 |

 - final statistics:
46 variables; iteration 54; function evaluation 73
Function value 7.7216e+02; maximum gradient component mag 7.9014e+00
Exit code = 1;  converg criter 1.0000e+01
Var    Value     Gradient |Var    Value     Gradient |Var    Value     Gradient
  1 -0.48381 -6.38662e+00 |  2 -0.05000  7.90138e+00 |  3  0.15316  5.56279e+00
  4 -0.41390  3.18538e+00 |  5 -0.03800  5.75240e+00 |  6 -0.11621  1.48358e+00
  7 -0.05796  6.28534e-01 |  8 -0.05580  6.31443e-01 |  9 -0.04914 -5.06573e-01
 10 -0.04650  4.89375e-01 | 11  0.04936 -3.75300e+00 | 12  0.08093 -2.70767e+00
 13 -0.03150  1.64596e-02 | 14  0.14297 -4.67740e+00 | 15 -0.00918  1.24734e+00
 16 -0.00966  3.47184e-01 | 17  0.03205 -1.61876e+00 | 18  0.11537 -2.64666e-01
 19 -0.01451 -3.39380e-01 | 20  0.07921 -7.21455e-01 | 21  0.11301  5.16614e-01
 22  0.09608 -5.21193e-01 | 23  0.05887  1.48764e+00 | 24  0.05973  1.17174e+00
 25  0.14363 -2.08943e+00 | 26  0.01298  1.76034e+00 | 27 -0.00608  6.89314e-01
 28 -0.02136 -2.15884e+00 | 29 -0.05520  1.13984e+00 | 30  0.02910  2.06697e+00
 31 -0.03706  4.77713e-01 | 32  0.01366  1.46552e+00 | 33 -0.01340  2.61031e+00
 34 -0.11929 -5.10258e-01 | 35 -0.05979  1.46087e+00 | 36 -0.09766  1.71197e-01
 37 -0.02522  1.00988e+00 | 38 -0.04468  4.52021e-01 | 39  0.02108  1.02514e+00
 40 -0.04680  6.32167e-01 | 41 -0.03577 -7.36803e-01 | 42 -0.02022 -4.99696e-01
 43  0.02141  3.32558e-01 | 44  0.05179  1.12527e+00 | 45  0.00030  5.09131e-01
 46 -0.08061  2.49444e-01 |

Initial statistics: 50 variables; iteration 0; function evaluation 0; phase 3
Function value 7.7215562e+02; maximum gradient component mag 6.1122e+02
Var    Value     Gradient |Var    Value     Gradient |Var    Value     Gradient
  1 -0.48381 -6.38662e+00 |  2 -0.05000  7.90138e+00 |  3  0.15316  5.56279e+00
  4 -0.41390  3.18538e+00 |  5 -0.03800  5.75240e+00 |  6 -0.11621  1.48358e+00
  7 -0.05796  6.28534e-01 |  8 -0.05580  6.31443e-01 |  9 -0.04914 -5.06573e-01
 10 -0.04650  4.89375e-01 | 11  0.04936 -3.75300e+00 | 12  0.08093 -2.70767e+00
 13 -0.03150  1.64596e-02 | 14  0.14297 -4.67740e+00 | 15 -0.00918  1.24734e+00
 16 -0.00966  3.47184e-01 | 17  0.03205 -1.61876e+00 | 18  0.11537 -2.64666e-01
 19 -0.01451 -3.39380e-01 | 20  0.07921 -7.21455e-01 | 21  0.11301  5.16614e-01
 22  0.09608 -5.21193e-01 | 23  0.05887  1.48764e+00 | 24  0.05973  1.17174e+00
 25  0.14363 -2.08943e+00 | 26  0.01298  1.76034e+00 | 27 -0.00608  6.89314e-01
 28 -0.02136 -2.15884e+00 | 29 -0.05520  1.13984e+00 | 30  0.02910  2.06697e+00
 31 -0.03706  4.77713e-01 | 32  0.01366  1.46552e+00 | 33 -0.01340  2.61031e+00
 34 -0.11929 -5.10258e-01 | 35 -0.05979  1.46087e+00 | 36 -0.09766  1.71197e-01
 37 -0.02522  1.00988e+00 | 38 -0.04468  4.52021e-01 | 39  0.02108  1.02514e+00
 40 -0.04680  6.32167e-01 | 41 -0.03577 -7.36803e-01 | 42 -0.02022 -4.99696e-01
 43  0.02141  3.32558e-01 | 44  0.05179  1.12527e+00 | 45  0.00030  5.09131e-01
 46 -0.08061  2.49444e-01 | 47  0.71287 -3.72988e+01 | 48  0.47002  6.11224e+02
 49  0.13481  6.76769e+01 | 50  0.38717 -1.28040e+02 |

Intermediate statistics: 50 variables; iteration 20; function evaluation 22; phase 3
Function value 7.6985911e+02; maximum gradient component mag -7.5883e+02
Var    Value     Gradient |Var    Value     Gradient |Var    Value     Gradient
  1 -0.46454  3.02575e+02 |  2 -0.05189 -6.74809e+01 |  3  0.15726 -1.00413e+02
  4 -0.41551 -2.94980e+02 |  5 -0.03320 -7.58832e+02 |  6 -0.11410 -3.63121e+00
  7 -0.05804 -2.20390e+00 |  8 -0.05767 -2.93062e+00 |  9 -0.03801 -2.23912e+00
 10 -0.05506 -4.89767e+00 | 11  0.06052 -8.71015e+00 | 12  0.08214 -1.30799e+01
 13 -0.03029 -4.93841e+00 | 14  0.14377 -2.65305e+01 | 15 -0.01228 -9.30214e+00
 16 -0.00821 -9.36588e+00 | 17  0.03159 -1.72229e+01 | 18  0.11552 -3.13107e+01
 19 -0.01555 -1.14561e+01 | 20  0.07734 -1.81538e+01 | 21  0.11711 -1.25049e+01
 22  0.10223 -1.12523e+01 | 23  0.05898 -1.52686e+01 | 24  0.06112 -2.11666e+01
 25  0.14409 -4.59723e+01 | 26  0.01464 -1.56735e+01 | 27 -0.00664 -1.48665e+01
 28 -0.01582 -1.47093e+01 | 29 -0.05739 -1.10437e+01 | 30  0.03223 -2.03083e+01
 31 -0.03465 -1.29366e+01 | 32  0.01682 -1.65656e+01 | 33 -0.01549 -1.45989e+01
 34 -0.11649 -4.90657e+00 | 35 -0.05712 -4.08954e-01 | 36 -0.09475 -7.07634e-01
 37 -0.02702 -3.73528e+00 | 38 -0.04191  5.91502e-01 | 39  0.01621 -4.89950e+00
 40 -0.04374  5.71143e+00 | 41 -0.04155  1.02829e+00 | 42 -0.01819  3.31711e+00
 43  0.02156  1.19540e+00 | 44  0.04826  7.73693e-01 | 45 -0.01491 -1.21294e+00
 46 -0.14467 -1.41550e+00 | 47  0.76721 -2.27849e+01 | 48  0.46775  5.20939e+02
 49  0.12725 -5.63223e+00 | 50  0.38903  1.24915e+01 |
50 variables; iteration 40; function evaluation 46; phase 3
Function value 7.6884268e+02; maximum gradient component mag -4.7454e+02
Var    Value     Gradient |Var    Value     Gradient |Var    Value     Gradient
  1 -0.46608  1.51305e+02 |  2 -0.04934 -2.59648e+01 |  3  0.15723 -4.51709e+01
  4 -0.41649 -1.28726e+02 |  5 -0.03385 -4.74538e+02 |  6 -0.11349 -2.17278e+00
  7 -0.05672 -1.10212e+00 |  8 -0.05487 -1.48632e+00 |  9 -0.05033 -3.27304e+00
 10 -0.04096 -1.06091e+00 | 11  0.04992 -9.05422e+00 | 12  0.08330 -8.98802e+00
 13 -0.03059 -2.35622e+00 | 14  0.14371 -1.19484e+01 | 15 -0.00799 -2.58020e+00
 16 -0.01091 -5.66798e+00 | 17  0.03480 -6.03898e+00 | 18  0.11517 -1.29345e+01
 19 -0.01567 -5.30753e+00 | 20  0.07629 -1.19319e+01 | 21  0.11483 -1.28857e+01
 22  0.10059 -1.09505e+01 | 23  0.06092 -8.23019e+00 | 24  0.06171 -1.08977e+01
 25  0.14552 -2.18092e+01 | 26  0.01206 -9.01388e+00 | 27 -0.00519 -5.98309e+00
 28 -0.01487 -5.05613e+00 | 29 -0.05679 -5.01778e+00 | 30  0.03085 -1.12526e+01
 31 -0.03086 -6.46246e+00 | 32  0.01581 -1.31531e+01 | 33 -0.01472 -9.58565e+00
 34 -0.11403 -1.85542e+00 | 35 -0.06080 -4.74613e+00 | 36 -0.09603 -2.24508e+00
 37 -0.02588 -1.66387e+00 | 38 -0.04422 -2.47910e+00 | 39  0.01778 -6.50625e+00
 40 -0.05012 -4.40866e+00 | 41 -0.03840 -1.30730e+00 | 42 -0.02157 -3.70511e+00
 43  0.02636 -1.43434e+00 | 44  0.05124 -1.92761e-01 | 45 -0.00494  2.36169e+00
 46 -0.09274  9.51417e-02 | 47  0.78240 -5.14328e+00 | 48  0.46468  7.24233e+01
 49  0.12824  3.39135e+00 | 50  0.38868 -2.96409e+00 |

 - final statistics:
50 variables; iteration 60; function evaluation 75
Function value 7.6876e+02; maximum gradient component mag 4.9673e-02
Exit code = 1;  converg criter 1.0000e+00
Var    Value     Gradient |Var    Value     Gradient |Var    Value     Gradient
  1 -0.46391 -1.88045e-02 |  2 -0.04900  3.17169e-03 |  3  0.15920  6.34905e-03
  4 -0.41729  2.05128e-02 |  5 -0.03320  4.96726e-02 |  6 -0.11397  5.28521e-04
  7 -0.05765 -6.51720e-05 |  8 -0.05574  1.83566e-04 |  9 -0.04429  2.31866e-04
 10 -0.04895 -1.09267e-05 | 11  0.05643  1.21660e-03 | 12  0.08263  8.41771e-04
 13 -0.03203  6.58482e-04 | 14  0.14392  1.42055e-03 | 15 -0.01113 -2.27709e-04
 16 -0.00860  3.43046e-06 | 17  0.03411  1.19281e-03 | 18  0.11525  1.72418e-03
 19 -0.01578  3.88733e-05 | 20  0.07760  1.65282e-03 | 21  0.11460  1.35205e-03
 22  0.10047  1.13817e-03 | 23  0.06052  8.25900e-04 | 24  0.06239  1.19523e-03
 25  0.14608  2.65588e-03 | 26  0.01325  6.06671e-04 | 27 -0.00567  6.52134e-04
 28 -0.01617  4.57233e-04 | 29 -0.05658  1.48836e-03 | 30  0.03121  9.30981e-04
 31 -0.03231  3.48764e-04 | 32  0.01690  1.67905e-03 | 33 -0.01409  6.73691e-04
 34 -0.11634  5.37053e-04 | 35 -0.06044  4.93680e-04 | 36 -0.09691  2.30999e-05
 37 -0.02709  2.20931e-04 | 38 -0.04520  2.22514e-04 | 39  0.01771  6.39639e-04
 40 -0.04952  4.36777e-04 | 41 -0.04021  1.49545e-04 | 42 -0.02062  4.00650e-04
 43  0.02310 -5.64421e-04 | 44  0.04840  1.55430e-04 | 45 -0.01074 -5.98970e-04
 46 -0.09512  7.24071e-05 | 47  0.80192  3.90129e-03 | 48  0.46489 -2.26885e-02
 49  0.12779  6.79938e-04 | 50  0.38811  6.02172e-06 |

Initial statistics: 54 variables; iteration 0; function evaluation 0; phase 4
Function value 7.6875794e+02; maximum gradient component mag 1.4472e+02
Var    Value     Gradient |Var    Value     Gradient |Var    Value     Gradient
  1 -0.46391 -1.88045e-02 |  2 -0.04900  3.17169e-03 |  3  0.15920  6.34905e-03
  4 -0.41729  2.05128e-02 |  5 -0.43272  2.41600e+01 |  6 -0.43272 -2.41796e+01
  7 -0.38854 -1.44697e+02 |  8 -0.38854  1.44719e+02 |  9 -0.03320  4.96726e-02
 10 -0.11397  5.28521e-04 | 11 -0.05765 -6.51720e-05 | 12 -0.05574  1.83566e-04
 13 -0.04429  2.31866e-04 | 14 -0.04895 -1.09267e-05 | 15  0.05643  1.21660e-03
 16  0.08263  8.41771e-04 | 17 -0.03203  6.58482e-04 | 18  0.14392  1.42055e-03
 19 -0.01113 -2.27709e-04 | 20 -0.00860  3.43046e-06 | 21  0.03411  1.19281e-03
 22  0.11525  1.72418e-03 | 23 -0.01578  3.88733e-05 | 24  0.07760  1.65282e-03
 25  0.11460  1.35205e-03 | 26  0.10047  1.13817e-03 | 27  0.06052  8.25900e-04
 28  0.06239  1.19523e-03 | 29  0.14608  2.65588e-03 | 30  0.01325  6.06671e-04
 31 -0.00567  6.52134e-04 | 32 -0.01617  4.57233e-04 | 33 -0.05658  1.48836e-03
 34  0.03121  9.30981e-04 | 35 -0.03231  3.48764e-04 | 36  0.01690  1.67905e-03
 37 -0.01409  6.73691e-04 | 38 -0.11634  5.37053e-04 | 39 -0.06044  4.93680e-04
 40 -0.09691  2.30999e-05 | 41 -0.02709  2.20931e-04 | 42 -0.04520  2.22514e-04
 43  0.01771  6.39639e-04 | 44 -0.04952  4.36777e-04 | 45 -0.04021  1.49545e-04
 46 -0.02062  4.00650e-04 | 47  0.02310 -5.64421e-04 | 48  0.04840  1.55430e-04
 49 -0.01074 -5.98970e-04 | 50 -0.09512  7.24071e-05 | 51  0.80192  3.90129e-03
 52  0.46489 -2.26885e-02 | 53  0.12779  6.79938e-04 | 54  0.38811  6.02172e-06

Intermediate statistics: 54 variables; iteration 20; function evaluation 26; phase 4
Function value 7.6726481e+02; maximum gradient component mag -7.0271e+02
Var    Value     Gradient |Var    Value     Gradient |Var    Value     Gradient
  1 -0.47680  2.13229e+02 |  2 -0.04891 -3.32976e+01 |  3  0.15958 -5.15671e+01
  4 -0.44029 -1.48695e+02 |  5 -0.42850  2.19834e+02 |  6 -0.34763  9.14628e+00
  7 -0.36559 -1.23007e+02 |  8 -0.36809 -3.86838e+01 |  9 -0.03344 -7.02711e+02
 10 -0.12452 -4.14546e+00 | 11 -0.06508 -2.46785e+00 | 12 -0.06302 -2.75494e+00
 13 -0.05147 -3.21031e+00 | 14 -0.05365 -2.74340e+00 | 15  0.05082 -6.30687e+00
 16  0.07513 -9.77442e+00 | 17 -0.03674 -3.93940e+00 | 18  0.13417 -2.22272e+01
 19 -0.01869 -7.03869e+00 | 20 -0.01616 -6.73706e+00 | 21  0.02459 -1.02753e+01
 22  0.10720 -1.60989e+01 | 23 -0.02003 -4.86372e+00 | 24  0.07373 -6.55832e+00
 25  0.10681 -1.50204e+01 | 26  0.09476 -1.63445e+01 | 27  0.05510 -1.21725e+01
 28  0.05635 -1.02950e+01 | 29  0.14366 -1.53189e+01 | 30  0.00927 -8.87750e+00
 31 -0.00933 -1.11537e+01 | 32 -0.01984 -1.12218e+01 | 33 -0.05816 -8.55962e+00
 34  0.02809 -2.10093e+01 | 35 -0.03340 -1.43251e+01 | 36  0.01651 -2.26495e+01
 37 -0.00910 -1.40261e+01 | 38 -0.11066 -6.68605e+00 | 39 -0.05186 -1.57409e+01
 40 -0.08681 -1.21672e+01 | 41 -0.00831 -1.56270e+01 | 42 -0.02502 -1.01175e+01
 43  0.04985 -4.05428e+00 | 44 -0.01570  3.04102e+00 | 45 -0.00553  3.23832e+00
 46  0.00027 -1.22700e+00 | 47  0.03983 -3.93079e+00 | 48  0.04560 -1.33453e+01
 49 -0.00646  1.87168e+00 | 50 -0.20894  8.81116e-02 | 51  0.80274 -1.44634e+00
 52  0.46450  2.77235e+01 | 53  0.13002  6.36698e+00 | 54  0.38667  1.33852e+00
54 variables; iteration 40; function evaluation 49; phase 4
Function value 7.6692946e+02; maximum gradient component mag -1.0179e+03
Var    Value     Gradient |Var    Value     Gradient |Var    Value     Gradient
  1 -0.47044  3.10901e+02 |  2 -0.04870 -5.09427e+01 |  3  0.15939 -8.37016e+01
  4 -0.43954 -2.44918e+02 |  5 -0.44081  3.00926e+02 |  6 -0.33398  2.62994e+01
  7 -0.36575 -1.27398e+02 |  8 -0.36981 -1.38412e+02 |  9 -0.03377 -1.01794e+03
 10 -0.13314 -6.88156e+00 | 11 -0.06373 -2.53976e+00 | 12 -0.06720 -4.19775e+00
 13 -0.05935 -5.77034e+00 | 14 -0.05729 -4.76187e+00 | 15  0.04512 -1.14766e+01
 16  0.06900 -1.70116e+01 | 17 -0.04200 -6.97290e+00 | 18  0.13072 -2.64012e+01
 19 -0.02261 -9.15039e+00 | 20 -0.02184 -9.93804e+00 | 21  0.02110 -1.28527e+01
 22  0.10249 -2.28613e+01 | 23 -0.02314 -8.45224e+00 | 24  0.06819 -1.62628e+01
 25  0.10302 -2.48902e+01 | 26  0.09028 -2.49569e+01 | 27  0.05248 -1.72205e+01
 28  0.05235 -1.77924e+01 | 29  0.13907 -3.45251e+01 | 30  0.00547 -1.54029e+01
 31 -0.01006 -1.42434e+01 | 32 -0.02101 -1.44222e+01 | 33 -0.06094 -1.16572e+01
 34  0.02760 -2.63558e+01 | 35 -0.03581 -1.84371e+01 | 36  0.01747 -2.71261e+01
 37 -0.01042 -2.13788e+01 | 38 -0.11164 -9.85184e+00 | 39 -0.04514 -1.28328e+01
 40 -0.08219 -1.11119e+01 | 41 -0.00057 -1.48181e+01 | 42 -0.01872 -1.30865e+01
 43  0.05866 -1.19982e+01 | 44 -0.01008 -5.02098e+00 | 45  0.00069 -3.74604e+00
 46  0.00530 -5.81178e+00 | 47  0.04711 -5.42519e+00 | 48  0.05252 -1.02594e+01
 49 -0.00521  2.41979e+00 | 50 -0.27491 -6.26667e-01 | 51  0.81515 -1.91142e+00
 52  0.46515  8.46893e+01 | 53  0.12901  1.08916e+01 | 54  0.38570 -9.09936e+00
54 variables; iteration 60; function evaluation 78; phase 4
Function value 7.6679781e+02; maximum gradient component mag -1.2072e+02
Var    Value     Gradient |Var    Value     Gradient |Var    Value     Gradient
  1 -0.46970  3.70253e+01 |  2 -0.04893 -4.69457e+00 |  3  0.15941 -9.07153e+00
  4 -0.44066 -2.54691e+01 |  5 -0.44425  3.56720e+01 |  6 -0.32757  3.70152e+00
  7 -0.36442 -7.85257e+00 |  8 -0.36909 -1.95637e+01 |  9 -0.03426 -1.20720e+02
 10 -0.13054 -3.90051e-01 | 11 -0.06798 -2.90991e-01 | 12 -0.06804 -6.00202e-01
 13 -0.05697 -5.48054e-01 | 14 -0.06060 -5.84305e-01 | 15  0.04103 -1.15701e+00
 16  0.06854 -1.65909e+00 | 17 -0.04324 -6.17290e-01 | 18  0.12939 -2.95403e+00
 19 -0.02308 -1.09451e+00 | 20 -0.02260 -1.36074e+00 | 21  0.02051 -1.01534e+00
 22  0.10092 -1.95269e+00 | 23 -0.02401 -7.55308e-01 | 24  0.06649 -1.74815e+00
 25  0.10176 -3.34728e+00 | 26  0.09010 -2.96678e+00 | 27  0.05106 -2.17715e+00
 28  0.05153 -2.39104e+00 | 29  0.13761 -4.71820e+00 | 30  0.00590 -1.90950e+00
 31 -0.01069 -1.88702e+00 | 32 -0.02126 -1.99863e+00 | 33 -0.06042 -1.18718e+00
 34  0.02722 -3.71953e+00 | 35 -0.03326 -1.72778e+00 | 36  0.01791 -3.32075e+00
 37 -0.00923 -2.55847e+00 | 38 -0.10860 -9.87353e-01 | 39 -0.04380 -1.81382e+00
 40 -0.07790 -1.50360e+00 | 41  0.00227 -1.83113e+00 | 42 -0.01357 -1.59135e+00
 43  0.06211 -1.37046e+00 | 44 -0.00622 -7.92394e-01 | 45  0.00304 -6.14021e-01
 46  0.00972 -7.96186e-01 | 47  0.04684 -8.30631e-01 | 48  0.05764 -1.61956e+00
 49 -0.01077  4.03336e-01 | 50 -0.27696  2.61306e-03 | 51  0.80075 -4.32435e-01
 52  0.46495  1.21206e+01 | 53  0.12798  1.72345e+00 | 54  0.38546 -1.76616e+00
54 variables; iteration 80; function evaluation 102; phase 4
Function value 7.6678494e+02; maximum gradient component mag -1.4692e+01
Var    Value     Gradient |Var    Value     Gradient |Var    Value     Gradient
  1 -0.44104  4.66278e+00 |  2 -0.04893 -1.02876e+00 |  3  0.15979 -1.52165e+00
  4 -0.45129 -4.69668e+00 |  5 -0.47384  4.44985e+00 |  6 -0.35126  3.05525e-01
  7 -0.35499 -2.34993e+00 |  8 -0.35955 -2.45257e+00 |  9 -0.03443 -1.46922e+01
 10 -0.13172 -6.36437e-02 | 11 -0.06842 -3.31937e-02 | 12 -0.06752 -4.35224e-02
 13 -0.05723 -5.88556e-02 | 14 -0.06072 -7.31388e-02 | 15  0.04040 -1.96188e-01
 16  0.06823 -2.43330e-01 | 17 -0.04366 -9.89880e-02 | 18  0.12920 -3.05007e-01
 19 -0.02315 -1.07359e-01 | 20 -0.02227 -1.38994e-01 | 21  0.01998 -2.13133e-01
 22  0.10049 -4.68451e-01 | 23 -0.02438 -1.72586e-01 | 24  0.06606 -3.41374e-01
 25  0.10183 -3.84210e-01 | 26  0.08975 -3.81081e-01 | 27  0.05077 -2.96602e-01
 28  0.05141 -3.03868e-01 | 29  0.13737 -5.79148e-01 | 30  0.00574 -2.23326e-01
 31 -0.01081 -2.15224e-01 | 32 -0.02105 -2.17066e-01 | 33 -0.06122 -1.73033e-01
 34  0.02775 -3.71086e-01 | 35 -0.03382 -2.35004e-01 | 36  0.01825 -3.54157e-01
 37 -0.00902 -2.79599e-01 | 38 -0.10837 -1.09268e-01 | 39 -0.04322 -1.33505e-01
 40 -0.07697 -6.84784e-02 | 41  0.00295 -1.70988e-01 | 42 -0.01244 -1.01820e-01
 43  0.06297 -1.84497e-01 | 44 -0.00503 -9.07312e-02 | 45  0.00388 -8.74424e-02
 46  0.01088 -6.41051e-02 | 47  0.04749 -8.27116e-02 | 48  0.05928  2.43575e-02
 49 -0.01151 -6.14736e-02 | 50 -0.28297  6.83400e-03 | 51  0.80044 -6.73755e-02
 52  0.46493  1.68532e+00 | 53  0.12769  7.37155e-02 | 54  0.38543 -1.35574e-01
54 variables; iteration 100; function evaluation 125; phase 4
Function value 7.6677617e+02; maximum gradient component mag -1.1566e+01
Var    Value     Gradient |Var    Value     Gradient |Var    Value     Gradient
  1 -0.40813  3.97866e+00 |  2 -0.04893 -7.49187e-01 |  3  0.15985 -1.13021e+00
  4 -0.42665 -3.51056e+00 |  5 -0.50999  3.14595e+00 |  6 -0.38120  2.38926e-01
  7 -0.37767 -1.88034e+00 |  8 -0.38233 -1.70998e+00 |  9 -0.03441 -1.15663e+01
 10 -0.13183 -6.62499e-02 | 11 -0.06849 -3.24639e-02 | 12 -0.06760 -4.30213e-02
 13 -0.05732 -5.76803e-02 | 14 -0.06079 -6.34157e-02 | 15  0.04033 -1.60490e-01
 16  0.06813 -2.11993e-01 | 17 -0.04373 -8.77199e-02 | 18  0.12909 -3.08878e-01
 19 -0.02325 -1.03183e-01 | 20 -0.02235 -1.18440e-01 | 21  0.01990 -1.75306e-01
 22  0.10041 -3.63198e-01 | 23 -0.02447 -1.39960e-01 | 24  0.06600 -2.64471e-01
 25  0.10173 -3.05929e-01 | 26  0.08967 -2.98232e-01 | 27  0.05070 -2.23031e-01
 28  0.05133 -2.27291e-01 | 29  0.13730 -4.53111e-01 | 30  0.00567 -1.72673e-01
 31 -0.01085 -1.60712e-01 | 32 -0.02110 -1.58652e-01 | 33 -0.06124 -1.25646e-01
 34  0.02771 -2.59699e-01 | 35 -0.03385 -1.71336e-01 | 36  0.01824 -2.53392e-01
 37 -0.00896 -1.94155e-01 | 38 -0.10832 -7.76661e-02 | 39 -0.04310 -9.99325e-02
 40 -0.07684 -5.45257e-02 | 41  0.00318 -1.14758e-01 | 42 -0.01222 -7.64683e-02
 43  0.06332 -1.42682e-01 | 44 -0.00468 -6.30190e-02 | 45  0.00425 -6.02237e-02
 46  0.01111 -4.68872e-02 | 47  0.04770 -6.73720e-02 | 48  0.05933 -5.45691e-03
 49 -0.01141 -2.64139e-02 | 50 -0.28445 -8.74517e-04 | 51  0.80055 -4.67451e-02
 52  0.46493  1.24272e+00 | 53  0.12773  7.99275e-02 | 54  0.38540 -1.10255e-01
54 variables; iteration 120; function evaluation 145; phase 4
Function value 7.6677519e+02; maximum gradient component mag -6.7502e+00
Var    Value     Gradient |Var    Value     Gradient |Var    Value     Gradient
  1 -0.41538  2.28803e+00 |  2 -0.04893 -7.38097e-01 |  3  0.15977 -9.59597e-01
  4 -0.41415 -3.05401e+00 |  5 -0.50173  1.86519e+00 |  6 -0.37440  1.60255e-01
  7 -0.38963 -1.54878e+00 |  8 -0.39436 -1.62944e+00 |  9 -0.03442 -6.75015e+00
 10 -0.13181 -3.13081e-02 | 11 -0.06850 -1.93418e-02 | 12 -0.06757 -1.88563e-02
 13 -0.05729 -2.43865e-02 | 14 -0.06077 -3.08841e-02 | 15  0.04035 -8.50553e-02
 16  0.06816 -1.05169e-01 | 17 -0.04371 -4.69022e-02 | 18  0.12911 -1.76057e-01
 19 -0.02323 -5.62150e-02 | 20 -0.02234 -6.62957e-02 | 21  0.01991 -1.02334e-01
 22  0.10044 -1.91890e-01 | 23 -0.02444 -6.84489e-02 | 24  0.06602 -1.58545e-01
 25  0.10174 -2.00816e-01 | 26  0.08970 -1.68622e-01 | 27  0.05072 -1.31733e-01
 28  0.05134 -1.48240e-01 | 29  0.13731 -2.66527e-01 | 30  0.00569 -9.07044e-02
 31 -0.01084 -9.26774e-02 | 32 -0.02109 -9.27671e-02 | 33 -0.06123 -7.40128e-02
 34  0.02771 -1.62517e-01 | 35 -0.03384 -1.02638e-01 | 36  0.01825 -1.52000e-01
 37 -0.00897 -1.10026e-01 | 38 -0.10833 -4.44995e-02 | 39 -0.04313 -6.97269e-02
 40 -0.07688 -4.14903e-02 | 41  0.00313 -8.39040e-02 | 42 -0.01227 -5.13876e-02
 43  0.06325 -8.49410e-02 | 44 -0.00475 -3.63983e-02 | 45  0.00418 -3.89899e-02
 46  0.01105 -2.96183e-02 | 47  0.04764 -4.82093e-02 | 48  0.05927 -2.06542e-02
 49 -0.01141 -1.01830e-02 | 50 -0.28405  1.71387e-03 | 51  0.80048 -3.84301e-02
 52  0.46493  9.33512e-01 | 53  0.12773  3.91271e-02 | 54  0.38541 -4.31641e-02
54 variables; iteration 140; function evaluation 166; phase 4
Function value 7.6677506e+02; maximum gradient component mag 1.4254e-02
Var    Value     Gradient |Var    Value     Gradient |Var    Value     Gradient
  1 -0.41808 -4.70791e-03 |  2 -0.04893  1.36454e-03 |  3  0.15977  1.82261e-03
  4 -0.41769  5.75209e-03 |  5 -0.49872 -3.88024e-03 |  6 -0.37185 -3.61533e-04
  7 -0.38619  3.09605e-03 |  8 -0.39090  2.82770e-03 |  9 -0.03442  1.42537e-02
 10 -0.13183  8.88899e-05 | 11 -0.06850  4.71108e-05 | 12 -0.06759  5.85818e-05
 13 -0.05731  7.44097e-05 | 14 -0.06078  8.07196e-05 | 15  0.04035  1.98860e-04
 16  0.06816  2.57035e-04 | 17 -0.04371  1.11156e-04 | 18  0.12910  4.33848e-04
 19 -0.02324  1.40753e-04 | 20 -0.02234  1.53987e-04 | 21  0.01991  2.22702e-04
 22  0.10044  4.03209e-04 | 23 -0.02444  1.46984e-04 | 24  0.06603  3.00833e-04
 25  0.10174  4.10136e-04 | 26  0.08969  3.48924e-04 | 27  0.05072  2.58617e-04
 28  0.05134  2.82187e-04 | 29  0.13731  4.98934e-04 | 30  0.00568  1.84803e-04
 31 -0.01084  1.73916e-04 | 32 -0.02109  1.80180e-04 | 33 -0.06123  1.34292e-04
 34  0.02772  3.08391e-04 | 35 -0.03384  2.05826e-04 | 36  0.01825  3.01806e-04
 37 -0.00897  2.09480e-04 | 38 -0.10833  9.49590e-05 | 39 -0.04313  1.51612e-04
 40 -0.07688  1.11563e-04 | 41  0.00314  1.78891e-04 | 42 -0.01227  1.37667e-04
 43  0.06325  1.80433e-04 | 44 -0.00475  6.84723e-05 | 45  0.00418  6.27048e-05
 46  0.01105  7.65777e-05 | 47  0.04765  9.95481e-05 | 48  0.05926  9.18831e-05
 49 -0.01139 -6.79456e-06 | 50 -0.28415  2.63577e-06 | 51  0.80049  6.67997e-05
 52  0.46493 -1.70722e-03 | 53  0.12773 -1.03798e-04 | 54  0.38542  8.80808e-05
  ic > imax  in fminim is answer attained ?
Var    Value     Gradient |Var    Value     Gradient |Var    Value     Gradient
  1 -0.41808 -9.19677e-05 |  2 -0.04893  1.15315e-05 |  3  0.15977  2.13157e-05
  4 -0.41769  6.13755e-05 |  5 -0.49872 -7.63134e-05 |  6 -0.37186 -6.70524e-06
  7 -0.38619  3.04320e-05 |  8 -0.39090  3.33223e-05 |  9 -0.03442  2.76206e-04
 10 -0.13183  1.92164e-06 | 11 -0.06850  1.07158e-06 | 12 -0.06759  1.10154e-06
 13 -0.05731  1.44989e-06 | 14 -0.06078  1.63518e-06 | 15  0.04035  4.01973e-06
 16  0.06816  5.16062e-06 | 17 -0.04371  2.19101e-06 | 18  0.12910  8.06085e-06
 19 -0.02324  2.67114e-06 | 20 -0.02234  2.61329e-06 | 21  0.01991  4.08283e-06
 22  0.10044  7.75232e-06 | 23 -0.02444  3.02709e-06 | 24  0.06603  5.59197e-06
 25  0.10174  7.57312e-06 | 26  0.08969  7.18986e-06 | 27  0.05072  5.27640e-06
 28  0.05134  5.31746e-06 | 29  0.13731  1.06436e-05 | 30  0.00568  4.21070e-06
 31 -0.01084  3.80338e-06 | 32 -0.02109  3.67681e-06 | 33 -0.06123  2.95598e-06
 34  0.02772  5.90890e-06 | 35 -0.03384  3.89517e-06 | 36  0.01825  5.53960e-06
 37 -0.00897  4.25447e-06 | 38 -0.10833  1.83635e-06 | 39 -0.04313  2.64190e-06
 40 -0.07688  1.78174e-06 | 41  0.00314  2.73498e-06 | 42 -0.01227  2.19204e-06
 43  0.06325  3.21575e-06 | 44 -0.00475  1.58160e-06 | 45  0.00418  1.36335e-06
 46  0.01105  1.42870e-06 | 47  0.04765  1.76366e-06 | 48  0.05926  1.36992e-06
 49 -0.01139  2.33063e-07 | 50 -0.28415  2.19809e-09 | 51  0.80049  1.16563e-06
 52  0.46493 -2.68229e-05 | 53  0.12773 -2.78776e-06 | 54  0.38542  3.63302e-06
Function minimizer not making progress ... is minimum attained?
Minimprove criterion = 0.0000e+00

 - final statistics:
54 variables; iteration 143; function evaluation 198
Function value 7.6678e+02; maximum gradient component mag 2.7621e-04
Exit code = 1;  converg criter 1.0000e-04
Var    Value     Gradient |Var    Value     Gradient |Var    Value     Gradient
  1 -0.41808 -9.19677e-05 |  2 -0.04893  1.15315e-05 |  3  0.15977  2.13157e-05
  4 -0.41769  6.13755e-05 |  5 -0.49872 -7.63134e-05 |  6 -0.37186 -6.70524e-06
  7 -0.38619  3.04320e-05 |  8 -0.39090  3.33223e-05 |  9 -0.03442  2.76206e-04
 10 -0.13183  1.92164e-06 | 11 -0.06850  1.07158e-06 | 12 -0.06759  1.10154e-06
 13 -0.05731  1.44989e-06 | 14 -0.06078  1.63518e-06 | 15  0.04035  4.01973e-06
 16  0.06816  5.16062e-06 | 17 -0.04371  2.19101e-06 | 18  0.12910  8.06085e-06
 19 -0.02324  2.67114e-06 | 20 -0.02234  2.61329e-06 | 21  0.01991  4.08283e-06
 22  0.10044  7.75232e-06 | 23 -0.02444  3.02709e-06 | 24  0.06603  5.59197e-06
 25  0.10174  7.57312e-06 | 26  0.08969  7.18986e-06 | 27  0.05072  5.27640e-06
 28  0.05134  5.31746e-06 | 29  0.13731  1.06436e-05 | 30  0.00568  4.21070e-06
 31 -0.01084  3.80338e-06 | 32 -0.02109  3.67681e-06 | 33 -0.06123  2.95598e-06
 34  0.02772  5.90890e-06 | 35 -0.03384  3.89517e-06 | 36  0.01825  5.53960e-06
 37 -0.00897  4.25447e-06 | 38 -0.10833  1.83635e-06 | 39 -0.04313  2.64190e-06
 40 -0.07688  1.78174e-06 | 41  0.00314  2.73498e-06 | 42 -0.01227  2.19204e-06
 43  0.06325  3.21575e-06 | 44 -0.00475  1.58160e-06 | 45  0.00418  1.36335e-06
 46  0.01105  1.42870e-06 | 47  0.04765  1.76366e-06 | 48  0.05926  1.36992e-06
 49 -0.01139  2.33063e-07 | 50 -0.28415  2.19809e-09 | 51  0.80049  1.16563e-06
 52  0.46493 -2.68229e-05 | 53  0.12773 -2.78776e-06 | 54  0.38542  3.63302e-06

Initial statistics: 72 variables; iteration 0; function evaluation 0; phase 5
Function value 7.6677506e+02; maximum gradient component mag 3.0660e+01
Var    Value     Gradient |Var    Value     Gradient |Var    Value     Gradient
  1 -0.41808 -9.19669e-05 |  2 -0.04893  1.15314e-05 |  3  0.15977  2.13155e-05
  4 -0.41769  6.13748e-05 |  5 -0.49872 -7.63127e-05 |  6 -0.37186 -6.70518e-06
  7 -0.38619  3.04317e-05 |  8 -0.39090  3.33220e-05 |  9 -0.03442  2.76204e-04
 10 -0.13183  1.92162e-06 | 11 -0.06850  1.07157e-06 | 12 -0.06759  1.10153e-06
 13 -0.05731  1.44987e-06 | 14 -0.06078  1.63517e-06 | 15  0.04035  4.01969e-06
 16  0.06816  5.16058e-06 | 17 -0.04371  2.19099e-06 | 18  0.12910  8.06078e-06
 19 -0.02324  2.67111e-06 | 20 -0.02234  2.61327e-06 | 21  0.01991  4.08279e-06
 22  0.10044  7.75225e-06 | 23 -0.02444  3.02706e-06 | 24  0.06603  5.59192e-06
 25  0.10174  7.57305e-06 | 26  0.08969  7.18980e-06 | 27  0.05072  5.27636e-06
 28  0.05134  5.31741e-06 | 29  0.13731  1.06435e-05 | 30  0.00568  4.21067e-06
 31 -0.01084  3.80335e-06 | 32 -0.02109  3.67678e-06 | 33 -0.06123  2.95595e-06
 34  0.02772  5.90884e-06 | 35 -0.03384  3.89513e-06 | 36  0.01825  5.53954e-06
 37 -0.00897  4.25443e-06 | 38 -0.10833  1.83634e-06 | 39 -0.04313  2.64187e-06
 40 -0.07688  1.78173e-06 | 41  0.00314  2.73495e-06 | 42 -0.01227  2.19202e-06
 43  0.06325  3.21572e-06 | 44 -0.00475  1.58159e-06 | 45  0.00418  1.36334e-06
 46  0.01105  1.42868e-06 | 47  0.04765  1.76364e-06 | 48  0.05926  1.36990e-06
 49 -0.01139  2.33061e-07 | 50  0.00000  3.06600e+01 | 51  0.00000  4.46575e-03
 52  0.00000  0.00000e+00 | 53  0.00000  0.00000e+00 | 54  0.00000  0.00000e+00
 55  0.00000  0.00000e+00 | 56  0.00000  0.00000e+00 | 57  0.00000  0.00000e+00
 58  0.00000  0.00000e+00 | 59  0.00000  0.00000e+00 | 60  0.00000  0.00000e+00
 61  0.00000  0.00000e+00 | 62  0.00000  0.00000e+00 | 63  0.00000  0.00000e+00
 64  0.00000  0.00000e+00 | 65  0.00000  0.00000e+00 | 66  0.00000  0.00000e+00
 67  0.00000  0.00000e+00 | 68 -0.28415  2.19804e-09 | 69  0.80049  1.16562e-06
 70  0.46493 -2.68226e-05 | 71  0.12773 -2.78773e-06 | 72  0.38542  3.63298e-06

Intermediate statistics: 72 variables; iteration 20; function evaluation 25; phase 5
Function value 7.6634746e+02; maximum gradient component mag 5.0292e+01
Var    Value     Gradient |Var    Value     Gradient |Var    Value     Gradient
  1 -0.41329  2.76894e+01 |  2 -0.04867  5.66150e+00 |  3  0.16335 -8.50890e-01
  4 -0.41848 -2.05801e+00 |  5 -0.49735  2.53531e+01 |  6 -0.36599 -7.44934e-01
  7 -0.38646  6.22081e+00 |  8 -0.39103 -8.31680e+00 |  9 -0.03026 -4.64255e+01
 10 -0.13291 -1.74813e-01 | 11 -0.07012 -1.55392e-01 | 12 -0.06967 -1.73422e-01
 13 -0.05971 -1.23812e-01 | 14 -0.06290  1.23360e-01 | 15  0.03805  5.14452e-01
 16  0.06341 -7.41652e-01 | 17 -0.04635  3.13972e-01 | 18  0.12619  2.39831e+00
 19 -0.02634  3.34632e-01 | 20 -0.02544  2.33129e-02 | 21  0.01658 -4.82034e-01
 22  0.09595 -2.09038e+00 | 23 -0.02764 -1.17403e+00 | 24  0.06163 -4.01443e+00
 25  0.09657 -5.61370e+00 | 26  0.08568 -3.85499e+00 | 27  0.04659 -2.79712e+00
 28  0.04726 -2.34908e+00 | 29  0.13357 -5.46748e+00 | 30  0.00135 -3.03270e+00
 31 -0.01453 -3.10851e+00 | 32 -0.02580 -3.11142e+00 | 33 -0.06471 -2.18118e+00
 34  0.02312 -3.62570e+00 | 35 -0.03838 -2.06125e+00 | 36  0.01402 -1.59481e+00
 37 -0.01278 -1.36476e+00 | 38 -0.11200 -9.74013e-02 | 39 -0.04647  1.20281e-01
 40 -0.08071  2.20002e-01 | 41 -0.00001  6.22927e-01 | 42 -0.01622  1.01975e+00
 43  0.06101  3.75704e+00 | 44 -0.00905  9.18263e-01 | 45  0.00213  1.84689e+00
 46  0.00311 -1.28582e+00 | 47  0.03676 -1.97524e+00 | 48  0.04574 -3.86625e+00
 49 -0.02708 -4.08456e+00 | 50 -0.02033  2.55058e+01 | 51 -0.00004 -5.99668e-04
 52  0.00000  0.00000e+00 | 53  0.00000  0.00000e+00 | 54  0.00000  0.00000e+00
 55  0.00000  0.00000e+00 | 56  0.00000  0.00000e+00 | 57  0.00000  0.00000e+00
 58  0.00000  0.00000e+00 | 59  0.00000  0.00000e+00 | 60  0.00000  0.00000e+00
 61  0.00000  0.00000e+00 | 62  0.00000  0.00000e+00 | 63  0.00000  0.00000e+00
 64  0.00000  0.00000e+00 | 65  0.00000  0.00000e+00 | 66  0.00000  0.00000e+00
 67  0.00000  0.00000e+00 | 68 -0.27812  3.32083e-02 | 69  0.80465 -1.21179e+00
 70  0.46504  5.02918e+01 | 71  0.12859 -2.98884e+00 | 72  0.38472  4.40769e+00
72 variables; iteration 40; function evaluation 46; phase 5
Function value 7.6576314e+02; maximum gradient component mag -2.1217e+01
Var    Value     Gradient |Var    Value     Gradient |Var    Value     Gradient
  1 -0.41429  8.29838e+00 |  2 -0.04808  7.21593e-01 |  3  0.16793  2.79219e+00
  4 -0.42605 -2.31306e+00 |  5 -0.49227  5.31986e+00 |  6 -0.35690  2.68114e+00
  7 -0.38103  8.43875e-01 |  8 -0.38517 -3.19316e+00 |  9 -0.02954 -2.12172e+01
 10 -0.12639  1.24929e+00 | 11 -0.06045  2.04842e+00 | 12 -0.06641  3.76161e-01
 13 -0.06389 -1.57978e+00 | 14 -0.06341 -2.92680e-01 | 15  0.04094  2.43312e+00
 16  0.06640  2.44853e+00 | 17 -0.04571  2.18272e-01 | 18  0.12544 -1.57353e+00
 19 -0.02548  2.42641e-01 | 20 -0.02528 -4.78304e-01 | 21  0.01643 -6.52638e-01
 22  0.09738  6.24204e-01 | 23 -0.02709 -2.85591e-01 | 24  0.06163 -2.00625e+00
 25  0.09994  2.04132e+00 | 26  0.08408 -2.35357e+00 | 27  0.05027  2.74799e+00
 28  0.04634 -1.53434e+00 | 29  0.13566  1.40176e+00 | 30  0.00052 -2.27214e+00
 31 -0.01146  1.00933e-01 | 32 -0.02501 -1.72935e+00 | 33 -0.06461 -2.16095e+00
 34  0.02387 -3.16118e+00 | 35 -0.03742 -1.05437e+00 | 36  0.01683  2.04519e+00
 37 -0.01134 -5.67743e-01 | 38 -0.11032  1.34273e-01 | 39 -0.04440 -3.32032e-01
 40 -0.08031 -1.86058e+00 | 41  0.00159 -9.75518e-01 | 42 -0.01372  1.16470e+00
 43  0.06049 -4.00242e+00 | 44 -0.00726 -3.77019e-02 | 45  0.00191 -5.41873e-01
 46  0.00012 -3.07929e+00 | 47  0.03738  1.13680e+00 | 48  0.04008 -2.53201e+00
 49 -0.02509  3.29750e-01 | 50 -0.06788  3.63063e+00 | 51 -0.00003  1.17232e-03
 52  0.00000  0.00000e+00 | 53  0.00000  0.00000e+00 | 54  0.00000  0.00000e+00
 55  0.00000  0.00000e+00 | 56  0.00000  0.00000e+00 | 57  0.00000  0.00000e+00
 58  0.00000  0.00000e+00 | 59  0.00000  0.00000e+00 | 60  0.00000  0.00000e+00
 61  0.00000  0.00000e+00 | 62  0.00000  0.00000e+00 | 63  0.00000  0.00000e+00
 64  0.00000  0.00000e+00 | 65  0.00000  0.00000e+00 | 66  0.00000  0.00000e+00
 67  0.00000  0.00000e+00 | 68 -0.32110 -1.43172e+00 | 69  0.80041 -4.01534e-01
 70  0.46423  2.21945e+00 | 71  0.13161 -3.73637e-01 | 72  0.38534  3.52195e-01
72 variables; iteration 60; function evaluation 73; phase 5
Function value 7.6564999e+02; maximum gradient component mag -3.2106e+01
Var    Value     Gradient |Var    Value     Gradient |Var    Value     Gradient
  1 -0.41747  1.06774e+01 |  2 -0.04860 -2.32169e+00 |  3  0.16268 -2.96741e+00
  4 -0.42523 -1.07009e+01 |  5 -0.49075  8.89369e+00 |  6 -0.35525  1.07448e+00
  7 -0.38011 -5.32598e+00 |  8 -0.38457 -5.83456e+00 |  9 -0.03021 -3.21061e+01
 10 -0.12999 -1.08470e-01 | 11 -0.06759  6.53629e-02 | 12 -0.06865 -3.41447e-01
 13 -0.05790 -1.79899e-01 | 14 -0.06191 -1.98610e-01 | 15  0.03883 -2.35264e-01
 16  0.06585 -4.48005e-01 | 17 -0.04533 -1.01010e-01 | 18  0.12669 -9.56748e-01
 19 -0.02509 -8.85475e-02 | 20 -0.02380 -1.26943e-01 | 21  0.01648 -1.62826e+00
 22  0.09783 -5.38258e-01 | 23 -0.02604  8.19501e-02 | 24  0.06328 -8.21167e-01
 25  0.09857 -8.43672e-01 | 26  0.08727 -6.80593e-01 | 27  0.04809 -7.10708e-01
 28  0.04871 -5.45963e-01 | 29  0.13479 -1.17060e+00 | 30  0.00315 -3.40574e-01
 31 -0.01325 -5.68357e-01 | 32 -0.02393 -3.00719e-01 | 33 -0.06392 -7.30193e-01
 34  0.02475 -6.82361e-01 | 35 -0.03663 -6.50087e-01 | 36  0.01587 -5.52658e-01
 37 -0.01097 -4.94582e-01 | 38 -0.11085 -3.96054e-01 | 39 -0.04457 -1.18572e-01
 40 -0.07919 -5.33065e-01 | 41  0.00177 -3.41222e-01 | 42 -0.01451 -2.50531e-01
 43  0.06173 -5.91151e-01 | 44 -0.00711 -2.06723e-02 | 45  0.00094 -5.33125e-01
 46  0.00427  2.23093e-01 | 47  0.03413 -3.75845e-01 | 48  0.04159 -2.67324e-01
 49 -0.02741 -5.36224e-02 | 50 -0.07561  2.51164e-01 | 51  0.00233  3.61503e-01
 52  0.00000  0.00000e+00 | 53  0.00000  0.00000e+00 | 54  0.00000  0.00000e+00
 55  0.00000  0.00000e+00 | 56  0.00000  0.00000e+00 | 57  0.00000  0.00000e+00
 58  0.00000  0.00000e+00 | 59  0.00000  0.00000e+00 | 60  0.00000  0.00000e+00
 61  0.00000  0.00000e+00 | 62  0.00000  0.00000e+00 | 63  0.00000  0.00000e+00
 64  0.00000  0.00000e+00 | 65  0.00000  0.00000e+00 | 66  0.00000  0.00000e+00
 67  0.00000  0.00000e+00 | 68 -0.27191 -5.26977e-02 | 69  0.80249 -1.66314e-01
 70  0.46454  3.26308e+00 | 71  0.13193  2.10711e-01 | 72  0.38616 -3.10634e-01
72 variables; iteration 80; function evaluation 94; phase 5
Function value 7.6564617e+02; maximum gradient component mag 2.2176e-01
Var    Value     Gradient |Var    Value     Gradient |Var    Value     Gradient
  1 -0.40516 -7.63075e-02 |  2 -0.04868 -2.60140e-02 |  3  0.16215 -1.81225e-02
  4 -0.41859 -6.83167e-02 |  5 -0.50459 -6.26385e-02 |  6 -0.36713 -6.27213e-03
  7 -0.38628 -4.58539e-02 |  8 -0.39077 -2.46675e-02 |  9 -0.03022  2.21757e-01
 10 -0.13012  9.39575e-04 | 11 -0.06823  1.22125e-03 | 12 -0.06768  1.61556e-03
 13 -0.05784  4.84135e-04 | 14 -0.06166  1.05202e-03 | 15  0.03864  2.60876e-03
 16  0.06595  3.85780e-03 | 17 -0.04549  1.25641e-03 | 18  0.12688  5.28658e-03
 19 -0.02538  1.67728e-03 | 20 -0.02417  1.46734e-03 | 21  0.01796  5.19397e-03
 22  0.09760  4.17156e-03 | 23 -0.02652  1.47847e-03 | 24  0.06359  3.44536e-03
 25  0.09859  4.50205e-03 | 26  0.08729  6.23283e-03 | 27  0.04828  4.58484e-03
 28  0.04869  3.90004e-03 | 29  0.13487  9.65512e-03 | 30  0.00304  3.94904e-03
 31 -0.01305  5.35375e-03 | 32 -0.02421  2.85495e-03 | 33 -0.06317  3.83605e-03
 34  0.02455  5.38851e-03 | 35 -0.03634  4.02600e-03 | 36  0.01576  4.72076e-03
 37 -0.01099  4.44764e-03 | 38 -0.11061  2.68265e-03 | 39 -0.04484  1.54398e-03
 40 -0.07894  2.28696e-03 | 41  0.00165  1.00758e-03 | 42 -0.01462  1.93612e-03
 43  0.06173  2.29584e-03 | 44 -0.00744  1.72670e-03 | 45  0.00131  1.82766e-03
 46  0.00365  5.97544e-05 | 47  0.03424  1.74890e-03 | 48  0.04152  6.54289e-04
 49 -0.02737  5.09575e-04 | 50 -0.07619 -5.86454e-04 | 51 -0.00004 -1.00054e-03
 52  0.00000  0.00000e+00 | 53  0.00000  0.00000e+00 | 54  0.00000  0.00000e+00
 55  0.00000  0.00000e+00 | 56  0.00000  0.00000e+00 | 57  0.00000  0.00000e+00
 58  0.00000  0.00000e+00 | 59  0.00000  0.00000e+00 | 60  0.00000  0.00000e+00
 61  0.00000  0.00000e+00 | 62  0.00000  0.00000e+00 | 63  0.00000  0.00000e+00
 64  0.00000  0.00000e+00 | 65  0.00000  0.00000e+00 | 66  0.00000  0.00000e+00
 67  0.00000  0.00000e+00 | 68 -0.26939  2.50106e-04 | 69  0.80289  7.59533e-04
 70  0.46456 -1.10279e-03 | 71  0.13201 -4.23437e-03 | 72  0.38619  6.90484e-03
  ic > imax  in fminim is answer attained ?
Var    Value     Gradient |Var    Value     Gradient |Var    Value     Gradient
  1 -0.40527  3.73221e-05 |  2 -0.04868  5.38604e-07 |  3  0.16215 -3.62632e-06
  4 -0.41857 -6.95786e-06 |  5 -0.50446  3.13109e-05 |  6 -0.36702  3.29795e-06
  7 -0.38630  1.27819e-07 |  8 -0.39079 -6.36775e-06 |  9 -0.03022 -1.12753e-04
 10 -0.13012 -7.75510e-07 | 11 -0.06824 -1.09035e-06 | 12 -0.06769 -3.97074e-07
 13 -0.05784 -1.04628e-06 | 14 -0.06166 -1.47434e-06 | 15  0.03864 -1.50432e-06
 16  0.06595 -1.56121e-06 | 17 -0.04549 -1.48507e-06 | 18  0.12688 -2.57044e-06
 19 -0.02538 -1.59292e-06 | 20 -0.02417 -1.72148e-06 | 21  0.01795  7.86213e-07
 22  0.09760 -3.14825e-06 | 23 -0.02652 -2.05542e-06 | 24  0.06359 -1.70046e-06
 25  0.09859 -2.48377e-06 | 26  0.08729 -3.41574e-06 | 27  0.04828 -1.55246e-06
 28  0.04869 -2.51068e-06 | 29  0.13487 -4.33121e-06 | 30  0.00304 -1.62879e-06
 31 -0.01305 -2.45609e-06 | 32 -0.02421 -1.18241e-06 | 33 -0.06318 -2.60581e-08
 34  0.02455 -2.74844e-06 | 35 -0.03634 -1.97560e-06 | 36  0.01577 -2.88255e-06
 37 -0.01099 -1.79509e-06 | 38 -0.11061 -9.09787e-07 | 39 -0.04484 -1.82436e-06
 40 -0.07894  1.70476e-07 | 41  0.00165 -1.30733e-06 | 42 -0.01462 -9.85215e-07
 43  0.06173 -9.92194e-07 | 44 -0.00744 -1.16561e-06 | 45  0.00131  3.52877e-07
 46  0.00365 -1.25641e-06 | 47  0.03424 -6.25175e-07 | 48  0.04152 -2.01250e-08
 49 -0.02737 -3.81984e-07 | 50 -0.07619 -3.37056e-07 | 51 -0.00004 -7.81417e-07
 52  0.00000  0.00000e+00 | 53  0.00000  0.00000e+00 | 54  0.00000  0.00000e+00
 55  0.00000  0.00000e+00 | 56  0.00000  0.00000e+00 | 57  0.00000  0.00000e+00
 58  0.00000  0.00000e+00 | 59  0.00000  0.00000e+00 | 60  0.00000  0.00000e+00
 61  0.00000  0.00000e+00 | 62  0.00000  0.00000e+00 | 63  0.00000  0.00000e+00
 64  0.00000  0.00000e+00 | 65  0.00000  0.00000e+00 | 66  0.00000  0.00000e+00
 67  0.00000  0.00000e+00 | 68 -0.26940  1.30441e-07 | 69  0.80288 -6.17430e-08
 70  0.46456  5.90785e-06 | 71  0.13201  2.02969e-06 | 72  0.38619 -2.20255e-06
Function minimizer not making progress ... is minimum attained?
Minimprove criterion = 0.0000e+00

 - final statistics:
72 variables; iteration 90; function evaluation 134
Function value 7.6565e+02; maximum gradient component mag -1.1275e-04
Exit code = 1;  converg criter 1.0000e-04
Var    Value     Gradient |Var    Value     Gradient |Var    Value     Gradient
  1 -0.40527  3.73221e-05 |  2 -0.04868  5.38604e-07 |  3  0.16215 -3.62632e-06
  4 -0.41857 -6.95786e-06 |  5 -0.50446  3.13109e-05 |  6 -0.36702  3.29795e-06
  7 -0.38630  1.27819e-07 |  8 -0.39079 -6.36775e-06 |  9 -0.03022 -1.12753e-04
 10 -0.13012 -7.75510e-07 | 11 -0.06824 -1.09035e-06 | 12 -0.06769 -3.97074e-07
 13 -0.05784 -1.04628e-06 | 14 -0.06166 -1.47434e-06 | 15  0.03864 -1.50432e-06
 16  0.06595 -1.56121e-06 | 17 -0.04549 -1.48507e-06 | 18  0.12688 -2.57044e-06
 19 -0.02538 -1.59292e-06 | 20 -0.02417 -1.72148e-06 | 21  0.01795  7.86213e-07
 22  0.09760 -3.14825e-06 | 23 -0.02652 -2.05542e-06 | 24  0.06359 -1.70046e-06
 25  0.09859 -2.48377e-06 | 26  0.08729 -3.41574e-06 | 27  0.04828 -1.55246e-06
 28  0.04869 -2.51068e-06 | 29  0.13487 -4.33121e-06 | 30  0.00304 -1.62879e-06
 31 -0.01305 -2.45609e-06 | 32 -0.02421 -1.18241e-06 | 33 -0.06318 -2.60581e-08
 34  0.02455 -2.74844e-06 | 35 -0.03634 -1.97560e-06 | 36  0.01577 -2.88255e-06
 37 -0.01099 -1.79509e-06 | 38 -0.11061 -9.09787e-07 | 39 -0.04484 -1.82436e-06
 40 -0.07894  1.70476e-07 | 41  0.00165 -1.30733e-06 | 42 -0.01462 -9.85215e-07
 43  0.06173 -9.92194e-07 | 44 -0.00744 -1.16561e-06 | 45  0.00131  3.52877e-07
 46  0.00365 -1.25641e-06 | 47  0.03424 -6.25175e-07 | 48  0.04152 -2.01250e-08
 49 -0.02737 -3.81984e-07 | 50 -0.07619 -3.37056e-07 | 51 -0.00004 -7.81417e-07
 52  0.00000  0.00000e+00 | 53  0.00000  0.00000e+00 | 54  0.00000  0.00000e+00
 55  0.00000  0.00000e+00 | 56  0.00000  0.00000e+00 | 57  0.00000  0.00000e+00
 58  0.00000  0.00000e+00 | 59  0.00000  0.00000e+00 | 60  0.00000  0.00000e+00
 61  0.00000  0.00000e+00 | 62  0.00000  0.00000e+00 | 63  0.00000  0.00000e+00
 64  0.00000  0.00000e+00 | 65  0.00000  0.00000e+00 | 66  0.00000  0.00000e+00
 67  0.00000  0.00000e+00 | 68 -0.26940  1.30441e-07 | 69  0.80288 -6.17430e-08
 70  0.46456  5.90785e-06 | 71  0.13201  2.02969e-06 | 72  0.38619 -2.20255e-06
Estimating row 1 out of 72 for hessian
Estimating row 2 out of 72 for hessian
Estimating row 3 out of 72 for hessian
Estimating row 4 out of 72 for hessian
Estimating row 5 out of 72 for hessian
Estimating row 6 out of 72 for hessian
Estimating row 7 out of 72 for hessian
Estimating row 8 out of 72 for hessian
Estimating row 9 out of 72 for hessian
Estimating row 10 out of 72 for hessian
Estimating row 11 out of 72 for hessian
Estimating row 12 out of 72 for hessian
Estimating row 13 out of 72 for hessian
Estimating row 14 out of 72 for hessian
Estimating row 15 out of 72 for hessian
Estimating row 16 out of 72 for hessian
Estimating row 17 out of 72 for hessian
Estimating row 18 out of 72 for hessian
Estimating row 19 out of 72 for hessian
Estimating row 20 out of 72 for hessian
Estimating row 21 out of 72 for hessian
Estimating row 22 out of 72 for hessian
Estimating row 23 out of 72 for hessian
Estimating row 24 out of 72 for hessian
Estimating row 25 out of 72 for hessian
Estimating row 26 out of 72 for hessian
Estimating row 27 out of 72 for hessian
Estimating row 28 out of 72 for hessian
Estimating row 29 out of 72 for hessian
Estimating row 30 out of 72 for hessian
Estimating row 31 out of 72 for hessian
Estimating row 32 out of 72 for hessian
Estimating row 33 out of 72 for hessian
Estimating row 34 out of 72 for hessian
Estimating row 35 out of 72 for hessian
Estimating row 36 out of 72 for hessian
Estimating row 37 out of 72 for hessian
Estimating row 38 out of 72 for hessian
Estimating row 39 out of 72 for hessian
Estimating row 40 out of 72 for hessian
Estimating row 41 out of 72 for hessian
Estimating row 42 out of 72 for hessian
Estimating row 43 out of 72 for hessian
Estimating row 44 out of 72 for hessian
Estimating row 45 out of 72 for hessian
Estimating row 46 out of 72 for hessian
Estimating row 47 out of 72 for hessian
Estimating row 48 out of 72 for hessian
Estimating row 49 out of 72 for hessian
Estimating row 50 out of 72 for hessian
Estimating row 51 out of 72 for hessian
Estimating row 52 out of 72 for hessian
Estimating row 53 out of 72 for hessian
Estimating row 54 out of 72 for hessian
Estimating row 55 out of 72 for hessian
Estimating row 56 out of 72 for hessian
Estimating row 57 out of 72 for hessian
Estimating row 58 out of 72 for hessian
Estimating row 59 out of 72 for hessian
Estimating row 60 out of 72 for hessian
Estimating row 61 out of 72 for hessian
Estimating row 62 out of 72 for hessian
Estimating row 63 out of 72 for hessian
Estimating row 64 out of 72 for hessian
Estimating row 65 out of 72 for hessian
Estimating row 66 out of 72 for hessian
Estimating row 67 out of 72 for hessian
Estimating row 68 out of 72 for hessian
Estimating row 69 out of 72 for hessian
Estimating row 70 out of 72 for hessian
Estimating row 71 out of 72 for hessian
Estimating row 72 out of 72 for hessian
size of file gradfil1.tmp = 0
size of file gradfil2.tmp = 0
size of file varssave.tmp = 0
size of file cmpdiff.tmp = 0
