
Initial statistics: 31 variables; iteration 0; function evaluation 0; phase 1
Function value 1.4788142e+03; maximum gradient component mag -8.6280e+04
Var    Value     Gradient |Var    Value     Gradient |Var    Value     Gradient
  1 -0.01340 -8.62796e+04 |  2  0.00000 -2.02866e+03 |  3  0.00000 -2.43106e+03
  4  0.00000 -2.84917e+03 |  5  0.00000 -3.11144e+03 |  6  0.00000 -3.44899e+03
  7  0.00000 -3.68576e+03 |  8  0.00000 -3.67195e+03 |  9  0.00000 -3.39919e+03
 10  0.00000 -3.11697e+03 | 11  0.00000 -2.85998e+03 | 12  0.00000 -2.03802e+03
 13  0.00000 -1.44534e+03 | 14  0.00000 -1.04382e+03 | 15  0.00000 -7.07665e+02
 16  0.00000 -4.65572e+02 | 17  0.00000 -4.33315e+02 | 18  0.00000 -5.18477e+02
 19  0.00000 -3.25330e+02 | 20  0.00000  4.95995e+01 | 21  0.00000  1.46742e+02
 22  0.00000  2.31778e+02 | 23  0.00000  1.12462e+02 | 24  0.00000  9.71930e+01
 25  0.00000 -1.94004e+01 | 26  0.00000  9.84426e+01 | 27  0.00000  1.05150e+02
 28  0.00000  8.46256e+01 | 29  0.00000  3.19605e+01 | 30  0.00000 -2.95771e+01
 31  0.00000 -9.79211e-01 |

Intermediate statistics: 31 variables; iteration 20; function evaluation 33; phase 1
Function value 8.5872881e+02; maximum gradient component mag 4.4131e+02
Var    Value     Gradient |Var    Value     Gradient |Var    Value     Gradient
  1 -0.00995  4.41315e+02 |  2 -0.04280 -2.03964e+01 |  3  0.00641 -7.61684e+00
  4  0.12737  2.01117e+01 |  5 -0.22302 -4.70770e+01 |  6  0.06594 -3.02047e+01
  7  0.08292  7.92277e+00 |  8  0.08851 -2.09567e+01 |  9 -0.06285 -1.04065e+02
 10  0.00500 -6.04594e+01 | 11  0.13129  8.67915e+01 | 12 -0.00151  6.25197e+01
 13  0.00117  1.09818e+02 | 14  0.00180  1.69395e+02 | 15  0.02354  2.50067e+02
 16  0.05775  2.89483e+02 | 17 -0.00926  1.08178e+02 | 18 -0.03888 -5.07446e+01
 19 -0.04312 -8.93885e+01 | 20 -0.23451 -6.59200e+01 | 21 -0.07028 -5.43107e+01
 22 -0.14365 -5.01457e+01 | 23 -0.03929 -2.92842e+01 | 24 -0.07236 -2.18778e+01
 25  0.00975  1.13319e+01 | 26 -0.08651 -2.06481e+01 | 27 -0.06955 -1.74474e+01
 28 -0.09704 -3.52312e+01 | 29 -0.02440 -3.81163e+00 | 30  0.01917  1.74899e+01
 31 -0.07941 -2.32125e+01 |
31 variables; iteration 40; function evaluation 62; phase 1
Function value 8.2459343e+02; maximum gradient component mag -1.1757e+03
Var    Value     Gradient |Var    Value     Gradient |Var    Value     Gradient
  1 -0.00742 -1.17566e+03 |  2 -0.05900 -3.73092e+01 |  3 -0.02138 -4.16308e+01
  4  0.12263 -4.60899e+01 |  5 -0.28659 -5.28604e+01 |  6  0.07036 -5.47668e+01
  7  0.07135 -5.23695e+01 |  8  0.06885 -5.19011e+01 |  9  0.01628 -4.99644e+01
 10  0.01126 -4.30250e+01 | 11  0.12825 -2.88990e+01 | 12 -0.02031 -2.24481e+01
 13 -0.02162 -1.12900e+01 | 14 -0.03950 -4.87934e+00 | 15 -0.05625  5.77648e+00
 16  0.01348  9.69681e+00 | 17 -0.04731  4.01569e+00 | 18 -0.00617 -7.06851e+00
 19 -0.02461 -4.12747e+00 | 20 -0.13120 -2.73712e+00 | 21 -0.06834  6.28507e-01
 22 -0.10706  9.65882e-01 | 23 -0.03998  4.53228e-01 | 24 -0.06281  1.25574e-01
 25 -0.00152  1.87479e+00 | 26 -0.06983  4.76921e+00 | 27 -0.07172 -1.15802e+00
 28 -0.06572 -1.67874e+00 | 29 -0.02986  7.63417e-01 | 30  0.00527  2.81244e+00
 31 -0.03514  5.34530e-01 |

 - final statistics:
31 variables; iteration 55; function evaluation 77
Function value 8.1336e+02; maximum gradient component mag -5.0777e+00
Exit code = 1;  converg criter 1.0000e+01
Var    Value     Gradient |Var    Value     Gradient |Var    Value     Gradient
  1 -0.00623 -5.07765e+00 |  2 -0.03390  8.53094e-02 |  3  0.00787  3.79999e-02
  4  0.08089 -1.29462e-01 |  5 -0.03436  2.69963e-02 |  6  0.05292 -1.33001e-01
  7  0.07821 -1.14433e-01 |  8  0.06776 -1.42878e-01 |  9  0.02691 -1.83434e-01
 10  0.02294 -1.35333e-01 | 11  0.12056 -4.13624e-01 | 12 -0.01029 -1.48520e-01
 13 -0.02613 -1.46950e-01 | 14 -0.04138 -2.52651e-01 | 15 -0.07020 -1.21729e-01
 16  0.00626 -5.90197e-01 | 17 -0.05439 -1.67929e-01 | 18 -0.00580 -1.87763e-01
 19 -0.02724 -3.36491e-02 | 20 -0.13075  4.15254e-02 | 21 -0.07146 -1.49371e-03
 22 -0.10967  1.18509e-02 | 23 -0.04239 -1.71415e-02 | 24 -0.06503 -1.54009e-02
 25 -0.00387 -7.71487e-02 | 26 -0.07518 -2.44113e-02 | 27 -0.07249  5.15928e-02
 28 -0.06641  3.58654e-02 | 29 -0.03246 -2.51113e-02 | 30  0.00157 -4.94403e-02
 31 -0.03726  3.93674e-02 |

Initial statistics: 45 variables; iteration 0; function evaluation 0; phase 2
Function value 8.1335558e+02; maximum gradient component mag -1.7259e+02
Var    Value     Gradient |Var    Value     Gradient |Var    Value     Gradient
  1 -0.43272  1.40602e+02 |  2 -0.06960 -1.36631e+02 |  3  0.09640 -1.16469e+02
  4 -0.38854 -4.01150e+01 |  5 -0.00623 -5.07765e+00 |  6  0.00000  5.21288e+01
  7  0.00000  2.01299e+01 |  8  0.00000  2.38338e+01 |  9  0.00000  2.59458e+01
 10  0.00000  2.32135e+01 | 11  0.00000 -2.92328e+01 | 12  0.00000 -5.84781e+01
 13  0.00000  5.82041e+00 | 14  0.00000 -1.72586e+02 | 15  0.00000 -1.93013e+01
 16 -0.03390  8.53094e-02 | 17  0.00787  3.79999e-02 | 18  0.08089 -1.29462e-01
 19 -0.03436  2.69963e-02 | 20  0.05292 -1.33001e-01 | 21  0.07821 -1.14433e-01
 22  0.06776 -1.42878e-01 | 23  0.02691 -1.83434e-01 | 24  0.02294 -1.35333e-01
 25  0.12056 -4.13624e-01 | 26 -0.01029 -1.48520e-01 | 27 -0.02613 -1.46950e-01
 28 -0.04138 -2.52651e-01 | 29 -0.07020 -1.21729e-01 | 30  0.00626 -5.90197e-01
 31 -0.05439 -1.67929e-01 | 32 -0.00580 -1.87763e-01 | 33 -0.02724 -3.36491e-02
 34 -0.13075  4.15254e-02 | 35 -0.07146 -1.49371e-03 | 36 -0.10967  1.18509e-02
 37 -0.04239 -1.71415e-02 | 38 -0.06503 -1.54009e-02 | 39 -0.00387 -7.71487e-02
 40 -0.07518 -2.44113e-02 | 41 -0.07249  5.15928e-02 | 42 -0.06641  3.58654e-02
 43 -0.03246 -2.51113e-02 | 44  0.00157 -4.94403e-02 | 45 -0.03726  3.93674e-02

Intermediate statistics: 45 variables; iteration 20; function evaluation 26; phase 2
Function value 7.8676157e+02; maximum gradient component mag 7.6450e+02
Var    Value     Gradient |Var    Value     Gradient |Var    Value     Gradient
  1 -0.45869 -1.84026e+02 |  2 -0.05494  1.05303e+02 |  3  0.13565  1.06539e+02
  4 -0.40437  4.27244e+02 |  5 -0.02961  7.64498e+02 |  6 -0.07587  4.65405e+00
  7 -0.03649  2.44302e+00 |  8 -0.03394  2.80694e+00 |  9 -0.02373  2.83847e+00
 10 -0.02994  2.60564e+00 | 11  0.05823 -5.65228e+00 | 12  0.07888 -1.13030e+01
 13 -0.03856 -6.27521e+00 | 14  0.12469 -4.37883e+01 | 15 -0.03973 -1.47260e+01
 16 -0.01390  6.71907e+00 | 17  0.02969  1.89335e+01 | 18  0.11016  3.91112e+01
 19 -0.01171  1.50339e+01 | 20  0.07970  2.62381e+01 | 21  0.10665  2.46007e+01
 22  0.09244  1.97512e+01 | 23  0.05271  1.74882e+01 | 24  0.05366  2.17167e+01
 25  0.14507  3.17698e+01 | 26  0.01532  1.45424e+01 | 27  0.00094  1.72983e+01
 28 -0.01133  1.92705e+01 | 29 -0.04682  1.29590e+01 | 30  0.03538  2.28259e+01
 31 -0.02708  1.49725e+01 | 32  0.02380  2.09923e+01 | 33 -0.00091  1.44402e+01
 34 -0.10262  8.80834e+00 | 35 -0.04174  1.62122e+01 | 36 -0.08021  1.12391e+01
 37 -0.01267  1.39664e+01 | 38 -0.03402  9.90188e+00 | 39  0.02639  1.16258e+01
 40 -0.04288  8.90870e+00 | 41 -0.04013  1.02824e+01 | 42 -0.03192  9.95378e+00
 43  0.00159  1.16142e+01 | 44  0.03664  1.10325e+01 | 45 -0.00745  1.71364e+00
45 variables; iteration 40; function evaluation 54; phase 2
Function value 7.8413206e+02; maximum gradient component mag -2.1976e+02
Var    Value     Gradient |Var    Value     Gradient |Var    Value     Gradient
  1 -0.47882  7.67625e+01 |  2 -0.05132 -1.32110e+01 |  3  0.15637 -2.66770e+01
  4 -0.41406 -7.30845e+01 |  5 -0.03635 -2.19755e+02 |  6 -0.09821 -7.49377e-01
  7 -0.05200 -7.08466e-01 |  8 -0.04896 -7.74589e-01 |  9 -0.03732 -1.19425e+00
 10 -0.04488 -1.24671e+00 | 11  0.06044 -2.98950e+00 | 12  0.08377 -2.19012e+00
 13 -0.03502 -1.94172e+00 | 14  0.13913 -3.11638e+00 | 15 -0.02509 -3.09920e+00
 16 -0.01998 -9.56027e-01 | 17  0.02000 -2.88170e+00 | 18  0.10419 -4.75525e+00
 19 -0.01777 -2.65960e+00 | 20  0.07730 -5.01152e+00 | 21  0.10783 -6.35330e+00
 22  0.09134 -6.08674e+00 | 23  0.05127 -5.49270e+00 | 24  0.05173 -7.66300e+00
 25  0.14541 -1.19232e+01 | 26  0.01313 -4.63895e+00 | 27  0.00136 -1.95132e+00
 28 -0.01339 -3.83894e+00 | 29 -0.04912 -2.67860e+00 | 30  0.03789 -3.60881e+00
 31 -0.02981 -3.98432e+00 | 32  0.02429 -4.70135e+00 | 33 -0.00257 -5.83254e+00
 34 -0.10727 -3.21419e+00 | 35 -0.04384  3.61632e-01 | 36 -0.08382 -1.37454e+00
 37 -0.01441 -2.95798e+00 | 38 -0.03340  1.06892e+00 | 39  0.02666 -9.40214e-01
 40 -0.04600 -1.53649e+00 | 41 -0.04300 -6.88836e-02 | 42 -0.03487 -1.14939e+00
 43 -0.00069 -3.89169e-01 | 44  0.03333 -1.96464e+00 | 45 -0.01072 -1.41664e-01

 - final statistics:
45 variables; iteration 44; function evaluation 60
Function value 7.8410e+02; maximum gradient component mag -9.8668e+00
Exit code = 1;  converg criter 1.0000e+01
Var    Value     Gradient |Var    Value     Gradient |Var    Value     Gradient
  1 -0.47865  4.06140e+00 |  2 -0.05148 -4.26057e+00 |  3  0.15587 -4.02414e+00
  4 -0.41386 -9.86676e+00 |  5 -0.03611 -3.34051e+00 |  6 -0.09989 -3.19606e-01
  7 -0.05069  2.39854e-02 |  8 -0.04948 -3.08309e-01 |  9 -0.03655 -2.69601e-01
 10 -0.04536 -3.81219e-01 | 11  0.06182 -1.34750e-01 | 12  0.08290  3.41223e-01
 13 -0.03380 -7.35086e-02 | 14  0.13831  8.62425e-01 | 15 -0.02250 -1.94998e-01
 16 -0.02160 -1.27475e-02 | 17  0.01992 -4.34779e-01 | 18  0.10350 -1.98426e-01
 19 -0.01747 -3.47022e-01 | 20  0.07701 -2.41051e-01 | 21  0.10771  2.01132e-01
 22  0.09122  6.81417e-02 | 23  0.05117 -6.20244e-02 | 24  0.05298  1.97164e-02
 25  0.14519  9.81416e-02 | 26  0.01413  4.52477e-01 | 27 -0.00058  3.08045e-01
 28 -0.01335 -3.24718e-01 | 29 -0.04934 -1.82027e-01 | 30  0.03655  2.78163e-01
 31 -0.02841 -2.57184e-02 | 32  0.02359 -6.52130e-02 | 33 -0.00183 -1.26113e-01
 34 -0.10553 -3.06971e-01 | 35 -0.04542  1.67626e-01 | 36 -0.08344  1.38493e-03
 37 -0.01388 -1.54813e-01 | 38 -0.03465  1.61476e-01 | 39  0.02649 -7.57812e-02
 40 -0.04543 -1.21707e-01 | 41 -0.04356  1.60509e-01 | 42 -0.03425 -2.06799e-01
 43 -0.00130 -1.38342e-01 | 44  0.03466 -4.21438e-02 | 45 -0.01073 -1.05238e-01

Initial statistics: 49 variables; iteration 0; function evaluation 0; phase 3
Function value 7.8409881e+02; maximum gradient component mag 6.6983e+02
Var    Value     Gradient |Var    Value     Gradient |Var    Value     Gradient
  1 -0.47865  4.06140e+00 |  2 -0.05148 -4.26057e+00 |  3  0.15587 -4.02414e+00
  4 -0.41386 -9.86676e+00 |  5 -0.03611 -3.34051e+00 |  6 -0.09989 -3.19606e-01
  7 -0.05069  2.39854e-02 |  8 -0.04948 -3.08309e-01 |  9 -0.03655 -2.69601e-01
 10 -0.04536 -3.81219e-01 | 11  0.06182 -1.34750e-01 | 12  0.08290  3.41223e-01
 13 -0.03380 -7.35086e-02 | 14  0.13831  8.62425e-01 | 15 -0.02250 -1.94998e-01
 16 -0.02160 -1.27475e-02 | 17  0.01992 -4.34779e-01 | 18  0.10350 -1.98426e-01
 19 -0.01747 -3.47022e-01 | 20  0.07701 -2.41051e-01 | 21  0.10771  2.01132e-01
 22  0.09122  6.81417e-02 | 23  0.05117 -6.20244e-02 | 24  0.05298  1.97164e-02
 25  0.14519  9.81416e-02 | 26  0.01413  4.52477e-01 | 27 -0.00058  3.08045e-01
 28 -0.01335 -3.24718e-01 | 29 -0.04934 -1.82027e-01 | 30  0.03655  2.78163e-01
 31 -0.02841 -2.57184e-02 | 32  0.02359 -6.52130e-02 | 33 -0.00183 -1.26113e-01
 34 -0.10553 -3.06971e-01 | 35 -0.04542  1.67626e-01 | 36 -0.08344  1.38493e-03
 37 -0.01388 -1.54813e-01 | 38 -0.03465  1.61476e-01 | 39  0.02649 -7.57812e-02
 40 -0.04543 -1.21707e-01 | 41 -0.04356  1.60509e-01 | 42 -0.03425 -2.06799e-01
 43 -0.00130 -1.38342e-01 | 44  0.03466 -4.21438e-02 | 45 -0.01073 -1.05238e-01
 46  0.71287 -4.07048e+01 | 47  0.47002  6.69833e+02 | 48  0.13481  7.33946e+01
 49  0.38717 -1.40009e+02 |

Intermediate statistics: 49 variables; iteration 20; function evaluation 26; phase 3
Function value 7.8051231e+02; maximum gradient component mag -7.5227e+02
Var    Value     Gradient |Var    Value     Gradient |Var    Value     Gradient
  1 -0.46336  2.61074e+02 |  2 -0.04878 -2.97066e+01 |  3  0.16254 -8.60076e+01
  4 -0.41779 -2.28152e+02 |  5 -0.03370 -7.52275e+02 |  6 -0.09569 -4.39740e+00
  7 -0.05174 -2.66382e+00 |  8 -0.04572 -2.60328e+00 |  9 -0.03838 -4.22975e+00
 10 -0.03806 -2.40993e+00 | 11  0.06790 -7.42032e+00 | 12  0.08363 -1.28083e+01
 13 -0.03071 -5.03802e+00 | 14  0.13844 -2.05599e+01 | 15 -0.02042 -7.56409e+00
 16 -0.01782 -7.39834e+00 | 17  0.02161 -1.07930e+01 | 18  0.10580 -2.12081e+01
 19 -0.01655 -9.01276e+00 | 20  0.07283 -2.27829e+01 | 21  0.11076 -2.81728e+01
 22  0.09456 -2.48746e+01 | 23  0.05387 -1.60128e+01 | 24  0.05817 -1.39678e+01
 25  0.14767 -3.01854e+01 | 26  0.01547 -1.51598e+01 | 27  0.00023 -1.49063e+01
 28 -0.01308 -1.70533e+01 | 29 -0.04373 -9.64769e+00 | 30  0.03603 -2.44317e+01
 31 -0.02028 -9.57195e+00 | 32  0.02837 -1.09188e+01 | 33  0.00084 -6.78065e+00
 34 -0.10284 -4.15084e+00 | 35 -0.04404 -4.48231e+00 | 36 -0.07913 -1.07980e-01
 37 -0.01223  6.35388e-01 | 38 -0.03163 -1.91358e+00 | 39  0.02420 -8.40607e+00
 40 -0.04438 -2.45387e+00 | 41 -0.04554  6.57171e-02 | 42 -0.03057 -1.67682e-01
 43  0.00436 -3.87265e-01 | 44  0.03690  1.33660e+00 | 45 -0.01975 -5.48884e-02
 46  0.79083 -7.38248e+00 | 47  0.46435  1.34791e+02 | 48  0.12785 -5.09192e+00
 49  0.38975  1.15578e+01 |
49 variables; iteration 40; function evaluation 53; phase 3
Function value 7.8027637e+02; maximum gradient component mag -1.1058e+02
Var    Value     Gradient |Var    Value     Gradient |Var    Value     Gradient
  1 -0.46234  3.57426e+01 |  2 -0.04903 -3.44272e+00 |  3  0.16568 -1.07614e+01
  4 -0.41862 -2.67092e+01 |  5 -0.03191 -1.10581e+02 |  6 -0.09504 -8.43903e-01
  7 -0.05035 -5.48382e-01 |  8 -0.05006 -9.99990e-01 |  9 -0.03142  3.68385e-01
 10 -0.04293 -3.18172e-01 | 11  0.06148 -1.77166e+00 | 12  0.08359 -1.54451e+00
 13 -0.03428 -1.19174e+00 | 14  0.13626 -2.47429e+00 | 15 -0.02195 -1.30104e+00
 16 -0.02075 -1.31472e+00 | 17  0.01919 -1.66391e+00 | 18  0.10294 -2.56547e+00
 19 -0.02025 -1.37759e+00 | 20  0.07276 -2.64713e+00 | 21  0.10877 -3.36984e+00
 22  0.09259 -4.25041e+00 | 23  0.05194 -2.74623e+00 | 24  0.05379 -4.06447e+00
 25  0.14441 -5.20478e+00 | 26  0.01400 -2.39904e+00 | 27 -0.00228 -2.32385e+00
 28 -0.01136 -1.59492e+00 | 29 -0.05090 -1.46840e+00 | 30  0.03788 -2.09555e+00
 31 -0.02559 -2.07166e+00 | 32  0.02555 -3.52491e+00 | 33 -0.00315 -2.77302e+00
 34 -0.10402 -5.55860e-01 | 35 -0.04558  1.72438e-01 | 36 -0.08291  3.68704e-01
 37 -0.01438  2.26092e+00 | 38 -0.03502 -9.84878e-01 | 39  0.02368 -2.18925e+00
 40 -0.04761 -1.90527e+00 | 41 -0.04715  4.38462e-01 | 42 -0.03343 -3.43755e-01
 43  0.00150 -7.97887e-01 | 44  0.03374  1.88940e-01 | 45 -0.01925  7.32825e-01
 46  0.79492 -1.95563e+00 | 47  0.46442  1.76479e+01 | 48  0.12759  3.67009e-01
 49  0.38883  2.11570e-01 |

 - final statistics:
49 variables; iteration 55; function evaluation 75
Function value 7.8025e+02; maximum gradient component mag 5.0742e-01
Exit code = 1;  converg criter 1.0000e+00
Var    Value     Gradient |Var    Value     Gradient |Var    Value     Gradient
  1 -0.45989  1.03389e-01 |  2 -0.04888 -5.45593e-02 |  3  0.16752 -6.04246e-02
  4 -0.41930 -2.35060e-01 |  5 -0.03131 -2.29043e-01 |  6 -0.09286  1.69212e-02
  7 -0.04874 -1.26974e-03 |  8 -0.04623  1.05501e-02 |  9 -0.03415  1.07768e-02
 10 -0.04283  3.76800e-02 | 11  0.06317  4.41702e-02 | 12  0.08353 -5.41993e-02
 13 -0.03292  9.19772e-03 | 14  0.13659 -1.97510e-02 | 15 -0.02110 -6.84366e-02
 16 -0.01993  1.90900e-02 | 17  0.01988 -4.53481e-02 | 18  0.10290 -5.30130e-02
 19 -0.01950  5.70097e-02 | 20  0.07329 -6.01993e-03 | 21  0.10881 -1.87434e-02
 22  0.09358  2.19269e-02 | 23  0.05206 -1.09057e-02 | 24  0.05503  3.72248e-03
 25  0.14472 -3.89628e-02 | 26  0.01454  1.78258e-02 | 27 -0.00142 -2.53154e-02
 28 -0.01142  1.40472e-02 | 29 -0.05007 -2.37289e-02 | 30  0.03771 -3.24477e-02
 31 -0.02470 -2.70317e-03 | 32  0.02622  2.01929e-02 | 33 -0.00225 -3.35870e-03
 34 -0.10378  5.11228e-02 | 35 -0.04549 -3.58838e-02 | 36 -0.08272 -1.45186e-02
 37 -0.01499 -4.84863e-02 | 38 -0.03436 -9.07485e-03 | 39  0.02437  5.11275e-02
 40 -0.04644  1.90482e-03 | 41 -0.04750  3.15613e-02 | 42 -0.03331 -4.99105e-02
 43  0.00207  1.55073e-02 | 44  0.03345  7.06660e-03 | 45 -0.02021  1.69932e-02
 46  0.80641 -8.49937e-02 | 47  0.46453  5.07418e-01 | 48  0.12784  8.72837e-02
 49  0.38855  3.56216e-02 |

Initial statistics: 53 variables; iteration 0; function evaluation 0; phase 4
Function value 7.8025175e+02; maximum gradient component mag -1.4352e+02
Var    Value     Gradient |Var    Value     Gradient |Var    Value     Gradient
  1 -0.45989  1.03389e-01 |  2 -0.04888 -5.45593e-02 |  3  0.16752 -6.04246e-02
  4 -0.41930 -2.35060e-01 |  5 -0.43272  9.13644e+01 |  6 -0.43272 -9.12572e+01
  7 -0.38854 -1.43523e+02 |  8 -0.38854  1.43280e+02 |  9 -0.03131 -2.29043e-01
 10 -0.09286  1.69212e-02 | 11 -0.04874 -1.26974e-03 | 12 -0.04623  1.05501e-02
 13 -0.03415  1.07768e-02 | 14 -0.04283  3.76800e-02 | 15  0.06317  4.41702e-02
 16  0.08353 -5.41993e-02 | 17 -0.03292  9.19772e-03 | 18  0.13659 -1.97510e-02
 19 -0.02110 -6.84366e-02 | 20 -0.01993  1.90900e-02 | 21  0.01988 -4.53481e-02
 22  0.10290 -5.30130e-02 | 23 -0.01950  5.70097e-02 | 24  0.07329 -6.01993e-03
 25  0.10881 -1.87434e-02 | 26  0.09358  2.19269e-02 | 27  0.05206 -1.09057e-02
 28  0.05503  3.72248e-03 | 29  0.14472 -3.89628e-02 | 30  0.01454  1.78258e-02
 31 -0.00142 -2.53154e-02 | 32 -0.01142  1.40472e-02 | 33 -0.05007 -2.37289e-02
 34  0.03771 -3.24477e-02 | 35 -0.02470 -2.70317e-03 | 36  0.02622  2.01929e-02
 37 -0.00225 -3.35870e-03 | 38 -0.10378  5.11228e-02 | 39 -0.04549 -3.58838e-02
 40 -0.08272 -1.45186e-02 | 41 -0.01499 -4.84863e-02 | 42 -0.03436 -9.07485e-03
 43  0.02437  5.11275e-02 | 44 -0.04644  1.90482e-03 | 45 -0.04750  3.15613e-02
 46 -0.03331 -4.99105e-02 | 47  0.00207  1.55073e-02 | 48  0.03345  7.06660e-03
 49 -0.02021  1.69932e-02 | 50  0.80641 -8.49937e-02 | 51  0.46453  5.07418e-01
 52  0.12784  8.72837e-02 | 53  0.38855  3.56216e-02 |

Intermediate statistics: 53 variables; iteration 20; function evaluation 28; phase 4
Function value 7.7457459e+02; maximum gradient component mag -3.8533e+02
Var    Value     Gradient |Var    Value     Gradient |Var    Value     Gradient
  1 -0.49944  1.14689e+02 |  2 -0.04037  9.01581e+01 |  3  0.18765 -2.53396e+00
  4 -0.46598  5.54498e-01 |  5 -0.40292  1.53739e+02 |  6 -0.29668 -2.43506e+01
  7 -0.35166  1.88232e+00 |  8 -0.35457 -7.48499e-01 |  9 -0.02820 -3.85325e+02
 10 -0.10222 -1.21653e-01 | 11 -0.06103 -1.32859e+00 | 12 -0.05789 -9.94095e-01
 13 -0.04580 -7.73657e-01 | 14 -0.05470 -1.01150e+00 | 15  0.04669 -4.52110e+00
 16  0.06181 -1.09074e+01 | 17 -0.04588 -2.99688e+00 | 18  0.12769  9.60823e+00
 19 -0.03775 -3.62643e+00 | 20 -0.03786 -7.58644e+00 | 21  0.00687 -2.43920e+00
 22  0.09063 -4.38885e+00 | 23 -0.03696 -6.52571e+00 | 24  0.06237 -1.05007e+01
 25  0.09366 -2.46253e+01 | 26  0.07341 -3.64829e+01 | 27  0.03689 -2.30129e+01
 28  0.04093 -5.26134e+00 | 29  0.14070  2.09278e+01 | 30 -0.00144 -2.40067e+00
 31 -0.00500  4.15460e-01 | 32 -0.02336 -1.30660e+00 | 33 -0.05441  1.35061e+00
 34  0.03083  2.97343e+00 | 35 -0.03413 -3.57388e+00 | 36  0.01960 -8.80830e+00
 37 -0.00320 -8.84275e+00 | 38 -0.11010 -6.54102e+00 | 39 -0.03365 -1.83650e+00
 40 -0.07410 -8.50311e+00 | 41 -0.00386 -4.03308e+01 | 42 -0.01547 -2.60255e+01
 43  0.05473 -3.80992e+01 | 44  0.00123  8.49536e+00 | 45  0.01495  1.86980e+01
 46  0.00751  6.98390e+00 | 47  0.04312  4.18566e+00 | 48  0.07126  1.74805e+01
 49 -0.00358 -5.20774e-01 | 50  0.80838  2.17864e+00 | 51  0.46206 -1.10216e+02
 52  0.13217  6.63304e+00 | 53  0.38208 -1.77934e+01 |
53 variables; iteration 40; function evaluation 52; phase 4
Function value 7.7155948e+02; maximum gradient component mag -1.6778e+02
Var    Value     Gradient |Var    Value     Gradient |Var    Value     Gradient
  1 -0.49518  4.78203e+01 |  2 -0.04570  1.89108e+01 |  3  0.17541 -4.74839e+00
  4 -0.44981 -2.80343e+01 |  5 -0.42010  4.76256e+01 |  6 -0.25743  7.73670e+00
  7 -0.36170  4.29467e-01 |  8 -0.36495 -3.10467e+01 |  9 -0.03091 -1.67777e+02
 10 -0.10494  3.32748e+00 | 11 -0.07636 -2.99114e+00 | 12 -0.06556 -8.97283e-01
 13 -0.05145 -2.50806e-02 | 14 -0.06416 -8.97174e-01 | 15  0.04481  2.15910e+00
 16  0.06248  9.77506e-01 | 17 -0.04117  4.36649e+00 | 18  0.11655 -1.41122e+00
 19 -0.03466  1.05989e+00 | 20 -0.03617 -3.96982e-02 | 21  0.00183 -5.75169e-01
 22  0.08880  1.31427e+00 | 23 -0.04549 -7.51557e+00 | 24  0.05944 -4.99481e+00
 25  0.09328 -4.19061e+00 | 26  0.07575 -1.03878e+01 | 27  0.03747 -5.56401e+00
 28  0.04253  3.75917e+00 | 29  0.13196  5.44887e+00 | 30 -0.00056 -2.35988e+00
 31 -0.01551 -5.28363e+00 | 32 -0.02434  2.85274e-01 | 33 -0.05103  5.20883e+00
 34  0.02345 -4.08925e+00 | 35 -0.03202 -1.27140e+00 | 36  0.02106 -1.77261e+00
 37 -0.00161 -3.62951e+00 | 38 -0.10080 -2.10370e+00 | 39 -0.02903 -3.66866e+00
 40 -0.06103 -2.37382e+00 | 41  0.01948 -1.53414e+01 | 42  0.00448 -1.22200e+01
 43  0.08784 -1.12598e+01 | 44  0.02477  4.18780e+00 | 45  0.02903  9.68621e-01
 46  0.02698 -1.04869e+00 | 47  0.06599  2.56932e-01 | 48  0.07448  1.50059e+00
 49 -0.00223 -1.53111e+00 | 50  0.79167 -9.23307e-01 | 51  0.46340 -2.02417e+01
 52  0.12974  1.16796e+00 | 53  0.38318 -2.82795e+00 |
53 variables; iteration 60; function evaluation 83; phase 4
Function value 7.7108550e+02; maximum gradient component mag -1.5421e+01
Var    Value     Gradient |Var    Value     Gradient |Var    Value     Gradient
  1 -0.48805  4.54619e+00 |  2 -0.04876 -2.50451e+00 |  3  0.16410 -3.51929e+00
  4 -0.44104 -1.10663e+01 |  5 -0.43205  6.30701e+00 |  6 -0.25510 -2.64051e-01
  7 -0.36564 -7.31313e+00 |  8 -0.36936 -4.45495e+00 |  9 -0.03011 -1.54212e+01
 10 -0.12136 -1.72279e-01 | 11 -0.06674 -1.18092e-01 | 12 -0.06571 -2.82691e-02
 13 -0.05700 -2.46479e-01 | 14 -0.06310 -8.52742e-02 | 15  0.03589 -3.78484e-01
 16  0.05853 -2.48509e-01 | 17 -0.05289 -1.10390e-01 | 18  0.11260 -7.10290e-01
 19 -0.04114 -1.81496e-01 | 20 -0.04141 -1.48640e-01 | 21 -0.00114 -3.18351e-01
 22  0.07940 -7.17433e-01 | 23 -0.03658 -3.80914e-01 | 24  0.05426 -5.29489e-01
 25  0.08757 -6.82959e-01 | 26  0.07420 -3.05873e-01 | 27  0.03454 -2.64072e-01
 28  0.03549 -3.49764e-01 | 29  0.12554 -7.72381e-01 | 30 -0.00377 -1.83303e-01
 31 -0.01708 -4.30587e-01 | 32 -0.02823 -2.77871e-01 | 33 -0.06474 -1.97599e-01
 34  0.02228 -2.04033e-01 | 35 -0.03715 -2.02851e-01 | 36  0.01726  8.49152e-02
 37 -0.00415  1.37495e-01 | 38 -0.10226 -4.45420e-02 | 39 -0.02951 -2.00151e-01
 40 -0.06203 -1.15174e-01 | 41  0.02414  1.05814e-01 | 42  0.00957  3.56463e-02
 43  0.09351  1.64877e-01 | 44  0.02423  1.15442e-01 | 45  0.03156  2.37732e-02
 46  0.03075  1.98644e-01 | 47  0.06709 -2.14680e-02 | 48  0.07383 -2.27186e-01
 49 -0.00000  2.13974e-01 | 50  0.80137 -1.48182e-01 | 51  0.46453  3.76388e+00
 52  0.12915 -1.86011e-01 | 53  0.38362  4.61450e-01 |
Maximum number of function evaluations exceeded

 - final statistics:
53 variables; iteration 76; function evaluation 100
Function value 7.7103e+02; maximum gradient component mag 3.2959e+00
Exit code = 3;  converg criter 1.0000e+00
Var    Value     Gradient |Var    Value     Gradient |Var    Value     Gradient
  1 -0.42208 -1.30976e+00 |  2 -0.04878  9.52641e-01 |  3  0.16423  9.66048e-01
  4 -0.41500  3.29594e+00 |  5 -0.49850 -6.57746e-01 |  6 -0.30912 -1.76679e-01
  7 -0.39018  1.37945e+00 |  8 -0.39399  1.95693e+00 |  9 -0.02991  3.25688e+00
 10 -0.12111  8.25901e-03 | 11 -0.06670 -4.75172e-02 | 12 -0.06565  7.32840e-02
 13 -0.05680 -7.84550e-02 | 14 -0.06310  6.13802e-02 | 15  0.03597 -2.86830e-02
 16  0.05827 -5.14857e-02 | 17 -0.05296  4.22909e-02 | 18  0.11252 -5.81467e-02
 19 -0.04120  3.15901e-02 | 20 -0.04164 -3.52833e-03 | 21 -0.00124  6.89880e-02
 22  0.07929  1.13706e-01 | 23 -0.03660 -4.38008e-02 | 24  0.05415  8.66356e-02
 25  0.08746  5.23909e-02 | 26  0.07399 -1.68235e-02 | 27  0.03442  4.90596e-04
 28  0.03531  9.67732e-02 | 29  0.12549  1.74931e-01 | 30 -0.00401  4.55394e-02
 31 -0.01696  7.34798e-02 | 32 -0.02838  1.12681e-01 | 33 -0.06464  1.20086e-01
 34  0.02213  2.28114e-01 | 35 -0.03723  1.39244e-03 | 36  0.01711  1.74055e-01
 37 -0.00423  7.34470e-02 | 38 -0.10234  1.56957e-02 | 39 -0.02934  1.75424e-01
 40 -0.06197  7.41367e-02 | 41  0.02419  4.60132e-02 | 42  0.00962  2.77145e-02
 43  0.09366 -4.97929e-02 | 44  0.02435  3.27031e-02 | 45  0.03193  4.29864e-02
 46  0.03073  6.64762e-02 | 47  0.06722 -4.75222e-02 | 48  0.07417  1.28091e-01
 49 -0.00027  6.05950e-03 | 50  0.80166  5.50503e-02 | 51  0.46450 -1.34903e+00
 52  0.12923  6.33993e-02 | 53  0.38352 -1.85075e-01 |

Initial statistics: 53 variables; iteration 0; function evaluation 0; phase 5
Function value 7.7103147e+02; maximum gradient component mag 3.2959e+00
Var    Value     Gradient |Var    Value     Gradient |Var    Value     Gradient
  1 -0.42208 -1.30976e+00 |  2 -0.04878  9.52641e-01 |  3  0.16423  9.66048e-01
  4 -0.41500  3.29594e+00 |  5 -0.49850 -6.57746e-01 |  6 -0.30912 -1.76679e-01
  7 -0.39018  1.37945e+00 |  8 -0.39399  1.95693e+00 |  9 -0.02991  3.25688e+00
 10 -0.12111  8.25901e-03 | 11 -0.06670 -4.75172e-02 | 12 -0.06565  7.32840e-02
 13 -0.05680 -7.84550e-02 | 14 -0.06310  6.13802e-02 | 15  0.03597 -2.86830e-02
 16  0.05827 -5.14857e-02 | 17 -0.05296  4.22909e-02 | 18  0.11252 -5.81467e-02
 19 -0.04120  3.15901e-02 | 20 -0.04164 -3.52833e-03 | 21 -0.00124  6.89880e-02
 22  0.07929  1.13706e-01 | 23 -0.03660 -4.38008e-02 | 24  0.05415  8.66356e-02
 25  0.08746  5.23909e-02 | 26  0.07399 -1.68235e-02 | 27  0.03442  4.90596e-04
 28  0.03531  9.67732e-02 | 29  0.12549  1.74931e-01 | 30 -0.00401  4.55394e-02
 31 -0.01696  7.34798e-02 | 32 -0.02838  1.12681e-01 | 33 -0.06464  1.20086e-01
 34  0.02213  2.28114e-01 | 35 -0.03723  1.39244e-03 | 36  0.01711  1.74055e-01
 37 -0.00423  7.34470e-02 | 38 -0.10234  1.56957e-02 | 39 -0.02934  1.75424e-01
 40 -0.06197  7.41367e-02 | 41  0.02419  4.60132e-02 | 42  0.00962  2.77145e-02
 43  0.09366 -4.97929e-02 | 44  0.02435  3.27031e-02 | 45  0.03193  4.29864e-02
 46  0.03073  6.64762e-02 | 47  0.06722 -4.75222e-02 | 48  0.07417  1.28091e-01
 49 -0.00027  6.05950e-03 | 50  0.80166  5.50503e-02 | 51  0.46450 -1.34903e+00
 52  0.12923  6.33993e-02 | 53  0.38352 -1.85075e-01 |

Intermediate statistics: 53 variables; iteration 20; function evaluation 24; phase 5
Function value 7.7102947e+02; maximum gradient component mag -5.8636e+01
Var    Value     Gradient |Var    Value     Gradient |Var    Value     Gradient
  1 -0.41424  2.21388e+01 |  2 -0.04878 -2.40130e+00 |  3  0.16424 -6.29059e+00
  4 -0.41605 -1.71213e+01 |  5 -0.50730  1.92493e+01 |  6 -0.31608  6.12309e-01
  7 -0.38917 -8.82294e+00 |  8 -0.39298 -8.83275e+00 |  9 -0.02992 -5.86356e+01
 10 -0.12123 -3.99294e-01 | 11 -0.06645 -1.88550e-01 | 12 -0.06622 -2.96471e-01
 13 -0.05635 -2.84055e-01 | 14 -0.06357 -3.92030e-01 | 15  0.03598 -8.99244e-01
 16  0.05821 -1.19847e+00 | 17 -0.05308 -5.22633e-01 | 18  0.11248 -2.04282e+00
 19 -0.04131 -7.01320e-01 | 20 -0.04166 -7.55541e-01 | 21 -0.00126 -1.01957e+00
 22  0.07923 -2.01690e+00 | 23 -0.03651 -8.39400e-01 | 24  0.05408 -1.51004e+00
 25  0.08747 -1.77547e+00 | 26  0.07402 -1.62134e+00 | 27  0.03441 -1.29386e+00
 28  0.03522 -1.45772e+00 | 29  0.12542 -3.04200e+00 | 30 -0.00405 -1.22379e+00
 31 -0.01703 -1.18256e+00 | 32 -0.02846 -1.09478e+00 | 33 -0.06469 -7.16210e-01
 34  0.02212 -1.14650e+00 | 35 -0.03723 -6.88703e-01 | 36  0.01708 -6.93548e-01
 37 -0.00425 -5.27365e-01 | 38 -0.10238 -2.04773e-01 | 39 -0.02934 -6.70734e-02
 40 -0.06198 -6.92042e-02 | 41  0.02416 -2.56181e-01 | 42  0.00956 -2.31773e-01
 43  0.09370 -2.06969e-01 | 44  0.02433 -6.06363e-02 | 45  0.03197 -1.96083e-02
 46  0.03073 -3.16453e-02 | 47  0.06726 -1.75529e-01 | 48  0.07412 -1.39556e-02
 49 -0.00025  3.72609e-02 | 50  0.80142 -4.34247e-01 | 51  0.46449  1.01481e+01
 52  0.12927 -3.65166e-01 | 53  0.38355  8.74703e-01 |
53 variables; iteration 40; function evaluation 49; phase 5
Function value 7.7102787e+02; maximum gradient component mag -6.3854e+00
Var    Value     Gradient |Var    Value     Gradient |Var    Value     Gradient
  1 -0.41130  2.35020e+00 |  2 -0.04880 -7.12953e-01 |  3  0.16426 -1.02517e+00
  4 -0.42093 -3.13287e+00 |  5 -0.51060  2.35389e+00 |  6 -0.31896 -6.81137e-02
  7 -0.38448 -1.85602e+00 |  8 -0.38827 -1.37658e+00 |  9 -0.02985 -6.38543e+00
 10 -0.12152 -1.13961e-01 | 11 -0.06643  2.04786e-02 | 12 -0.06554  1.12206e-01
 13 -0.05643  1.55419e-02 | 14 -0.06356 -3.79756e-02 | 15  0.03616  5.20827e-02
 16  0.05821 -5.75625e-02 | 17 -0.05317 -8.18760e-02 | 18  0.11257 -1.00656e-01
 19 -0.04160 -2.27963e-01 | 20 -0.04152 -1.92355e-02 | 21 -0.00152 -3.02158e-01
 22  0.07926 -2.26344e-01 | 23 -0.03668 -1.60240e-01 | 24  0.05411 -1.97054e-01
 25  0.08735 -4.65352e-01 | 26  0.07385 -4.50814e-01 | 27  0.03439 -1.53381e-01
 28  0.03528 -2.50695e-02 | 29  0.12539 -2.23014e-01 | 30 -0.00393  1.57744e-01
 31 -0.01687  1.45536e-01 | 32 -0.02857 -1.49110e-01 | 33 -0.06468 -6.15401e-02
 34  0.02190 -2.89895e-01 | 35 -0.03713 -1.11565e-01 | 36  0.01688 -2.93146e-01
 37 -0.00438 -1.93341e-01 | 38 -0.10214  1.46627e-01 | 39 -0.02968 -3.30646e-01
 40 -0.06225 -2.30958e-01 | 41  0.02417  1.53777e-01 | 42  0.00939 -2.62938e-02
 43  0.09363  1.59660e-01 | 44  0.02401 -1.33278e-01 | 45  0.03176 -2.37182e-02
 46  0.03062  6.12907e-02 | 47  0.06698 -1.71716e-01 | 48  0.07389 -4.06764e-02
 49 -0.00034  1.86787e-02 | 50  0.80148 -1.03323e-01 | 51  0.46452  2.87749e+00
 52  0.12904 -2.62395e-01 | 53  0.38342  1.44047e-01 |
53 variables; iteration 60; function evaluation 80; phase 5
Function value 7.7102573e+02; maximum gradient component mag -1.3032e+01
Var    Value     Gradient |Var    Value     Gradient |Var    Value     Gradient
  1 -0.40009  5.00744e+00 |  2 -0.04879 -5.70665e-01 |  3  0.16428 -1.44649e+00
  4 -0.42942 -3.94383e+00 |  5 -0.52375  4.19559e+00 |  6 -0.32873  1.85663e-01
  7 -0.37643 -2.02303e+00 |  8 -0.38018 -2.02299e+00 |  9 -0.02987 -1.30320e+01
 10 -0.12120 -9.24909e-02 | 11 -0.06681 -1.14214e-01 | 12 -0.06619 -1.00697e-01
 13 -0.05649 -6.29821e-02 | 14 -0.06328 -2.79053e-02 | 15  0.03600 -1.65144e-01
 16  0.05819 -2.94628e-01 | 17 -0.05315 -1.49480e-01 | 18  0.11249 -4.41447e-01
 19 -0.04141 -2.03915e-01 | 20 -0.04172 -2.04523e-01 | 21 -0.00120 -1.30881e-01
 22  0.07914 -4.73900e-01 | 23 -0.03656 -2.13349e-01 | 24  0.05403 -3.61292e-01
 25  0.08742 -3.45949e-01 | 26  0.07392 -3.61391e-01 | 27  0.03439 -2.72353e-01
 28  0.03520 -3.45915e-01 | 29  0.12542 -6.73422e-01 | 30 -0.00408 -2.99580e-01
 31 -0.01711 -3.63929e-01 | 32 -0.02839 -2.09129e-01 | 33 -0.06487 -2.25384e-01
 34  0.02206 -2.31562e-01 | 35 -0.03726 -1.89987e-01 | 36  0.01704 -1.07144e-01
 37 -0.00428 -1.31333e-01 | 38 -0.10236 -3.99049e-02 | 39 -0.02935  4.83051e-02
 40 -0.06200 -3.58568e-02 | 41  0.02423 -7.06261e-02 | 42  0.00967 -2.83179e-02
 43  0.09378 -9.11028e-02 | 44  0.02444  1.29131e-02 | 45  0.03209  1.17119e-02
 46  0.03069 -4.55587e-02 | 47  0.06750  3.22244e-02 | 48  0.07412 -1.52330e-03
 49 -0.00028 -1.52158e-02 | 50  0.80157 -9.24354e-02 | 51  0.46449  2.13194e+00
 52  0.12926 -7.56055e-02 | 53  0.38352  1.89798e-01 |

 - final statistics:
53 variables; iteration 71; function evaluation 92
Function value 7.7102e+02; maximum gradient component mag -1.9616e-01
Exit code = 1;  converg criter 1.0000e+00
Var    Value     Gradient |Var    Value     Gradient |Var    Value     Gradient
  1 -0.38856 -3.84403e-02 |  2 -0.04879 -5.44291e-02 |  3  0.16430 -4.56271e-02
  4 -0.41921 -1.96159e-01 |  5 -0.53768 -3.64537e-02 |  6 -0.33953  1.25180e-02
  7 -0.38615 -9.97633e-02 |  8 -0.38994 -9.69354e-02 |  9 -0.02986  7.39258e-02
 10 -0.12117  6.10082e-04 | 11 -0.06652  3.79899e-03 | 12 -0.06598  8.35109e-03
 13 -0.05649  6.44643e-03 | 14 -0.06341  1.77926e-03 | 15  0.03598 -4.68218e-03
 16  0.05824 -4.83332e-03 | 17 -0.05309 -4.92034e-03 | 18  0.11251 -1.15171e-02
 19 -0.04132 -7.54639e-03 | 20 -0.04164  1.38044e-03 | 21 -0.00130  8.34034e-04
 22  0.07919  4.89204e-03 | 23 -0.03651  6.26362e-03 | 24  0.05407 -3.71815e-03
 25  0.08741  2.19496e-02 | 26  0.07396  2.10932e-02 | 27  0.03438 -9.57242e-03
 28  0.03523 -8.59630e-03 | 29  0.12544 -2.92812e-03 | 30 -0.00407 -1.25226e-02
 31 -0.01700 -7.43845e-03 | 32 -0.02846 -1.39195e-02 | 33 -0.06473 -1.62538e-03
 34  0.02201  2.14441e-02 | 35 -0.03716  3.62723e-03 | 36  0.01701  1.04201e-02
 37 -0.00424  4.57284e-03 | 38 -0.10233  1.27108e-02 | 39 -0.02938  1.57669e-02
 40 -0.06197 -2.41083e-03 | 41  0.02426 -1.07569e-02 | 42  0.00967 -6.86765e-03
 43  0.09383 -9.38233e-03 | 44  0.02443  5.49663e-04 | 45  0.03210  4.56660e-03
 46  0.03077  5.00575e-03 | 47  0.06745 -8.39812e-03 | 48  0.07414  7.26448e-03
 49 -0.00023  4.02729e-03 | 50  0.80173  1.48033e-02 | 51  0.46450 -9.26884e-02
 52  0.12925 -7.45108e-03 | 53  0.38350 -5.34571e-03 |

 - final statistics:
53 variables; iteration 0; function evaluation 0
Function value 7.7102e+02; maximum gradient component mag -1.9616e-01
Exit code = 0;  converg criter 1.0000e+00
Var    Value     Gradient |Var    Value     Gradient |Var    Value     Gradient
  1 -0.38856 -3.84403e-02 |  2 -0.04879 -5.44291e-02 |  3  0.16430 -4.56271e-02
  4 -0.41921 -1.96159e-01 |  5 -0.53768 -3.64537e-02 |  6 -0.33953  1.25180e-02
  7 -0.38615 -9.97633e-02 |  8 -0.38994 -9.69354e-02 |  9 -0.02986  7.39258e-02
 10 -0.12117  6.10082e-04 | 11 -0.06652  3.79899e-03 | 12 -0.06598  8.35109e-03
 13 -0.05649  6.44643e-03 | 14 -0.06341  1.77926e-03 | 15  0.03598 -4.68218e-03
 16  0.05824 -4.83332e-03 | 17 -0.05309 -4.92034e-03 | 18  0.11251 -1.15171e-02
 19 -0.04132 -7.54639e-03 | 20 -0.04164  1.38044e-03 | 21 -0.00130  8.34034e-04
 22  0.07919  4.89204e-03 | 23 -0.03651  6.26362e-03 | 24  0.05407 -3.71815e-03
 25  0.08741  2.19496e-02 | 26  0.07396  2.10932e-02 | 27  0.03438 -9.57242e-03
 28  0.03523 -8.59630e-03 | 29  0.12544 -2.92812e-03 | 30 -0.00407 -1.25226e-02
 31 -0.01700 -7.43845e-03 | 32 -0.02846 -1.39195e-02 | 33 -0.06473 -1.62538e-03
 34  0.02201  2.14441e-02 | 35 -0.03716  3.62723e-03 | 36  0.01701  1.04201e-02
 37 -0.00424  4.57284e-03 | 38 -0.10233  1.27108e-02 | 39 -0.02938  1.57669e-02
 40 -0.06197 -2.41083e-03 | 41  0.02426 -1.07569e-02 | 42  0.00967 -6.86765e-03
 43  0.09383 -9.38233e-03 | 44  0.02443  5.49663e-04 | 45  0.03210  4.56660e-03
 46  0.03077  5.00575e-03 | 47  0.06745 -8.39812e-03 | 48  0.07414  7.26448e-03
 49 -0.00023  4.02729e-03 | 50  0.80173  1.48033e-02 | 51  0.46450 -9.26884e-02
 52  0.12925 -7.45108e-03 | 53  0.38350 -5.34571e-03 |

 - final statistics:
53 variables; iteration 0; function evaluation 0
Function value 7.7102e+02; maximum gradient component mag -1.9616e-01
Exit code = 0;  converg criter 1.0000e+00
Var    Value     Gradient |Var    Value     Gradient |Var    Value     Gradient
  1 -0.38856 -3.84403e-02 |  2 -0.04879 -5.44291e-02 |  3  0.16430 -4.56271e-02
  4 -0.41921 -1.96159e-01 |  5 -0.53768 -3.64537e-02 |  6 -0.33953  1.25180e-02
  7 -0.38615 -9.97633e-02 |  8 -0.38994 -9.69354e-02 |  9 -0.02986  7.39258e-02
 10 -0.12117  6.10082e-04 | 11 -0.06652  3.79899e-03 | 12 -0.06598  8.35109e-03
 13 -0.05649  6.44643e-03 | 14 -0.06341  1.77926e-03 | 15  0.03598 -4.68218e-03
 16  0.05824 -4.83332e-03 | 17 -0.05309 -4.92034e-03 | 18  0.11251 -1.15171e-02
 19 -0.04132 -7.54639e-03 | 20 -0.04164  1.38044e-03 | 21 -0.00130  8.34034e-04
 22  0.07919  4.89204e-03 | 23 -0.03651  6.26362e-03 | 24  0.05407 -3.71815e-03
 25  0.08741  2.19496e-02 | 26  0.07396  2.10932e-02 | 27  0.03438 -9.57242e-03
 28  0.03523 -8.59630e-03 | 29  0.12544 -2.92812e-03 | 30 -0.00407 -1.25226e-02
 31 -0.01700 -7.43845e-03 | 32 -0.02846 -1.39195e-02 | 33 -0.06473 -1.62538e-03
 34  0.02201  2.14441e-02 | 35 -0.03716  3.62723e-03 | 36  0.01701  1.04201e-02
 37 -0.00424  4.57284e-03 | 38 -0.10233  1.27108e-02 | 39 -0.02938  1.57669e-02
 40 -0.06197 -2.41083e-03 | 41  0.02426 -1.07569e-02 | 42  0.00967 -6.86765e-03
 43  0.09383 -9.38233e-03 | 44  0.02443  5.49663e-04 | 45  0.03210  4.56660e-03
 46  0.03077  5.00575e-03 | 47  0.06745 -8.39812e-03 | 48  0.07414  7.26448e-03
 49 -0.00023  4.02729e-03 | 50  0.80173  1.48033e-02 | 51  0.46450 -9.26884e-02
 52  0.12925 -7.45108e-03 | 53  0.38350 -5.34571e-03 |

 - final statistics:
53 variables; iteration 0; function evaluation 0
Function value 7.7102e+02; maximum gradient component mag -1.9616e-01
Exit code = 0;  converg criter 1.0000e+00
Var    Value     Gradient |Var    Value     Gradient |Var    Value     Gradient
  1 -0.38856 -3.84403e-02 |  2 -0.04879 -5.44291e-02 |  3  0.16430 -4.56271e-02
  4 -0.41921 -1.96159e-01 |  5 -0.53768 -3.64537e-02 |  6 -0.33953  1.25180e-02
  7 -0.38615 -9.97633e-02 |  8 -0.38994 -9.69354e-02 |  9 -0.02986  7.39258e-02
 10 -0.12117  6.10082e-04 | 11 -0.06652  3.79899e-03 | 12 -0.06598  8.35109e-03
 13 -0.05649  6.44643e-03 | 14 -0.06341  1.77926e-03 | 15  0.03598 -4.68218e-03
 16  0.05824 -4.83332e-03 | 17 -0.05309 -4.92034e-03 | 18  0.11251 -1.15171e-02
 19 -0.04132 -7.54639e-03 | 20 -0.04164  1.38044e-03 | 21 -0.00130  8.34034e-04
 22  0.07919  4.89204e-03 | 23 -0.03651  6.26362e-03 | 24  0.05407 -3.71815e-03
 25  0.08741  2.19496e-02 | 26  0.07396  2.10932e-02 | 27  0.03438 -9.57242e-03
 28  0.03523 -8.59630e-03 | 29  0.12544 -2.92812e-03 | 30 -0.00407 -1.25226e-02
 31 -0.01700 -7.43845e-03 | 32 -0.02846 -1.39195e-02 | 33 -0.06473 -1.62538e-03
 34  0.02201  2.14441e-02 | 35 -0.03716  3.62723e-03 | 36  0.01701  1.04201e-02
 37 -0.00424  4.57284e-03 | 38 -0.10233  1.27108e-02 | 39 -0.02938  1.57669e-02
 40 -0.06197 -2.41083e-03 | 41  0.02426 -1.07569e-02 | 42  0.00967 -6.86765e-03
 43  0.09383 -9.38233e-03 | 44  0.02443  5.49663e-04 | 45  0.03210  4.56660e-03
 46  0.03077  5.00575e-03 | 47  0.06745 -8.39812e-03 | 48  0.07414  7.26448e-03
 49 -0.00023  4.02729e-03 | 50  0.80173  1.48033e-02 | 51  0.46450 -9.26884e-02
 52  0.12925 -7.45108e-03 | 53  0.38350 -5.34571e-03 |

 - final statistics:
53 variables; iteration 0; function evaluation 0
Function value 7.7102e+02; maximum gradient component mag -1.9616e-01
Exit code = 0;  converg criter 1.0000e+00
Var    Value     Gradient |Var    Value     Gradient |Var    Value     Gradient
  1 -0.38856 -3.84403e-02 |  2 -0.04879 -5.44291e-02 |  3  0.16430 -4.56271e-02
  4 -0.41921 -1.96159e-01 |  5 -0.53768 -3.64537e-02 |  6 -0.33953  1.25180e-02
  7 -0.38615 -9.97633e-02 |  8 -0.38994 -9.69354e-02 |  9 -0.02986  7.39258e-02
 10 -0.12117  6.10082e-04 | 11 -0.06652  3.79899e-03 | 12 -0.06598  8.35109e-03
 13 -0.05649  6.44643e-03 | 14 -0.06341  1.77926e-03 | 15  0.03598 -4.68218e-03
 16  0.05824 -4.83332e-03 | 17 -0.05309 -4.92034e-03 | 18  0.11251 -1.15171e-02
 19 -0.04132 -7.54639e-03 | 20 -0.04164  1.38044e-03 | 21 -0.00130  8.34034e-04
 22  0.07919  4.89204e-03 | 23 -0.03651  6.26362e-03 | 24  0.05407 -3.71815e-03
 25  0.08741  2.19496e-02 | 26  0.07396  2.10932e-02 | 27  0.03438 -9.57242e-03
 28  0.03523 -8.59630e-03 | 29  0.12544 -2.92812e-03 | 30 -0.00407 -1.25226e-02
 31 -0.01700 -7.43845e-03 | 32 -0.02846 -1.39195e-02 | 33 -0.06473 -1.62538e-03
 34  0.02201  2.14441e-02 | 35 -0.03716  3.62723e-03 | 36  0.01701  1.04201e-02
 37 -0.00424  4.57284e-03 | 38 -0.10233  1.27108e-02 | 39 -0.02938  1.57669e-02
 40 -0.06197 -2.41083e-03 | 41  0.02426 -1.07569e-02 | 42  0.00967 -6.86765e-03
 43  0.09383 -9.38233e-03 | 44  0.02443  5.49663e-04 | 45  0.03210  4.56660e-03
 46  0.03077  5.00575e-03 | 47  0.06745 -8.39812e-03 | 48  0.07414  7.26448e-03
 49 -0.00023  4.02729e-03 | 50  0.80173  1.48033e-02 | 51  0.46450 -9.26884e-02
 52  0.12925 -7.45108e-03 | 53  0.38350 -5.34571e-03 |

Initial statistics: 54 variables; iteration 0; function evaluation 0; phase 10
Function value 7.7102399e+02; maximum gradient component mag -9.8772e+02
Var    Value     Gradient |Var    Value     Gradient |Var    Value     Gradient
  1 -0.38856 -3.84403e-02 |  2 -0.04879 -5.44291e-02 |  3  0.16430 -4.56271e-02
  4 -0.41921 -1.96159e-01 |  5 -0.53768 -3.64537e-02 |  6 -0.33953  1.25180e-02
  7 -0.38615 -9.97633e-02 |  8 -0.38994 -9.69354e-02 |  9 -0.02986  7.39258e-02
 10 -0.12117  6.10082e-04 | 11 -0.06652  3.79899e-03 | 12 -0.06598  8.35109e-03
 13 -0.05649  6.44643e-03 | 14 -0.06341  1.77926e-03 | 15  0.03598 -4.68218e-03
 16  0.05824 -4.83332e-03 | 17 -0.05309 -4.92034e-03 | 18  0.11251 -1.15171e-02
 19 -0.04132 -7.54639e-03 | 20 -0.04164  1.38044e-03 | 21 -0.00130  8.34034e-04
 22  0.07919  4.89204e-03 | 23 -0.03651  6.26362e-03 | 24  0.05407 -3.71815e-03
 25  0.08741  2.19496e-02 | 26  0.07396  2.10932e-02 | 27  0.03438 -9.57242e-03
 28  0.03523 -8.59630e-03 | 29  0.12544 -2.92812e-03 | 30 -0.00407 -1.25226e-02
 31 -0.01700 -7.43845e-03 | 32 -0.02846 -1.39195e-02 | 33 -0.06473 -1.62538e-03
 34  0.02201  2.14441e-02 | 35 -0.03716  3.62723e-03 | 36  0.01701  1.04201e-02
 37 -0.00424  4.57284e-03 | 38 -0.10233  1.27108e-02 | 39 -0.02938  1.57669e-02
 40 -0.06197 -2.41083e-03 | 41  0.02426 -1.07569e-02 | 42  0.00967 -6.86765e-03
 43  0.09383 -9.38233e-03 | 44  0.02443  5.49663e-04 | 45  0.03210  4.56660e-03
 46  0.03077  5.00575e-03 | 47  0.06745 -8.39812e-03 | 48  0.07414  7.26448e-03
 49 -0.00023  4.02729e-03 | 50 -0.00055 -9.87721e+02 | 51  0.80173  1.48033e-02
 52  0.46450 -9.26884e-02 | 53  0.12925 -7.45108e-03 | 54  0.38350 -5.34571e-03

Intermediate statistics: 54 variables; iteration 20; function evaluation 26; phase 10
Function value 7.7083686e+02; maximum gradient component mag -1.2735e+02
Var    Value     Gradient |Var    Value     Gradient |Var    Value     Gradient
  1 -0.38863  4.43341e+00 |  2 -0.04869 -9.32152e-01 |  3  0.16522 -8.62013e-01
  4 -0.41791 -4.65602e+00 |  5 -0.53968  3.20576e+00 |  6 -0.34030  4.75625e-01
  7 -0.38763 -2.36507e+00 |  8 -0.39151 -2.45929e+00 |  9 -0.03037 -1.51029e+01
 10 -0.12410 -5.38422e-01 | 11 -0.06908 -4.79141e-01 | 12 -0.06680 -1.04859e-02
 13 -0.05544  5.30752e-01 | 14 -0.06305  2.55362e-01 | 15  0.03427 -4.86417e-01
 16  0.05839  3.37328e-01 | 17 -0.05357 -1.44612e-01 | 18  0.11173 -1.36799e+00
 19 -0.04185 -4.57383e-01 | 20 -0.04218 -5.59873e-01 | 21 -0.00188 -9.75729e-01
 22  0.07852 -2.16246e+00 | 23 -0.03709 -7.85662e-01 | 24  0.05403 -2.45819e-01
 25  0.08692 -6.47017e-01 | 26  0.07373 -1.30447e-01 | 27  0.03430  2.92994e-01
 28  0.03491 -2.47098e-01 | 29  0.12520 -2.98793e-01 | 30 -0.00438 -4.97297e-01
 31 -0.01742 -7.05241e-01 | 32 -0.02883 -8.69979e-01 | 33 -0.06527 -6.11738e-01
 34  0.02150 -9.80750e-01 | 35 -0.03756 -1.77732e-01 | 36  0.01690  3.93827e-01
 37 -0.00473  3.23007e-02 | 38 -0.10267  1.64365e-01 | 39 -0.02895  1.60208e+00
 40 -0.06201  7.52479e-01 | 41  0.02476  1.66668e+00 | 42  0.00935 -2.27388e-01
 43  0.09418  5.26208e-01 | 44  0.02412 -7.07420e-01 | 45  0.03181 -6.96210e-01
 46  0.03069 -4.64751e-01 | 47  0.06711 -6.28242e-01 | 48  0.07344 -1.02226e+00
 49 -0.00046  1.42783e-02 | 50 -0.00020 -1.27355e+02 | 51  0.80138 -6.14130e-02
 52  0.46452  9.73695e-01 | 53  0.12972  4.78435e-01 | 54  0.38381  2.75588e-01
54 variables; iteration 40; function evaluation 53; phase 10
Function value 7.7082778e+02; maximum gradient component mag -6.2402e+00
Var    Value     Gradient |Var    Value     Gradient |Var    Value     Gradient
  1 -0.39216  2.29728e+00 |  2 -0.04880 -2.95208e-01 |  3  0.16433 -9.15884e-01
  4 -0.42044 -1.95116e+00 |  5 -0.53527  1.87969e+00 |  6 -0.33782  2.83956e-02
  7 -0.38493 -1.02193e+00 |  8 -0.38873 -9.83758e-01 |  9 -0.03067 -6.24022e+00
 10 -0.12169  1.49660e-01 | 11 -0.06677  4.63762e-02 | 12 -0.06653 -4.14055e-02
 13 -0.05727 -1.36433e-01 | 14 -0.06388 -8.48988e-02 | 15  0.03594  4.10370e-02
 16  0.05824 -3.24294e-02 | 17 -0.05309 -9.68814e-02 | 18  0.11261 -3.02560e-01
 19 -0.04121 -1.30785e-01 | 20 -0.04135 -3.25333e-02 | 21 -0.00114 -2.08502e-01
 22  0.07955 -3.55325e-01 | 23 -0.03622 -1.96078e-01 | 24  0.05425 -4.25879e-01
 25  0.08781 -1.69976e-01 | 26  0.07423 -1.13133e-01 | 27  0.03469  8.59719e-02
 28  0.03575  1.86610e-01 | 29  0.12560 -5.38472e-01 | 30 -0.00374 -1.64133e-01
 31 -0.01655  1.59369e-01 | 32 -0.02796  1.60273e-02 | 33 -0.06451 -6.32762e-02
 34  0.02218 -3.20051e-01 | 35 -0.03693  1.51913e-02 | 36  0.01722  3.61560e-02
 37 -0.00432 -2.05674e-01 | 38 -0.10209  5.11021e-02 | 39 -0.02938  7.20906e-02
 40 -0.06190 -5.46441e-02 | 41  0.02431  1.91664e-01 | 42  0.01001  2.65363e-01
 43  0.09391  9.32296e-02 | 44  0.02450 -2.47416e-01 | 45  0.03215  2.56896e-02
 46  0.03102  5.25116e-03 | 47  0.06747 -1.16878e-02 | 48  0.07418 -9.24459e-02
 49 -0.00018  7.53502e-02 | 50 -0.00015  3.98734e+00 | 51  0.80033 -1.98770e-01
 52  0.46451  1.32871e+00 | 53  0.12930 -5.67318e-02 | 54  0.38374  1.58800e-01
54 variables; iteration 60; function evaluation 80; phase 10
Function value 7.7082724e+02; maximum gradient component mag 8.6839e-02
Var    Value     Gradient |Var    Value     Gradient |Var    Value     Gradient
  1 -0.38969 -1.43485e-02 |  2 -0.04878  2.48699e-02 |  3  0.16461  2.78039e-02
  4 -0.41880  8.68392e-02 |  5 -0.53808 -8.27235e-03 |  6 -0.33997 -4.16145e-03
  7 -0.38661  5.08689e-02 |  8 -0.39039  3.97107e-02 |  9 -0.03055  4.14053e-02
 10 -0.12222 -1.59237e-03 | 11 -0.06701  6.78979e-04 | 12 -0.06649 -2.36975e-03
 13 -0.05695  4.93149e-04 | 14 -0.06373 -2.79711e-05 | 15  0.03569  1.81418e-03
 16  0.05811 -6.56912e-04 | 17 -0.05310  2.94309e-03 | 18  0.11251  3.37281e-03
 19 -0.04125 -3.40107e-03 | 20 -0.04154  1.15552e-03 | 21 -0.00116  3.66378e-03
 22  0.07942  3.09486e-03 | 23 -0.03629  2.93234e-04 | 24  0.05426  4.43573e-03
 25  0.08763  1.29823e-03 | 26  0.07412  1.14698e-03 | 27  0.03451 -1.29022e-03
 28  0.03545 -1.64801e-03 | 29  0.12557  3.28786e-03 | 30 -0.00381 -2.89052e-04
 31 -0.01683 -1.22657e-03 | 32 -0.02811 -2.80389e-03 | 33 -0.06461  1.44164e-03
 34  0.02217  2.68092e-03 | 35 -0.03715 -9.33008e-04 | 36  0.01704  1.11567e-04
 37 -0.00432  7.78080e-04 | 38 -0.10231 -8.79770e-04 | 39 -0.02954  3.76637e-04
 40 -0.06197 -8.86040e-05 | 41  0.02414 -3.48966e-04 | 42  0.00975 -1.64234e-03
 43  0.09376  1.81009e-04 | 44  0.02457  1.14481e-03 | 45  0.03200  1.01709e-03
 46  0.03089 -6.57643e-04 | 47  0.06735  1.02857e-03 | 48  0.07415  4.51743e-04
 49 -0.00035  1.32587e-03 | 50 -0.00016 -2.66264e-02 | 51  0.80178  3.75051e-04
 52  0.46454 -1.88304e-02 | 53  0.12931  1.51384e-03 | 54  0.38370 -3.35042e-03

 - final statistics:
54 variables; iteration 65; function evaluation 85
Function value 7.7083e+02; maximum gradient component mag -1.5746e-05
Exit code = 1;  converg criter 1.0000e-04
Var    Value     Gradient |Var    Value     Gradient |Var    Value     Gradient
  1 -0.38968  6.13090e-06 |  2 -0.04878 -1.52364e-06 |  3  0.16461 -2.52405e-06
  4 -0.41875 -7.49417e-06 |  5 -0.53810  4.81097e-06 |  6 -0.33998  1.91184e-07
  7 -0.38666 -4.04077e-06 |  8 -0.39043 -3.69555e-06 |  9 -0.03055 -1.57460e-05
 10 -0.12222 -7.39127e-08 | 11 -0.06702 -1.63790e-08 | 12 -0.06648 -2.77118e-08
 13 -0.05695 -9.75292e-08 | 14 -0.06373 -1.22640e-07 | 15  0.03568 -2.25833e-07
 16  0.05811 -2.65377e-07 | 17 -0.05310 -1.52416e-07 | 18  0.11251 -5.15119e-07
 19 -0.04125 -1.62872e-07 | 20 -0.04154 -1.99592e-07 | 21 -0.00117 -3.05182e-07
 22  0.07942 -5.72871e-07 | 23 -0.03629 -2.16601e-07 | 24  0.05425 -4.53913e-07
 25  0.08763 -5.56024e-07 | 26  0.07412 -4.70025e-07 | 27  0.03451 -3.38341e-07
 28  0.03546 -3.82555e-07 | 29  0.12557 -7.43729e-07 | 30 -0.00381 -2.65162e-07
 31 -0.01683 -2.84956e-07 | 32 -0.02811 -2.37783e-07 | 33 -0.06462 -2.33004e-07
 34  0.02217 -3.52209e-07 | 35 -0.03715 -1.67635e-07 | 36  0.01704 -2.23537e-07
 37 -0.00432 -1.40082e-07 | 38 -0.10231 -4.16282e-08 | 39 -0.02954 -5.68741e-08
 40 -0.06197 -4.31819e-08 | 41  0.02414 -6.45969e-08 | 42  0.00975 -2.94599e-08
 43  0.09376 -5.42969e-08 | 44  0.02457 -2.15649e-09 | 45  0.03201 -2.68235e-08
 46  0.03089 -3.21278e-08 | 47  0.06735 -1.30167e-08 | 48  0.07415 -6.75877e-09
 49 -0.00035  1.12955e-08 | 50 -0.00016 -2.39990e-06 | 51  0.80178 -1.31247e-07
 52  0.46454  3.45657e-06 | 53  0.12931 -1.51790e-07 | 54  0.38370  3.48806e-07

Initial statistics: 72 variables; iteration 0; function evaluation 0; phase 11
Function value 7.7082724e+02; maximum gradient component mag 2.9491e+01
Var    Value     Gradient |Var    Value     Gradient |Var    Value     Gradient
  1 -0.38968  6.13095e-06 |  2 -0.04878 -1.52364e-06 |  3  0.16461 -2.52406e-06
  4 -0.41875 -7.49420e-06 |  5 -0.53810  4.81101e-06 |  6 -0.33998  1.91185e-07
  7 -0.38666 -4.04078e-06 |  8 -0.39043 -3.69556e-06 |  9 -0.03055 -1.57461e-05
 10 -0.12222 -7.39136e-08 | 11 -0.06702 -1.63795e-08 | 12 -0.06648 -2.77124e-08
 13 -0.05695 -9.75299e-08 | 14 -0.06373 -1.22641e-07 | 15  0.03568 -2.25835e-07
 16  0.05811 -2.65379e-07 | 17 -0.05310 -1.52417e-07 | 18  0.11251 -5.15124e-07
 19 -0.04125 -1.62873e-07 | 20 -0.04154 -1.99594e-07 | 21 -0.00117 -3.05184e-07
 22  0.07942 -5.72876e-07 | 23 -0.03629 -2.16603e-07 | 24  0.05425 -4.53917e-07
 25  0.08763 -5.56028e-07 | 26  0.07412 -4.70029e-07 | 27  0.03451 -3.38343e-07
 28  0.03546 -3.82558e-07 | 29  0.12557 -7.43734e-07 | 30 -0.00381 -2.65165e-07
 31 -0.01683 -2.84958e-07 | 32 -0.02811 -2.37785e-07 | 33 -0.06462 -2.33006e-07
 34  0.02217 -3.52211e-07 | 35 -0.03715 -1.67636e-07 | 36  0.01704 -2.23539e-07
 37 -0.00432 -1.40083e-07 | 38 -0.10231 -4.16285e-08 | 39 -0.02954 -5.68745e-08
 40 -0.06197 -4.31821e-08 | 41  0.02414 -6.45971e-08 | 42  0.00975 -2.94601e-08
 43  0.09376 -5.42974e-08 | 44  0.02457 -2.15670e-09 | 45  0.03201 -2.68237e-08
 46  0.03089 -3.21280e-08 | 47  0.06735 -1.30168e-08 | 48  0.07415 -6.75888e-09
 49 -0.00035  1.12954e-08 | 50  0.00000  2.94911e+01 | 51  0.00000  4.36825e-03
 52  0.00000  0.00000e+00 | 53  0.00000  0.00000e+00 | 54  0.00000  0.00000e+00
 55  0.00000  0.00000e+00 | 56  0.00000  0.00000e+00 | 57  0.00000  0.00000e+00
 58  0.00000  0.00000e+00 | 59  0.00000  0.00000e+00 | 60  0.00000  0.00000e+00
 61  0.00000  0.00000e+00 | 62  0.00000  0.00000e+00 | 63  0.00000  0.00000e+00
 64  0.00000  0.00000e+00 | 65  0.00000  0.00000e+00 | 66  0.00000  0.00000e+00
 67  0.00000  0.00000e+00 | 68 -0.00016 -2.39991e-06 | 69  0.80178 -1.31247e-07
 70  0.46454  3.45659e-06 | 71  0.12931 -1.51790e-07 | 72  0.38370  3.48807e-07

Intermediate statistics: 72 variables; iteration 20; function evaluation 24; phase 11
Function value 7.7049867e+02; maximum gradient component mag -7.2966e+01
Var    Value     Gradient |Var    Value     Gradient |Var    Value     Gradient
  1 -0.38659  3.07200e+00 |  2 -0.04807 -2.95800e+00 |  3  0.16736 -7.55164e+00
  4 -0.41975 -2.77573e+01 |  5 -0.53610  7.02543e-01 |  6 -0.33971  2.32555e+00
  7 -0.38706 -1.46374e+01 |  8 -0.39062 -1.41359e+01 |  9 -0.02685 -7.95449e+00
 10 -0.12315  2.39843e-01 | 11 -0.06822  1.16384e-01 | 12 -0.06827  7.84134e-02
 13 -0.05933  8.36627e-02 | 14 -0.06601  2.11167e-01 | 15  0.03311  8.37083e-01
 16  0.05477  8.02188e-01 | 17 -0.05596  1.01076e-01 | 18  0.10952  1.67996e+00
 19 -0.04417  3.41735e-01 | 20 -0.04461 -2.29040e-01 | 21 -0.00472 -1.01497e+00
 22  0.07456 -2.96317e+00 | 23 -0.03979 -1.15530e+00 | 24  0.05020 -2.34840e+00
 25  0.08304 -1.98822e+00 | 26  0.07084  5.50474e-01 | 27  0.03087  5.95533e-01
 28  0.03194  8.06027e-01 | 29  0.12249  3.42108e+00 | 30 -0.00726  7.25821e-01
 31 -0.02029 -2.88836e-01 | 32 -0.03211 -5.19412e-01 | 33 -0.06799 -8.20951e-01
 34  0.01734 -2.82697e+00 | 35 -0.04148 -2.35653e+00 | 36  0.01226 -4.25256e+00
 37 -0.00868 -2.86924e+00 | 38 -0.10613 -5.32643e-01 | 39 -0.03336 -3.86234e-01
 40 -0.06584  2.11065e-01 | 41  0.02032  2.45443e-01 | 42  0.00538  5.37843e-01
 43  0.08976  8.20443e-01 | 44  0.01976  6.34926e-02 | 45  0.02766 -9.05155e-01
 46  0.02472 -1.51449e+00 | 47  0.05917 -3.40748e+00 | 48  0.06407 -5.62999e+00
 49 -0.00955 -2.52412e+00 | 50 -0.01577  2.47252e+01 | 51 -0.00003  3.48925e-04
 52  0.00000  0.00000e+00 | 53  0.00000  0.00000e+00 | 54  0.00000  0.00000e+00
 55  0.00000  0.00000e+00 | 56  0.00000  0.00000e+00 | 57  0.00000  0.00000e+00
 58  0.00000  0.00000e+00 | 59  0.00000  0.00000e+00 | 60  0.00000  0.00000e+00
 61  0.00000  0.00000e+00 | 62  0.00000  0.00000e+00 | 63  0.00000  0.00000e+00
 64  0.00000  0.00000e+00 | 65  0.00000  0.00000e+00 | 66  0.00000  0.00000e+00
 67  0.00000  0.00000e+00 | 68 -0.00019 -7.29658e+01 | 69  0.80518  2.95087e-01
 70  0.46417 -7.03067e+00 | 71  0.13273  1.97637e+00 | 72  0.38431  9.89874e-01
72 variables; iteration 40; function evaluation 51; phase 11
Function value 7.6988979e+02; maximum gradient component mag 2.4972e+01
Var    Value     Gradient |Var    Value     Gradient |Var    Value     Gradient
  1 -0.38482 -8.91752e+00 |  2 -0.04857  1.84298e+00 |  3  0.16720  2.73972e+00
  4 -0.42693  9.59101e+00 |  5 -0.53598 -7.60510e+00 |  6 -0.33862  5.22229e-01
  7 -0.37980  5.68187e+00 |  8 -0.38328  4.52274e+00 |  9 -0.02655  2.49716e+01
 10 -0.12327 -3.52890e-01 | 11 -0.06750 -2.64069e-03 | 12 -0.06769 -1.00013e-01
 13 -0.05892 -1.60633e-01 | 14 -0.06507  2.29121e-01 | 15  0.03493  1.19578e+00
 16  0.05482  3.63515e-01 | 17 -0.05322  1.47943e+00 | 18  0.11010  1.66288e+00
 19 -0.04446 -2.31511e-02 | 20 -0.04371  3.57312e-01 | 21 -0.00451 -2.94432e-01
 22  0.07593  5.83586e-01 | 23 -0.03909  3.72971e-01 | 24  0.05195  1.62790e+00
 25  0.08326 -5.03405e-02 | 26  0.07136  1.13913e+00 | 27  0.03185  1.12200e+00
 28  0.03102 -1.10365e+00 | 29  0.12316  2.14250e+00 | 30 -0.00828 -6.90209e-01
 31 -0.01807  1.67904e+00 | 32 -0.03177  4.41964e-01 | 33 -0.06701  1.51110e-01
 34  0.01802  9.76380e-02 | 35 -0.03954  6.95865e-01 | 36  0.01304 -5.97393e-01
 37 -0.00687  6.55355e-01 | 38 -0.10595 -1.35876e-01 | 39 -0.03274  2.58417e-02
 40 -0.06504  6.19418e-01 | 41  0.02073 -2.26011e-01 | 42  0.00498 -1.00805e+00
 43  0.09009 -1.04500e-01 | 44  0.01978 -3.91262e-01 | 45  0.02793 -5.46691e-01
 46  0.02542  1.61996e-01 | 47  0.05842 -8.89605e-01 | 48  0.06429  2.95930e-02
 49 -0.00912 -1.37521e-01 | 50 -0.06149  2.64772e+00 | 51 -0.00005 -3.02731e-03
 52  0.00000  0.00000e+00 | 53  0.00000  0.00000e+00 | 54  0.00000  0.00000e+00
 55  0.00000  0.00000e+00 | 56  0.00000  0.00000e+00 | 57  0.00000  0.00000e+00
 58  0.00000  0.00000e+00 | 59  0.00000  0.00000e+00 | 60  0.00000  0.00000e+00
 61  0.00000  0.00000e+00 | 62  0.00000  0.00000e+00 | 63  0.00000  0.00000e+00
 64  0.00000  0.00000e+00 | 65  0.00000  0.00000e+00 | 66  0.00000  0.00000e+00
 67  0.00000  0.00000e+00 | 68 -0.00016 -4.25306e-01 | 69  0.80003 -2.15428e-01
 70  0.46403 -7.70157e+00 | 71  0.13396  9.49163e-01 | 72  0.38472  9.70111e-02
72 variables; iteration 60; function evaluation 81; phase 11
Function value 7.6987101e+02; maximum gradient component mag -2.8803e+00
Var    Value     Gradient |Var    Value     Gradient |Var    Value     Gradient
  1 -0.38448  1.24822e+00 |  2 -0.04855 -2.64978e-01 |  3  0.16749 -5.74010e-01
  4 -0.42278 -1.38754e+00 |  5 -0.53692  8.81264e-01 |  6 -0.33864  1.81138e-01
  7 -0.38385 -7.09755e-01 |  8 -0.38735 -6.99647e-01 |  9 -0.02678 -2.88035e+00
 10 -0.12186 -7.22430e-03 | 11 -0.06735  2.88026e-03 | 12 -0.06677  9.05733e-02
 13 -0.05871 -1.65454e-01 | 14 -0.06499  8.79133e-03 | 15  0.03350  7.22118e-03
 16  0.05548 -6.73761e-02 | 17 -0.05511  1.96125e-02 | 18  0.10985 -7.96334e-02
 19 -0.04356  6.54972e-02 | 20 -0.04400 -1.42232e-01 | 21 -0.00367 -7.47237e-02
 22  0.07603 -1.55408e-01 | 23 -0.03868 -6.65620e-03 | 24  0.05138 -4.06234e-02
 25  0.08404 -1.56944e-01 | 26  0.07118 -6.81468e-02 | 27  0.03149 -6.37786e-03
 28  0.03226 -1.67553e-01 | 29  0.12266 -8.26176e-02 | 30 -0.00678 -8.31099e-02
 31 -0.01925  1.62875e-02 | 32 -0.03152 -1.51043e-01 | 33 -0.06668  6.85120e-02
 34  0.01849 -1.25166e-01 | 35 -0.04012  2.21670e-02 | 36  0.01379 -1.25008e-01
 37 -0.00718 -1.30251e-02 | 38 -0.10534  3.07704e-02 | 39 -0.03245 -5.75515e-02
 40 -0.06519  9.64487e-03 | 41  0.02111 -1.47322e-02 | 42  0.00589 -1.07070e-01
 43  0.09044  1.41379e-03 | 44  0.02045 -6.63047e-02 | 45  0.02878  3.73459e-02
 46  0.02545  3.92740e-02 | 47  0.05933 -1.97159e-01 | 48  0.06397 -2.50542e-02
 49 -0.00912 -1.66823e-02 | 50 -0.06695  2.58704e-01 | 51  0.00055  8.91579e-02
 52  0.00000  0.00000e+00 | 53  0.00000  0.00000e+00 | 54  0.00000  0.00000e+00
 55  0.00000  0.00000e+00 | 56  0.00000  0.00000e+00 | 57  0.00000  0.00000e+00
 58  0.00000  0.00000e+00 | 59  0.00000  0.00000e+00 | 60  0.00000  0.00000e+00
 61  0.00000  0.00000e+00 | 62  0.00000  0.00000e+00 | 63  0.00000  0.00000e+00
 64  0.00000  0.00000e+00 | 65  0.00000  0.00000e+00 | 66  0.00000  0.00000e+00
 67  0.00000  0.00000e+00 | 68 -0.00016 -4.41454e-01 | 69  0.80378 -1.00449e-01
 70  0.46418  9.27468e-01 | 71  0.13323 -5.94941e-02 | 72  0.38453  8.47697e-02
  ic > imax  in fminim is answer attained ?
Var    Value     Gradient |Var    Value     Gradient |Var    Value     Gradient
  1 -0.38334  2.98177e-04 |  2 -0.04853 -7.72584e-05 |  3  0.16761 -1.24016e-04
  4 -0.41976 -3.73001e-04 |  5 -0.53834  2.31105e-04 |  6 -0.33979  1.13754e-05
  7 -0.38679 -2.02573e-04 |  8 -0.39030 -1.83634e-04 |  9 -0.02680 -7.59119e-04
 10 -0.12185 -3.86458e-06 | 11 -0.06737 -1.73547e-06 | 12 -0.06720 -3.51490e-06
 13 -0.05810 -3.35438e-06 | 14 -0.06511 -3.71895e-06 | 15  0.03346 -1.01638e-05
 16  0.05555 -1.29666e-05 | 17 -0.05516 -5.67332e-06 | 18  0.10989 -2.50900e-05
 19 -0.04372 -7.94609e-06 | 20 -0.04382 -9.87375e-06 | 21 -0.00365 -1.51060e-05
 22  0.07610 -2.75750e-05 | 23 -0.03871 -1.08056e-05 | 24  0.05138 -2.17305e-05
 25  0.08410 -2.69512e-05 | 26  0.07121 -2.20274e-05 | 27  0.03147 -1.63264e-05
 28  0.03237 -1.84860e-05 | 29  0.12266 -3.49916e-05 | 30 -0.00668 -1.31989e-05
 31 -0.01931 -1.30767e-05 | 32 -0.03133 -1.30829e-05 | 33 -0.06688 -9.06040e-06
 34  0.01862 -1.66122e-05 | 35 -0.04020 -9.38204e-06 | 36  0.01389 -1.07416e-05
 37 -0.00718 -6.80665e-06 | 38 -0.10536 -2.45428e-06 | 39 -0.03240 -3.74120e-06
 40 -0.06518 -1.89283e-06 | 41  0.02111 -3.82634e-06 | 42  0.00597 -2.49629e-06
 43  0.09041 -3.50809e-06 | 44  0.02051 -7.03675e-07 | 45  0.02873 -1.46380e-06
 46  0.02535 -1.05757e-06 | 47  0.05951 -2.89775e-06 | 48  0.06395 -1.36815e-06
 49 -0.00911  5.59538e-07 | 50 -0.06754  1.04060e-06 | 51 -0.00003  3.53155e-07
 52  0.00000  0.00000e+00 | 53  0.00000  0.00000e+00 | 54  0.00000  0.00000e+00
 55  0.00000  0.00000e+00 | 56  0.00000  0.00000e+00 | 57  0.00000  0.00000e+00
 58  0.00000  0.00000e+00 | 59  0.00000  0.00000e+00 | 60  0.00000  0.00000e+00
 61  0.00000  0.00000e+00 | 62  0.00000  0.00000e+00 | 63  0.00000  0.00000e+00
 64  0.00000  0.00000e+00 | 65  0.00000  0.00000e+00 | 66  0.00000  0.00000e+00
 67  0.00000  0.00000e+00 | 68 -0.00016 -1.08179e-04 | 69  0.80443 -6.64610e-06
 70  0.46419  1.71458e-04 | 71  0.13329 -7.97290e-06 | 72  0.38458  1.71673e-05
Function minimizer not making progress ... is minimum attained?
Minimprove criterion = 0.0000e+00

 - final statistics:
72 variables; iteration 70; function evaluation 120
Function value 7.6987e+02; maximum gradient component mag -7.5912e-04
Exit code = 1;  converg criter 1.0000e-04
Var    Value     Gradient |Var    Value     Gradient |Var    Value     Gradient
  1 -0.38334  2.98177e-04 |  2 -0.04853 -7.72584e-05 |  3  0.16761 -1.24016e-04
  4 -0.41976 -3.73001e-04 |  5 -0.53834  2.31105e-04 |  6 -0.33979  1.13754e-05
  7 -0.38679 -2.02573e-04 |  8 -0.39030 -1.83634e-04 |  9 -0.02680 -7.59119e-04
 10 -0.12185 -3.86458e-06 | 11 -0.06737 -1.73547e-06 | 12 -0.06720 -3.51490e-06
 13 -0.05810 -3.35438e-06 | 14 -0.06511 -3.71895e-06 | 15  0.03346 -1.01638e-05
 16  0.05555 -1.29666e-05 | 17 -0.05516 -5.67332e-06 | 18  0.10989 -2.50900e-05
 19 -0.04372 -7.94609e-06 | 20 -0.04382 -9.87375e-06 | 21 -0.00365 -1.51060e-05
 22  0.07610 -2.75750e-05 | 23 -0.03871 -1.08056e-05 | 24  0.05138 -2.17305e-05
 25  0.08410 -2.69512e-05 | 26  0.07121 -2.20274e-05 | 27  0.03147 -1.63264e-05
 28  0.03237 -1.84860e-05 | 29  0.12266 -3.49916e-05 | 30 -0.00668 -1.31989e-05
 31 -0.01931 -1.30767e-05 | 32 -0.03133 -1.30829e-05 | 33 -0.06688 -9.06040e-06
 34  0.01862 -1.66122e-05 | 35 -0.04020 -9.38204e-06 | 36  0.01389 -1.07416e-05
 37 -0.00718 -6.80665e-06 | 38 -0.10536 -2.45428e-06 | 39 -0.03240 -3.74120e-06
 40 -0.06518 -1.89283e-06 | 41  0.02111 -3.82634e-06 | 42  0.00597 -2.49629e-06
 43  0.09041 -3.50809e-06 | 44  0.02051 -7.03675e-07 | 45  0.02873 -1.46380e-06
 46  0.02535 -1.05757e-06 | 47  0.05951 -2.89775e-06 | 48  0.06395 -1.36815e-06
 49 -0.00911  5.59538e-07 | 50 -0.06754  1.04060e-06 | 51 -0.00003  3.53155e-07
 52  0.00000  0.00000e+00 | 53  0.00000  0.00000e+00 | 54  0.00000  0.00000e+00
 55  0.00000  0.00000e+00 | 56  0.00000  0.00000e+00 | 57  0.00000  0.00000e+00
 58  0.00000  0.00000e+00 | 59  0.00000  0.00000e+00 | 60  0.00000  0.00000e+00
 61  0.00000  0.00000e+00 | 62  0.00000  0.00000e+00 | 63  0.00000  0.00000e+00
 64  0.00000  0.00000e+00 | 65  0.00000  0.00000e+00 | 66  0.00000  0.00000e+00
 67  0.00000  0.00000e+00 | 68 -0.00016 -1.08179e-04 | 69  0.80443 -6.64610e-06
 70  0.46419  1.71458e-04 | 71  0.13329 -7.97290e-06 | 72  0.38458  1.71673e-05
Estimating row 1 out of 72 for hessian
Estimating row 2 out of 72 for hessian
Estimating row 3 out of 72 for hessian
Estimating row 4 out of 72 for hessian
Estimating row 5 out of 72 for hessian
Estimating row 6 out of 72 for hessian
Estimating row 7 out of 72 for hessian
Estimating row 8 out of 72 for hessian
Estimating row 9 out of 72 for hessian
Estimating row 10 out of 72 for hessian
Estimating row 11 out of 72 for hessian
Estimating row 12 out of 72 for hessian
Estimating row 13 out of 72 for hessian
Estimating row 14 out of 72 for hessian
Estimating row 15 out of 72 for hessian
Estimating row 16 out of 72 for hessian
Estimating row 17 out of 72 for hessian
Estimating row 18 out of 72 for hessian
Estimating row 19 out of 72 for hessian
Estimating row 20 out of 72 for hessian
Estimating row 21 out of 72 for hessian
Estimating row 22 out of 72 for hessian
Estimating row 23 out of 72 for hessian
Estimating row 24 out of 72 for hessian
Estimating row 25 out of 72 for hessian
Estimating row 26 out of 72 for hessian
Estimating row 27 out of 72 for hessian
Estimating row 28 out of 72 for hessian
Estimating row 29 out of 72 for hessian
Estimating row 30 out of 72 for hessian
Estimating row 31 out of 72 for hessian
Estimating row 32 out of 72 for hessian
Estimating row 33 out of 72 for hessian
Estimating row 34 out of 72 for hessian
Estimating row 35 out of 72 for hessian
Estimating row 36 out of 72 for hessian
Estimating row 37 out of 72 for hessian
Estimating row 38 out of 72 for hessian
Estimating row 39 out of 72 for hessian
Estimating row 40 out of 72 for hessian
Estimating row 41 out of 72 for hessian
Estimating row 42 out of 72 for hessian
Estimating row 43 out of 72 for hessian
Estimating row 44 out of 72 for hessian
Estimating row 45 out of 72 for hessian
Estimating row 46 out of 72 for hessian
Estimating row 47 out of 72 for hessian
Estimating row 48 out of 72 for hessian
Estimating row 49 out of 72 for hessian
Estimating row 50 out of 72 for hessian
Estimating row 51 out of 72 for hessian
Estimating row 52 out of 72 for hessian
Estimating row 53 out of 72 for hessian
Estimating row 54 out of 72 for hessian
Estimating row 55 out of 72 for hessian
Estimating row 56 out of 72 for hessian
Estimating row 57 out of 72 for hessian
Estimating row 58 out of 72 for hessian
Estimating row 59 out of 72 for hessian
Estimating row 60 out of 72 for hessian
Estimating row 61 out of 72 for hessian
Estimating row 62 out of 72 for hessian
Estimating row 63 out of 72 for hessian
Estimating row 64 out of 72 for hessian
Estimating row 65 out of 72 for hessian
Estimating row 66 out of 72 for hessian
Estimating row 67 out of 72 for hessian
Estimating row 68 out of 72 for hessian
Estimating row 69 out of 72 for hessian
Estimating row 70 out of 72 for hessian
Estimating row 71 out of 72 for hessian
Estimating row 72 out of 72 for hessian
size of file gradfil1.tmp = 0
size of file gradfil2.tmp = 0
size of file varssave.tmp = 0
size of file cmpdiff.tmp = 0
