
Initial statistics: 31 variables; iteration 0; function evaluation 0; phase 1
Function value 1.2481175e+03; maximum gradient component mag -1.5558e+05
Var    Value     Gradient |Var    Value     Gradient |Var    Value     Gradient
  1 -0.02679 -1.55578e+05 |  2  0.00000 -2.91358e+03 |  3  0.00000 -3.41834e+03
  4  0.00000 -3.94886e+03 |  5  0.00000 -4.33789e+03 |  6  0.00000 -4.83263e+03
  7  0.00000 -5.23851e+03 |  8  0.00000 -5.40033e+03 |  9  0.00000 -5.33737e+03
 10  0.00000 -5.24913e+03 | 11  0.00000 -5.17034e+03 | 12  0.00000 -4.62682e+03
 13  0.00000 -4.27316e+03 | 14  0.00000 -3.96223e+03 | 15  0.00000 -3.61281e+03
 16  0.00000 -2.80009e+03 | 17  0.00000 -1.28586e+03 | 18  0.00000 -5.88143e+02
 19  0.00000 -3.40876e+02 | 20  0.00000 -1.26702e+01 | 21  0.00000  3.21563e+01
 22  0.00000  6.84972e+01 | 23  0.00000 -8.93310e+01 | 24  0.00000 -1.36251e+02
 25  0.00000 -2.58745e+02 | 26  0.00000 -1.36282e+02 | 27  0.00000 -1.15671e+02
 28  0.00000 -1.30379e+02 | 29  0.00000 -1.60792e+02 | 30  0.00000 -1.21852e+02
 31  0.00000  1.56540e+01 |

Intermediate statistics: 31 variables; iteration 20; function evaluation 32; phase 1
Function value 8.6040682e+02; maximum gradient component mag 2.2826e+03
Var    Value     Gradient |Var    Value     Gradient |Var    Value     Gradient
  1 -0.03313  2.28256e+03 |  2 -0.43223 -7.32409e+01 |  3  0.04664  3.41586e+00
  4  0.11258  5.01373e+01 |  5 -0.03603  1.91726e+01 |  6  0.08714  1.25593e+02
  7  0.13162  1.86357e+02 |  8  0.07017  2.41296e+01 |  9  0.02093 -2.97978e+01
 10  0.03879 -3.60360e+00 | 11  0.13286  3.82268e+01 | 12  0.01443  3.69128e+01
 13  0.00172  2.96808e+01 | 14 -0.02780 -1.12399e+01 | 15 -0.12436 -3.24790e+01
 16  0.01071  6.82014e+00 | 17  0.03970  1.89804e+02 | 18  0.08993  3.50513e+02
 19  0.05334  2.01575e+02 | 20 -0.11327  1.01291e+00 | 21 -0.01934  3.96483e-01
 22 -0.01539  3.17733e+01 | 23  0.02460 -1.79593e+01 | 24  0.05947  7.38121e+01
 25  0.14468  1.43352e+02 | 26  0.07669  7.04104e+01 | 27  0.05904  2.92081e+01
 28  0.06665  4.18983e+01 | 29  0.11557  7.61806e+01 | 30  0.12095  4.73548e+01
 31 -0.01597 -1.97164e+01 |
31 variables; iteration 40; function evaluation 59; phase 1
Function value 8.0316955e+02; maximum gradient component mag -1.6610e+03
Var    Value     Gradient |Var    Value     Gradient |Var    Value     Gradient
  1 -0.03043 -1.66097e+03 |  2 -0.05043 -3.57504e+01 |  3 -0.02007 -4.21437e+01
  4  0.12452 -4.97191e+01 |  5 -0.21490 -4.80925e+01 |  6  0.07721 -4.92210e+01
  7  0.08523 -5.36292e+01 |  8  0.08179 -5.16594e+01 |  9  0.02960 -5.28308e+01
 10  0.02506 -5.22229e+01 | 11  0.14502 -4.08753e+01 | 12 -0.02415 -4.82355e+01
 13 -0.02017 -4.81389e+01 | 14 -0.01126 -4.36966e+01 | 15 -0.15768 -4.70647e+01
 16  0.04422 -2.17147e+01 | 17 -0.03826 -6.85593e+00 | 18  0.02521  7.28400e-01
 19  0.00265  3.01496e+00 | 20 -0.09816  6.36056e-01 | 21 -0.02462  1.15754e+00
 22 -0.05830  6.96041e-01 | 23  0.02793 -1.49364e-01 | 24  0.01250 -3.29584e-01
 25  0.09713 -1.30419e+00 | 26  0.02682 -7.52099e-01 | 27  0.03484 -1.36661e+00
 28  0.03242 -9.81690e-01 | 29  0.06996 -1.03206e+00 | 30  0.07655 -1.70568e-01
 31  0.00303  1.03973e+00 |
31 variables; iteration 60; function evaluation 79; phase 1
Function value 8.0039095e+02; maximum gradient component mag -1.3803e+03
Var    Value     Gradient |Var    Value     Gradient |Var    Value     Gradient
  1 -0.03055 -1.38029e+03 |  2 -0.04348 -2.71451e+01 |  3  0.00520 -2.93777e+01
  4  0.09891 -5.14515e+01 |  5 -0.07252 -3.24449e+01 |  6  0.06325 -3.31750e+01
  7  0.09665 -1.59411e+01 |  8  0.08228 -2.02248e+01 |  9  0.03463 -3.18107e+01
 10  0.03090 -3.43619e+01 | 11  0.14375 -2.12089e+01 | 12 -0.01245 -3.93711e+01
 13 -0.03301 -5.21155e+01 | 14 -0.00433 -4.58944e+01 | 15 -0.21119 -5.21849e+01
 16  0.05327 -2.79807e+01 | 17 -0.07615 -2.56700e+01 | 18  0.04139  1.34245e+01
 19 -0.01171 -1.81573e+01 | 20 -0.09647 -3.47446e+00 | 21 -0.02450 -3.10429e-01
 22 -0.05780  1.57937e+00 | 23  0.02948  4.09657e+00 | 24  0.01404  1.36569e+00
 25  0.09471 -9.05194e+00 | 26  0.02829 -8.85806e-01 | 27  0.03459 -1.67742e+00
 28  0.03426 -3.67486e-01 | 29  0.06813 -4.30448e+00 | 30  0.07314 -4.76983e+00
 31  0.00668  3.41023e+00 |

 - final statistics:
31 variables; iteration 72; function evaluation 92
Function value 7.9323e+02; maximum gradient component mag -6.7622e+00
Exit code = 1;  converg criter 1.0000e+01
Var    Value     Gradient |Var    Value     Gradient |Var    Value     Gradient
  1 -0.02898 -6.76222e+00 |  2 -0.03466  3.64850e-02 |  3  0.00632 -2.53309e-02
  4  0.08515  3.70763e-02 |  5 -0.03316  3.90191e-02 |  6  0.05699 -1.01503e-01
  7  0.08900 -5.99109e-02 |  8  0.07582 -5.57496e-02 |  9  0.03578 -1.02778e-01
 10  0.03656 -2.02388e-01 | 11  0.12711 -5.33666e-01 | 12 -0.00267 -1.78791e-01
 13 -0.01506 -1.04065e-01 | 14 -0.02729 -2.91718e-01 | 15 -0.06285 -1.04838e-01
 16  0.02271 -6.48520e-01 | 17 -0.03617 -1.82428e-01 | 18  0.01789 -5.33365e-01
 19 -0.00306 -2.56913e-01 | 20 -0.10172 -1.19691e-01 | 21 -0.02831 -4.81660e-02
 22 -0.06134 -2.67596e-03 | 23  0.02523  8.85606e-03 | 24  0.00994  1.68929e-02
 25  0.09472 -2.54459e-02 | 26  0.02450 -8.30512e-02 | 27  0.03322 -1.18429e-02
 28  0.03037 -2.59974e-02 | 29  0.06784 -7.20935e-02 | 30  0.07445 -1.59889e-02
 31 -0.00015 -2.37637e-02 |

Initial statistics: 45 variables; iteration 0; function evaluation 0; phase 2
Function value 7.9323287e+02; maximum gradient component mag -1.6158e+02
Var    Value     Gradient |Var    Value     Gradient |Var    Value     Gradient
  1 -0.38334 -7.54390e+01 |  2 -0.04853 -4.36357e+01 |  3  0.16760 -2.48272e+01
  4 -0.41976 -9.06187e+01 |  5 -0.02898 -6.76222e+00 |  6  0.00000  9.82181e+01
  7  0.00000  3.40547e+01 |  8  0.00000  4.00046e+01 |  9  0.00000  4.37841e+01
 10  0.00000  4.31961e+01 | 11  0.00000 -1.17128e+01 | 12  0.00000 -4.27882e+01
 13  0.00000  1.41918e+01 | 14  0.00000 -1.61583e+02 | 15  0.00000 -1.06155e+01
 16 -0.03466  3.64850e-02 | 17  0.00632 -2.53309e-02 | 18  0.08515  3.70763e-02
 19 -0.03316  3.90191e-02 | 20  0.05699 -1.01503e-01 | 21  0.08900 -5.99109e-02
 22  0.07582 -5.57496e-02 | 23  0.03578 -1.02778e-01 | 24  0.03656 -2.02388e-01
 25  0.12711 -5.33666e-01 | 26 -0.00267 -1.78791e-01 | 27 -0.01506 -1.04065e-01
 28 -0.02729 -2.91718e-01 | 29 -0.06285 -1.04838e-01 | 30  0.02271 -6.48520e-01
 31 -0.03617 -1.82428e-01 | 32  0.01789 -5.33365e-01 | 33 -0.00306 -2.56913e-01
 34 -0.10172 -1.19691e-01 | 35 -0.02831 -4.81660e-02 | 36 -0.06134 -2.67596e-03
 37  0.02523  8.85606e-03 | 38  0.00994  1.68929e-02 | 39  0.09472 -2.54459e-02
 40  0.02450 -8.30512e-02 | 41  0.03322 -1.18429e-02 | 42  0.03037 -2.59974e-02
 43  0.06784 -7.20935e-02 | 44  0.07445 -1.59889e-02 | 45 -0.00015 -2.37637e-02

Intermediate statistics: 45 variables; iteration 20; function evaluation 27; phase 2
Function value 7.7619048e+02; maximum gradient component mag 1.2907e+03
Var    Value     Gradient |Var    Value     Gradient |Var    Value     Gradient
  1 -0.42222 -6.64819e+02 |  2 -0.05725 -2.40615e+01 |  3  0.17519  2.73102e+02
  4 -0.41702  7.13092e+02 |  5 -0.03982  1.29067e+03 |  6 -0.10103  4.52538e+01
  7 -0.06637  1.52038e+01 |  8 -0.07204  1.51496e+01 |  9 -0.06843  1.62206e+01
 10 -0.06274  2.15149e+01 | 11  0.01832  3.31094e+01 | 12  0.04271  3.76942e+01
 13 -0.06114  1.76048e+01 | 14  0.09004  2.54989e+01 | 15 -0.05316  1.56011e+01
 16 -0.04700  2.61457e+01 | 17 -0.00443  3.76162e+01 | 18  0.07394  6.72241e+01
 19 -0.04235  2.30213e+01 | 20  0.04877  4.39946e+01 | 21  0.08296  5.59986e+01
 22  0.06888  3.94502e+01 | 23  0.02720  2.28486e+01 | 24  0.02825  1.92820e+01
 25  0.11424  2.16069e+01 | 26 -0.01188  8.39235e+00 | 27 -0.02388  1.05904e+01
 28 -0.03455  8.47088e+00 | 29 -0.07146  7.11667e+00 | 30  0.01549  1.56488e+01
 31 -0.04327  9.40375e+00 | 32  0.01261  1.22876e+01 | 33 -0.01058  5.61924e+00
 34 -0.10792  1.41962e+00 | 35 -0.03591  2.65455e+00 | 36 -0.06727  2.75388e-01
 37  0.02054  2.87846e+00 | 38  0.00649 -7.78015e-01 | 39  0.09096 -4.70226e+00
 40  0.02230 -6.04284e+00 | 41  0.02794 -7.43922e+00 | 42  0.02988 -2.86306e+00
 43  0.06415 -2.86197e+00 | 44  0.07322 -8.85808e+00 | 45  0.00124 -3.65213e+00
45 variables; iteration 40; function evaluation 56; phase 2
Function value 7.7100222e+02; maximum gradient component mag 2.6631e+02
Var    Value     Gradient |Var    Value     Gradient |Var    Value     Gradient
  1 -0.38618 -1.11603e+02 |  2 -0.04802  1.23739e+01 |  3  0.16955  3.16327e+01
  4 -0.42053  7.59865e+01 |  5 -0.02895  2.66308e+02 |  6 -0.10589  9.89049e+00
  7 -0.05925  4.37961e+00 |  8 -0.06351  3.68058e+00 |  9 -0.05509  4.07528e+00
 10 -0.06408  3.52153e+00 | 11  0.03451  6.92839e+00 | 12  0.05529  7.43155e+00
 13 -0.04856  6.73736e+00 | 14  0.11046  9.71339e+00 | 15 -0.04144  4.18721e+00
 16 -0.04203  4.34072e+00 | 17  0.00016  7.54705e+00 | 18  0.07769  1.05254e+01
 19 -0.03538  4.84846e+00 | 20  0.05325  6.52496e+00 | 21  0.08686  7.48245e+00
 22  0.07273  5.15201e+00 | 23  0.03383  4.63112e+00 | 24  0.03515  5.44987e+00
 25  0.12508  9.41288e+00 | 26 -0.00581  2.02546e+00 | 27 -0.01670  3.18294e+00
 28 -0.03034  2.04763e+00 | 29 -0.06275  3.43721e+00 | 30  0.02075  3.28859e+00
 31 -0.03869  4.84169e-01 | 32  0.01548  2.10525e-01 | 33 -0.00400  2.76149e+00
 34 -0.10394  7.46833e-02 | 35 -0.03026 -1.04573e-01 | 36 -0.06355 -6.68644e-01
 37  0.02362  1.88510e-01 | 38  0.00845 -2.65943e-01 | 39  0.09247 -1.80934e+00
 40  0.02342  6.37247e-02 | 41  0.03219 -8.77588e-02 | 42  0.02703 -1.93168e+00
 43  0.06798  1.60971e-01 | 44  0.07190 -1.85875e+00 | 45  0.00205  1.42927e+00

 - final statistics:
45 variables; iteration 52; function evaluation 76
Function value 7.7087e+02; maximum gradient component mag 1.2432e+00
Exit code = 1;  converg criter 1.0000e+01
Var    Value     Gradient |Var    Value     Gradient |Var    Value     Gradient
  1 -0.38712 -4.49933e-01 |  2 -0.04842  1.52937e-01 |  3  0.16654  1.63584e-03
  4 -0.41951  4.74938e-03 |  5 -0.02972  1.24324e+00 |  6 -0.12088  2.51141e-02
  7 -0.06666 -4.53964e-02 |  8 -0.06605 -1.82856e-02 |  9 -0.05650  2.20906e-03
 10 -0.06344 -3.56791e-03 | 11  0.03593 -3.18377e-02 | 12  0.05821 -1.74689e-02
 13 -0.05281 -5.68380e-03 | 14  0.11282  1.03305e-01 | 15 -0.04131  4.32895e-02
 16 -0.04123  1.58929e-02 | 17 -0.00104 -2.78826e-02 | 18  0.07924  6.02498e-02
 19 -0.03625  1.79799e-02 | 20  0.05441 -5.36902e-03 | 21  0.08724  1.88740e-02
 22  0.07418  6.60428e-02 | 23  0.03440  2.69663e-02 | 24  0.03533 -1.72139e-02
 25  0.12560  1.24409e-01 | 26 -0.00392  6.35139e-02 | 27 -0.01650  6.38405e-02
 28 -0.02833  2.93678e-02 | 29 -0.06432  1.98597e-02 | 30  0.02173  1.61294e-02
 31 -0.03744  6.84731e-02 | 32  0.01699  3.39334e-02 | 33 -0.00426 -9.69983e-04
 34 -0.10263 -3.61640e-02 | 35 -0.02950  1.97270e-02 | 36 -0.06222  1.81820e-02
 37  0.02429 -1.74516e-02 | 38  0.00933  2.19279e-02 | 39  0.09402  1.67172e-02
 40  0.02424  5.49460e-02 | 41  0.03275  2.25888e-02 | 42  0.03013 -1.71346e-02
 43  0.06728 -2.28773e-02 | 44  0.07444 -2.09843e-02 | 45  0.00040 -9.80281e-03

Initial statistics: 49 variables; iteration 0; function evaluation 0; phase 3
Function value 7.7087018e+02; maximum gradient component mag -2.0515e+01
Var    Value     Gradient |Var    Value     Gradient |Var    Value     Gradient
  1 -0.38712 -4.49933e-01 |  2 -0.04842  1.52937e-01 |  3  0.16654  1.63584e-03
  4 -0.41951  4.74938e-03 |  5 -0.02972  1.24324e+00 |  6 -0.12088  2.51141e-02
  7 -0.06666 -4.53964e-02 |  8 -0.06605 -1.82856e-02 |  9 -0.05650  2.20906e-03
 10 -0.06344 -3.56791e-03 | 11  0.03593 -3.18377e-02 | 12  0.05821 -1.74689e-02
 13 -0.05281 -5.68380e-03 | 14  0.11282  1.03305e-01 | 15 -0.04131  4.32895e-02
 16 -0.04123  1.58929e-02 | 17 -0.00104 -2.78826e-02 | 18  0.07924  6.02498e-02
 19 -0.03625  1.79799e-02 | 20  0.05441 -5.36902e-03 | 21  0.08724  1.88740e-02
 22  0.07418  6.60428e-02 | 23  0.03440  2.69663e-02 | 24  0.03533 -1.72139e-02
 25  0.12560  1.24409e-01 | 26 -0.00392  6.35139e-02 | 27 -0.01650  6.38405e-02
 28 -0.02833  2.93678e-02 | 29 -0.06432  1.98597e-02 | 30  0.02173  1.61294e-02
 31 -0.03744  6.84731e-02 | 32  0.01699  3.39334e-02 | 33 -0.00426 -9.69983e-04
 34 -0.10263 -3.61640e-02 | 35 -0.02950  1.97270e-02 | 36 -0.06222  1.81820e-02
 37  0.02429 -1.74516e-02 | 38  0.00933  2.19279e-02 | 39  0.09402  1.67172e-02
 40  0.02424  5.49460e-02 | 41  0.03275  2.25888e-02 | 42  0.03013 -1.71346e-02
 43  0.06728 -2.28773e-02 | 44  0.07444 -2.09843e-02 | 45  0.00040 -9.80281e-03
 46  0.80442  6.74002e-01 | 47  0.46419 -2.05147e+01 | 48  0.13329  5.36681e+00
 49  0.38458 -4.07787e+00 |

Intermediate statistics: 49 variables; iteration 20; function evaluation 21; phase 3
Function value 7.7086136e+02; maximum gradient component mag 7.3570e+00
Var    Value     Gradient |Var    Value     Gradient |Var    Value     Gradient
  1 -0.38818  6.08942e+00 |  2 -0.04891  1.26538e+00 |  3  0.16464  1.00029e+00
  4 -0.41864  7.35698e+00 |  5 -0.03007 -4.42622e+00 |  6 -0.12212 -6.11078e-01
  7 -0.06703 -3.10451e-01 |  8 -0.06651 -3.63430e-01 |  9 -0.05702 -4.54915e-01
 10 -0.06384 -4.86710e-01 | 11  0.03563 -1.04300e+00 | 12  0.05808 -1.19037e+00
 13 -0.05314 -4.38496e-01 | 14  0.11270 -9.93394e-01 | 15 -0.04119 -3.08364e-01
 16 -0.04147 -3.18756e-01 | 17 -0.00107 -3.18808e-01 | 18  0.07953 -3.52007e-01
 19 -0.03648 -2.77280e-01 | 20  0.05428 -1.75274e-01 | 21  0.08761 -2.04732e-02
 22  0.07388 -5.52136e-01 | 23  0.03449 -5.31801e-02 | 24  0.03541  9.70392e-02
 25  0.12546 -3.31527e-01 | 26 -0.00394 -2.18739e-01 | 27 -0.01695 -1.94199e-01
 28 -0.02829 -9.31347e-02 | 29 -0.06469 -1.15341e-01 | 30  0.02195  1.16095e-01
 31 -0.03724  1.93875e-01 | 32  0.01689  1.05884e-01 | 33 -0.00440 -6.39036e-02
 34 -0.10241  5.08733e-02 | 35 -0.02956  2.38508e-01 | 36 -0.06198  2.74504e-01
 37  0.02423  7.51348e-01 | 38  0.00983  8.22162e-01 | 39  0.09411  1.55501e+00
 40  0.02480  6.10156e-01 | 41  0.03215  3.94301e-01 | 42  0.03116  8.15546e-01
 43  0.06745  6.51288e-01 | 44  0.07404  9.10590e-02 | 45 -0.00019 -2.41784e-02
 46  0.80109 -1.82476e-01 | 47  0.46441 -2.55290e-01 | 48  0.13052  2.25317e-01
 49  0.38409  1.92628e+00 |

 - final statistics:
49 variables; iteration 37; function evaluation 43
Function value 7.7086e+02; maximum gradient component mag 6.9220e-01
Exit code = 1;  converg criter 1.0000e+00
Var    Value     Gradient |Var    Value     Gradient |Var    Value     Gradient
  1 -0.38923  6.92198e-01 |  2 -0.04878  1.20984e-01 |  3  0.16474  1.03483e-01
  4 -0.41877  6.73923e-01 |  5 -0.03039 -6.29618e-01 |  6 -0.12202 -2.33738e-02
  7 -0.06717 -6.67143e-02 |  8 -0.06663 -7.43028e-02 |  9 -0.05698 -5.81939e-02
 10 -0.06395 -1.04665e-01 | 11  0.03563 -1.58083e-01 | 12  0.05802 -1.55566e-01
 13 -0.05316 -6.03447e-02 | 14  0.11251 -1.03786e-01 | 15 -0.04134 -4.69646e-02
 16 -0.04153 -3.39202e-02 | 17 -0.00122 -1.10519e-01 | 18  0.07936 -7.50328e-02
 19 -0.03639  1.51125e-02 | 20  0.05420 -7.41422e-03 | 21  0.08755 -6.25532e-02
 22  0.07391 -7.49861e-02 | 23  0.03434 -1.69975e-02 | 24  0.03531 -1.35947e-02
 25  0.12538 -3.31359e-02 | 26 -0.00415 -1.80371e-01 | 27 -0.01700 -1.06949e-02
 28 -0.02832  4.27992e-02 | 29 -0.06474 -1.31081e-02 | 30  0.02190 -7.94647e-02
 31 -0.03740 -5.13102e-02 | 32  0.01683  1.74238e-02 | 33 -0.00447 -5.01900e-04
 34 -0.10232  1.14066e-01 | 35 -0.02978 -5.46122e-02 | 36 -0.06206  4.50271e-02
 37  0.02398  2.97156e-02 | 38  0.00971  1.50408e-01 | 39  0.09370  1.19774e-01
 40  0.02467  1.20470e-01 | 41  0.03196  5.08613e-03 | 42  0.03089  6.08787e-02
 43  0.06722 -4.19664e-02 | 44  0.07399 -5.62028e-02 | 45 -0.00039 -4.29911e-02
 46  0.80198 -3.62749e-03 | 47  0.46452  3.55212e-03 | 48  0.12943  4.77627e-03
 49  0.38371  2.13938e-01 |

Initial statistics: 53 variables; iteration 0; function evaluation 0; phase 4
Function value 7.7085717e+02; maximum gradient component mag 7.9900e+00
Var    Value     Gradient |Var    Value     Gradient |Var    Value     Gradient
  1 -0.38923  6.92198e-01 |  2 -0.04878  1.20984e-01 |  3  0.16474  1.03483e-01
  4 -0.41877  6.73923e-01 |  5 -0.53834  6.11675e-01 |  6 -0.33979 -6.61834e-02
  7 -0.38679 -7.32161e+00 |  8 -0.39030  7.98995e+00 |  9 -0.03039 -6.29618e-01
 10 -0.12202 -2.33738e-02 | 11 -0.06717 -6.67143e-02 | 12 -0.06663 -7.43028e-02
 13 -0.05698 -5.81939e-02 | 14 -0.06395 -1.04665e-01 | 15  0.03563 -1.58083e-01
 16  0.05802 -1.55566e-01 | 17 -0.05316 -6.03447e-02 | 18  0.11251 -1.03786e-01
 19 -0.04134 -4.69646e-02 | 20 -0.04153 -3.39202e-02 | 21 -0.00122 -1.10519e-01
 22  0.07936 -7.50328e-02 | 23 -0.03639  1.51125e-02 | 24  0.05420 -7.41422e-03
 25  0.08755 -6.25532e-02 | 26  0.07391 -7.49861e-02 | 27  0.03434 -1.69975e-02
 28  0.03531 -1.35947e-02 | 29  0.12538 -3.31359e-02 | 30 -0.00415 -1.80371e-01
 31 -0.01700 -1.06949e-02 | 32 -0.02832  4.27992e-02 | 33 -0.06474 -1.31081e-02
 34  0.02190 -7.94647e-02 | 35 -0.03740 -5.13102e-02 | 36  0.01683  1.74238e-02
 37 -0.00447 -5.01900e-04 | 38 -0.10232  1.14066e-01 | 39 -0.02978 -5.46122e-02
 40 -0.06206  4.50271e-02 | 41  0.02398  2.97156e-02 | 42  0.00971  1.50408e-01
 43  0.09370  1.19774e-01 | 44  0.02467  1.20470e-01 | 45  0.03196  5.08613e-03
 46  0.03089  6.08787e-02 | 47  0.06722 -4.19664e-02 | 48  0.07399 -5.62028e-02
 49 -0.00039 -4.29911e-02 | 50  0.80198 -3.62749e-03 | 51  0.46452  3.55212e-03
 52  0.12943  4.77627e-03 | 53  0.38371  2.13938e-01 |

 - final statistics:
53 variables; iteration 2; function evaluation 4
Function value 7.7086e+02; maximum gradient component mag -9.1450e-01
Exit code = 1;  converg criter 1.0000e+00
Var    Value     Gradient |Var    Value     Gradient |Var    Value     Gradient
  1 -0.38924  3.29975e-01 |  2 -0.04878 -4.95737e-02 |  3  0.16474  2.73449e-01
  4 -0.41878  4.92574e-01 |  5 -0.53834 -1.75456e-01 |  6 -0.33979  5.74646e-01
  7 -0.38672  3.29904e-01 |  8 -0.39038  1.80419e-01 |  9 -0.03039 -8.23553e-01
 10 -0.12202  1.36562e-01 | 11 -0.06717  1.51196e-02 | 12 -0.06663  2.49434e-02
 13 -0.05698  6.76298e-02 | 14 -0.06395  3.56944e-02 | 15  0.03564  2.07953e-01
 16  0.05802  2.99139e-01 | 17 -0.05316  1.54100e-01 | 18  0.11251  7.40111e-01
 19 -0.04134  2.19035e-01 | 20 -0.04153  2.72075e-01 | 21 -0.00122  3.29574e-01
 22  0.07936  6.58164e-01 | 23 -0.03639  2.39025e-01 | 24  0.05420  3.56639e-01
 25  0.08755  2.03314e-01 | 26  0.07391 -1.13089e-01 | 27  0.03434 -1.73865e-01
 28  0.03531 -2.19510e-01 | 29  0.12538 -7.14508e-01 | 30 -0.00415 -4.95735e-01
 31 -0.01700 -3.37544e-01 | 32 -0.02832 -2.91839e-01 | 33 -0.06474 -2.33705e-01
 34  0.02191 -5.63599e-01 | 35 -0.03740 -3.57455e-01 | 36  0.01683 -4.02916e-01
 37 -0.00447 -2.30470e-01 | 38 -0.10232  9.13831e-03 | 39 -0.02978 -2.60264e-01
 40 -0.06206 -8.25664e-02 | 41  0.02398 -2.32315e-01 | 42  0.00971 -1.01619e-02
 43  0.09370 -1.09904e-01 | 44  0.02466  8.00276e-02 | 45  0.03196 -8.01546e-02
 46  0.03089 -3.21204e-02 | 47  0.06722 -1.85758e-01 | 48  0.07400 -1.44719e-01
 49 -0.00039  6.78534e-03 | 50  0.80198  4.05297e-02 | 51  0.46452 -9.14496e-01
 52  0.12943 -6.78405e-02 | 53  0.38371  4.16452e-01 |

 - final statistics:
53 variables; iteration 0; function evaluation 0
Function value 7.7086e+02; maximum gradient component mag -9.1450e-01
Exit code = 0;  converg criter 1.0000e+00
Var    Value     Gradient |Var    Value     Gradient |Var    Value     Gradient
  1 -0.38924  3.29975e-01 |  2 -0.04878 -4.95737e-02 |  3  0.16474  2.73449e-01
  4 -0.41878  4.92574e-01 |  5 -0.53834 -1.75456e-01 |  6 -0.33979  5.74646e-01
  7 -0.38672  3.29904e-01 |  8 -0.39038  1.80419e-01 |  9 -0.03039 -8.23553e-01
 10 -0.12202  1.36562e-01 | 11 -0.06717  1.51196e-02 | 12 -0.06663  2.49434e-02
 13 -0.05698  6.76298e-02 | 14 -0.06395  3.56944e-02 | 15  0.03564  2.07953e-01
 16  0.05802  2.99139e-01 | 17 -0.05316  1.54100e-01 | 18  0.11251  7.40111e-01
 19 -0.04134  2.19035e-01 | 20 -0.04153  2.72075e-01 | 21 -0.00122  3.29574e-01
 22  0.07936  6.58164e-01 | 23 -0.03639  2.39025e-01 | 24  0.05420  3.56639e-01
 25  0.08755  2.03314e-01 | 26  0.07391 -1.13089e-01 | 27  0.03434 -1.73865e-01
 28  0.03531 -2.19510e-01 | 29  0.12538 -7.14508e-01 | 30 -0.00415 -4.95735e-01
 31 -0.01700 -3.37544e-01 | 32 -0.02832 -2.91839e-01 | 33 -0.06474 -2.33705e-01
 34  0.02191 -5.63599e-01 | 35 -0.03740 -3.57455e-01 | 36  0.01683 -4.02916e-01
 37 -0.00447 -2.30470e-01 | 38 -0.10232  9.13831e-03 | 39 -0.02978 -2.60264e-01
 40 -0.06206 -8.25664e-02 | 41  0.02398 -2.32315e-01 | 42  0.00971 -1.01619e-02
 43  0.09370 -1.09904e-01 | 44  0.02466  8.00276e-02 | 45  0.03196 -8.01546e-02
 46  0.03089 -3.21204e-02 | 47  0.06722 -1.85758e-01 | 48  0.07400 -1.44719e-01
 49 -0.00039  6.78534e-03 | 50  0.80198  4.05297e-02 | 51  0.46452 -9.14496e-01
 52  0.12943 -6.78405e-02 | 53  0.38371  4.16452e-01 |

 - final statistics:
53 variables; iteration 0; function evaluation 0
Function value 7.7086e+02; maximum gradient component mag -9.1450e-01
Exit code = 0;  converg criter 1.0000e+00
Var    Value     Gradient |Var    Value     Gradient |Var    Value     Gradient
  1 -0.38924  3.29975e-01 |  2 -0.04878 -4.95737e-02 |  3  0.16474  2.73449e-01
  4 -0.41878  4.92574e-01 |  5 -0.53834 -1.75456e-01 |  6 -0.33979  5.74646e-01
  7 -0.38672  3.29904e-01 |  8 -0.39038  1.80419e-01 |  9 -0.03039 -8.23553e-01
 10 -0.12202  1.36562e-01 | 11 -0.06717  1.51196e-02 | 12 -0.06663  2.49434e-02
 13 -0.05698  6.76298e-02 | 14 -0.06395  3.56944e-02 | 15  0.03564  2.07953e-01
 16  0.05802  2.99139e-01 | 17 -0.05316  1.54100e-01 | 18  0.11251  7.40111e-01
 19 -0.04134  2.19035e-01 | 20 -0.04153  2.72075e-01 | 21 -0.00122  3.29574e-01
 22  0.07936  6.58164e-01 | 23 -0.03639  2.39025e-01 | 24  0.05420  3.56639e-01
 25  0.08755  2.03314e-01 | 26  0.07391 -1.13089e-01 | 27  0.03434 -1.73865e-01
 28  0.03531 -2.19510e-01 | 29  0.12538 -7.14508e-01 | 30 -0.00415 -4.95735e-01
 31 -0.01700 -3.37544e-01 | 32 -0.02832 -2.91839e-01 | 33 -0.06474 -2.33705e-01
 34  0.02191 -5.63599e-01 | 35 -0.03740 -3.57455e-01 | 36  0.01683 -4.02916e-01
 37 -0.00447 -2.30470e-01 | 38 -0.10232  9.13831e-03 | 39 -0.02978 -2.60264e-01
 40 -0.06206 -8.25664e-02 | 41  0.02398 -2.32315e-01 | 42  0.00971 -1.01619e-02
 43  0.09370 -1.09904e-01 | 44  0.02466  8.00276e-02 | 45  0.03196 -8.01546e-02
 46  0.03089 -3.21204e-02 | 47  0.06722 -1.85758e-01 | 48  0.07400 -1.44719e-01
 49 -0.00039  6.78534e-03 | 50  0.80198  4.05297e-02 | 51  0.46452 -9.14496e-01
 52  0.12943 -6.78405e-02 | 53  0.38371  4.16452e-01 |

 - final statistics:
53 variables; iteration 0; function evaluation 0
Function value 7.7086e+02; maximum gradient component mag -9.1450e-01
Exit code = 0;  converg criter 1.0000e+00
Var    Value     Gradient |Var    Value     Gradient |Var    Value     Gradient
  1 -0.38924  3.29975e-01 |  2 -0.04878 -4.95737e-02 |  3  0.16474  2.73449e-01
  4 -0.41878  4.92574e-01 |  5 -0.53834 -1.75456e-01 |  6 -0.33979  5.74646e-01
  7 -0.38672  3.29904e-01 |  8 -0.39038  1.80419e-01 |  9 -0.03039 -8.23553e-01
 10 -0.12202  1.36562e-01 | 11 -0.06717  1.51196e-02 | 12 -0.06663  2.49434e-02
 13 -0.05698  6.76298e-02 | 14 -0.06395  3.56944e-02 | 15  0.03564  2.07953e-01
 16  0.05802  2.99139e-01 | 17 -0.05316  1.54100e-01 | 18  0.11251  7.40111e-01
 19 -0.04134  2.19035e-01 | 20 -0.04153  2.72075e-01 | 21 -0.00122  3.29574e-01
 22  0.07936  6.58164e-01 | 23 -0.03639  2.39025e-01 | 24  0.05420  3.56639e-01
 25  0.08755  2.03314e-01 | 26  0.07391 -1.13089e-01 | 27  0.03434 -1.73865e-01
 28  0.03531 -2.19510e-01 | 29  0.12538 -7.14508e-01 | 30 -0.00415 -4.95735e-01
 31 -0.01700 -3.37544e-01 | 32 -0.02832 -2.91839e-01 | 33 -0.06474 -2.33705e-01
 34  0.02191 -5.63599e-01 | 35 -0.03740 -3.57455e-01 | 36  0.01683 -4.02916e-01
 37 -0.00447 -2.30470e-01 | 38 -0.10232  9.13831e-03 | 39 -0.02978 -2.60264e-01
 40 -0.06206 -8.25664e-02 | 41  0.02398 -2.32315e-01 | 42  0.00971 -1.01619e-02
 43  0.09370 -1.09904e-01 | 44  0.02466  8.00276e-02 | 45  0.03196 -8.01546e-02
 46  0.03089 -3.21204e-02 | 47  0.06722 -1.85758e-01 | 48  0.07400 -1.44719e-01
 49 -0.00039  6.78534e-03 | 50  0.80198  4.05297e-02 | 51  0.46452 -9.14496e-01
 52  0.12943 -6.78405e-02 | 53  0.38371  4.16452e-01 |

 - final statistics:
53 variables; iteration 0; function evaluation 0
Function value 7.7086e+02; maximum gradient component mag -9.1450e-01
Exit code = 0;  converg criter 1.0000e+00
Var    Value     Gradient |Var    Value     Gradient |Var    Value     Gradient
  1 -0.38924  3.29975e-01 |  2 -0.04878 -4.95737e-02 |  3  0.16474  2.73449e-01
  4 -0.41878  4.92574e-01 |  5 -0.53834 -1.75456e-01 |  6 -0.33979  5.74646e-01
  7 -0.38672  3.29904e-01 |  8 -0.39038  1.80419e-01 |  9 -0.03039 -8.23553e-01
 10 -0.12202  1.36562e-01 | 11 -0.06717  1.51196e-02 | 12 -0.06663  2.49434e-02
 13 -0.05698  6.76298e-02 | 14 -0.06395  3.56944e-02 | 15  0.03564  2.07953e-01
 16  0.05802  2.99139e-01 | 17 -0.05316  1.54100e-01 | 18  0.11251  7.40111e-01
 19 -0.04134  2.19035e-01 | 20 -0.04153  2.72075e-01 | 21 -0.00122  3.29574e-01
 22  0.07936  6.58164e-01 | 23 -0.03639  2.39025e-01 | 24  0.05420  3.56639e-01
 25  0.08755  2.03314e-01 | 26  0.07391 -1.13089e-01 | 27  0.03434 -1.73865e-01
 28  0.03531 -2.19510e-01 | 29  0.12538 -7.14508e-01 | 30 -0.00415 -4.95735e-01
 31 -0.01700 -3.37544e-01 | 32 -0.02832 -2.91839e-01 | 33 -0.06474 -2.33705e-01
 34  0.02191 -5.63599e-01 | 35 -0.03740 -3.57455e-01 | 36  0.01683 -4.02916e-01
 37 -0.00447 -2.30470e-01 | 38 -0.10232  9.13831e-03 | 39 -0.02978 -2.60264e-01
 40 -0.06206 -8.25664e-02 | 41  0.02398 -2.32315e-01 | 42  0.00971 -1.01619e-02
 43  0.09370 -1.09904e-01 | 44  0.02466  8.00276e-02 | 45  0.03196 -8.01546e-02
 46  0.03089 -3.21204e-02 | 47  0.06722 -1.85758e-01 | 48  0.07400 -1.44719e-01
 49 -0.00039  6.78534e-03 | 50  0.80198  4.05297e-02 | 51  0.46452 -9.14496e-01
 52  0.12943 -6.78405e-02 | 53  0.38371  4.16452e-01 |

 - final statistics:
53 variables; iteration 0; function evaluation 0
Function value 7.7086e+02; maximum gradient component mag -9.1450e-01
Exit code = 0;  converg criter 1.0000e+00
Var    Value     Gradient |Var    Value     Gradient |Var    Value     Gradient
  1 -0.38924  3.29975e-01 |  2 -0.04878 -4.95737e-02 |  3  0.16474  2.73449e-01
  4 -0.41878  4.92574e-01 |  5 -0.53834 -1.75456e-01 |  6 -0.33979  5.74646e-01
  7 -0.38672  3.29904e-01 |  8 -0.39038  1.80419e-01 |  9 -0.03039 -8.23553e-01
 10 -0.12202  1.36562e-01 | 11 -0.06717  1.51196e-02 | 12 -0.06663  2.49434e-02
 13 -0.05698  6.76298e-02 | 14 -0.06395  3.56944e-02 | 15  0.03564  2.07953e-01
 16  0.05802  2.99139e-01 | 17 -0.05316  1.54100e-01 | 18  0.11251  7.40111e-01
 19 -0.04134  2.19035e-01 | 20 -0.04153  2.72075e-01 | 21 -0.00122  3.29574e-01
 22  0.07936  6.58164e-01 | 23 -0.03639  2.39025e-01 | 24  0.05420  3.56639e-01
 25  0.08755  2.03314e-01 | 26  0.07391 -1.13089e-01 | 27  0.03434 -1.73865e-01
 28  0.03531 -2.19510e-01 | 29  0.12538 -7.14508e-01 | 30 -0.00415 -4.95735e-01
 31 -0.01700 -3.37544e-01 | 32 -0.02832 -2.91839e-01 | 33 -0.06474 -2.33705e-01
 34  0.02191 -5.63599e-01 | 35 -0.03740 -3.57455e-01 | 36  0.01683 -4.02916e-01
 37 -0.00447 -2.30470e-01 | 38 -0.10232  9.13831e-03 | 39 -0.02978 -2.60264e-01
 40 -0.06206 -8.25664e-02 | 41  0.02398 -2.32315e-01 | 42  0.00971 -1.01619e-02
 43  0.09370 -1.09904e-01 | 44  0.02466  8.00276e-02 | 45  0.03196 -8.01546e-02
 46  0.03089 -3.21204e-02 | 47  0.06722 -1.85758e-01 | 48  0.07400 -1.44719e-01
 49 -0.00039  6.78534e-03 | 50  0.80198  4.05297e-02 | 51  0.46452 -9.14496e-01
 52  0.12943 -6.78405e-02 | 53  0.38371  4.16452e-01 |

Initial statistics: 54 variables; iteration 0; function evaluation 0; phase 10
Function value 7.7085656e+02; maximum gradient component mag -1.5350e+01
Var    Value     Gradient |Var    Value     Gradient |Var    Value     Gradient
  1 -0.38924  3.29975e-01 |  2 -0.04878 -4.95737e-02 |  3  0.16474  2.73449e-01
  4 -0.41878  4.92574e-01 |  5 -0.53834 -1.75456e-01 |  6 -0.33979  5.74646e-01
  7 -0.38672  3.29904e-01 |  8 -0.39038  1.80419e-01 |  9 -0.03039 -8.23553e-01
 10 -0.12202  1.36562e-01 | 11 -0.06717  1.51196e-02 | 12 -0.06663  2.49434e-02
 13 -0.05698  6.76298e-02 | 14 -0.06395  3.56944e-02 | 15  0.03564  2.07953e-01
 16  0.05802  2.99139e-01 | 17 -0.05316  1.54100e-01 | 18  0.11251  7.40111e-01
 19 -0.04134  2.19035e-01 | 20 -0.04153  2.72075e-01 | 21 -0.00122  3.29574e-01
 22  0.07936  6.58164e-01 | 23 -0.03639  2.39025e-01 | 24  0.05420  3.56639e-01
 25  0.08755  2.03314e-01 | 26  0.07391 -1.13089e-01 | 27  0.03434 -1.73865e-01
 28  0.03531 -2.19510e-01 | 29  0.12538 -7.14508e-01 | 30 -0.00415 -4.95735e-01
 31 -0.01700 -3.37544e-01 | 32 -0.02832 -2.91839e-01 | 33 -0.06474 -2.33705e-01
 34  0.02191 -5.63599e-01 | 35 -0.03740 -3.57455e-01 | 36  0.01683 -4.02916e-01
 37 -0.00447 -2.30470e-01 | 38 -0.10232  9.13831e-03 | 39 -0.02978 -2.60264e-01
 40 -0.06206 -8.25664e-02 | 41  0.02398 -2.32315e-01 | 42  0.00971 -1.01619e-02
 43  0.09370 -1.09904e-01 | 44  0.02466  8.00276e-02 | 45  0.03196 -8.01546e-02
 46  0.03089 -3.21204e-02 | 47  0.06722 -1.85758e-01 | 48  0.07400 -1.44719e-01
 49 -0.00039  6.78534e-03 | 50 -0.00016 -1.53497e+01 | 51  0.80198  4.05297e-02
 52  0.46452 -9.14496e-01 | 53  0.12943 -6.78405e-02 | 54  0.38371  4.16452e-01

Intermediate statistics: 54 variables; iteration 20; function evaluation 23; phase 10
Function value 7.7085614e+02; maximum gradient component mag -2.6367e+00
Var    Value     Gradient |Var    Value     Gradient |Var    Value     Gradient
  1 -0.38945  9.27287e-02 |  2 -0.04881 -1.05900e+00 |  3  0.16462 -6.70168e-01
  4 -0.41877 -2.63674e+00 |  5 -0.53826  5.04092e-02 |  6 -0.34008  3.04244e-02
  7 -0.38666 -5.77411e-01 |  8 -0.39043 -2.14977e+00 |  9 -0.03051  7.46770e-01
 10 -0.12217  2.77953e-02 | 11 -0.06699  1.75012e-02 | 12 -0.06645  2.11003e-02
 13 -0.05693  2.51498e-02 | 14 -0.06371  2.68883e-02 | 15  0.03569  5.23185e-02
 16  0.05812  8.96758e-02 | 17 -0.05307  7.00815e-02 | 18  0.11259  3.92284e-01
 19 -0.04123  1.00487e-01 | 20 -0.04151  9.61567e-02 | 21 -0.00114  1.34351e-01
 22  0.07947  3.21080e-01 | 23 -0.03626  1.38730e-01 | 24  0.05430  1.85839e-01
 25  0.08765 -2.71704e-03 | 26  0.07410 -1.16855e-01 | 27  0.03450 -9.35979e-02
 28  0.03548 -9.97802e-02 | 29  0.12557 -2.04532e-01 | 30 -0.00383 -1.23967e-01
 31 -0.01685 -1.01859e-01 | 32 -0.02814 -1.41894e-01 | 33 -0.06462 -8.24712e-02
 34  0.02213 -2.48676e-01 | 35 -0.03716 -1.33171e-01 | 36  0.01706 -7.14589e-02
 37 -0.00430  3.33634e-02 | 38 -0.10229 -6.01151e-03 | 39 -0.02956 -7.40551e-02
 40 -0.06198 -8.09845e-02 | 41  0.02410 -1.18383e-01 | 42  0.00977 -1.07652e-02
 43  0.09379  1.61844e-01 | 44  0.02459  6.61178e-02 | 45  0.03202  8.55034e-02
 46  0.03091  2.44586e-02 | 47  0.06736 -2.38030e-02 | 48  0.07418  2.89122e-02
 49 -0.00035  7.97619e-02 | 50 -0.00016  3.73059e-02 | 51  0.80177  2.32080e-02
 52  0.46452 -1.11399e+00 | 53  0.12930 -8.64561e-01 | 54  0.38376  1.82103e+00
54 variables; iteration 40; function evaluation 48; phase 10
Function value 7.7085597e+02; maximum gradient component mag 1.7049e-01
Var    Value     Gradient |Var    Value     Gradient |Var    Value     Gradient
  1 -0.38948 -6.26548e-02 |  2 -0.04878 -2.43421e-02 |  3  0.16459 -1.17246e-02
  4 -0.41875 -2.91897e-02 |  5 -0.53834 -4.81268e-02 |  6 -0.34016 -6.16096e-03
  7 -0.38665  8.24365e-03 |  8 -0.39043 -3.82635e-02 |  9 -0.03055  1.70494e-01
 10 -0.12217  1.52583e-02 | 11 -0.06701  2.86657e-03 | 12 -0.06649 -2.00158e-03
 13 -0.05696 -2.97609e-03 | 14 -0.06375 -5.44423e-03 | 15  0.03570  1.06867e-02
 16  0.05812  5.74503e-03 | 17 -0.05309  3.62614e-03 | 18  0.11252  1.67195e-02
 19 -0.04123  8.16720e-03 | 20 -0.04154 -7.05385e-04 | 21 -0.00116  2.03764e-03
 22  0.07943  1.83170e-02 | 23 -0.03628  7.57254e-03 | 24  0.05426  8.69597e-03
 25  0.08765  2.34631e-02 | 26  0.07411 -1.54947e-02 | 27  0.03453  1.03454e-02
 28  0.03546 -1.11058e-02 | 29  0.12558  7.56486e-03 | 30 -0.00379  5.89727e-03
 31 -0.01683 -1.17480e-02 | 32 -0.02810 -3.01342e-03 | 33 -0.06460  3.79542e-03
 34  0.02218  4.47515e-03 | 35 -0.03715 -2.46328e-03 | 36  0.01705  6.03587e-03
 37 -0.00432 -7.82457e-03 | 38 -0.10228  1.59216e-02 | 39 -0.02953 -1.11055e-04
 40 -0.06196 -1.75779e-03 | 41  0.02415 -6.14689e-03 | 42  0.00977  7.05996e-03
 43  0.09377  6.02032e-03 | 44  0.02458  8.61167e-03 | 45  0.03203  1.59842e-02
 46  0.03091  3.34167e-03 | 47  0.06734 -2.00866e-02 | 48  0.07417  1.14921e-02
 49 -0.00031  2.29625e-02 | 50 -0.00016  2.12403e-02 | 51  0.80199  2.30301e-02
 52  0.46454 -6.24328e-02 | 53  0.12931 -2.68909e-02 | 54  0.38370  5.20989e-02

 - final statistics:
54 variables; iteration 59; function evaluation 78
Function value 7.7086e+02; maximum gradient component mag -8.2842e-05
Exit code = 1;  converg criter 1.0000e-04
Var    Value     Gradient |Var    Value     Gradient |Var    Value     Gradient
  1 -0.38968  3.25773e-05 |  2 -0.04878 -3.23021e-06 |  3  0.16461 -8.80594e-06
  4 -0.41875 -2.30703e-05 |  5 -0.53810  2.58326e-05 |  6 -0.33998  7.56436e-07
  7 -0.38666 -1.21832e-05 |  8 -0.39043 -1.17307e-05 |  9 -0.03055 -8.28421e-05
 10 -0.12222 -4.42182e-07 | 11 -0.06702 -2.17371e-07 | 12 -0.06648 -4.33769e-07
 13 -0.05695 -4.84711e-07 | 14 -0.06373 -3.80508e-07 | 15  0.03568 -1.21547e-06
 16  0.05811 -1.50934e-06 | 17 -0.05310 -6.43479e-07 | 18  0.11251 -2.64652e-06
 19 -0.04125 -1.31343e-06 | 20 -0.04154 -6.38977e-07 | 21 -0.00117 -1.51190e-06
 22  0.07942 -2.84990e-06 | 23 -0.03629 -1.55396e-06 | 24  0.05425 -2.16053e-06
 25  0.08763 -2.63475e-06 | 26  0.07412 -2.70520e-06 | 27  0.03451 -1.71520e-06
 28  0.03546 -2.00558e-06 | 29  0.12557 -4.00344e-06 | 30 -0.00381 -1.68663e-06
 31 -0.01683 -1.57362e-06 | 32 -0.02811 -1.45401e-06 | 33 -0.06462 -1.26507e-06
 34  0.02217 -1.68900e-06 | 35 -0.03715 -1.18748e-06 | 36  0.01704 -1.03043e-06
 37 -0.00432 -1.01289e-06 | 38 -0.10231  7.17775e-08 | 39 -0.02954 -2.05100e-07
 40 -0.06197 -4.73430e-07 | 41  0.02414 -5.30651e-08 | 42  0.00975 -1.46778e-07
 43  0.09376 -1.05631e-07 | 44  0.02457  4.28924e-08 | 45  0.03201 -9.23093e-08
 46  0.03089  3.71251e-08 | 47  0.06735  6.44768e-08 | 48  0.07415 -2.06344e-07
 49 -0.00035 -3.93605e-08 | 50 -0.00016 -1.10662e-05 | 51  0.80178 -5.73444e-07
 52  0.46454  1.61629e-05 | 53  0.12931 -1.13480e-06 | 54  0.38370  1.08567e-06

Initial statistics: 72 variables; iteration 0; function evaluation 0; phase 11
Function value 7.7085596e+02; maximum gradient component mag 2.9491e+01
Var    Value     Gradient |Var    Value     Gradient |Var    Value     Gradient
  1 -0.38968  3.25773e-05 |  2 -0.04878 -3.23021e-06 |  3  0.16461 -8.80594e-06
  4 -0.41875 -2.30703e-05 |  5 -0.53810  2.58327e-05 |  6 -0.33998  7.56436e-07
  7 -0.38666 -1.21832e-05 |  8 -0.39043 -1.17307e-05 |  9 -0.03055 -8.28421e-05
 10 -0.12222 -4.42182e-07 | 11 -0.06702 -2.17371e-07 | 12 -0.06648 -4.33769e-07
 13 -0.05695 -4.84712e-07 | 14 -0.06373 -3.80508e-07 | 15  0.03568 -1.21547e-06
 16  0.05811 -1.50934e-06 | 17 -0.05310 -6.43480e-07 | 18  0.11251 -2.64652e-06
 19 -0.04125 -1.31344e-06 | 20 -0.04154 -6.38978e-07 | 21 -0.00117 -1.51190e-06
 22  0.07942 -2.84990e-06 | 23 -0.03629 -1.55396e-06 | 24  0.05425 -2.16053e-06
 25  0.08763 -2.63475e-06 | 26  0.07412 -2.70521e-06 | 27  0.03451 -1.71520e-06
 28  0.03546 -2.00559e-06 | 29  0.12557 -4.00344e-06 | 30 -0.00381 -1.68663e-06
 31 -0.01683 -1.57362e-06 | 32 -0.02811 -1.45401e-06 | 33 -0.06462 -1.26507e-06
 34  0.02217 -1.68901e-06 | 35 -0.03715 -1.18748e-06 | 36  0.01704 -1.03043e-06
 37 -0.00432 -1.01289e-06 | 38 -0.10231  7.17772e-08 | 39 -0.02954 -2.05100e-07
 40 -0.06197 -4.73430e-07 | 41  0.02414 -5.30649e-08 | 42  0.00975 -1.46778e-07
 43  0.09376 -1.05631e-07 | 44  0.02457  4.28924e-08 | 45  0.03201 -9.23093e-08
 46  0.03089  3.71252e-08 | 47  0.06735  6.44768e-08 | 48  0.07415 -2.06344e-07
 49 -0.00035 -3.93605e-08 | 50  0.00000  2.94911e+01 | 51  0.00000  4.36825e-03
 52  0.00000  0.00000e+00 | 53  0.00000  0.00000e+00 | 54  0.00000  0.00000e+00
 55  0.00000  0.00000e+00 | 56  0.00000  0.00000e+00 | 57  0.00000  0.00000e+00
 58  0.00000  0.00000e+00 | 59  0.00000  0.00000e+00 | 60  0.00000  0.00000e+00
 61  0.00000  0.00000e+00 | 62  0.00000  0.00000e+00 | 63  0.00000  0.00000e+00
 64  0.00000  0.00000e+00 | 65  0.00000  0.00000e+00 | 66  0.00000  0.00000e+00
 67  0.00000  0.00000e+00 | 68 -0.00016 -1.10662e-05 | 69  0.80178 -5.73444e-07
 70  0.46454  1.61629e-05 | 71  0.12931 -1.13480e-06 | 72  0.38370  1.08567e-06

Intermediate statistics: 72 variables; iteration 20; function evaluation 24; phase 11
Function value 7.7052730e+02; maximum gradient component mag -7.0811e+01
Var    Value     Gradient |Var    Value     Gradient |Var    Value     Gradient
  1 -0.38659  2.89124e+00 |  2 -0.04807 -2.90070e+00 |  3  0.16736 -7.47444e+00
  4 -0.41975 -2.74825e+01 |  5 -0.53610  5.77735e-01 |  6 -0.33971  2.29738e+00
  7 -0.38707 -1.47775e+01 |  8 -0.39062 -1.37121e+01 |  9 -0.02685 -7.42847e+00
 10 -0.12315  2.36428e-01 | 11 -0.06822  1.14646e-01 | 12 -0.06827  7.63134e-02
 13 -0.05933  8.10046e-02 | 14 -0.06601  2.08153e-01 | 15  0.03311  8.29094e-01
 16  0.05477  7.92376e-01 | 17 -0.05597  9.65217e-02 | 18  0.10952  1.66050e+00
 19 -0.04417  3.36295e-01 | 20 -0.04461 -2.34732e-01 | 21 -0.00472 -1.02239e+00
 22  0.07456 -2.97251e+00 | 23 -0.03979 -1.15705e+00 | 24  0.05020 -2.34917e+00
 25  0.08304 -1.98167e+00 | 26  0.07084  5.64756e-01 | 27  0.03087  6.12163e-01
 28  0.03194  8.28571e-01 | 29  0.12249  3.47483e+00 | 30 -0.00726  7.47737e-01
 31 -0.02029 -2.67542e-01 | 32 -0.03211 -4.97649e-01 | 33 -0.06799 -8.05607e-01
 34  0.01734 -2.79327e+00 | 35 -0.04148 -2.33580e+00 | 36  0.01226 -4.22497e+00
 37 -0.00868 -2.85370e+00 | 38 -0.10613 -5.25909e-01 | 39 -0.03336 -3.75021e-01
 40 -0.06584  2.18218e-01 | 41  0.02032  2.58136e-01 | 42  0.00538  5.46488e-01
 43  0.08976  8.29722e-01 | 44  0.01976  6.52137e-02 | 45  0.02766 -9.02892e-01
 46  0.02472 -1.51082e+00 | 47  0.05916 -3.40220e+00 | 48  0.06407 -5.62892e+00
 49 -0.00955 -2.52782e+00 | 50 -0.01577  2.47251e+01 | 51 -0.00003  3.48007e-04
 52  0.00000  0.00000e+00 | 53  0.00000  0.00000e+00 | 54  0.00000  0.00000e+00
 55  0.00000  0.00000e+00 | 56  0.00000  0.00000e+00 | 57  0.00000  0.00000e+00
 58  0.00000  0.00000e+00 | 59  0.00000  0.00000e+00 | 60  0.00000  0.00000e+00
 61  0.00000  0.00000e+00 | 62  0.00000  0.00000e+00 | 63  0.00000  0.00000e+00
 64  0.00000  0.00000e+00 | 65  0.00000  0.00000e+00 | 66  0.00000  0.00000e+00
 67  0.00000  0.00000e+00 | 68 -0.00019 -7.08109e+01 | 69  0.80519  2.98276e-01
 70  0.46417 -7.13954e+00 | 71  0.13274  1.99278e+00 | 72  0.38431  9.55630e-01
72 variables; iteration 40; function evaluation 51; phase 11
Function value 7.6992045e+02; maximum gradient component mag 3.2918e+01
Var    Value     Gradient |Var    Value     Gradient |Var    Value     Gradient
  1 -0.38521 -1.20613e+01 |  2 -0.04854  2.83995e+00 |  3  0.16731  4.34692e+00
  4 -0.42772  1.37118e+01 |  5 -0.53555 -1.00222e+01 |  6 -0.33846  3.45400e-01
  7 -0.37909  7.94241e+00 |  8 -0.38255  6.64094e+00 |  9 -0.02658  3.29183e+01
 10 -0.12336 -2.91631e-01 | 11 -0.06809 -9.92461e-02 | 12 -0.06757 -6.35417e-03
 13 -0.05830  8.54570e-02 | 14 -0.06511  3.14819e-01 | 15  0.03496  1.41650e+00
 16  0.05503  7.78173e-01 | 17 -0.05311  1.63808e+00 | 18  0.11014  2.00414e+00
 19 -0.04430  7.62334e-02 | 20 -0.04419 -2.09131e-02 | 21 -0.00476 -5.34106e-01
 22  0.07596  7.76444e-01 | 23 -0.03886  7.57704e-01 | 24  0.05224  2.58409e+00
 25  0.08333  1.78551e-01 | 26  0.07106  8.17428e-01 | 27  0.03224  1.92354e+00
 28  0.03141 -1.20075e-01 | 29  0.12316  2.58175e+00 | 30 -0.00805 -6.98855e-01
 31 -0.01874  5.86469e-01 | 32 -0.03229 -6.15056e-01 | 33 -0.06747 -2.07566e-01
 34  0.01862  1.29260e+00 | 35 -0.03933  1.21261e+00 | 36  0.01294 -6.40589e-01
 37 -0.00688  5.48690e-01 | 38 -0.10607 -2.59196e-01 | 39 -0.03280  1.48850e-01
 40 -0.06455  1.27548e+00 | 41  0.02061 -2.61692e-01 | 42  0.00486 -1.23390e+00
 43  0.09004 -2.95186e-02 | 44  0.01978 -3.00241e-01 | 45  0.02788 -4.97325e-01
 46  0.02523  1.07392e-02 | 47  0.05839 -9.02516e-01 | 48  0.06420 -7.00876e-03
 49 -0.00929 -2.04903e-01 | 50 -0.06128  2.73540e+00 | 51 -0.00005 -3.66582e-03
 52  0.00000  0.00000e+00 | 53  0.00000  0.00000e+00 | 54  0.00000  0.00000e+00
 55  0.00000  0.00000e+00 | 56  0.00000  0.00000e+00 | 57  0.00000  0.00000e+00
 58  0.00000  0.00000e+00 | 59  0.00000  0.00000e+00 | 60  0.00000  0.00000e+00
 61  0.00000  0.00000e+00 | 62  0.00000  0.00000e+00 | 63  0.00000  0.00000e+00
 64  0.00000  0.00000e+00 | 65  0.00000  0.00000e+00 | 66  0.00000  0.00000e+00
 67  0.00000  0.00000e+00 | 68 -0.00016  6.38295e-01 | 69  0.79983 -1.48954e-01
 70  0.46403 -9.55396e+00 | 71  0.13375  9.09575e-01 | 72  0.38468 -1.38764e-01
72 variables; iteration 60; function evaluation 81; phase 11
Function value 7.6989974e+02; maximum gradient component mag -7.3729e+00
Var    Value     Gradient |Var    Value     Gradient |Var    Value     Gradient
  1 -0.38314  3.02538e+00 |  2 -0.04854 -5.21881e-01 |  3  0.16757 -1.05484e+00
  4 -0.42216 -2.89610e+00 |  5 -0.53854  2.24227e+00 |  6 -0.33989  2.46448e-01
  7 -0.38448 -1.50607e+00 |  8 -0.38798 -1.48223e+00 |  9 -0.02676 -7.37286e+00
 10 -0.12192 -6.47585e-02 | 11 -0.06718  2.29606e-02 | 12 -0.06706 -3.76578e-03
 13 -0.05860 -1.77059e-01 | 14 -0.06513 -5.97870e-02 | 15  0.03352 -5.35670e-02
 16  0.05550 -1.15074e-01 | 17 -0.05507  1.60960e-02 | 18  0.10986 -2.05345e-01
 19 -0.04363 -1.97406e-02 | 20 -0.04401 -2.07021e-01 | 21 -0.00362 -1.29963e-01
 22  0.07596 -3.53531e-01 | 23 -0.03852  2.28992e-02 | 24  0.05134 -1.66939e-01
 25  0.08404 -3.09527e-01 | 26  0.07115 -2.16616e-01 | 27  0.03152 -7.85350e-02
 28  0.03222 -3.15169e-01 | 29  0.12268 -2.75556e-01 | 30 -0.00685 -2.17533e-01
 31 -0.01916  5.20483e-03 | 32 -0.03158 -2.72839e-01 | 33 -0.06668 -5.77345e-03
 34  0.01848 -2.24344e-01 | 35 -0.04008 -6.69755e-04 | 36  0.01376 -2.12786e-01
 37 -0.00719 -6.16911e-02 | 38 -0.10526  8.81784e-02 | 39 -0.03249 -1.05465e-01
 40 -0.06517  2.74469e-02 | 41  0.02111 -3.51230e-02 | 42  0.00586 -1.44871e-01
 43  0.09044 -2.22025e-02 | 44  0.02043 -7.73449e-02 | 45  0.02879  1.67602e-02
 46  0.02539 -3.86799e-03 | 47  0.05938 -1.75581e-01 | 48  0.06394 -6.17330e-02
 49 -0.00908 -9.76495e-04 | 50 -0.06689  2.85259e-01 | 51  0.00046  7.50144e-02
 52  0.00000  0.00000e+00 | 53  0.00000  0.00000e+00 | 54  0.00000  0.00000e+00
 55  0.00000  0.00000e+00 | 56  0.00000  0.00000e+00 | 57  0.00000  0.00000e+00
 58  0.00000  0.00000e+00 | 59  0.00000  0.00000e+00 | 60  0.00000  0.00000e+00
 61  0.00000  0.00000e+00 | 62  0.00000  0.00000e+00 | 63  0.00000  0.00000e+00
 64  0.00000  0.00000e+00 | 65  0.00000  0.00000e+00 | 66  0.00000  0.00000e+00
 67  0.00000  0.00000e+00 | 68 -0.00016 -1.19122e+00 | 69  0.80379 -1.30760e-01
 70  0.46417  1.64185e+00 | 71  0.13319 -1.27779e-01 | 72  0.38450  1.33732e-01

 - final statistics:
72 variables; iteration 70; function evaluation 91
Function value 7.6990e+02; maximum gradient component mag 2.2029e-06
Exit code = 1;  converg criter 1.0000e-04
Var    Value     Gradient |Var    Value     Gradient |Var    Value     Gradient
  1 -0.38334 -5.37922e-07 |  2 -0.04853  5.88776e-07 |  3  0.16761  6.44500e-07
  4 -0.41976  2.20288e-06 |  5 -0.53834 -3.39221e-07 |  6 -0.33979 -5.72655e-08
  7 -0.38679  1.19885e-06 |  8 -0.39030  1.04443e-06 |  9 -0.02680  1.29283e-06
 10 -0.12185  8.81036e-09 | 11 -0.06737  3.25666e-09 | 12 -0.06720  1.30981e-08
 13 -0.05810  1.80780e-08 | 14 -0.06511  2.07758e-09 | 15  0.03346  6.89461e-09
 16  0.05555  5.63657e-09 | 17 -0.05516  6.43936e-09 | 18  0.10989  4.26761e-08
 19 -0.04372  1.43484e-08 | 20 -0.04382  2.22147e-08 | 21 -0.00365  4.41176e-08
 22  0.07610  6.36620e-08 | 23 -0.03871 -5.12734e-09 | 24  0.05138  4.14299e-08
 25  0.08410  6.19391e-08 | 26  0.07121  3.45441e-08 | 27  0.03147  1.85795e-08
 28  0.03237  6.31284e-08 | 29  0.12266  4.00136e-08 | 30 -0.00668  8.90222e-09
 31 -0.01931 -4.12456e-10 | 32 -0.03133  2.45476e-08 | 33 -0.06688  5.36430e-09
 34  0.01862  2.68558e-08 | 35 -0.04020  4.73650e-09 | 36  0.01389  2.02635e-08
 37 -0.00718 -1.02142e-08 | 38 -0.10536 -3.89443e-09 | 39 -0.03240  1.62091e-08
 40 -0.06518 -3.05322e-09 | 41  0.02111  2.05549e-08 | 42  0.00597  2.05100e-08
 43  0.09041  1.50099e-08 | 44  0.02051 -5.40018e-10 | 45  0.02873  9.25449e-09
 46  0.02535  1.09505e-08 | 47  0.05951  3.20104e-08 | 48  0.06395  3.13042e-08
 49 -0.00911 -1.07738e-08 | 50 -0.06754 -3.81521e-08 | 51 -0.00003 -9.89408e-10
 52  0.00000  0.00000e+00 | 53  0.00000  0.00000e+00 | 54  0.00000  0.00000e+00
 55  0.00000  0.00000e+00 | 56  0.00000  0.00000e+00 | 57  0.00000  0.00000e+00
 58  0.00000  0.00000e+00 | 59  0.00000  0.00000e+00 | 60  0.00000  0.00000e+00
 61  0.00000  0.00000e+00 | 62  0.00000  0.00000e+00 | 63  0.00000  0.00000e+00
 64  0.00000  0.00000e+00 | 65  0.00000  0.00000e+00 | 66  0.00000  0.00000e+00
 67  0.00000  0.00000e+00 | 68 -0.00016  2.79142e-07 | 69  0.80443 -2.21062e-08
 70  0.46419 -2.62412e-07 | 71  0.13329  5.56504e-08 | 72  0.38458 -1.28387e-07
Estimating row 1 out of 72 for hessian
Estimating row 2 out of 72 for hessian
Estimating row 3 out of 72 for hessian
Estimating row 4 out of 72 for hessian
Estimating row 5 out of 72 for hessian
Estimating row 6 out of 72 for hessian
Estimating row 7 out of 72 for hessian
Estimating row 8 out of 72 for hessian
Estimating row 9 out of 72 for hessian
Estimating row 10 out of 72 for hessian
Estimating row 11 out of 72 for hessian
Estimating row 12 out of 72 for hessian
Estimating row 13 out of 72 for hessian
Estimating row 14 out of 72 for hessian
Estimating row 15 out of 72 for hessian
Estimating row 16 out of 72 for hessian
Estimating row 17 out of 72 for hessian
Estimating row 18 out of 72 for hessian
Estimating row 19 out of 72 for hessian
Estimating row 20 out of 72 for hessian
Estimating row 21 out of 72 for hessian
Estimating row 22 out of 72 for hessian
Estimating row 23 out of 72 for hessian
Estimating row 24 out of 72 for hessian
Estimating row 25 out of 72 for hessian
Estimating row 26 out of 72 for hessian
Estimating row 27 out of 72 for hessian
Estimating row 28 out of 72 for hessian
Estimating row 29 out of 72 for hessian
Estimating row 30 out of 72 for hessian
Estimating row 31 out of 72 for hessian
Estimating row 32 out of 72 for hessian
Estimating row 33 out of 72 for hessian
Estimating row 34 out of 72 for hessian
Estimating row 35 out of 72 for hessian
Estimating row 36 out of 72 for hessian
Estimating row 37 out of 72 for hessian
Estimating row 38 out of 72 for hessian
Estimating row 39 out of 72 for hessian
Estimating row 40 out of 72 for hessian
Estimating row 41 out of 72 for hessian
Estimating row 42 out of 72 for hessian
Estimating row 43 out of 72 for hessian
Estimating row 44 out of 72 for hessian
Estimating row 45 out of 72 for hessian
Estimating row 46 out of 72 for hessian
Estimating row 47 out of 72 for hessian
Estimating row 48 out of 72 for hessian
Estimating row 49 out of 72 for hessian
Estimating row 50 out of 72 for hessian
Estimating row 51 out of 72 for hessian
Estimating row 52 out of 72 for hessian
Estimating row 53 out of 72 for hessian
Estimating row 54 out of 72 for hessian
Estimating row 55 out of 72 for hessian
Estimating row 56 out of 72 for hessian
Estimating row 57 out of 72 for hessian
Estimating row 58 out of 72 for hessian
Estimating row 59 out of 72 for hessian
Estimating row 60 out of 72 for hessian
Estimating row 61 out of 72 for hessian
Estimating row 62 out of 72 for hessian
Estimating row 63 out of 72 for hessian
Estimating row 64 out of 72 for hessian
Estimating row 65 out of 72 for hessian
Estimating row 66 out of 72 for hessian
Estimating row 67 out of 72 for hessian
Estimating row 68 out of 72 for hessian
Estimating row 69 out of 72 for hessian
Estimating row 70 out of 72 for hessian
Estimating row 71 out of 72 for hessian
Estimating row 72 out of 72 for hessian
size of file gradfil1.tmp = 0
size of file gradfil2.tmp = 0
size of file varssave.tmp = 0
size of file cmpdiff.tmp = 0
